-- The C compiler identification is GNU 12.3.0
-- The CXX compiler identification is GNU 11.4.0
-- Detecting C compiler ABI info
-- Detecting C compiler ABI info - done
-- Check for working C compiler: /usr/bin/cc - skipped
-- Detecting C compile features
-- Detecting C compile features - done
-- Detecting CXX compiler ABI info
-- Detecting CXX compiler ABI info - done
-- Check for working CXX compiler: /usr/bin/c++ - skipped
-- Detecting CXX compile features
-- Detecting CXX compile features - done
-- Found ament_cmake: 1.3.14 (/opt/ros/humble/share/ament_cmake/cmake)
-- Found Python3: /home/fzc/ENTER/envs/hand/bin/python3 (found version "3.10.20") found components: Interpreter 
-- Found rclcpp: 16.0.18 (/opt/ros/humble/share/rclcpp/cmake)
-- Found rosidl_generator_c: 3.1.8 (/opt/ros/humble/share/rosidl_generator_c/cmake)
-- Found rosidl_adapter: 3.1.8 (/opt/ros/humble/share/rosidl_adapter/cmake)
-- Found rosidl_generator_cpp: 3.1.8 (/opt/ros/humble/share/rosidl_generator_cpp/cmake)
-- Using all available rosidl_typesupport_c: rosidl_typesupport_fastrtps_c;rosidl_typesupport_introspection_c
-- Using all available rosidl_typesupport_cpp: rosidl_typesupport_fastrtps_cpp;rosidl_typesupport_introspection_cpp
-- Found rmw_implementation_cmake: 6.1.2 (/opt/ros/humble/share/rmw_implementation_cmake/cmake)
-- Found rmw_fastrtps_cpp: 6.2.10 (/opt/ros/humble/share/rmw_fastrtps_cpp/cmake)
-- Found OpenSSL: /usr/lib/x86_64-linux-gnu/libcrypto.so (found version "3.0.2")  
-- Found FastRTPS: /opt/ros/humble/include  
-- Using RMW implementation 'rmw_fastrtps_cpp' as default
-- Looking for pthread.h
-- Looking for pthread.h - found
-- Performing Test CMAKE_HAVE_LIBC_PTHREAD
-- Performing Test CMAKE_HAVE_LIBC_PTHREAD - Success
-- Found Threads: TRUE  
-- Configuring done
-- Generating done
-- Build files have been written to: /home/fzc/allegro_hand_linux_v4/ros2_source/build/allegro_hand_driver
[ 33%] [32mBuilding CXX object CMakeFiles/allegro_hand_driver.dir/src/AllegroHandDrv.cpp.o[0m
[ 66%] [32mBuilding CXX object CMakeFiles/allegro_hand_driver.dir/src/candrv/socket_can.cpp.o[0m
[100%] [32m[1mLinking CXX static library liballegro_hand_driver.a[0m
[100%] Built target allegro_hand_driver
-- Install configuration: ""
-- Installing: /home/fzc/allegro_hand_linux_v4/ros2_source/install/allegro_hand_driver/lib/liballegro_hand_driver.a
-- Installing: /home/fzc/allegro_hand_linux_v4/ros2_source/install/allegro_hand_driver/include/allegro_hand_driver
-- Installing: /home/fzc/allegro_hand_linux_v4/ros2_source/install/allegro_hand_driver/include/allegro_hand_driver/AllegroHandDrv.h
-- Installing: /home/fzc/allegro_hand_linux_v4/ros2_source/install/allegro_hand_driver/include/allegro_hand_driver/AllegroHandDef.h
-- Installing: /home/fzc/allegro_hand_linux_v4/ros2_source/install/allegro_hand_driver/share/allegro_hand_driver/environment/library_path.sh
-- Installing: /home/fzc/allegro_hand_linux_v4/ros2_source/install/allegro_hand_driver/share/allegro_hand_driver/environment/library_path.dsv
-- Installing: /home/fzc/allegro_hand_linux_v4/ros2_source/install/allegro_hand_driver/share/ament_index/resource_index/package_run_dependencies/allegro_hand_driver
-- Installing: /home/fzc/allegro_hand_linux_v4/ros2_source/install/allegro_hand_driver/share/ament_index/resource_index/parent_prefix_path/allegro_hand_driver
-- Installing: /home/fzc/allegro_hand_linux_v4/ros2_source/install/allegro_hand_driver/share/allegro_hand_driver/environment/ament_prefix_path.sh
-- Installing: /home/fzc/allegro_hand_linux_v4/ros2_source/install/allegro_hand_driver/share/allegro_hand_driver/environment/ament_prefix_path.dsv
-- Installing: /home/fzc/allegro_hand_linux_v4/ros2_source/install/allegro_hand_driver/share/allegro_hand_driver/environment/path.sh
-- Installing: /home/fzc/allegro_hand_linux_v4/ros2_source/install/allegro_hand_driver/share/allegro_hand_driver/environment/path.dsv
-- Installing: /home/fzc/allegro_hand_linux_v4/ros2_source/install/allegro_hand_driver/share/allegro_hand_driver/local_setup.bash
-- Installing: /home/fzc/allegro_hand_linux_v4/ros2_source/install/allegro_hand_driver/share/allegro_hand_driver/local_setup.sh
-- Installing: /home/fzc/allegro_hand_linux_v4/ros2_source/install/allegro_hand_driver/share/allegro_hand_driver/local_setup.zsh
-- Installing: /home/fzc/allegro_hand_linux_v4/ros2_source/install/allegro_hand_driver/share/allegro_hand_driver/local_setup.dsv
-- Installing: /home/fzc/allegro_hand_linux_v4/ros2_source/install/allegro_hand_driver/share/allegro_hand_driver/package.dsv
-- Installing: /home/fzc/allegro_hand_linux_v4/ros2_source/install/allegro_hand_driver/share/ament_index/resource_index/packages/allegro_hand_driver
-- Installing: /home/fzc/allegro_hand_linux_v4/ros2_source/install/allegro_hand_driver/share/allegro_hand_driver/cmake/allegro_hand_driver_exportExport.cmake
-- Installing: /home/fzc/allegro_hand_linux_v4/ros2_source/install/allegro_hand_driver/share/allegro_hand_driver/cmake/allegro_hand_driver_exportExport-noconfig.cmake
-- Installing: /home/fzc/allegro_hand_linux_v4/ros2_source/install/allegro_hand_driver/share/allegro_hand_driver/cmake/ament_cmake_export_targets-extras.cmake
-- Installing: /home/fzc/allegro_hand_linux_v4/ros2_source/install/allegro_hand_driver/share/allegro_hand_driver/cmake/ament_cmake_export_include_directories-extras.cmake
-- Installing: /home/fzc/allegro_hand_linux_v4/ros2_source/install/allegro_hand_driver/share/allegro_hand_driver/cmake/ament_cmake_export_dependencies-extras.cmake
-- Installing: /home/fzc/allegro_hand_linux_v4/ros2_source/install/allegro_hand_driver/share/allegro_hand_driver/cmake/allegro_hand_driverConfig.cmake
-- Installing: /home/fzc/allegro_hand_linux_v4/ros2_source/install/allegro_hand_driver/share/allegro_hand_driver/cmake/allegro_hand_driverConfig-version.cmake
-- Installing: /home/fzc/allegro_hand_linux_v4/ros2_source/install/allegro_hand_driver/share/allegro_hand_driver/package.xml
