[0.181s] DEBUG:colcon:Command line arguments: ['/usr/bin/colcon', 'build']
[0.181s] DEBUG:colcon:Parsed command line arguments: Namespace(log_base=None, log_level=None, verb_name='build', build_base='build', install_base='install', merge_install=False, symlink_install=False, test_result_base=None, continue_on_error=False, executor='parallel', parallel_workers=8, event_handlers=None, ignore_user_meta=False, metas=['./colcon.meta'], base_paths=['.'], packages_ignore=None, packages_ignore_regex=None, paths=None, packages_up_to=None, packages_up_to_regex=None, packages_above=None, packages_above_and_dependencies=None, packages_above_depth=None, packages_select_by_dep=None, packages_skip_by_dep=None, packages_skip_up_to=None, packages_select_build_failed=False, packages_skip_build_finished=False, packages_select_test_failures=False, packages_skip_test_passed=False, packages_select=None, packages_skip=None, packages_select_regex=None, packages_skip_regex=None, packages_start=None, packages_end=None, allow_overriding=[], cmake_args=None, cmake_target=None, cmake_target_skip_unavailable=False, cmake_clean_cache=False, cmake_clean_first=False, cmake_force_configure=False, ament_cmake_args=None, catkin_cmake_args=None, catkin_skip_building_tests=False, verb_parser=<colcon_defaults.argument_parser.defaults.DefaultArgumentsDecorator object at 0x7074fd46e200>, verb_extension=<colcon_core.verb.build.BuildVerb object at 0x7074fd46dc60>, main=<bound method BuildVerb.main of <colcon_core.verb.build.BuildVerb object at 0x7074fd46dc60>>)
[0.236s] Level 1:colcon.colcon_core.package_discovery:discover_packages(colcon_meta) check parameters
[0.236s] Level 1:colcon.colcon_core.package_discovery:discover_packages(recursive) check parameters
[0.236s] Level 1:colcon.colcon_core.package_discovery:discover_packages(ignore) check parameters
[0.236s] Level 1:colcon.colcon_core.package_discovery:discover_packages(path) check parameters
[0.236s] Level 1:colcon.colcon_core.package_discovery:discover_packages(colcon_meta) discover
[0.237s] Level 1:colcon.colcon_core.package_discovery:discover_packages(recursive) discover
[0.237s] INFO:colcon.colcon_core.package_discovery:Crawling recursively for packages in '/home/fzc/allegro_hand_linux_v4/ros2_source'
[0.237s] Level 1:colcon.colcon_core.package_identification:_identify(.) by extensions ['ignore', 'ignore_ament_install']
[0.237s] Level 1:colcon.colcon_core.package_identification:_identify(.) by extension 'ignore'
[0.237s] Level 1:colcon.colcon_core.package_identification:_identify(.) by extension 'ignore_ament_install'
[0.237s] Level 1:colcon.colcon_core.package_identification:_identify(.) by extensions ['colcon_pkg']
[0.237s] Level 1:colcon.colcon_core.package_identification:_identify(.) by extension 'colcon_pkg'
[0.237s] Level 1:colcon.colcon_core.package_identification:_identify(.) by extensions ['colcon_meta']
[0.237s] Level 1:colcon.colcon_core.package_identification:_identify(.) by extension 'colcon_meta'
[0.237s] Level 1:colcon.colcon_core.package_identification:_identify(.) by extensions ['ros']
[0.237s] Level 1:colcon.colcon_core.package_identification:_identify(.) by extension 'ros'
[0.254s] Level 1:colcon.colcon_core.package_identification:_identify(.) by extensions ['cmake', 'python']
[0.254s] Level 1:colcon.colcon_core.package_identification:_identify(.) by extension 'cmake'
[0.254s] Level 1:colcon.colcon_core.package_identification:_identify(.) by extension 'python'
[0.254s] Level 1:colcon.colcon_core.package_identification:_identify(.) by extensions ['python_setup_py']
[0.255s] Level 1:colcon.colcon_core.package_identification:_identify(.) by extension 'python_setup_py'
[0.255s] Level 1:colcon.colcon_core.package_identification:_identify(build) by extensions ['ignore', 'ignore_ament_install']
[0.255s] Level 1:colcon.colcon_core.package_identification:_identify(build) by extension 'ignore'
[0.255s] Level 1:colcon.colcon_core.package_identification:_identify(build) ignored
[0.256s] Level 1:colcon.colcon_core.package_identification:_identify(install) by extensions ['ignore', 'ignore_ament_install']
[0.256s] Level 1:colcon.colcon_core.package_identification:_identify(install) by extension 'ignore'
[0.256s] Level 1:colcon.colcon_core.package_identification:_identify(install) ignored
[0.257s] Level 1:colcon.colcon_core.package_identification:_identify(log) by extensions ['ignore', 'ignore_ament_install']
[0.257s] Level 1:colcon.colcon_core.package_identification:_identify(log) by extension 'ignore'
[0.257s] Level 1:colcon.colcon_core.package_identification:_identify(log) ignored
[0.258s] Level 1:colcon.colcon_core.package_identification:_identify(src) by extensions ['ignore', 'ignore_ament_install']
[0.258s] Level 1:colcon.colcon_core.package_identification:_identify(src) by extension 'ignore'
[0.258s] Level 1:colcon.colcon_core.package_identification:_identify(src) by extension 'ignore_ament_install'
[0.258s] Level 1:colcon.colcon_core.package_identification:_identify(src) by extensions ['colcon_pkg']
[0.258s] Level 1:colcon.colcon_core.package_identification:_identify(src) by extension 'colcon_pkg'
[0.258s] Level 1:colcon.colcon_core.package_identification:_identify(src) by extensions ['colcon_meta']
[0.258s] Level 1:colcon.colcon_core.package_identification:_identify(src) by extension 'colcon_meta'
[0.258s] Level 1:colcon.colcon_core.package_identification:_identify(src) by extensions ['ros']
[0.258s] Level 1:colcon.colcon_core.package_identification:_identify(src) by extension 'ros'
[0.258s] Level 1:colcon.colcon_core.package_identification:_identify(src) by extensions ['cmake', 'python']
[0.258s] Level 1:colcon.colcon_core.package_identification:_identify(src) by extension 'cmake'
[0.258s] Level 1:colcon.colcon_core.package_identification:_identify(src) by extension 'python'
[0.258s] Level 1:colcon.colcon_core.package_identification:_identify(src) by extensions ['python_setup_py']
[0.258s] Level 1:colcon.colcon_core.package_identification:_identify(src) by extension 'python_setup_py'
[0.259s] Level 1:colcon.colcon_core.package_identification:_identify(src/allegro_hand_controllers) by extensions ['ignore', 'ignore_ament_install']
[0.259s] Level 1:colcon.colcon_core.package_identification:_identify(src/allegro_hand_controllers) by extension 'ignore'
[0.259s] Level 1:colcon.colcon_core.package_identification:_identify(src/allegro_hand_controllers) by extension 'ignore_ament_install'
[0.259s] Level 1:colcon.colcon_core.package_identification:_identify(src/allegro_hand_controllers) by extensions ['colcon_pkg']
[0.259s] Level 1:colcon.colcon_core.package_identification:_identify(src/allegro_hand_controllers) by extension 'colcon_pkg'
[0.259s] Level 1:colcon.colcon_core.package_identification:_identify(src/allegro_hand_controllers) by extensions ['colcon_meta']
[0.259s] Level 1:colcon.colcon_core.package_identification:_identify(src/allegro_hand_controllers) by extension 'colcon_meta'
[0.259s] Level 1:colcon.colcon_core.package_identification:_identify(src/allegro_hand_controllers) by extensions ['ros']
[0.259s] Level 1:colcon.colcon_core.package_identification:_identify(src/allegro_hand_controllers) by extension 'ros'
[0.265s] DEBUG:colcon.colcon_core.package_identification:Package 'src/allegro_hand_controllers' with type 'ros.ament_cmake' and name 'allegro_hand_controllers'
[0.265s] Level 1:colcon.colcon_core.package_identification:_identify(src/allegro_hand_description) by extensions ['ignore', 'ignore_ament_install']
[0.265s] Level 1:colcon.colcon_core.package_identification:_identify(src/allegro_hand_description) by extension 'ignore'
[0.265s] Level 1:colcon.colcon_core.package_identification:_identify(src/allegro_hand_description) by extension 'ignore_ament_install'
[0.265s] Level 1:colcon.colcon_core.package_identification:_identify(src/allegro_hand_description) by extensions ['colcon_pkg']
[0.265s] Level 1:colcon.colcon_core.package_identification:_identify(src/allegro_hand_description) by extension 'colcon_pkg'
[0.265s] Level 1:colcon.colcon_core.package_identification:_identify(src/allegro_hand_description) by extensions ['colcon_meta']
[0.266s] Level 1:colcon.colcon_core.package_identification:_identify(src/allegro_hand_description) by extension 'colcon_meta'
[0.266s] Level 1:colcon.colcon_core.package_identification:_identify(src/allegro_hand_description) by extensions ['ros']
[0.266s] Level 1:colcon.colcon_core.package_identification:_identify(src/allegro_hand_description) by extension 'ros'
[0.267s] DEBUG:colcon.colcon_core.package_identification:Package 'src/allegro_hand_description' with type 'ros.ament_cmake' and name 'allegro_hand_description'
[0.267s] Level 1:colcon.colcon_core.package_identification:_identify(src/allegro_hand_driver) by extensions ['ignore', 'ignore_ament_install']
[0.267s] Level 1:colcon.colcon_core.package_identification:_identify(src/allegro_hand_driver) by extension 'ignore'
[0.267s] Level 1:colcon.colcon_core.package_identification:_identify(src/allegro_hand_driver) by extension 'ignore_ament_install'
[0.267s] Level 1:colcon.colcon_core.package_identification:_identify(src/allegro_hand_driver) by extensions ['colcon_pkg']
[0.268s] Level 1:colcon.colcon_core.package_identification:_identify(src/allegro_hand_driver) by extension 'colcon_pkg'
[0.268s] Level 1:colcon.colcon_core.package_identification:_identify(src/allegro_hand_driver) by extensions ['colcon_meta']
[0.268s] Level 1:colcon.colcon_core.package_identification:_identify(src/allegro_hand_driver) by extension 'colcon_meta'
[0.268s] Level 1:colcon.colcon_core.package_identification:_identify(src/allegro_hand_driver) by extensions ['ros']
[0.268s] Level 1:colcon.colcon_core.package_identification:_identify(src/allegro_hand_driver) by extension 'ros'
[0.269s] DEBUG:colcon.colcon_core.package_identification:Package 'src/allegro_hand_driver' with type 'ros.ament_cmake' and name 'allegro_hand_driver'
[0.269s] Level 1:colcon.colcon_core.package_identification:_identify(src/allegro_hand_keyboards) by extensions ['ignore', 'ignore_ament_install']
[0.269s] Level 1:colcon.colcon_core.package_identification:_identify(src/allegro_hand_keyboards) by extension 'ignore'
[0.269s] Level 1:colcon.colcon_core.package_identification:_identify(src/allegro_hand_keyboards) by extension 'ignore_ament_install'
[0.269s] Level 1:colcon.colcon_core.package_identification:_identify(src/allegro_hand_keyboards) by extensions ['colcon_pkg']
[0.269s] Level 1:colcon.colcon_core.package_identification:_identify(src/allegro_hand_keyboards) by extension 'colcon_pkg'
[0.269s] Level 1:colcon.colcon_core.package_identification:_identify(src/allegro_hand_keyboards) by extensions ['colcon_meta']
[0.269s] Level 1:colcon.colcon_core.package_identification:_identify(src/allegro_hand_keyboards) by extension 'colcon_meta'
[0.269s] Level 1:colcon.colcon_core.package_identification:_identify(src/allegro_hand_keyboards) by extensions ['ros']
[0.270s] Level 1:colcon.colcon_core.package_identification:_identify(src/allegro_hand_keyboards) by extension 'ros'
[0.270s] DEBUG:colcon.colcon_core.package_identification:Package 'src/allegro_hand_keyboards' with type 'ros.ament_cmake' and name 'allegro_hand_keyboards'
[0.271s] Level 1:colcon.colcon_core.package_identification:_identify(src/allegro_hand_parameters) by extensions ['ignore', 'ignore_ament_install']
[0.271s] Level 1:colcon.colcon_core.package_identification:_identify(src/allegro_hand_parameters) by extension 'ignore'
[0.271s] Level 1:colcon.colcon_core.package_identification:_identify(src/allegro_hand_parameters) by extension 'ignore_ament_install'
[0.271s] Level 1:colcon.colcon_core.package_identification:_identify(src/allegro_hand_parameters) by extensions ['colcon_pkg']
[0.271s] Level 1:colcon.colcon_core.package_identification:_identify(src/allegro_hand_parameters) by extension 'colcon_pkg'
[0.271s] Level 1:colcon.colcon_core.package_identification:_identify(src/allegro_hand_parameters) by extensions ['colcon_meta']
[0.271s] Level 1:colcon.colcon_core.package_identification:_identify(src/allegro_hand_parameters) by extension 'colcon_meta'
[0.271s] Level 1:colcon.colcon_core.package_identification:_identify(src/allegro_hand_parameters) by extensions ['ros']
[0.271s] Level 1:colcon.colcon_core.package_identification:_identify(src/allegro_hand_parameters) by extension 'ros'
[0.272s] DEBUG:colcon.colcon_core.package_identification:Package 'src/allegro_hand_parameters' with type 'ros.ament_cmake' and name 'allegro_hand_parameters'
[0.272s] Level 1:colcon.colcon_core.package_identification:_identify(src/bhand) by extensions ['ignore', 'ignore_ament_install']
[0.272s] Level 1:colcon.colcon_core.package_identification:_identify(src/bhand) by extension 'ignore'
[0.272s] Level 1:colcon.colcon_core.package_identification:_identify(src/bhand) by extension 'ignore_ament_install'
[0.272s] Level 1:colcon.colcon_core.package_identification:_identify(src/bhand) by extensions ['colcon_pkg']
[0.272s] Level 1:colcon.colcon_core.package_identification:_identify(src/bhand) by extension 'colcon_pkg'
[0.272s] Level 1:colcon.colcon_core.package_identification:_identify(src/bhand) by extensions ['colcon_meta']
[0.272s] Level 1:colcon.colcon_core.package_identification:_identify(src/bhand) by extension 'colcon_meta'
[0.272s] Level 1:colcon.colcon_core.package_identification:_identify(src/bhand) by extensions ['ros']
[0.272s] Level 1:colcon.colcon_core.package_identification:_identify(src/bhand) by extension 'ros'
[0.273s] DEBUG:colcon.colcon_core.package_identification:Package 'src/bhand' with type 'ros.ament_cmake' and name 'bhand'
[0.273s] Level 1:colcon.colcon_core.package_identification:_identify(src/build) by extensions ['ignore', 'ignore_ament_install']
[0.273s] Level 1:colcon.colcon_core.package_identification:_identify(src/build) by extension 'ignore'
[0.273s] Level 1:colcon.colcon_core.package_identification:_identify(src/build) ignored
[0.273s] Level 1:colcon.colcon_core.package_identification:_identify(src/install) by extensions ['ignore', 'ignore_ament_install']
[0.273s] Level 1:colcon.colcon_core.package_identification:_identify(src/install) by extension 'ignore'
[0.273s] Level 1:colcon.colcon_core.package_identification:_identify(src/install) ignored
[0.273s] Level 1:colcon.colcon_core.package_identification:_identify(src/log) by extensions ['ignore', 'ignore_ament_install']
[0.273s] Level 1:colcon.colcon_core.package_identification:_identify(src/log) by extension 'ignore'
[0.273s] Level 1:colcon.colcon_core.package_identification:_identify(src/log) ignored
[0.273s] Level 1:colcon.colcon_core.package_identification:_identify(src/mediapipe_test) by extensions ['ignore', 'ignore_ament_install']
[0.274s] Level 1:colcon.colcon_core.package_identification:_identify(src/mediapipe_test) by extension 'ignore'
[0.274s] Level 1:colcon.colcon_core.package_identification:_identify(src/mediapipe_test) by extension 'ignore_ament_install'
[0.274s] Level 1:colcon.colcon_core.package_identification:_identify(src/mediapipe_test) by extensions ['colcon_pkg']
[0.274s] Level 1:colcon.colcon_core.package_identification:_identify(src/mediapipe_test) by extension 'colcon_pkg'
[0.274s] Level 1:colcon.colcon_core.package_identification:_identify(src/mediapipe_test) by extensions ['colcon_meta']
[0.274s] Level 1:colcon.colcon_core.package_identification:_identify(src/mediapipe_test) by extension 'colcon_meta'
[0.274s] Level 1:colcon.colcon_core.package_identification:_identify(src/mediapipe_test) by extensions ['ros']
[0.274s] Level 1:colcon.colcon_core.package_identification:_identify(src/mediapipe_test) by extension 'ros'
[0.274s] DEBUG:colcon.colcon_core.package_identification:Package 'src/mediapipe_test' with type 'ros.ament_python' and name 'mediapipe_test'
[0.274s] Level 1:colcon.colcon_core.package_discovery:discover_packages(recursive) using defaults
[0.274s] Level 1:colcon.colcon_core.package_discovery:discover_packages(ignore) discover
[0.274s] Level 1:colcon.colcon_core.package_discovery:discover_packages(ignore) using defaults
[0.274s] Level 1:colcon.colcon_core.package_discovery:discover_packages(path) discover
[0.274s] Level 1:colcon.colcon_core.package_discovery:discover_packages(path) using defaults
[0.302s] Level 1:colcon.colcon_core.package_discovery:discover_packages(prefix_path) check parameters
[0.302s] Level 1:colcon.colcon_core.package_discovery:discover_packages(prefix_path) discover
[0.303s] WARNING:colcon.colcon_ros.prefix_path.ament:The path '/home/fzc/allegro_hand_linux_v4/ros2_source/install/test_topic' in the environment variable AMENT_PREFIX_PATH doesn't exist
[0.303s] WARNING:colcon.colcon_ros.prefix_path.ament:The path '/home/fzc/allegro_hand_linux_v4/ros2_source/install/allegro_mediapipe_follow' in the environment variable AMENT_PREFIX_PATH doesn't exist
[0.304s] DEBUG:colcon.colcon_installed_package_information.package_discovery:Found 7 installed packages in /home/fzc/allegro_hand_linux_v4/ros2_source/install
[0.305s] DEBUG:colcon.colcon_installed_package_information.package_discovery:Found 324 installed packages in /opt/ros/humble
[0.307s] Level 1:colcon.colcon_core.package_discovery:discover_packages(prefix_path) using defaults
[0.365s] Level 5:colcon.colcon_core.verb:set package 'allegro_hand_description' build argument 'cmake_args' from command line to 'None'
[0.365s] Level 5:colcon.colcon_core.verb:set package 'allegro_hand_description' build argument 'cmake_target' from command line to 'None'
[0.365s] Level 5:colcon.colcon_core.verb:set package 'allegro_hand_description' build argument 'cmake_target_skip_unavailable' from command line to 'False'
[0.366s] Level 5:colcon.colcon_core.verb:set package 'allegro_hand_description' build argument 'cmake_clean_cache' from command line to 'False'
[0.366s] Level 5:colcon.colcon_core.verb:set package 'allegro_hand_description' build argument 'cmake_clean_first' from command line to 'False'
[0.366s] Level 5:colcon.colcon_core.verb:set package 'allegro_hand_description' build argument 'cmake_force_configure' from command line to 'False'
[0.366s] Level 5:colcon.colcon_core.verb:set package 'allegro_hand_description' build argument 'ament_cmake_args' from command line to 'None'
[0.366s] Level 5:colcon.colcon_core.verb:set package 'allegro_hand_description' build argument 'catkin_cmake_args' from command line to 'None'
[0.366s] Level 5:colcon.colcon_core.verb:set package 'allegro_hand_description' build argument 'catkin_skip_building_tests' from command line to 'False'
[0.366s] DEBUG:colcon.colcon_core.verb:Building package 'allegro_hand_description' with the following arguments: {'ament_cmake_args': None, 'build_base': '/home/fzc/allegro_hand_linux_v4/ros2_source/build/allegro_hand_description', 'catkin_cmake_args': None, 'catkin_skip_building_tests': False, 'cmake_args': None, 'cmake_clean_cache': False, 'cmake_clean_first': False, 'cmake_force_configure': False, 'cmake_target': None, 'cmake_target_skip_unavailable': False, 'install_base': '/home/fzc/allegro_hand_linux_v4/ros2_source/install/allegro_hand_description', 'merge_install': False, 'path': '/home/fzc/allegro_hand_linux_v4/ros2_source/src/allegro_hand_description', 'symlink_install': False, 'test_result_base': None}
[0.366s] Level 5:colcon.colcon_core.verb:set package 'allegro_hand_driver' build argument 'cmake_args' from command line to 'None'
[0.366s] Level 5:colcon.colcon_core.verb:set package 'allegro_hand_driver' build argument 'cmake_target' from command line to 'None'
[0.366s] Level 5:colcon.colcon_core.verb:set package 'allegro_hand_driver' build argument 'cmake_target_skip_unavailable' from command line to 'False'
[0.366s] Level 5:colcon.colcon_core.verb:set package 'allegro_hand_driver' build argument 'cmake_clean_cache' from command line to 'False'
[0.366s] Level 5:colcon.colcon_core.verb:set package 'allegro_hand_driver' build argument 'cmake_clean_first' from command line to 'False'
[0.366s] Level 5:colcon.colcon_core.verb:set package 'allegro_hand_driver' build argument 'cmake_force_configure' from command line to 'False'
[0.366s] Level 5:colcon.colcon_core.verb:set package 'allegro_hand_driver' build argument 'ament_cmake_args' from command line to 'None'
[0.366s] Level 5:colcon.colcon_core.verb:set package 'allegro_hand_driver' build argument 'catkin_cmake_args' from command line to 'None'
[0.366s] Level 5:colcon.colcon_core.verb:set package 'allegro_hand_driver' build argument 'catkin_skip_building_tests' from command line to 'False'
[0.366s] DEBUG:colcon.colcon_core.verb:Building package 'allegro_hand_driver' with the following arguments: {'ament_cmake_args': None, 'build_base': '/home/fzc/allegro_hand_linux_v4/ros2_source/build/allegro_hand_driver', 'catkin_cmake_args': None, 'catkin_skip_building_tests': False, 'cmake_args': None, 'cmake_clean_cache': False, 'cmake_clean_first': False, 'cmake_force_configure': False, 'cmake_target': None, 'cmake_target_skip_unavailable': False, 'install_base': '/home/fzc/allegro_hand_linux_v4/ros2_source/install/allegro_hand_driver', 'merge_install': False, 'path': '/home/fzc/allegro_hand_linux_v4/ros2_source/src/allegro_hand_driver', 'symlink_install': False, 'test_result_base': None}
[0.366s] Level 5:colcon.colcon_core.verb:set package 'allegro_hand_parameters' build argument 'cmake_args' from command line to 'None'
[0.366s] Level 5:colcon.colcon_core.verb:set package 'allegro_hand_parameters' build argument 'cmake_target' from command line to 'None'
[0.366s] Level 5:colcon.colcon_core.verb:set package 'allegro_hand_parameters' build argument 'cmake_target_skip_unavailable' from command line to 'False'
[0.366s] Level 5:colcon.colcon_core.verb:set package 'allegro_hand_parameters' build argument 'cmake_clean_cache' from command line to 'False'
[0.366s] Level 5:colcon.colcon_core.verb:set package 'allegro_hand_parameters' build argument 'cmake_clean_first' from command line to 'False'
[0.366s] Level 5:colcon.colcon_core.verb:set package 'allegro_hand_parameters' build argument 'cmake_force_configure' from command line to 'False'
[0.366s] Level 5:colcon.colcon_core.verb:set package 'allegro_hand_parameters' build argument 'ament_cmake_args' from command line to 'None'
[0.366s] Level 5:colcon.colcon_core.verb:set package 'allegro_hand_parameters' build argument 'catkin_cmake_args' from command line to 'None'
[0.367s] Level 5:colcon.colcon_core.verb:set package 'allegro_hand_parameters' build argument 'catkin_skip_building_tests' from command line to 'False'
[0.367s] DEBUG:colcon.colcon_core.verb:Building package 'allegro_hand_parameters' with the following arguments: {'ament_cmake_args': None, 'build_base': '/home/fzc/allegro_hand_linux_v4/ros2_source/build/allegro_hand_parameters', 'catkin_cmake_args': None, 'catkin_skip_building_tests': False, 'cmake_args': None, 'cmake_clean_cache': False, 'cmake_clean_first': False, 'cmake_force_configure': False, 'cmake_target': None, 'cmake_target_skip_unavailable': False, 'install_base': '/home/fzc/allegro_hand_linux_v4/ros2_source/install/allegro_hand_parameters', 'merge_install': False, 'path': '/home/fzc/allegro_hand_linux_v4/ros2_source/src/allegro_hand_parameters', 'symlink_install': False, 'test_result_base': None}
[0.367s] Level 5:colcon.colcon_core.verb:set package 'bhand' build argument 'cmake_args' from command line to 'None'
[0.367s] Level 5:colcon.colcon_core.verb:set package 'bhand' build argument 'cmake_target' from command line to 'None'
[0.367s] Level 5:colcon.colcon_core.verb:set package 'bhand' build argument 'cmake_target_skip_unavailable' from command line to 'False'
[0.367s] Level 5:colcon.colcon_core.verb:set package 'bhand' build argument 'cmake_clean_cache' from command line to 'False'
[0.367s] Level 5:colcon.colcon_core.verb:set package 'bhand' build argument 'cmake_clean_first' from command line to 'False'
[0.367s] Level 5:colcon.colcon_core.verb:set package 'bhand' build argument 'cmake_force_configure' from command line to 'False'
[0.367s] Level 5:colcon.colcon_core.verb:set package 'bhand' build argument 'ament_cmake_args' from command line to 'None'
[0.367s] Level 5:colcon.colcon_core.verb:set package 'bhand' build argument 'catkin_cmake_args' from command line to 'None'
[0.367s] Level 5:colcon.colcon_core.verb:set package 'bhand' build argument 'catkin_skip_building_tests' from command line to 'False'
[0.367s] DEBUG:colcon.colcon_core.verb:Building package 'bhand' with the following arguments: {'ament_cmake_args': None, 'build_base': '/home/fzc/allegro_hand_linux_v4/ros2_source/build/bhand', 'catkin_cmake_args': None, 'catkin_skip_building_tests': False, 'cmake_args': None, 'cmake_clean_cache': False, 'cmake_clean_first': False, 'cmake_force_configure': False, 'cmake_target': None, 'cmake_target_skip_unavailable': False, 'install_base': '/home/fzc/allegro_hand_linux_v4/ros2_source/install/bhand', 'merge_install': False, 'path': '/home/fzc/allegro_hand_linux_v4/ros2_source/src/bhand', 'symlink_install': False, 'test_result_base': None}
[0.367s] Level 5:colcon.colcon_core.verb:set package 'mediapipe_test' build argument 'cmake_args' from command line to 'None'
[0.367s] Level 5:colcon.colcon_core.verb:set package 'mediapipe_test' build argument 'cmake_target' from command line to 'None'
[0.367s] Level 5:colcon.colcon_core.verb:set package 'mediapipe_test' build argument 'cmake_target_skip_unavailable' from command line to 'False'
[0.367s] Level 5:colcon.colcon_core.verb:set package 'mediapipe_test' build argument 'cmake_clean_cache' from command line to 'False'
[0.367s] Level 5:colcon.colcon_core.verb:set package 'mediapipe_test' build argument 'cmake_clean_first' from command line to 'False'
[0.367s] Level 5:colcon.colcon_core.verb:set package 'mediapipe_test' build argument 'cmake_force_configure' from command line to 'False'
[0.367s] Level 5:colcon.colcon_core.verb:set package 'mediapipe_test' build argument 'ament_cmake_args' from command line to 'None'
[0.367s] Level 5:colcon.colcon_core.verb:set package 'mediapipe_test' build argument 'catkin_cmake_args' from command line to 'None'
[0.367s] Level 5:colcon.colcon_core.verb:set package 'mediapipe_test' build argument 'catkin_skip_building_tests' from command line to 'False'
[0.367s] DEBUG:colcon.colcon_core.verb:Building package 'mediapipe_test' with the following arguments: {'ament_cmake_args': None, 'build_base': '/home/fzc/allegro_hand_linux_v4/ros2_source/build/mediapipe_test', 'catkin_cmake_args': None, 'catkin_skip_building_tests': False, 'cmake_args': None, 'cmake_clean_cache': False, 'cmake_clean_first': False, 'cmake_force_configure': False, 'cmake_target': None, 'cmake_target_skip_unavailable': False, 'install_base': '/home/fzc/allegro_hand_linux_v4/ros2_source/install/mediapipe_test', 'merge_install': False, 'path': '/home/fzc/allegro_hand_linux_v4/ros2_source/src/mediapipe_test', 'symlink_install': False, 'test_result_base': None}
[0.368s] Level 5:colcon.colcon_core.verb:set package 'allegro_hand_controllers' build argument 'cmake_args' from command line to 'None'
[0.368s] Level 5:colcon.colcon_core.verb:set package 'allegro_hand_controllers' build argument 'cmake_target' from command line to 'None'
[0.368s] Level 5:colcon.colcon_core.verb:set package 'allegro_hand_controllers' build argument 'cmake_target_skip_unavailable' from command line to 'False'
[0.368s] Level 5:colcon.colcon_core.verb:set package 'allegro_hand_controllers' build argument 'cmake_clean_cache' from command line to 'False'
[0.368s] Level 5:colcon.colcon_core.verb:set package 'allegro_hand_controllers' build argument 'cmake_clean_first' from command line to 'False'
[0.368s] Level 5:colcon.colcon_core.verb:set package 'allegro_hand_controllers' build argument 'cmake_force_configure' from command line to 'False'
[0.368s] Level 5:colcon.colcon_core.verb:set package 'allegro_hand_controllers' build argument 'ament_cmake_args' from command line to 'None'
[0.368s] Level 5:colcon.colcon_core.verb:set package 'allegro_hand_controllers' build argument 'catkin_cmake_args' from command line to 'None'
[0.368s] Level 5:colcon.colcon_core.verb:set package 'allegro_hand_controllers' build argument 'catkin_skip_building_tests' from command line to 'False'
[0.368s] DEBUG:colcon.colcon_core.verb:Building package 'allegro_hand_controllers' with the following arguments: {'ament_cmake_args': None, 'build_base': '/home/fzc/allegro_hand_linux_v4/ros2_source/build/allegro_hand_controllers', 'catkin_cmake_args': None, 'catkin_skip_building_tests': False, 'cmake_args': None, 'cmake_clean_cache': False, 'cmake_clean_first': False, 'cmake_force_configure': False, 'cmake_target': None, 'cmake_target_skip_unavailable': False, 'install_base': '/home/fzc/allegro_hand_linux_v4/ros2_source/install/allegro_hand_controllers', 'merge_install': False, 'path': '/home/fzc/allegro_hand_linux_v4/ros2_source/src/allegro_hand_controllers', 'symlink_install': False, 'test_result_base': None}
[0.368s] Level 5:colcon.colcon_core.verb:set package 'allegro_hand_keyboards' build argument 'cmake_args' from command line to 'None'
[0.368s] Level 5:colcon.colcon_core.verb:set package 'allegro_hand_keyboards' build argument 'cmake_target' from command line to 'None'
[0.368s] Level 5:colcon.colcon_core.verb:set package 'allegro_hand_keyboards' build argument 'cmake_target_skip_unavailable' from command line to 'False'
[0.368s] Level 5:colcon.colcon_core.verb:set package 'allegro_hand_keyboards' build argument 'cmake_clean_cache' from command line to 'False'
[0.368s] Level 5:colcon.colcon_core.verb:set package 'allegro_hand_keyboards' build argument 'cmake_clean_first' from command line to 'False'
[0.368s] Level 5:colcon.colcon_core.verb:set package 'allegro_hand_keyboards' build argument 'cmake_force_configure' from command line to 'False'
[0.368s] Level 5:colcon.colcon_core.verb:set package 'allegro_hand_keyboards' build argument 'ament_cmake_args' from command line to 'None'
[0.368s] Level 5:colcon.colcon_core.verb:set package 'allegro_hand_keyboards' build argument 'catkin_cmake_args' from command line to 'None'
[0.368s] Level 5:colcon.colcon_core.verb:set package 'allegro_hand_keyboards' build argument 'catkin_skip_building_tests' from command line to 'False'
[0.368s] DEBUG:colcon.colcon_core.verb:Building package 'allegro_hand_keyboards' with the following arguments: {'ament_cmake_args': None, 'build_base': '/home/fzc/allegro_hand_linux_v4/ros2_source/build/allegro_hand_keyboards', 'catkin_cmake_args': None, 'catkin_skip_building_tests': False, 'cmake_args': None, 'cmake_clean_cache': False, 'cmake_clean_first': False, 'cmake_force_configure': False, 'cmake_target': None, 'cmake_target_skip_unavailable': False, 'install_base': '/home/fzc/allegro_hand_linux_v4/ros2_source/install/allegro_hand_keyboards', 'merge_install': False, 'path': '/home/fzc/allegro_hand_linux_v4/ros2_source/src/allegro_hand_keyboards', 'symlink_install': False, 'test_result_base': None}
[0.368s] INFO:colcon.colcon_core.executor:Executing jobs using 'parallel' executor
[0.369s] DEBUG:colcon.colcon_parallel_executor.executor.parallel:run_until_complete
[0.370s] INFO:colcon.colcon_ros.task.ament_cmake.build:Building ROS package in '/home/fzc/allegro_hand_linux_v4/ros2_source/src/allegro_hand_driver' with build type 'ament_cmake'
[0.370s] INFO:colcon.colcon_cmake.task.cmake.build:Building CMake package in '/home/fzc/allegro_hand_linux_v4/ros2_source/src/allegro_hand_driver'
[0.372s] INFO:colcon.colcon_core.plugin_system:Skipping extension 'colcon_core.shell.bat': Not used on non-Windows systems
[0.372s] INFO:colcon.colcon_core.shell:Skip shell extension 'powershell' for command environment: Not usable outside of PowerShell
[0.372s] DEBUG:colcon.colcon_core.shell:Skip shell extension 'dsv' for command environment
[0.375s] INFO:colcon.colcon_ros.task.ament_cmake.build:Building ROS package in '/home/fzc/allegro_hand_linux_v4/ros2_source/src/bhand' with build type 'ament_cmake'
[0.376s] INFO:colcon.colcon_cmake.task.cmake.build:Building CMake package in '/home/fzc/allegro_hand_linux_v4/ros2_source/src/bhand'
[0.376s] INFO:colcon.colcon_core.shell:Skip shell extension 'powershell' for command environment: Not usable outside of PowerShell
[0.376s] DEBUG:colcon.colcon_core.shell:Skip shell extension 'dsv' for command environment
[0.382s] INFO:colcon.colcon_ros.task.ament_cmake.build:Building ROS package in '/home/fzc/allegro_hand_linux_v4/ros2_source/src/allegro_hand_description' with build type 'ament_cmake'
[0.383s] INFO:colcon.colcon_cmake.task.cmake.build:Building CMake package in '/home/fzc/allegro_hand_linux_v4/ros2_source/src/allegro_hand_description'
[0.383s] INFO:colcon.colcon_core.shell:Skip shell extension 'powershell' for command environment: Not usable outside of PowerShell
[0.383s] DEBUG:colcon.colcon_core.shell:Skip shell extension 'dsv' for command environment
[0.391s] INFO:colcon.colcon_ros.task.ament_cmake.build:Building ROS package in '/home/fzc/allegro_hand_linux_v4/ros2_source/src/allegro_hand_parameters' with build type 'ament_cmake'
[0.391s] INFO:colcon.colcon_cmake.task.cmake.build:Building CMake package in '/home/fzc/allegro_hand_linux_v4/ros2_source/src/allegro_hand_parameters'
[0.392s] INFO:colcon.colcon_core.shell:Skip shell extension 'powershell' for command environment: Not usable outside of PowerShell
[0.393s] DEBUG:colcon.colcon_core.shell:Skip shell extension 'dsv' for command environment
[0.401s] INFO:colcon.colcon_ros.task.ament_python.build:Building ROS package in '/home/fzc/allegro_hand_linux_v4/ros2_source/src/mediapipe_test' with build type 'ament_python'
[0.402s] Level 1:colcon.colcon_core.shell:create_environment_hook('mediapipe_test', 'ament_prefix_path')
[0.403s] INFO:colcon.colcon_core.shell:Creating environment hook '/home/fzc/allegro_hand_linux_v4/ros2_source/install/mediapipe_test/share/mediapipe_test/hook/ament_prefix_path.ps1'
[0.405s] INFO:colcon.colcon_core.shell:Creating environment descriptor '/home/fzc/allegro_hand_linux_v4/ros2_source/install/mediapipe_test/share/mediapipe_test/hook/ament_prefix_path.dsv'
[0.406s] INFO:colcon.colcon_core.shell:Creating environment hook '/home/fzc/allegro_hand_linux_v4/ros2_source/install/mediapipe_test/share/mediapipe_test/hook/ament_prefix_path.sh'
[0.407s] INFO:colcon.colcon_core.shell:Skip shell extension 'powershell' for command environment: Not usable outside of PowerShell
[0.408s] DEBUG:colcon.colcon_core.shell:Skip shell extension 'dsv' for command environment
[0.419s] DEBUG:colcon.colcon_core.event_handler.log_command:Invoking command in '/home/fzc/allegro_hand_linux_v4/ros2_source/build/allegro_hand_driver': CMAKE_PREFIX_PATH=${CMAKE_PREFIX_PATH}:/home/fzc/allegro_hand_linux_v4/ros2_source/install/mediapipe_test:/home/fzc/allegro_hand_linux_v4/ros2_source/install/test_topic:/home/fzc/allegro_hand_linux_v4/ros2_source/install/allegro_mediapipe_follow:/opt/ros/humble CONDA_PROMPT_MODIFIER=(hand) /usr/bin/cmake --build /home/fzc/allegro_hand_linux_v4/ros2_source/build/allegro_hand_driver -- -j8 -l8
[0.429s] DEBUG:colcon.colcon_core.event_handler.log_command:Invoking command in '/home/fzc/allegro_hand_linux_v4/ros2_source/build/bhand': CMAKE_PREFIX_PATH=${CMAKE_PREFIX_PATH}:/home/fzc/allegro_hand_linux_v4/ros2_source/install/mediapipe_test:/home/fzc/allegro_hand_linux_v4/ros2_source/install/test_topic:/home/fzc/allegro_hand_linux_v4/ros2_source/install/allegro_mediapipe_follow:/opt/ros/humble CONDA_PROMPT_MODIFIER=(hand) /usr/bin/cmake --build /home/fzc/allegro_hand_linux_v4/ros2_source/build/bhand -- -j8 -l8
[0.434s] DEBUG:colcon.colcon_core.event_handler.log_command:Invoking command in '/home/fzc/allegro_hand_linux_v4/ros2_source/build/allegro_hand_description': CMAKE_PREFIX_PATH=${CMAKE_PREFIX_PATH}:/home/fzc/allegro_hand_linux_v4/ros2_source/install/mediapipe_test:/home/fzc/allegro_hand_linux_v4/ros2_source/install/test_topic:/home/fzc/allegro_hand_linux_v4/ros2_source/install/allegro_mediapipe_follow:/opt/ros/humble CONDA_PROMPT_MODIFIER=(hand) /usr/bin/cmake --build /home/fzc/allegro_hand_linux_v4/ros2_source/build/allegro_hand_description -- -j8 -l8
[0.443s] DEBUG:colcon.colcon_core.event_handler.log_command:Invoking command in '/home/fzc/allegro_hand_linux_v4/ros2_source/build/allegro_hand_parameters': CMAKE_PREFIX_PATH=${CMAKE_PREFIX_PATH}:/home/fzc/allegro_hand_linux_v4/ros2_source/install/mediapipe_test:/home/fzc/allegro_hand_linux_v4/ros2_source/install/test_topic:/home/fzc/allegro_hand_linux_v4/ros2_source/install/allegro_mediapipe_follow:/opt/ros/humble CONDA_PROMPT_MODIFIER=(hand) /usr/bin/cmake --build /home/fzc/allegro_hand_linux_v4/ros2_source/build/allegro_hand_parameters -- -j8 -l8
[0.781s] INFO:colcon.colcon_core.task.python.build:Building Python package in '/home/fzc/allegro_hand_linux_v4/ros2_source/src/mediapipe_test'
[0.782s] INFO:colcon.colcon_core.shell:Skip shell extension 'powershell' for command environment: Not usable outside of PowerShell
[0.782s] DEBUG:colcon.colcon_core.shell:Skip shell extension 'dsv' for command environment
[0.788s] DEBUG:colcon.colcon_core.event_handler.log_command:Invoked command in '/home/fzc/allegro_hand_linux_v4/ros2_source/build/bhand' returned '0': CMAKE_PREFIX_PATH=${CMAKE_PREFIX_PATH}:/home/fzc/allegro_hand_linux_v4/ros2_source/install/mediapipe_test:/home/fzc/allegro_hand_linux_v4/ros2_source/install/test_topic:/home/fzc/allegro_hand_linux_v4/ros2_source/install/allegro_mediapipe_follow:/opt/ros/humble CONDA_PROMPT_MODIFIER=(hand) /usr/bin/cmake --build /home/fzc/allegro_hand_linux_v4/ros2_source/build/bhand -- -j8 -l8
[0.801s] DEBUG:colcon.colcon_core.event_handler.log_command:Invoking command in '/home/fzc/allegro_hand_linux_v4/ros2_source/build/bhand': CMAKE_PREFIX_PATH=${CMAKE_PREFIX_PATH}:/home/fzc/allegro_hand_linux_v4/ros2_source/install/mediapipe_test:/home/fzc/allegro_hand_linux_v4/ros2_source/install/test_topic:/home/fzc/allegro_hand_linux_v4/ros2_source/install/allegro_mediapipe_follow:/opt/ros/humble CONDA_PROMPT_MODIFIER=(hand) /usr/bin/cmake --install /home/fzc/allegro_hand_linux_v4/ros2_source/build/bhand
[0.801s] DEBUG:colcon.colcon_core.event_handler.log_command:Invoked command in '/home/fzc/allegro_hand_linux_v4/ros2_source/build/allegro_hand_driver' returned '0': CMAKE_PREFIX_PATH=${CMAKE_PREFIX_PATH}:/home/fzc/allegro_hand_linux_v4/ros2_source/install/mediapipe_test:/home/fzc/allegro_hand_linux_v4/ros2_source/install/test_topic:/home/fzc/allegro_hand_linux_v4/ros2_source/install/allegro_mediapipe_follow:/opt/ros/humble CONDA_PROMPT_MODIFIER=(hand) /usr/bin/cmake --build /home/fzc/allegro_hand_linux_v4/ros2_source/build/allegro_hand_driver -- -j8 -l8
[0.804s] DEBUG:colcon.colcon_core.event_handler.log_command:Invoking command in '/home/fzc/allegro_hand_linux_v4/ros2_source/build/allegro_hand_driver': CMAKE_PREFIX_PATH=${CMAKE_PREFIX_PATH}:/home/fzc/allegro_hand_linux_v4/ros2_source/install/mediapipe_test:/home/fzc/allegro_hand_linux_v4/ros2_source/install/test_topic:/home/fzc/allegro_hand_linux_v4/ros2_source/install/allegro_mediapipe_follow:/opt/ros/humble CONDA_PROMPT_MODIFIER=(hand) /usr/bin/cmake --install /home/fzc/allegro_hand_linux_v4/ros2_source/build/allegro_hand_driver
[0.805s] DEBUG:colcon.colcon_core.event_handler.log_command:Invoked command in '/home/fzc/allegro_hand_linux_v4/ros2_source/build/allegro_hand_description' returned '0': CMAKE_PREFIX_PATH=${CMAKE_PREFIX_PATH}:/home/fzc/allegro_hand_linux_v4/ros2_source/install/mediapipe_test:/home/fzc/allegro_hand_linux_v4/ros2_source/install/test_topic:/home/fzc/allegro_hand_linux_v4/ros2_source/install/allegro_mediapipe_follow:/opt/ros/humble CONDA_PROMPT_MODIFIER=(hand) /usr/bin/cmake --build /home/fzc/allegro_hand_linux_v4/ros2_source/build/allegro_hand_description -- -j8 -l8
[0.808s] DEBUG:colcon.colcon_core.event_handler.log_command:Invoking command in '/home/fzc/allegro_hand_linux_v4/ros2_source/build/allegro_hand_description': CMAKE_PREFIX_PATH=${CMAKE_PREFIX_PATH}:/home/fzc/allegro_hand_linux_v4/ros2_source/install/mediapipe_test:/home/fzc/allegro_hand_linux_v4/ros2_source/install/test_topic:/home/fzc/allegro_hand_linux_v4/ros2_source/install/allegro_mediapipe_follow:/opt/ros/humble CONDA_PROMPT_MODIFIER=(hand) /usr/bin/cmake --install /home/fzc/allegro_hand_linux_v4/ros2_source/build/allegro_hand_description
[0.810s] DEBUG:colcon.colcon_core.event_handler.log_command:Invoked command in '/home/fzc/allegro_hand_linux_v4/ros2_source/build/allegro_hand_parameters' returned '0': CMAKE_PREFIX_PATH=${CMAKE_PREFIX_PATH}:/home/fzc/allegro_hand_linux_v4/ros2_source/install/mediapipe_test:/home/fzc/allegro_hand_linux_v4/ros2_source/install/test_topic:/home/fzc/allegro_hand_linux_v4/ros2_source/install/allegro_mediapipe_follow:/opt/ros/humble CONDA_PROMPT_MODIFIER=(hand) /usr/bin/cmake --build /home/fzc/allegro_hand_linux_v4/ros2_source/build/allegro_hand_parameters -- -j8 -l8
[0.814s] DEBUG:colcon.colcon_core.event_handler.log_command:Invoking command in '/home/fzc/allegro_hand_linux_v4/ros2_source/build/allegro_hand_parameters': CMAKE_PREFIX_PATH=${CMAKE_PREFIX_PATH}:/home/fzc/allegro_hand_linux_v4/ros2_source/install/mediapipe_test:/home/fzc/allegro_hand_linux_v4/ros2_source/install/test_topic:/home/fzc/allegro_hand_linux_v4/ros2_source/install/allegro_mediapipe_follow:/opt/ros/humble CONDA_PROMPT_MODIFIER=(hand) /usr/bin/cmake --install /home/fzc/allegro_hand_linux_v4/ros2_source/build/allegro_hand_parameters
[0.824s] Level 1:colcon.colcon_core.environment:create_environment_scripts_only(bhand)
[0.833s] Level 1:colcon.colcon_core.environment:checking '/home/fzc/allegro_hand_linux_v4/ros2_source/install/bhand' for CMake module files
[0.836s] Level 1:colcon.colcon_core.environment:checking '/home/fzc/allegro_hand_linux_v4/ros2_source/install/bhand' for CMake config files
[0.841s] Level 1:colcon.colcon_core.shell:create_environment_hook('bhand', 'cmake_prefix_path')
[0.841s] INFO:colcon.colcon_core.shell:Creating environment hook '/home/fzc/allegro_hand_linux_v4/ros2_source/install/bhand/share/bhand/hook/cmake_prefix_path.ps1'
[0.842s] INFO:colcon.colcon_core.shell:Creating environment descriptor '/home/fzc/allegro_hand_linux_v4/ros2_source/install/bhand/share/bhand/hook/cmake_prefix_path.dsv'
[0.844s] INFO:colcon.colcon_core.shell:Creating environment hook '/home/fzc/allegro_hand_linux_v4/ros2_source/install/bhand/share/bhand/hook/cmake_prefix_path.sh'
[0.846s] Level 1:colcon.colcon_core.environment:checking '/home/fzc/allegro_hand_linux_v4/ros2_source/install/bhand/lib'
[0.847s] DEBUG:colcon.colcon_core.event_handler.log_command:Invoked command in '/home/fzc/allegro_hand_linux_v4/ros2_source/build/bhand' returned '0': CMAKE_PREFIX_PATH=${CMAKE_PREFIX_PATH}:/home/fzc/allegro_hand_linux_v4/ros2_source/install/mediapipe_test:/home/fzc/allegro_hand_linux_v4/ros2_source/install/test_topic:/home/fzc/allegro_hand_linux_v4/ros2_source/install/allegro_mediapipe_follow:/opt/ros/humble CONDA_PROMPT_MODIFIER=(hand) /usr/bin/cmake --install /home/fzc/allegro_hand_linux_v4/ros2_source/build/bhand
[0.847s] Level 1:colcon.colcon_core.shell:create_environment_hook('bhand', 'ld_library_path_lib')
[0.848s] INFO:colcon.colcon_core.shell:Creating environment hook '/home/fzc/allegro_hand_linux_v4/ros2_source/install/bhand/share/bhand/hook/ld_library_path_lib.ps1'
[0.850s] INFO:colcon.colcon_core.shell:Creating environment descriptor '/home/fzc/allegro_hand_linux_v4/ros2_source/install/bhand/share/bhand/hook/ld_library_path_lib.dsv'
[0.852s] INFO:colcon.colcon_core.shell:Creating environment hook '/home/fzc/allegro_hand_linux_v4/ros2_source/install/bhand/share/bhand/hook/ld_library_path_lib.sh'
[0.853s] Level 1:colcon.colcon_core.environment:checking '/home/fzc/allegro_hand_linux_v4/ros2_source/install/bhand/bin'
[0.853s] Level 1:colcon.colcon_core.environment:checking '/home/fzc/allegro_hand_linux_v4/ros2_source/install/bhand/lib/pkgconfig/bhand.pc'
[0.853s] Level 1:colcon.colcon_core.environment:checking '/home/fzc/allegro_hand_linux_v4/ros2_source/install/bhand/lib/python3.10/site-packages'
[0.854s] Level 1:colcon.colcon_core.environment:checking '/home/fzc/allegro_hand_linux_v4/ros2_source/install/bhand/bin'
[0.854s] INFO:colcon.colcon_core.shell:Creating package script '/home/fzc/allegro_hand_linux_v4/ros2_source/install/bhand/share/bhand/package.ps1'
[0.856s] INFO:colcon.colcon_core.shell:Creating package descriptor '/home/fzc/allegro_hand_linux_v4/ros2_source/install/bhand/share/bhand/package.dsv'
[0.857s] INFO:colcon.colcon_core.shell:Creating package script '/home/fzc/allegro_hand_linux_v4/ros2_source/install/bhand/share/bhand/package.sh'
[0.858s] INFO:colcon.colcon_core.shell:Creating package script '/home/fzc/allegro_hand_linux_v4/ros2_source/install/bhand/share/bhand/package.bash'
[0.860s] INFO:colcon.colcon_core.shell:Creating package script '/home/fzc/allegro_hand_linux_v4/ros2_source/install/bhand/share/bhand/package.zsh'
[0.861s] Level 1:colcon.colcon_core.environment:create_file_with_runtime_dependencies(/home/fzc/allegro_hand_linux_v4/ros2_source/install/bhand/share/colcon-core/packages/bhand)
[0.863s] Level 1:colcon.colcon_core.environment:create_environment_scripts_only(bhand)
[0.863s] Level 1:colcon.colcon_core.environment:checking '/home/fzc/allegro_hand_linux_v4/ros2_source/install/bhand' for CMake module files
[0.864s] Level 1:colcon.colcon_core.environment:checking '/home/fzc/allegro_hand_linux_v4/ros2_source/install/bhand' for CMake config files
[0.865s] Level 1:colcon.colcon_core.shell:create_environment_hook('bhand', 'cmake_prefix_path')
[0.865s] INFO:colcon.colcon_core.shell:Creating environment hook '/home/fzc/allegro_hand_linux_v4/ros2_source/install/bhand/share/bhand/hook/cmake_prefix_path.ps1'
[0.866s] INFO:colcon.colcon_core.shell:Creating environment descriptor '/home/fzc/allegro_hand_linux_v4/ros2_source/install/bhand/share/bhand/hook/cmake_prefix_path.dsv'
[0.867s] INFO:colcon.colcon_core.shell:Creating environment hook '/home/fzc/allegro_hand_linux_v4/ros2_source/install/bhand/share/bhand/hook/cmake_prefix_path.sh'
[0.868s] Level 1:colcon.colcon_core.environment:checking '/home/fzc/allegro_hand_linux_v4/ros2_source/install/bhand/lib'
[0.869s] Level 1:colcon.colcon_core.shell:create_environment_hook('bhand', 'ld_library_path_lib')
[0.869s] INFO:colcon.colcon_core.shell:Creating environment hook '/home/fzc/allegro_hand_linux_v4/ros2_source/install/bhand/share/bhand/hook/ld_library_path_lib.ps1'
[0.870s] INFO:colcon.colcon_core.shell:Creating environment descriptor '/home/fzc/allegro_hand_linux_v4/ros2_source/install/bhand/share/bhand/hook/ld_library_path_lib.dsv'
[0.871s] INFO:colcon.colcon_core.shell:Creating environment hook '/home/fzc/allegro_hand_linux_v4/ros2_source/install/bhand/share/bhand/hook/ld_library_path_lib.sh'
[0.872s] Level 1:colcon.colcon_core.environment:checking '/home/fzc/allegro_hand_linux_v4/ros2_source/install/bhand/bin'
[0.873s] Level 1:colcon.colcon_core.environment:checking '/home/fzc/allegro_hand_linux_v4/ros2_source/install/bhand/lib/pkgconfig/bhand.pc'
[0.873s] Level 1:colcon.colcon_core.environment:checking '/home/fzc/allegro_hand_linux_v4/ros2_source/install/bhand/lib/python3.10/site-packages'
[0.874s] Level 1:colcon.colcon_core.environment:checking '/home/fzc/allegro_hand_linux_v4/ros2_source/install/bhand/bin'
[0.875s] INFO:colcon.colcon_core.shell:Creating package script '/home/fzc/allegro_hand_linux_v4/ros2_source/install/bhand/share/bhand/package.ps1'
[0.877s] INFO:colcon.colcon_core.shell:Creating package descriptor '/home/fzc/allegro_hand_linux_v4/ros2_source/install/bhand/share/bhand/package.dsv'
[0.879s] INFO:colcon.colcon_core.shell:Creating package script '/home/fzc/allegro_hand_linux_v4/ros2_source/install/bhand/share/bhand/package.sh'
[0.880s] INFO:colcon.colcon_core.shell:Creating package script '/home/fzc/allegro_hand_linux_v4/ros2_source/install/bhand/share/bhand/package.bash'
[0.881s] INFO:colcon.colcon_core.shell:Creating package script '/home/fzc/allegro_hand_linux_v4/ros2_source/install/bhand/share/bhand/package.zsh'
[0.881s] Level 1:colcon.colcon_core.environment:create_file_with_runtime_dependencies(/home/fzc/allegro_hand_linux_v4/ros2_source/install/bhand/share/colcon-core/packages/bhand)
[0.882s] Level 1:colcon.colcon_core.environment:create_environment_scripts_only(allegro_hand_driver)
[0.883s] Level 1:colcon.colcon_core.environment:checking '/home/fzc/allegro_hand_linux_v4/ros2_source/install/allegro_hand_driver' for CMake module files
[0.884s] DEBUG:colcon.colcon_core.event_handler.log_command:Invoked command in '/home/fzc/allegro_hand_linux_v4/ros2_source/build/allegro_hand_driver' returned '0': CMAKE_PREFIX_PATH=${CMAKE_PREFIX_PATH}:/home/fzc/allegro_hand_linux_v4/ros2_source/install/mediapipe_test:/home/fzc/allegro_hand_linux_v4/ros2_source/install/test_topic:/home/fzc/allegro_hand_linux_v4/ros2_source/install/allegro_mediapipe_follow:/opt/ros/humble CONDA_PROMPT_MODIFIER=(hand) /usr/bin/cmake --install /home/fzc/allegro_hand_linux_v4/ros2_source/build/allegro_hand_driver
[0.884s] Level 1:colcon.colcon_core.environment:checking '/home/fzc/allegro_hand_linux_v4/ros2_source/install/allegro_hand_driver' for CMake config files
[0.884s] Level 1:colcon.colcon_core.shell:create_environment_hook('allegro_hand_driver', 'cmake_prefix_path')
[0.885s] INFO:colcon.colcon_core.shell:Creating environment hook '/home/fzc/allegro_hand_linux_v4/ros2_source/install/allegro_hand_driver/share/allegro_hand_driver/hook/cmake_prefix_path.ps1'
[0.886s] INFO:colcon.colcon_core.shell:Creating environment descriptor '/home/fzc/allegro_hand_linux_v4/ros2_source/install/allegro_hand_driver/share/allegro_hand_driver/hook/cmake_prefix_path.dsv'
[0.886s] INFO:colcon.colcon_core.shell:Creating environment hook '/home/fzc/allegro_hand_linux_v4/ros2_source/install/allegro_hand_driver/share/allegro_hand_driver/hook/cmake_prefix_path.sh'
[0.888s] Level 1:colcon.colcon_core.environment:checking '/home/fzc/allegro_hand_linux_v4/ros2_source/install/allegro_hand_driver/lib'
[0.888s] Level 1:colcon.colcon_core.environment:checking '/home/fzc/allegro_hand_linux_v4/ros2_source/install/allegro_hand_driver/bin'
[0.888s] Level 1:colcon.colcon_core.environment:checking '/home/fzc/allegro_hand_linux_v4/ros2_source/install/allegro_hand_driver/lib/pkgconfig/allegro_hand_driver.pc'
[0.888s] Level 1:colcon.colcon_core.environment:checking '/home/fzc/allegro_hand_linux_v4/ros2_source/install/allegro_hand_driver/lib/python3.10/site-packages'
[0.889s] Level 1:colcon.colcon_core.environment:checking '/home/fzc/allegro_hand_linux_v4/ros2_source/install/allegro_hand_driver/bin'
[0.890s] INFO:colcon.colcon_core.shell:Creating package script '/home/fzc/allegro_hand_linux_v4/ros2_source/install/allegro_hand_driver/share/allegro_hand_driver/package.ps1'
[0.890s] INFO:colcon.colcon_core.shell:Creating package descriptor '/home/fzc/allegro_hand_linux_v4/ros2_source/install/allegro_hand_driver/share/allegro_hand_driver/package.dsv'
[0.891s] INFO:colcon.colcon_core.shell:Creating package script '/home/fzc/allegro_hand_linux_v4/ros2_source/install/allegro_hand_driver/share/allegro_hand_driver/package.sh'
[0.892s] INFO:colcon.colcon_core.shell:Creating package script '/home/fzc/allegro_hand_linux_v4/ros2_source/install/allegro_hand_driver/share/allegro_hand_driver/package.bash'
[0.892s] INFO:colcon.colcon_core.shell:Creating package script '/home/fzc/allegro_hand_linux_v4/ros2_source/install/allegro_hand_driver/share/allegro_hand_driver/package.zsh'
[0.893s] Level 1:colcon.colcon_core.environment:create_file_with_runtime_dependencies(/home/fzc/allegro_hand_linux_v4/ros2_source/install/allegro_hand_driver/share/colcon-core/packages/allegro_hand_driver)
[0.895s] Level 1:colcon.colcon_core.environment:create_environment_scripts_only(allegro_hand_driver)
[0.896s] Level 1:colcon.colcon_core.environment:checking '/home/fzc/allegro_hand_linux_v4/ros2_source/install/allegro_hand_driver' for CMake module files
[0.897s] Level 1:colcon.colcon_core.environment:checking '/home/fzc/allegro_hand_linux_v4/ros2_source/install/allegro_hand_driver' for CMake config files
[0.898s] Level 1:colcon.colcon_core.shell:create_environment_hook('allegro_hand_driver', 'cmake_prefix_path')
[0.899s] INFO:colcon.colcon_core.shell:Creating environment hook '/home/fzc/allegro_hand_linux_v4/ros2_source/install/allegro_hand_driver/share/allegro_hand_driver/hook/cmake_prefix_path.ps1'
[0.900s] INFO:colcon.colcon_core.shell:Creating environment descriptor '/home/fzc/allegro_hand_linux_v4/ros2_source/install/allegro_hand_driver/share/allegro_hand_driver/hook/cmake_prefix_path.dsv'
[0.901s] INFO:colcon.colcon_core.shell:Creating environment hook '/home/fzc/allegro_hand_linux_v4/ros2_source/install/allegro_hand_driver/share/allegro_hand_driver/hook/cmake_prefix_path.sh'
[0.902s] Level 1:colcon.colcon_core.environment:checking '/home/fzc/allegro_hand_linux_v4/ros2_source/install/allegro_hand_driver/lib'
[0.902s] Level 1:colcon.colcon_core.environment:checking '/home/fzc/allegro_hand_linux_v4/ros2_source/install/allegro_hand_driver/bin'
[0.903s] Level 1:colcon.colcon_core.environment:checking '/home/fzc/allegro_hand_linux_v4/ros2_source/install/allegro_hand_driver/lib/pkgconfig/allegro_hand_driver.pc'
[0.904s] Level 1:colcon.colcon_core.environment:checking '/home/fzc/allegro_hand_linux_v4/ros2_source/install/allegro_hand_driver/lib/python3.10/site-packages'
[0.904s] Level 1:colcon.colcon_core.environment:checking '/home/fzc/allegro_hand_linux_v4/ros2_source/install/allegro_hand_driver/bin'
[0.905s] INFO:colcon.colcon_core.shell:Creating package script '/home/fzc/allegro_hand_linux_v4/ros2_source/install/allegro_hand_driver/share/allegro_hand_driver/package.ps1'
[0.906s] INFO:colcon.colcon_core.shell:Creating package descriptor '/home/fzc/allegro_hand_linux_v4/ros2_source/install/allegro_hand_driver/share/allegro_hand_driver/package.dsv'
[0.907s] INFO:colcon.colcon_core.shell:Creating package script '/home/fzc/allegro_hand_linux_v4/ros2_source/install/allegro_hand_driver/share/allegro_hand_driver/package.sh'
[0.909s] INFO:colcon.colcon_core.shell:Creating package script '/home/fzc/allegro_hand_linux_v4/ros2_source/install/allegro_hand_driver/share/allegro_hand_driver/package.bash'
[0.910s] INFO:colcon.colcon_core.shell:Creating package script '/home/fzc/allegro_hand_linux_v4/ros2_source/install/allegro_hand_driver/share/allegro_hand_driver/package.zsh'
[0.912s] Level 1:colcon.colcon_core.environment:create_file_with_runtime_dependencies(/home/fzc/allegro_hand_linux_v4/ros2_source/install/allegro_hand_driver/share/colcon-core/packages/allegro_hand_driver)
[0.913s] INFO:colcon.colcon_ros.task.ament_cmake.build:Building ROS package in '/home/fzc/allegro_hand_linux_v4/ros2_source/src/allegro_hand_controllers' with build type 'ament_cmake'
[0.913s] INFO:colcon.colcon_cmake.task.cmake.build:Building CMake package in '/home/fzc/allegro_hand_linux_v4/ros2_source/src/allegro_hand_controllers'
[0.914s] INFO:colcon.colcon_core.shell:Skip shell extension 'powershell' for command environment: Not usable outside of PowerShell
[0.914s] DEBUG:colcon.colcon_core.shell:Skip shell extension 'dsv' for command environment
[0.924s] INFO:colcon.colcon_ros.task.ament_cmake.build:Building ROS package in '/home/fzc/allegro_hand_linux_v4/ros2_source/src/allegro_hand_keyboards' with build type 'ament_cmake'
[0.924s] INFO:colcon.colcon_cmake.task.cmake.build:Building CMake package in '/home/fzc/allegro_hand_linux_v4/ros2_source/src/allegro_hand_keyboards'
[0.924s] INFO:colcon.colcon_core.shell:Skip shell extension 'powershell' for command environment: Not usable outside of PowerShell
[0.925s] DEBUG:colcon.colcon_core.shell:Skip shell extension 'dsv' for command environment
[0.930s] Level 1:colcon.colcon_core.environment:create_environment_scripts_only(allegro_hand_description)
[0.933s] Level 1:colcon.colcon_core.environment:checking '/home/fzc/allegro_hand_linux_v4/ros2_source/install/allegro_hand_description' for CMake module files
[0.933s] Level 1:colcon.colcon_core.environment:checking '/home/fzc/allegro_hand_linux_v4/ros2_source/install/allegro_hand_description' for CMake config files
[0.934s] Level 1:colcon.colcon_core.shell:create_environment_hook('allegro_hand_description', 'cmake_prefix_path')
[0.935s] INFO:colcon.colcon_core.shell:Creating environment hook '/home/fzc/allegro_hand_linux_v4/ros2_source/install/allegro_hand_description/share/allegro_hand_description/hook/cmake_prefix_path.ps1'
[0.936s] INFO:colcon.colcon_core.shell:Creating environment descriptor '/home/fzc/allegro_hand_linux_v4/ros2_source/install/allegro_hand_description/share/allegro_hand_description/hook/cmake_prefix_path.dsv'
[0.937s] INFO:colcon.colcon_core.shell:Creating environment hook '/home/fzc/allegro_hand_linux_v4/ros2_source/install/allegro_hand_description/share/allegro_hand_description/hook/cmake_prefix_path.sh'
[0.935s] DEBUG:colcon.colcon_core.event_handler.log_command:Invoked command in '/home/fzc/allegro_hand_linux_v4/ros2_source/build/allegro_hand_description' returned '0': CMAKE_PREFIX_PATH=${CMAKE_PREFIX_PATH}:/home/fzc/allegro_hand_linux_v4/ros2_source/install/mediapipe_test:/home/fzc/allegro_hand_linux_v4/ros2_source/install/test_topic:/home/fzc/allegro_hand_linux_v4/ros2_source/install/allegro_mediapipe_follow:/opt/ros/humble CONDA_PROMPT_MODIFIER=(hand) /usr/bin/cmake --install /home/fzc/allegro_hand_linux_v4/ros2_source/build/allegro_hand_description
[0.938s] Level 1:colcon.colcon_core.environment:checking '/home/fzc/allegro_hand_linux_v4/ros2_source/install/allegro_hand_description/bin'
[0.939s] Level 1:colcon.colcon_core.environment:checking '/home/fzc/allegro_hand_linux_v4/ros2_source/install/allegro_hand_description/lib/pkgconfig/allegro_hand_description.pc'
[0.939s] Level 1:colcon.colcon_core.environment:checking '/home/fzc/allegro_hand_linux_v4/ros2_source/install/allegro_hand_description/lib/python3.10/site-packages'
[0.939s] Level 1:colcon.colcon_core.environment:checking '/home/fzc/allegro_hand_linux_v4/ros2_source/install/allegro_hand_description/bin'
[0.940s] INFO:colcon.colcon_core.shell:Creating package script '/home/fzc/allegro_hand_linux_v4/ros2_source/install/allegro_hand_description/share/allegro_hand_description/package.ps1'
[0.941s] INFO:colcon.colcon_core.shell:Creating package descriptor '/home/fzc/allegro_hand_linux_v4/ros2_source/install/allegro_hand_description/share/allegro_hand_description/package.dsv'
[0.943s] INFO:colcon.colcon_core.shell:Creating package script '/home/fzc/allegro_hand_linux_v4/ros2_source/install/allegro_hand_description/share/allegro_hand_description/package.sh'
[0.944s] INFO:colcon.colcon_core.shell:Creating package script '/home/fzc/allegro_hand_linux_v4/ros2_source/install/allegro_hand_description/share/allegro_hand_description/package.bash'
[0.945s] INFO:colcon.colcon_core.shell:Creating package script '/home/fzc/allegro_hand_linux_v4/ros2_source/install/allegro_hand_description/share/allegro_hand_description/package.zsh'
[0.946s] Level 1:colcon.colcon_core.environment:create_file_with_runtime_dependencies(/home/fzc/allegro_hand_linux_v4/ros2_source/install/allegro_hand_description/share/colcon-core/packages/allegro_hand_description)
[0.947s] Level 1:colcon.colcon_core.environment:create_environment_scripts_only(allegro_hand_description)
[0.948s] Level 1:colcon.colcon_core.environment:checking '/home/fzc/allegro_hand_linux_v4/ros2_source/install/allegro_hand_description' for CMake module files
[0.949s] Level 1:colcon.colcon_core.environment:checking '/home/fzc/allegro_hand_linux_v4/ros2_source/install/allegro_hand_description' for CMake config files
[0.949s] Level 1:colcon.colcon_core.shell:create_environment_hook('allegro_hand_description', 'cmake_prefix_path')
[0.949s] INFO:colcon.colcon_core.shell:Creating environment hook '/home/fzc/allegro_hand_linux_v4/ros2_source/install/allegro_hand_description/share/allegro_hand_description/hook/cmake_prefix_path.ps1'
[0.950s] INFO:colcon.colcon_core.shell:Creating environment descriptor '/home/fzc/allegro_hand_linux_v4/ros2_source/install/allegro_hand_description/share/allegro_hand_description/hook/cmake_prefix_path.dsv'
[0.951s] INFO:colcon.colcon_core.shell:Creating environment hook '/home/fzc/allegro_hand_linux_v4/ros2_source/install/allegro_hand_description/share/allegro_hand_description/hook/cmake_prefix_path.sh'
[0.953s] Level 1:colcon.colcon_core.environment:checking '/home/fzc/allegro_hand_linux_v4/ros2_source/install/allegro_hand_description/bin'
[0.953s] Level 1:colcon.colcon_core.environment:checking '/home/fzc/allegro_hand_linux_v4/ros2_source/install/allegro_hand_description/lib/pkgconfig/allegro_hand_description.pc'
[0.954s] Level 1:colcon.colcon_core.environment:checking '/home/fzc/allegro_hand_linux_v4/ros2_source/install/allegro_hand_description/lib/python3.10/site-packages'
[0.955s] Level 1:colcon.colcon_core.environment:checking '/home/fzc/allegro_hand_linux_v4/ros2_source/install/allegro_hand_description/bin'
[0.956s] INFO:colcon.colcon_core.shell:Creating package script '/home/fzc/allegro_hand_linux_v4/ros2_source/install/allegro_hand_description/share/allegro_hand_description/package.ps1'
[0.957s] INFO:colcon.colcon_core.shell:Creating package descriptor '/home/fzc/allegro_hand_linux_v4/ros2_source/install/allegro_hand_description/share/allegro_hand_description/package.dsv'
[0.958s] INFO:colcon.colcon_core.shell:Creating package script '/home/fzc/allegro_hand_linux_v4/ros2_source/install/allegro_hand_description/share/allegro_hand_description/package.sh'
[0.958s] INFO:colcon.colcon_core.shell:Creating package script '/home/fzc/allegro_hand_linux_v4/ros2_source/install/allegro_hand_description/share/allegro_hand_description/package.bash'
[0.959s] INFO:colcon.colcon_core.shell:Creating package script '/home/fzc/allegro_hand_linux_v4/ros2_source/install/allegro_hand_description/share/allegro_hand_description/package.zsh'
[0.960s] Level 1:colcon.colcon_core.environment:create_file_with_runtime_dependencies(/home/fzc/allegro_hand_linux_v4/ros2_source/install/allegro_hand_description/share/colcon-core/packages/allegro_hand_description)
[0.962s] Level 1:colcon.colcon_core.environment:create_environment_scripts_only(allegro_hand_parameters)
[0.963s] Level 1:colcon.colcon_core.environment:checking '/home/fzc/allegro_hand_linux_v4/ros2_source/install/allegro_hand_parameters' for CMake module files
[0.963s] DEBUG:colcon.colcon_core.event_handler.log_command:Invoked command in '/home/fzc/allegro_hand_linux_v4/ros2_source/build/allegro_hand_parameters' returned '0': CMAKE_PREFIX_PATH=${CMAKE_PREFIX_PATH}:/home/fzc/allegro_hand_linux_v4/ros2_source/install/mediapipe_test:/home/fzc/allegro_hand_linux_v4/ros2_source/install/test_topic:/home/fzc/allegro_hand_linux_v4/ros2_source/install/allegro_mediapipe_follow:/opt/ros/humble CONDA_PROMPT_MODIFIER=(hand) /usr/bin/cmake --install /home/fzc/allegro_hand_linux_v4/ros2_source/build/allegro_hand_parameters
[0.964s] Level 1:colcon.colcon_core.environment:checking '/home/fzc/allegro_hand_linux_v4/ros2_source/install/allegro_hand_parameters' for CMake config files
[0.964s] Level 1:colcon.colcon_core.shell:create_environment_hook('allegro_hand_parameters', 'cmake_prefix_path')
[0.964s] INFO:colcon.colcon_core.shell:Creating environment hook '/home/fzc/allegro_hand_linux_v4/ros2_source/install/allegro_hand_parameters/share/allegro_hand_parameters/hook/cmake_prefix_path.ps1'
[0.965s] INFO:colcon.colcon_core.shell:Creating environment descriptor '/home/fzc/allegro_hand_linux_v4/ros2_source/install/allegro_hand_parameters/share/allegro_hand_parameters/hook/cmake_prefix_path.dsv'
[0.966s] INFO:colcon.colcon_core.shell:Creating environment hook '/home/fzc/allegro_hand_linux_v4/ros2_source/install/allegro_hand_parameters/share/allegro_hand_parameters/hook/cmake_prefix_path.sh'
[0.967s] Level 1:colcon.colcon_core.environment:checking '/home/fzc/allegro_hand_linux_v4/ros2_source/install/allegro_hand_parameters/bin'
[0.967s] Level 1:colcon.colcon_core.environment:checking '/home/fzc/allegro_hand_linux_v4/ros2_source/install/allegro_hand_parameters/lib/pkgconfig/allegro_hand_parameters.pc'
[0.967s] Level 1:colcon.colcon_core.environment:checking '/home/fzc/allegro_hand_linux_v4/ros2_source/install/allegro_hand_parameters/lib/python3.10/site-packages'
[0.968s] Level 1:colcon.colcon_core.environment:checking '/home/fzc/allegro_hand_linux_v4/ros2_source/install/allegro_hand_parameters/bin'
[0.968s] INFO:colcon.colcon_core.shell:Creating package script '/home/fzc/allegro_hand_linux_v4/ros2_source/install/allegro_hand_parameters/share/allegro_hand_parameters/package.ps1'
[0.969s] INFO:colcon.colcon_core.shell:Creating package descriptor '/home/fzc/allegro_hand_linux_v4/ros2_source/install/allegro_hand_parameters/share/allegro_hand_parameters/package.dsv'
[0.970s] INFO:colcon.colcon_core.shell:Creating package script '/home/fzc/allegro_hand_linux_v4/ros2_source/install/allegro_hand_parameters/share/allegro_hand_parameters/package.sh'
[0.971s] INFO:colcon.colcon_core.shell:Creating package script '/home/fzc/allegro_hand_linux_v4/ros2_source/install/allegro_hand_parameters/share/allegro_hand_parameters/package.bash'
[0.972s] INFO:colcon.colcon_core.shell:Creating package script '/home/fzc/allegro_hand_linux_v4/ros2_source/install/allegro_hand_parameters/share/allegro_hand_parameters/package.zsh'
[0.973s] Level 1:colcon.colcon_core.environment:create_file_with_runtime_dependencies(/home/fzc/allegro_hand_linux_v4/ros2_source/install/allegro_hand_parameters/share/colcon-core/packages/allegro_hand_parameters)
[0.974s] Level 1:colcon.colcon_core.environment:create_environment_scripts_only(allegro_hand_parameters)
[0.975s] Level 1:colcon.colcon_core.environment:checking '/home/fzc/allegro_hand_linux_v4/ros2_source/install/allegro_hand_parameters' for CMake module files
[0.976s] Level 1:colcon.colcon_core.environment:checking '/home/fzc/allegro_hand_linux_v4/ros2_source/install/allegro_hand_parameters' for CMake config files
[0.976s] Level 1:colcon.colcon_core.shell:create_environment_hook('allegro_hand_parameters', 'cmake_prefix_path')
[0.977s] INFO:colcon.colcon_core.shell:Creating environment hook '/home/fzc/allegro_hand_linux_v4/ros2_source/install/allegro_hand_parameters/share/allegro_hand_parameters/hook/cmake_prefix_path.ps1'
[0.977s] INFO:colcon.colcon_core.shell:Creating environment descriptor '/home/fzc/allegro_hand_linux_v4/ros2_source/install/allegro_hand_parameters/share/allegro_hand_parameters/hook/cmake_prefix_path.dsv'
[0.978s] INFO:colcon.colcon_core.shell:Creating environment hook '/home/fzc/allegro_hand_linux_v4/ros2_source/install/allegro_hand_parameters/share/allegro_hand_parameters/hook/cmake_prefix_path.sh'
[0.979s] Level 1:colcon.colcon_core.environment:checking '/home/fzc/allegro_hand_linux_v4/ros2_source/install/allegro_hand_parameters/bin'
[0.979s] Level 1:colcon.colcon_core.environment:checking '/home/fzc/allegro_hand_linux_v4/ros2_source/install/allegro_hand_parameters/lib/pkgconfig/allegro_hand_parameters.pc'
[0.980s] Level 1:colcon.colcon_core.environment:checking '/home/fzc/allegro_hand_linux_v4/ros2_source/install/allegro_hand_parameters/lib/python3.10/site-packages'
[0.980s] Level 1:colcon.colcon_core.environment:checking '/home/fzc/allegro_hand_linux_v4/ros2_source/install/allegro_hand_parameters/bin'
[0.981s] INFO:colcon.colcon_core.shell:Creating package script '/home/fzc/allegro_hand_linux_v4/ros2_source/install/allegro_hand_parameters/share/allegro_hand_parameters/package.ps1'
[0.982s] INFO:colcon.colcon_core.shell:Creating package descriptor '/home/fzc/allegro_hand_linux_v4/ros2_source/install/allegro_hand_parameters/share/allegro_hand_parameters/package.dsv'
[0.983s] INFO:colcon.colcon_core.shell:Creating package script '/home/fzc/allegro_hand_linux_v4/ros2_source/install/allegro_hand_parameters/share/allegro_hand_parameters/package.sh'
[0.984s] INFO:colcon.colcon_core.shell:Creating package script '/home/fzc/allegro_hand_linux_v4/ros2_source/install/allegro_hand_parameters/share/allegro_hand_parameters/package.bash'
[0.985s] INFO:colcon.colcon_core.shell:Creating package script '/home/fzc/allegro_hand_linux_v4/ros2_source/install/allegro_hand_parameters/share/allegro_hand_parameters/package.zsh'
[0.986s] Level 1:colcon.colcon_core.environment:create_file_with_runtime_dependencies(/home/fzc/allegro_hand_linux_v4/ros2_source/install/allegro_hand_parameters/share/colcon-core/packages/allegro_hand_parameters)
[0.993s] DEBUG:colcon.colcon_core.event_handler.log_command:Invoking command in '/home/fzc/allegro_hand_linux_v4/ros2_source/build/allegro_hand_controllers': CMAKE_PREFIX_PATH=/home/fzc/allegro_hand_linux_v4/ros2_source/install/bhand:/home/fzc/allegro_hand_linux_v4/ros2_source/install/allegro_hand_driver:/home/fzc/allegro_hand_linux_v4/ros2_source/install/allegro_hand_controllers:/home/fzc/allegro_hand_linux_v4/ros2_source/install/allegro_hand_parameters:/home/fzc/allegro_hand_linux_v4/ros2_source/install/allegro_hand_keyboards:/home/fzc/allegro_hand_linux_v4/ros2_source/install/allegro_hand_description:/home/fzc/allegro_hand_linux_v4/ros2_source/install/mediapipe_test:/home/fzc/allegro_hand_linux_v4/ros2_source/install/test_topic:/home/fzc/allegro_hand_linux_v4/ros2_source/install/allegro_mediapipe_follow:/opt/ros/humble CONDA_PROMPT_MODIFIER=(hand) /usr/bin/cmake --build /home/fzc/allegro_hand_linux_v4/ros2_source/build/allegro_hand_controllers -- -j8 -l8
[0.998s] DEBUG:colcon.colcon_core.event_handler.log_command:Invoking command in '/home/fzc/allegro_hand_linux_v4/ros2_source/build/allegro_hand_keyboards': CMAKE_PREFIX_PATH=/home/fzc/allegro_hand_linux_v4/ros2_source/install/allegro_hand_driver:/home/fzc/allegro_hand_linux_v4/ros2_source/install/allegro_hand_controllers:/home/fzc/allegro_hand_linux_v4/ros2_source/install/bhand:/home/fzc/allegro_hand_linux_v4/ros2_source/install/allegro_hand_parameters:/home/fzc/allegro_hand_linux_v4/ros2_source/install/allegro_hand_keyboards:/home/fzc/allegro_hand_linux_v4/ros2_source/install/allegro_hand_description:/home/fzc/allegro_hand_linux_v4/ros2_source/install/mediapipe_test:/home/fzc/allegro_hand_linux_v4/ros2_source/install/test_topic:/home/fzc/allegro_hand_linux_v4/ros2_source/install/allegro_mediapipe_follow:/opt/ros/humble CONDA_PROMPT_MODIFIER=(hand) /usr/bin/cmake --build /home/fzc/allegro_hand_linux_v4/ros2_source/build/allegro_hand_keyboards -- -j8 -l8
[1.096s] DEBUG:colcon.colcon_core.event_handler.log_command:Invoked command in '/home/fzc/allegro_hand_linux_v4/ros2_source/build/allegro_hand_keyboards' returned '0': CMAKE_PREFIX_PATH=/home/fzc/allegro_hand_linux_v4/ros2_source/install/allegro_hand_driver:/home/fzc/allegro_hand_linux_v4/ros2_source/install/allegro_hand_controllers:/home/fzc/allegro_hand_linux_v4/ros2_source/install/bhand:/home/fzc/allegro_hand_linux_v4/ros2_source/install/allegro_hand_parameters:/home/fzc/allegro_hand_linux_v4/ros2_source/install/allegro_hand_keyboards:/home/fzc/allegro_hand_linux_v4/ros2_source/install/allegro_hand_description:/home/fzc/allegro_hand_linux_v4/ros2_source/install/mediapipe_test:/home/fzc/allegro_hand_linux_v4/ros2_source/install/test_topic:/home/fzc/allegro_hand_linux_v4/ros2_source/install/allegro_mediapipe_follow:/opt/ros/humble CONDA_PROMPT_MODIFIER=(hand) /usr/bin/cmake --build /home/fzc/allegro_hand_linux_v4/ros2_source/build/allegro_hand_keyboards -- -j8 -l8
[1.099s] DEBUG:colcon.colcon_core.event_handler.log_command:Invoking command in '/home/fzc/allegro_hand_linux_v4/ros2_source/build/allegro_hand_keyboards': CMAKE_PREFIX_PATH=/home/fzc/allegro_hand_linux_v4/ros2_source/install/allegro_hand_driver:/home/fzc/allegro_hand_linux_v4/ros2_source/install/allegro_hand_controllers:/home/fzc/allegro_hand_linux_v4/ros2_source/install/bhand:/home/fzc/allegro_hand_linux_v4/ros2_source/install/allegro_hand_parameters:/home/fzc/allegro_hand_linux_v4/ros2_source/install/allegro_hand_keyboards:/home/fzc/allegro_hand_linux_v4/ros2_source/install/allegro_hand_description:/home/fzc/allegro_hand_linux_v4/ros2_source/install/mediapipe_test:/home/fzc/allegro_hand_linux_v4/ros2_source/install/test_topic:/home/fzc/allegro_hand_linux_v4/ros2_source/install/allegro_mediapipe_follow:/opt/ros/humble CONDA_PROMPT_MODIFIER=(hand) /usr/bin/cmake --install /home/fzc/allegro_hand_linux_v4/ros2_source/build/allegro_hand_keyboards
[1.120s] Level 1:colcon.colcon_core.environment:create_environment_scripts_only(allegro_hand_keyboards)
[1.120s] Level 1:colcon.colcon_core.environment:checking '/home/fzc/allegro_hand_linux_v4/ros2_source/install/allegro_hand_keyboards' for CMake module files
[1.122s] Level 1:colcon.colcon_core.environment:checking '/home/fzc/allegro_hand_linux_v4/ros2_source/install/allegro_hand_keyboards' for CMake config files
[1.123s] Level 1:colcon.colcon_core.shell:create_environment_hook('allegro_hand_keyboards', 'cmake_prefix_path')
[1.123s] INFO:colcon.colcon_core.shell:Creating environment hook '/home/fzc/allegro_hand_linux_v4/ros2_source/install/allegro_hand_keyboards/share/allegro_hand_keyboards/hook/cmake_prefix_path.ps1'
[1.124s] INFO:colcon.colcon_core.shell:Creating environment descriptor '/home/fzc/allegro_hand_linux_v4/ros2_source/install/allegro_hand_keyboards/share/allegro_hand_keyboards/hook/cmake_prefix_path.dsv'
[1.126s] DEBUG:colcon.colcon_core.event_handler.log_command:Invoked command in '/home/fzc/allegro_hand_linux_v4/ros2_source/build/allegro_hand_keyboards' returned '0': CMAKE_PREFIX_PATH=/home/fzc/allegro_hand_linux_v4/ros2_source/install/allegro_hand_driver:/home/fzc/allegro_hand_linux_v4/ros2_source/install/allegro_hand_controllers:/home/fzc/allegro_hand_linux_v4/ros2_source/install/bhand:/home/fzc/allegro_hand_linux_v4/ros2_source/install/allegro_hand_parameters:/home/fzc/allegro_hand_linux_v4/ros2_source/install/allegro_hand_keyboards:/home/fzc/allegro_hand_linux_v4/ros2_source/install/allegro_hand_description:/home/fzc/allegro_hand_linux_v4/ros2_source/install/mediapipe_test:/home/fzc/allegro_hand_linux_v4/ros2_source/install/test_topic:/home/fzc/allegro_hand_linux_v4/ros2_source/install/allegro_mediapipe_follow:/opt/ros/humble CONDA_PROMPT_MODIFIER=(hand) /usr/bin/cmake --install /home/fzc/allegro_hand_linux_v4/ros2_source/build/allegro_hand_keyboards
[1.126s] INFO:colcon.colcon_core.shell:Creating environment hook '/home/fzc/allegro_hand_linux_v4/ros2_source/install/allegro_hand_keyboards/share/allegro_hand_keyboards/hook/cmake_prefix_path.sh'
[1.128s] Level 1:colcon.colcon_core.environment:checking '/home/fzc/allegro_hand_linux_v4/ros2_source/install/allegro_hand_keyboards/lib'
[1.128s] Level 1:colcon.colcon_core.environment:checking '/home/fzc/allegro_hand_linux_v4/ros2_source/install/allegro_hand_keyboards/bin'
[1.128s] Level 1:colcon.colcon_core.environment:checking '/home/fzc/allegro_hand_linux_v4/ros2_source/install/allegro_hand_keyboards/lib/pkgconfig/allegro_hand_keyboards.pc'
[1.128s] Level 1:colcon.colcon_core.environment:checking '/home/fzc/allegro_hand_linux_v4/ros2_source/install/allegro_hand_keyboards/lib/python3.10/site-packages'
[1.130s] Level 1:colcon.colcon_core.environment:checking '/home/fzc/allegro_hand_linux_v4/ros2_source/install/allegro_hand_keyboards/bin'
[1.131s] INFO:colcon.colcon_core.shell:Creating package script '/home/fzc/allegro_hand_linux_v4/ros2_source/install/allegro_hand_keyboards/share/allegro_hand_keyboards/package.ps1'
[1.132s] INFO:colcon.colcon_core.shell:Creating package descriptor '/home/fzc/allegro_hand_linux_v4/ros2_source/install/allegro_hand_keyboards/share/allegro_hand_keyboards/package.dsv'
[1.133s] INFO:colcon.colcon_core.shell:Creating package script '/home/fzc/allegro_hand_linux_v4/ros2_source/install/allegro_hand_keyboards/share/allegro_hand_keyboards/package.sh'
[1.134s] INFO:colcon.colcon_core.shell:Creating package script '/home/fzc/allegro_hand_linux_v4/ros2_source/install/allegro_hand_keyboards/share/allegro_hand_keyboards/package.bash'
[1.134s] INFO:colcon.colcon_core.shell:Creating package script '/home/fzc/allegro_hand_linux_v4/ros2_source/install/allegro_hand_keyboards/share/allegro_hand_keyboards/package.zsh'
[1.135s] Level 1:colcon.colcon_core.environment:create_file_with_runtime_dependencies(/home/fzc/allegro_hand_linux_v4/ros2_source/install/allegro_hand_keyboards/share/colcon-core/packages/allegro_hand_keyboards)
[1.136s] Level 1:colcon.colcon_core.environment:create_environment_scripts_only(allegro_hand_keyboards)
[1.136s] Level 1:colcon.colcon_core.environment:checking '/home/fzc/allegro_hand_linux_v4/ros2_source/install/allegro_hand_keyboards' for CMake module files
[1.137s] Level 1:colcon.colcon_core.environment:checking '/home/fzc/allegro_hand_linux_v4/ros2_source/install/allegro_hand_keyboards' for CMake config files
[1.137s] Level 1:colcon.colcon_core.shell:create_environment_hook('allegro_hand_keyboards', 'cmake_prefix_path')
[1.138s] INFO:colcon.colcon_core.shell:Creating environment hook '/home/fzc/allegro_hand_linux_v4/ros2_source/install/allegro_hand_keyboards/share/allegro_hand_keyboards/hook/cmake_prefix_path.ps1'
[1.139s] INFO:colcon.colcon_core.shell:Creating environment descriptor '/home/fzc/allegro_hand_linux_v4/ros2_source/install/allegro_hand_keyboards/share/allegro_hand_keyboards/hook/cmake_prefix_path.dsv'
[1.139s] INFO:colcon.colcon_core.shell:Creating environment hook '/home/fzc/allegro_hand_linux_v4/ros2_source/install/allegro_hand_keyboards/share/allegro_hand_keyboards/hook/cmake_prefix_path.sh'
[1.141s] Level 1:colcon.colcon_core.environment:checking '/home/fzc/allegro_hand_linux_v4/ros2_source/install/allegro_hand_keyboards/lib'
[1.142s] Level 1:colcon.colcon_core.environment:checking '/home/fzc/allegro_hand_linux_v4/ros2_source/install/allegro_hand_keyboards/bin'
[1.142s] Level 1:colcon.colcon_core.environment:checking '/home/fzc/allegro_hand_linux_v4/ros2_source/install/allegro_hand_keyboards/lib/pkgconfig/allegro_hand_keyboards.pc'
[1.142s] Level 1:colcon.colcon_core.environment:checking '/home/fzc/allegro_hand_linux_v4/ros2_source/install/allegro_hand_keyboards/lib/python3.10/site-packages'
[1.143s] Level 1:colcon.colcon_core.environment:checking '/home/fzc/allegro_hand_linux_v4/ros2_source/install/allegro_hand_keyboards/bin'
[1.143s] INFO:colcon.colcon_core.shell:Creating package script '/home/fzc/allegro_hand_linux_v4/ros2_source/install/allegro_hand_keyboards/share/allegro_hand_keyboards/package.ps1'
[1.145s] INFO:colcon.colcon_core.shell:Creating package descriptor '/home/fzc/allegro_hand_linux_v4/ros2_source/install/allegro_hand_keyboards/share/allegro_hand_keyboards/package.dsv'
[1.146s] INFO:colcon.colcon_core.shell:Creating package script '/home/fzc/allegro_hand_linux_v4/ros2_source/install/allegro_hand_keyboards/share/allegro_hand_keyboards/package.sh'
[1.147s] INFO:colcon.colcon_core.shell:Creating package script '/home/fzc/allegro_hand_linux_v4/ros2_source/install/allegro_hand_keyboards/share/allegro_hand_keyboards/package.bash'
[1.147s] INFO:colcon.colcon_core.shell:Creating package script '/home/fzc/allegro_hand_linux_v4/ros2_source/install/allegro_hand_keyboards/share/allegro_hand_keyboards/package.zsh'
[1.148s] Level 1:colcon.colcon_core.environment:create_file_with_runtime_dependencies(/home/fzc/allegro_hand_linux_v4/ros2_source/install/allegro_hand_keyboards/share/colcon-core/packages/allegro_hand_keyboards)
[1.165s] DEBUG:colcon.colcon_core.event_handler.log_command:Invoked command in '/home/fzc/allegro_hand_linux_v4/ros2_source/build/allegro_hand_controllers' returned '0': CMAKE_PREFIX_PATH=/home/fzc/allegro_hand_linux_v4/ros2_source/install/bhand:/home/fzc/allegro_hand_linux_v4/ros2_source/install/allegro_hand_driver:/home/fzc/allegro_hand_linux_v4/ros2_source/install/allegro_hand_controllers:/home/fzc/allegro_hand_linux_v4/ros2_source/install/allegro_hand_parameters:/home/fzc/allegro_hand_linux_v4/ros2_source/install/allegro_hand_keyboards:/home/fzc/allegro_hand_linux_v4/ros2_source/install/allegro_hand_description:/home/fzc/allegro_hand_linux_v4/ros2_source/install/mediapipe_test:/home/fzc/allegro_hand_linux_v4/ros2_source/install/test_topic:/home/fzc/allegro_hand_linux_v4/ros2_source/install/allegro_mediapipe_follow:/opt/ros/humble CONDA_PROMPT_MODIFIER=(hand) /usr/bin/cmake --build /home/fzc/allegro_hand_linux_v4/ros2_source/build/allegro_hand_controllers -- -j8 -l8
[1.166s] DEBUG:colcon.colcon_core.event_handler.log_command:Invoking command in '/home/fzc/allegro_hand_linux_v4/ros2_source/build/allegro_hand_controllers': CMAKE_PREFIX_PATH=/home/fzc/allegro_hand_linux_v4/ros2_source/install/bhand:/home/fzc/allegro_hand_linux_v4/ros2_source/install/allegro_hand_driver:/home/fzc/allegro_hand_linux_v4/ros2_source/install/allegro_hand_controllers:/home/fzc/allegro_hand_linux_v4/ros2_source/install/allegro_hand_parameters:/home/fzc/allegro_hand_linux_v4/ros2_source/install/allegro_hand_keyboards:/home/fzc/allegro_hand_linux_v4/ros2_source/install/allegro_hand_description:/home/fzc/allegro_hand_linux_v4/ros2_source/install/mediapipe_test:/home/fzc/allegro_hand_linux_v4/ros2_source/install/test_topic:/home/fzc/allegro_hand_linux_v4/ros2_source/install/allegro_mediapipe_follow:/opt/ros/humble CONDA_PROMPT_MODIFIER=(hand) /usr/bin/cmake --install /home/fzc/allegro_hand_linux_v4/ros2_source/build/allegro_hand_controllers
[1.183s] Level 1:colcon.colcon_core.environment:create_environment_scripts_only(allegro_hand_controllers)
[1.183s] Level 1:colcon.colcon_core.environment:checking '/home/fzc/allegro_hand_linux_v4/ros2_source/install/allegro_hand_controllers' for CMake module files
[1.184s] DEBUG:colcon.colcon_core.event_handler.log_command:Invoked command in '/home/fzc/allegro_hand_linux_v4/ros2_source/build/allegro_hand_controllers' returned '0': CMAKE_PREFIX_PATH=/home/fzc/allegro_hand_linux_v4/ros2_source/install/bhand:/home/fzc/allegro_hand_linux_v4/ros2_source/install/allegro_hand_driver:/home/fzc/allegro_hand_linux_v4/ros2_source/install/allegro_hand_controllers:/home/fzc/allegro_hand_linux_v4/ros2_source/install/allegro_hand_parameters:/home/fzc/allegro_hand_linux_v4/ros2_source/install/allegro_hand_keyboards:/home/fzc/allegro_hand_linux_v4/ros2_source/install/allegro_hand_description:/home/fzc/allegro_hand_linux_v4/ros2_source/install/mediapipe_test:/home/fzc/allegro_hand_linux_v4/ros2_source/install/test_topic:/home/fzc/allegro_hand_linux_v4/ros2_source/install/allegro_mediapipe_follow:/opt/ros/humble CONDA_PROMPT_MODIFIER=(hand) /usr/bin/cmake --install /home/fzc/allegro_hand_linux_v4/ros2_source/build/allegro_hand_controllers
[1.185s] Level 1:colcon.colcon_core.environment:checking '/home/fzc/allegro_hand_linux_v4/ros2_source/install/allegro_hand_controllers' for CMake config files
[1.185s] Level 1:colcon.colcon_core.shell:create_environment_hook('allegro_hand_controllers', 'cmake_prefix_path')
[1.186s] INFO:colcon.colcon_core.shell:Creating environment hook '/home/fzc/allegro_hand_linux_v4/ros2_source/install/allegro_hand_controllers/share/allegro_hand_controllers/hook/cmake_prefix_path.ps1'
[1.187s] INFO:colcon.colcon_core.shell:Creating environment descriptor '/home/fzc/allegro_hand_linux_v4/ros2_source/install/allegro_hand_controllers/share/allegro_hand_controllers/hook/cmake_prefix_path.dsv'
[1.187s] INFO:colcon.colcon_core.shell:Creating environment hook '/home/fzc/allegro_hand_linux_v4/ros2_source/install/allegro_hand_controllers/share/allegro_hand_controllers/hook/cmake_prefix_path.sh'
[1.188s] Level 1:colcon.colcon_core.environment:checking '/home/fzc/allegro_hand_linux_v4/ros2_source/install/allegro_hand_controllers/lib'
[1.188s] Level 1:colcon.colcon_core.environment:checking '/home/fzc/allegro_hand_linux_v4/ros2_source/install/allegro_hand_controllers/bin'
[1.188s] Level 1:colcon.colcon_core.environment:checking '/home/fzc/allegro_hand_linux_v4/ros2_source/install/allegro_hand_controllers/lib/pkgconfig/allegro_hand_controllers.pc'
[1.189s] Level 1:colcon.colcon_core.environment:checking '/home/fzc/allegro_hand_linux_v4/ros2_source/install/allegro_hand_controllers/lib/python3.10/site-packages'
[1.189s] Level 1:colcon.colcon_core.environment:checking '/home/fzc/allegro_hand_linux_v4/ros2_source/install/allegro_hand_controllers/bin'
[1.190s] INFO:colcon.colcon_core.shell:Creating package script '/home/fzc/allegro_hand_linux_v4/ros2_source/install/allegro_hand_controllers/share/allegro_hand_controllers/package.ps1'
[1.191s] INFO:colcon.colcon_core.shell:Creating package descriptor '/home/fzc/allegro_hand_linux_v4/ros2_source/install/allegro_hand_controllers/share/allegro_hand_controllers/package.dsv'
[1.192s] INFO:colcon.colcon_core.shell:Creating package script '/home/fzc/allegro_hand_linux_v4/ros2_source/install/allegro_hand_controllers/share/allegro_hand_controllers/package.sh'
[1.193s] INFO:colcon.colcon_core.shell:Creating package script '/home/fzc/allegro_hand_linux_v4/ros2_source/install/allegro_hand_controllers/share/allegro_hand_controllers/package.bash'
[1.193s] INFO:colcon.colcon_core.shell:Creating package script '/home/fzc/allegro_hand_linux_v4/ros2_source/install/allegro_hand_controllers/share/allegro_hand_controllers/package.zsh'
[1.194s] Level 1:colcon.colcon_core.environment:create_file_with_runtime_dependencies(/home/fzc/allegro_hand_linux_v4/ros2_source/install/allegro_hand_controllers/share/colcon-core/packages/allegro_hand_controllers)
[1.195s] Level 1:colcon.colcon_core.environment:create_environment_scripts_only(allegro_hand_controllers)
[1.196s] Level 1:colcon.colcon_core.environment:checking '/home/fzc/allegro_hand_linux_v4/ros2_source/install/allegro_hand_controllers' for CMake module files
[1.198s] Level 1:colcon.colcon_core.environment:checking '/home/fzc/allegro_hand_linux_v4/ros2_source/install/allegro_hand_controllers' for CMake config files
[1.198s] Level 1:colcon.colcon_core.shell:create_environment_hook('allegro_hand_controllers', 'cmake_prefix_path')
[1.199s] INFO:colcon.colcon_core.shell:Creating environment hook '/home/fzc/allegro_hand_linux_v4/ros2_source/install/allegro_hand_controllers/share/allegro_hand_controllers/hook/cmake_prefix_path.ps1'
[1.200s] INFO:colcon.colcon_core.shell:Creating environment descriptor '/home/fzc/allegro_hand_linux_v4/ros2_source/install/allegro_hand_controllers/share/allegro_hand_controllers/hook/cmake_prefix_path.dsv'
[1.201s] INFO:colcon.colcon_core.shell:Creating environment hook '/home/fzc/allegro_hand_linux_v4/ros2_source/install/allegro_hand_controllers/share/allegro_hand_controllers/hook/cmake_prefix_path.sh'
[1.202s] Level 1:colcon.colcon_core.environment:checking '/home/fzc/allegro_hand_linux_v4/ros2_source/install/allegro_hand_controllers/lib'
[1.202s] Level 1:colcon.colcon_core.environment:checking '/home/fzc/allegro_hand_linux_v4/ros2_source/install/allegro_hand_controllers/bin'
[1.202s] Level 1:colcon.colcon_core.environment:checking '/home/fzc/allegro_hand_linux_v4/ros2_source/install/allegro_hand_controllers/lib/pkgconfig/allegro_hand_controllers.pc'
[1.202s] Level 1:colcon.colcon_core.environment:checking '/home/fzc/allegro_hand_linux_v4/ros2_source/install/allegro_hand_controllers/lib/python3.10/site-packages'
[1.203s] Level 1:colcon.colcon_core.environment:checking '/home/fzc/allegro_hand_linux_v4/ros2_source/install/allegro_hand_controllers/bin'
[1.204s] INFO:colcon.colcon_core.shell:Creating package script '/home/fzc/allegro_hand_linux_v4/ros2_source/install/allegro_hand_controllers/share/allegro_hand_controllers/package.ps1'
[1.205s] INFO:colcon.colcon_core.shell:Creating package descriptor '/home/fzc/allegro_hand_linux_v4/ros2_source/install/allegro_hand_controllers/share/allegro_hand_controllers/package.dsv'
[1.205s] INFO:colcon.colcon_core.shell:Creating package script '/home/fzc/allegro_hand_linux_v4/ros2_source/install/allegro_hand_controllers/share/allegro_hand_controllers/package.sh'
[1.206s] INFO:colcon.colcon_core.shell:Creating package script '/home/fzc/allegro_hand_linux_v4/ros2_source/install/allegro_hand_controllers/share/allegro_hand_controllers/package.bash'
[1.207s] INFO:colcon.colcon_core.shell:Creating package script '/home/fzc/allegro_hand_linux_v4/ros2_source/install/allegro_hand_controllers/share/allegro_hand_controllers/package.zsh'
[1.208s] Level 1:colcon.colcon_core.environment:create_file_with_runtime_dependencies(/home/fzc/allegro_hand_linux_v4/ros2_source/install/allegro_hand_controllers/share/colcon-core/packages/allegro_hand_controllers)
[1.564s] DEBUG:colcon.colcon_core.event_handler.log_command:Invoking command in '/home/fzc/allegro_hand_linux_v4/ros2_source/src/mediapipe_test': CONDA_PROMPT_MODIFIER=(hand) PYTHONPATH=/home/fzc/allegro_hand_linux_v4/ros2_source/build/mediapipe_test/prefix_override:/usr/lib/python3/dist-packages/colcon_core/task/python/colcon_distutils_commands:/home/fzc/allegro_hand_linux_v4/ros2_source/install/mediapipe_test/lib/python3.10/site-packages:${PYTHONPATH} /usr/bin/python3 -W ignore:setup.py install is deprecated -W ignore:easy_install command is deprecated setup.py egg_info --egg-base ../../build/mediapipe_test build --build-base /home/fzc/allegro_hand_linux_v4/ros2_source/build/mediapipe_test/build install --record /home/fzc/allegro_hand_linux_v4/ros2_source/build/mediapipe_test/install.log --single-version-externally-managed install_data
[2.171s] Level 1:colcon.colcon_core.environment:checking '/home/fzc/allegro_hand_linux_v4/ros2_source/install/mediapipe_test' for CMake module files
[2.172s] DEBUG:colcon.colcon_core.event_handler.log_command:Invoked command in '/home/fzc/allegro_hand_linux_v4/ros2_source/src/mediapipe_test' returned '0': CONDA_PROMPT_MODIFIER=(hand) PYTHONPATH=/home/fzc/allegro_hand_linux_v4/ros2_source/build/mediapipe_test/prefix_override:/usr/lib/python3/dist-packages/colcon_core/task/python/colcon_distutils_commands:/home/fzc/allegro_hand_linux_v4/ros2_source/install/mediapipe_test/lib/python3.10/site-packages:${PYTHONPATH} /usr/bin/python3 -W ignore:setup.py install is deprecated -W ignore:easy_install command is deprecated setup.py egg_info --egg-base ../../build/mediapipe_test build --build-base /home/fzc/allegro_hand_linux_v4/ros2_source/build/mediapipe_test/build install --record /home/fzc/allegro_hand_linux_v4/ros2_source/build/mediapipe_test/install.log --single-version-externally-managed install_data
[2.173s] Level 1:colcon.colcon_core.environment:checking '/home/fzc/allegro_hand_linux_v4/ros2_source/install/mediapipe_test' for CMake config files
[2.174s] Level 1:colcon.colcon_core.environment:checking '/home/fzc/allegro_hand_linux_v4/ros2_source/install/mediapipe_test/lib'
[2.174s] Level 1:colcon.colcon_core.environment:checking '/home/fzc/allegro_hand_linux_v4/ros2_source/install/mediapipe_test/bin'
[2.174s] Level 1:colcon.colcon_core.environment:checking '/home/fzc/allegro_hand_linux_v4/ros2_source/install/mediapipe_test/lib/pkgconfig/mediapipe_test.pc'
[2.175s] Level 1:colcon.colcon_core.environment:checking '/home/fzc/allegro_hand_linux_v4/ros2_source/install/mediapipe_test/lib/python3.10/site-packages'
[2.175s] Level 1:colcon.colcon_core.shell:create_environment_hook('mediapipe_test', 'pythonpath')
[2.175s] INFO:colcon.colcon_core.shell:Creating environment hook '/home/fzc/allegro_hand_linux_v4/ros2_source/install/mediapipe_test/share/mediapipe_test/hook/pythonpath.ps1'
[2.176s] INFO:colcon.colcon_core.shell:Creating environment descriptor '/home/fzc/allegro_hand_linux_v4/ros2_source/install/mediapipe_test/share/mediapipe_test/hook/pythonpath.dsv'
[2.177s] INFO:colcon.colcon_core.shell:Creating environment hook '/home/fzc/allegro_hand_linux_v4/ros2_source/install/mediapipe_test/share/mediapipe_test/hook/pythonpath.sh'
[2.178s] Level 1:colcon.colcon_core.environment:checking '/home/fzc/allegro_hand_linux_v4/ros2_source/install/mediapipe_test/bin'
[2.178s] Level 1:colcon.colcon_core.environment:create_environment_scripts_only(mediapipe_test)
[2.179s] INFO:colcon.colcon_core.shell:Creating package script '/home/fzc/allegro_hand_linux_v4/ros2_source/install/mediapipe_test/share/mediapipe_test/package.ps1'
[2.180s] INFO:colcon.colcon_core.shell:Creating package descriptor '/home/fzc/allegro_hand_linux_v4/ros2_source/install/mediapipe_test/share/mediapipe_test/package.dsv'
[2.181s] INFO:colcon.colcon_core.shell:Creating package script '/home/fzc/allegro_hand_linux_v4/ros2_source/install/mediapipe_test/share/mediapipe_test/package.sh'
[2.181s] INFO:colcon.colcon_core.shell:Creating package script '/home/fzc/allegro_hand_linux_v4/ros2_source/install/mediapipe_test/share/mediapipe_test/package.bash'
[2.182s] INFO:colcon.colcon_core.shell:Creating package script '/home/fzc/allegro_hand_linux_v4/ros2_source/install/mediapipe_test/share/mediapipe_test/package.zsh'
[2.182s] Level 1:colcon.colcon_core.environment:create_file_with_runtime_dependencies(/home/fzc/allegro_hand_linux_v4/ros2_source/install/mediapipe_test/share/colcon-core/packages/mediapipe_test)
[2.182s] DEBUG:colcon.colcon_parallel_executor.executor.parallel:closing loop
[2.183s] DEBUG:colcon.colcon_parallel_executor.executor.parallel:loop closed
[2.183s] DEBUG:colcon.colcon_parallel_executor.executor.parallel:run_until_complete finished with '0'
[2.184s] DEBUG:colcon.colcon_core.event_reactor:joining thread
[2.209s] INFO:colcon.colcon_core.plugin_system:Skipping extension 'colcon_notification.desktop_notification.terminal_notifier': Not used on non-Darwin systems
[2.209s] INFO:colcon.colcon_core.plugin_system:Skipping extension 'colcon_notification.desktop_notification.win32': Not used on non-Windows systems
[2.209s] INFO:colcon.colcon_notification.desktop_notification:Sending desktop notification using 'notify2'
[2.228s] DEBUG:colcon.colcon_core.event_reactor:joined thread
[2.229s] INFO:colcon.colcon_core.shell:Creating prefix script '/home/fzc/allegro_hand_linux_v4/ros2_source/install/local_setup.ps1'
[2.231s] INFO:colcon.colcon_core.shell:Creating prefix util module '/home/fzc/allegro_hand_linux_v4/ros2_source/install/_local_setup_util_ps1.py'
[2.233s] INFO:colcon.colcon_core.shell:Creating prefix chain script '/home/fzc/allegro_hand_linux_v4/ros2_source/install/setup.ps1'
[2.235s] INFO:colcon.colcon_core.shell:Creating prefix script '/home/fzc/allegro_hand_linux_v4/ros2_source/install/local_setup.sh'
[2.235s] INFO:colcon.colcon_core.shell:Creating prefix util module '/home/fzc/allegro_hand_linux_v4/ros2_source/install/_local_setup_util_sh.py'
[2.236s] INFO:colcon.colcon_core.shell:Creating prefix chain script '/home/fzc/allegro_hand_linux_v4/ros2_source/install/setup.sh'
[2.238s] INFO:colcon.colcon_core.shell:Creating prefix script '/home/fzc/allegro_hand_linux_v4/ros2_source/install/local_setup.bash'
[2.238s] INFO:colcon.colcon_core.shell:Creating prefix chain script '/home/fzc/allegro_hand_linux_v4/ros2_source/install/setup.bash'
[2.240s] INFO:colcon.colcon_core.shell:Creating prefix script '/home/fzc/allegro_hand_linux_v4/ros2_source/install/local_setup.zsh'
[2.241s] INFO:colcon.colcon_core.shell:Creating prefix chain script '/home/fzc/allegro_hand_linux_v4/ros2_source/install/setup.zsh'
