[0.230s] DEBUG:colcon:Command line arguments: ['/usr/bin/colcon', 'build']
[0.230s] DEBUG:colcon:Parsed command line arguments: Namespace(log_base=None, log_level=None, verb_name='build', build_base='build', install_base='install', merge_install=False, symlink_install=False, test_result_base=None, continue_on_error=False, executor='parallel', parallel_workers=8, event_handlers=None, ignore_user_meta=False, metas=['./colcon.meta'], base_paths=['.'], packages_ignore=None, packages_ignore_regex=None, paths=None, packages_up_to=None, packages_up_to_regex=None, packages_above=None, packages_above_and_dependencies=None, packages_above_depth=None, packages_select_by_dep=None, packages_skip_by_dep=None, packages_skip_up_to=None, packages_select_build_failed=False, packages_skip_build_finished=False, packages_select_test_failures=False, packages_skip_test_passed=False, packages_select=None, packages_skip=None, packages_select_regex=None, packages_skip_regex=None, packages_start=None, packages_end=None, allow_overriding=[], cmake_args=None, cmake_target=None, cmake_target_skip_unavailable=False, cmake_clean_cache=False, cmake_clean_first=False, cmake_force_configure=False, ament_cmake_args=None, catkin_cmake_args=None, catkin_skip_building_tests=False, verb_parser=<colcon_defaults.argument_parser.defaults.DefaultArgumentsDecorator object at 0x7a81bb766200>, verb_extension=<colcon_core.verb.build.BuildVerb object at 0x7a81bb765c60>, main=<bound method BuildVerb.main of <colcon_core.verb.build.BuildVerb object at 0x7a81bb765c60>>)
[0.310s] Level 1:colcon.colcon_core.package_discovery:discover_packages(colcon_meta) check parameters
[0.310s] Level 1:colcon.colcon_core.package_discovery:discover_packages(recursive) check parameters
[0.310s] Level 1:colcon.colcon_core.package_discovery:discover_packages(ignore) check parameters
[0.310s] Level 1:colcon.colcon_core.package_discovery:discover_packages(path) check parameters
[0.310s] Level 1:colcon.colcon_core.package_discovery:discover_packages(colcon_meta) discover
[0.311s] Level 1:colcon.colcon_core.package_discovery:discover_packages(recursive) discover
[0.311s] INFO:colcon.colcon_core.package_discovery:Crawling recursively for packages in '/home/fzc/allegro_hand_linux_v4/ros2_source'
[0.311s] Level 1:colcon.colcon_core.package_identification:_identify(.) by extensions ['ignore', 'ignore_ament_install']
[0.311s] Level 1:colcon.colcon_core.package_identification:_identify(.) by extension 'ignore'
[0.312s] Level 1:colcon.colcon_core.package_identification:_identify(.) by extension 'ignore_ament_install'
[0.312s] Level 1:colcon.colcon_core.package_identification:_identify(.) by extensions ['colcon_pkg']
[0.312s] Level 1:colcon.colcon_core.package_identification:_identify(.) by extension 'colcon_pkg'
[0.312s] Level 1:colcon.colcon_core.package_identification:_identify(.) by extensions ['colcon_meta']
[0.312s] Level 1:colcon.colcon_core.package_identification:_identify(.) by extension 'colcon_meta'
[0.312s] Level 1:colcon.colcon_core.package_identification:_identify(.) by extensions ['ros']
[0.312s] Level 1:colcon.colcon_core.package_identification:_identify(.) by extension 'ros'
[0.335s] Level 1:colcon.colcon_core.package_identification:_identify(.) by extensions ['cmake', 'python']
[0.335s] Level 1:colcon.colcon_core.package_identification:_identify(.) by extension 'cmake'
[0.335s] Level 1:colcon.colcon_core.package_identification:_identify(.) by extension 'python'
[0.335s] Level 1:colcon.colcon_core.package_identification:_identify(.) by extensions ['python_setup_py']
[0.335s] Level 1:colcon.colcon_core.package_identification:_identify(.) by extension 'python_setup_py'
[0.336s] Level 1:colcon.colcon_core.package_identification:_identify(build) by extensions ['ignore', 'ignore_ament_install']
[0.336s] Level 1:colcon.colcon_core.package_identification:_identify(build) by extension 'ignore'
[0.336s] Level 1:colcon.colcon_core.package_identification:_identify(build) ignored
[0.336s] Level 1:colcon.colcon_core.package_identification:_identify(install) by extensions ['ignore', 'ignore_ament_install']
[0.337s] Level 1:colcon.colcon_core.package_identification:_identify(install) by extension 'ignore'
[0.337s] Level 1:colcon.colcon_core.package_identification:_identify(install) ignored
[0.337s] Level 1:colcon.colcon_core.package_identification:_identify(log) by extensions ['ignore', 'ignore_ament_install']
[0.337s] Level 1:colcon.colcon_core.package_identification:_identify(log) by extension 'ignore'
[0.337s] Level 1:colcon.colcon_core.package_identification:_identify(log) ignored
[0.337s] Level 1:colcon.colcon_core.package_identification:_identify(src) by extensions ['ignore', 'ignore_ament_install']
[0.337s] Level 1:colcon.colcon_core.package_identification:_identify(src) by extension 'ignore'
[0.337s] Level 1:colcon.colcon_core.package_identification:_identify(src) by extension 'ignore_ament_install'
[0.337s] Level 1:colcon.colcon_core.package_identification:_identify(src) by extensions ['colcon_pkg']
[0.337s] Level 1:colcon.colcon_core.package_identification:_identify(src) by extension 'colcon_pkg'
[0.338s] Level 1:colcon.colcon_core.package_identification:_identify(src) by extensions ['colcon_meta']
[0.338s] Level 1:colcon.colcon_core.package_identification:_identify(src) by extension 'colcon_meta'
[0.338s] Level 1:colcon.colcon_core.package_identification:_identify(src) by extensions ['ros']
[0.338s] Level 1:colcon.colcon_core.package_identification:_identify(src) by extension 'ros'
[0.338s] Level 1:colcon.colcon_core.package_identification:_identify(src) by extensions ['cmake', 'python']
[0.338s] Level 1:colcon.colcon_core.package_identification:_identify(src) by extension 'cmake'
[0.338s] Level 1:colcon.colcon_core.package_identification:_identify(src) by extension 'python'
[0.338s] Level 1:colcon.colcon_core.package_identification:_identify(src) by extensions ['python_setup_py']
[0.338s] Level 1:colcon.colcon_core.package_identification:_identify(src) by extension 'python_setup_py'
[0.338s] Level 1:colcon.colcon_core.package_identification:_identify(src/allegro_hand_controllers) by extensions ['ignore', 'ignore_ament_install']
[0.338s] Level 1:colcon.colcon_core.package_identification:_identify(src/allegro_hand_controllers) by extension 'ignore'
[0.338s] Level 1:colcon.colcon_core.package_identification:_identify(src/allegro_hand_controllers) by extension 'ignore_ament_install'
[0.338s] Level 1:colcon.colcon_core.package_identification:_identify(src/allegro_hand_controllers) by extensions ['colcon_pkg']
[0.339s] Level 1:colcon.colcon_core.package_identification:_identify(src/allegro_hand_controllers) by extension 'colcon_pkg'
[0.339s] Level 1:colcon.colcon_core.package_identification:_identify(src/allegro_hand_controllers) by extensions ['colcon_meta']
[0.339s] Level 1:colcon.colcon_core.package_identification:_identify(src/allegro_hand_controllers) by extension 'colcon_meta'
[0.339s] Level 1:colcon.colcon_core.package_identification:_identify(src/allegro_hand_controllers) by extensions ['ros']
[0.339s] Level 1:colcon.colcon_core.package_identification:_identify(src/allegro_hand_controllers) by extension 'ros'
[0.343s] DEBUG:colcon.colcon_core.package_identification:Package 'src/allegro_hand_controllers' with type 'ros.ament_cmake' and name 'allegro_hand_controllers'
[0.344s] Level 1:colcon.colcon_core.package_identification:_identify(src/allegro_hand_description) by extensions ['ignore', 'ignore_ament_install']
[0.344s] Level 1:colcon.colcon_core.package_identification:_identify(src/allegro_hand_description) by extension 'ignore'
[0.344s] Level 1:colcon.colcon_core.package_identification:_identify(src/allegro_hand_description) by extension 'ignore_ament_install'
[0.345s] Level 1:colcon.colcon_core.package_identification:_identify(src/allegro_hand_description) by extensions ['colcon_pkg']
[0.345s] Level 1:colcon.colcon_core.package_identification:_identify(src/allegro_hand_description) by extension 'colcon_pkg'
[0.345s] Level 1:colcon.colcon_core.package_identification:_identify(src/allegro_hand_description) by extensions ['colcon_meta']
[0.345s] Level 1:colcon.colcon_core.package_identification:_identify(src/allegro_hand_description) by extension 'colcon_meta'
[0.345s] Level 1:colcon.colcon_core.package_identification:_identify(src/allegro_hand_description) by extensions ['ros']
[0.345s] Level 1:colcon.colcon_core.package_identification:_identify(src/allegro_hand_description) by extension 'ros'
[0.346s] DEBUG:colcon.colcon_core.package_identification:Package 'src/allegro_hand_description' with type 'ros.ament_cmake' and name 'allegro_hand_description'
[0.347s] Level 1:colcon.colcon_core.package_identification:_identify(src/allegro_hand_driver) by extensions ['ignore', 'ignore_ament_install']
[0.347s] Level 1:colcon.colcon_core.package_identification:_identify(src/allegro_hand_driver) by extension 'ignore'
[0.347s] Level 1:colcon.colcon_core.package_identification:_identify(src/allegro_hand_driver) by extension 'ignore_ament_install'
[0.347s] Level 1:colcon.colcon_core.package_identification:_identify(src/allegro_hand_driver) by extensions ['colcon_pkg']
[0.347s] Level 1:colcon.colcon_core.package_identification:_identify(src/allegro_hand_driver) by extension 'colcon_pkg'
[0.348s] Level 1:colcon.colcon_core.package_identification:_identify(src/allegro_hand_driver) by extensions ['colcon_meta']
[0.348s] Level 1:colcon.colcon_core.package_identification:_identify(src/allegro_hand_driver) by extension 'colcon_meta'
[0.348s] Level 1:colcon.colcon_core.package_identification:_identify(src/allegro_hand_driver) by extensions ['ros']
[0.348s] Level 1:colcon.colcon_core.package_identification:_identify(src/allegro_hand_driver) by extension 'ros'
[0.349s] DEBUG:colcon.colcon_core.package_identification:Package 'src/allegro_hand_driver' with type 'ros.ament_cmake' and name 'allegro_hand_driver'
[0.349s] Level 1:colcon.colcon_core.package_identification:_identify(src/allegro_hand_keyboards) by extensions ['ignore', 'ignore_ament_install']
[0.349s] Level 1:colcon.colcon_core.package_identification:_identify(src/allegro_hand_keyboards) by extension 'ignore'
[0.350s] Level 1:colcon.colcon_core.package_identification:_identify(src/allegro_hand_keyboards) by extension 'ignore_ament_install'
[0.350s] Level 1:colcon.colcon_core.package_identification:_identify(src/allegro_hand_keyboards) by extensions ['colcon_pkg']
[0.350s] Level 1:colcon.colcon_core.package_identification:_identify(src/allegro_hand_keyboards) by extension 'colcon_pkg'
[0.350s] Level 1:colcon.colcon_core.package_identification:_identify(src/allegro_hand_keyboards) by extensions ['colcon_meta']
[0.350s] Level 1:colcon.colcon_core.package_identification:_identify(src/allegro_hand_keyboards) by extension 'colcon_meta'
[0.350s] Level 1:colcon.colcon_core.package_identification:_identify(src/allegro_hand_keyboards) by extensions ['ros']
[0.350s] Level 1:colcon.colcon_core.package_identification:_identify(src/allegro_hand_keyboards) by extension 'ros'
[0.351s] DEBUG:colcon.colcon_core.package_identification:Package 'src/allegro_hand_keyboards' with type 'ros.ament_cmake' and name 'allegro_hand_keyboards'
[0.351s] Level 1:colcon.colcon_core.package_identification:_identify(src/allegro_hand_parameters) by extensions ['ignore', 'ignore_ament_install']
[0.351s] Level 1:colcon.colcon_core.package_identification:_identify(src/allegro_hand_parameters) by extension 'ignore'
[0.351s] Level 1:colcon.colcon_core.package_identification:_identify(src/allegro_hand_parameters) by extension 'ignore_ament_install'
[0.352s] Level 1:colcon.colcon_core.package_identification:_identify(src/allegro_hand_parameters) by extensions ['colcon_pkg']
[0.352s] Level 1:colcon.colcon_core.package_identification:_identify(src/allegro_hand_parameters) by extension 'colcon_pkg'
[0.352s] Level 1:colcon.colcon_core.package_identification:_identify(src/allegro_hand_parameters) by extensions ['colcon_meta']
[0.352s] Level 1:colcon.colcon_core.package_identification:_identify(src/allegro_hand_parameters) by extension 'colcon_meta'
[0.352s] Level 1:colcon.colcon_core.package_identification:_identify(src/allegro_hand_parameters) by extensions ['ros']
[0.352s] Level 1:colcon.colcon_core.package_identification:_identify(src/allegro_hand_parameters) by extension 'ros'
[0.353s] DEBUG:colcon.colcon_core.package_identification:Package 'src/allegro_hand_parameters' with type 'ros.ament_cmake' and name 'allegro_hand_parameters'
[0.353s] Level 1:colcon.colcon_core.package_identification:_identify(src/bhand) by extensions ['ignore', 'ignore_ament_install']
[0.353s] Level 1:colcon.colcon_core.package_identification:_identify(src/bhand) by extension 'ignore'
[0.353s] Level 1:colcon.colcon_core.package_identification:_identify(src/bhand) by extension 'ignore_ament_install'
[0.354s] Level 1:colcon.colcon_core.package_identification:_identify(src/bhand) by extensions ['colcon_pkg']
[0.354s] Level 1:colcon.colcon_core.package_identification:_identify(src/bhand) by extension 'colcon_pkg'
[0.354s] Level 1:colcon.colcon_core.package_identification:_identify(src/bhand) by extensions ['colcon_meta']
[0.354s] Level 1:colcon.colcon_core.package_identification:_identify(src/bhand) by extension 'colcon_meta'
[0.354s] Level 1:colcon.colcon_core.package_identification:_identify(src/bhand) by extensions ['ros']
[0.354s] Level 1:colcon.colcon_core.package_identification:_identify(src/bhand) by extension 'ros'
[0.355s] DEBUG:colcon.colcon_core.package_identification:Package 'src/bhand' with type 'ros.ament_cmake' and name 'bhand'
[0.355s] Level 1:colcon.colcon_core.package_identification:_identify(src/build) by extensions ['ignore', 'ignore_ament_install']
[0.355s] Level 1:colcon.colcon_core.package_identification:_identify(src/build) by extension 'ignore'
[0.355s] Level 1:colcon.colcon_core.package_identification:_identify(src/build) ignored
[0.355s] Level 1:colcon.colcon_core.package_identification:_identify(src/install) by extensions ['ignore', 'ignore_ament_install']
[0.355s] Level 1:colcon.colcon_core.package_identification:_identify(src/install) by extension 'ignore'
[0.355s] Level 1:colcon.colcon_core.package_identification:_identify(src/install) ignored
[0.356s] Level 1:colcon.colcon_core.package_identification:_identify(src/log) by extensions ['ignore', 'ignore_ament_install']
[0.356s] Level 1:colcon.colcon_core.package_identification:_identify(src/log) by extension 'ignore'
[0.357s] Level 1:colcon.colcon_core.package_identification:_identify(src/log) ignored
[0.357s] Level 1:colcon.colcon_core.package_identification:_identify(src/mediapipe_test) by extensions ['ignore', 'ignore_ament_install']
[0.357s] Level 1:colcon.colcon_core.package_identification:_identify(src/mediapipe_test) by extension 'ignore'
[0.357s] Level 1:colcon.colcon_core.package_identification:_identify(src/mediapipe_test) by extension 'ignore_ament_install'
[0.357s] Level 1:colcon.colcon_core.package_identification:_identify(src/mediapipe_test) by extensions ['colcon_pkg']
[0.357s] Level 1:colcon.colcon_core.package_identification:_identify(src/mediapipe_test) by extension 'colcon_pkg'
[0.357s] Level 1:colcon.colcon_core.package_identification:_identify(src/mediapipe_test) by extensions ['colcon_meta']
[0.357s] Level 1:colcon.colcon_core.package_identification:_identify(src/mediapipe_test) by extension 'colcon_meta'
[0.358s] Level 1:colcon.colcon_core.package_identification:_identify(src/mediapipe_test) by extensions ['ros']
[0.358s] Level 1:colcon.colcon_core.package_identification:_identify(src/mediapipe_test) by extension 'ros'
[0.358s] DEBUG:colcon.colcon_core.package_identification:Package 'src/mediapipe_test' with type 'ros.ament_python' and name 'mediapipe_test'
[0.358s] Level 1:colcon.colcon_core.package_discovery:discover_packages(recursive) using defaults
[0.358s] Level 1:colcon.colcon_core.package_discovery:discover_packages(ignore) discover
[0.358s] Level 1:colcon.colcon_core.package_discovery:discover_packages(ignore) using defaults
[0.358s] Level 1:colcon.colcon_core.package_discovery:discover_packages(path) discover
[0.359s] Level 1:colcon.colcon_core.package_discovery:discover_packages(path) using defaults
[0.394s] Level 1:colcon.colcon_core.package_discovery:discover_packages(prefix_path) check parameters
[0.394s] Level 1:colcon.colcon_core.package_discovery:discover_packages(prefix_path) discover
[0.397s] WARNING:colcon.colcon_ros.prefix_path.ament:The path '/home/fzc/allegro_hand_linux_v4/ros2_source/install/test_topic' in the environment variable AMENT_PREFIX_PATH doesn't exist
[0.397s] WARNING:colcon.colcon_ros.prefix_path.ament:The path '/home/fzc/allegro_hand_linux_v4/ros2_source/install/allegro_mediapipe_follow' in the environment variable AMENT_PREFIX_PATH doesn't exist
[0.398s] DEBUG:colcon.colcon_installed_package_information.package_discovery:Found 7 installed packages in /home/fzc/allegro_hand_linux_v4/ros2_source/install
[0.401s] DEBUG:colcon.colcon_installed_package_information.package_discovery:Found 324 installed packages in /opt/ros/humble
[0.403s] Level 1:colcon.colcon_core.package_discovery:discover_packages(prefix_path) using defaults
[0.466s] Level 5:colcon.colcon_core.verb:set package 'allegro_hand_description' build argument 'cmake_args' from command line to 'None'
[0.467s] Level 5:colcon.colcon_core.verb:set package 'allegro_hand_description' build argument 'cmake_target' from command line to 'None'
[0.467s] Level 5:colcon.colcon_core.verb:set package 'allegro_hand_description' build argument 'cmake_target_skip_unavailable' from command line to 'False'
[0.467s] Level 5:colcon.colcon_core.verb:set package 'allegro_hand_description' build argument 'cmake_clean_cache' from command line to 'False'
[0.467s] Level 5:colcon.colcon_core.verb:set package 'allegro_hand_description' build argument 'cmake_clean_first' from command line to 'False'
[0.467s] Level 5:colcon.colcon_core.verb:set package 'allegro_hand_description' build argument 'cmake_force_configure' from command line to 'False'
[0.467s] Level 5:colcon.colcon_core.verb:set package 'allegro_hand_description' build argument 'ament_cmake_args' from command line to 'None'
[0.467s] Level 5:colcon.colcon_core.verb:set package 'allegro_hand_description' build argument 'catkin_cmake_args' from command line to 'None'
[0.467s] Level 5:colcon.colcon_core.verb:set package 'allegro_hand_description' build argument 'catkin_skip_building_tests' from command line to 'False'
[0.467s] DEBUG:colcon.colcon_core.verb:Building package 'allegro_hand_description' with the following arguments: {'ament_cmake_args': None, 'build_base': '/home/fzc/allegro_hand_linux_v4/ros2_source/build/allegro_hand_description', 'catkin_cmake_args': None, 'catkin_skip_building_tests': False, 'cmake_args': None, 'cmake_clean_cache': False, 'cmake_clean_first': False, 'cmake_force_configure': False, 'cmake_target': None, 'cmake_target_skip_unavailable': False, 'install_base': '/home/fzc/allegro_hand_linux_v4/ros2_source/install/allegro_hand_description', 'merge_install': False, 'path': '/home/fzc/allegro_hand_linux_v4/ros2_source/src/allegro_hand_description', 'symlink_install': False, 'test_result_base': None}
[0.467s] Level 5:colcon.colcon_core.verb:set package 'allegro_hand_driver' build argument 'cmake_args' from command line to 'None'
[0.467s] Level 5:colcon.colcon_core.verb:set package 'allegro_hand_driver' build argument 'cmake_target' from command line to 'None'
[0.467s] Level 5:colcon.colcon_core.verb:set package 'allegro_hand_driver' build argument 'cmake_target_skip_unavailable' from command line to 'False'
[0.467s] Level 5:colcon.colcon_core.verb:set package 'allegro_hand_driver' build argument 'cmake_clean_cache' from command line to 'False'
[0.467s] Level 5:colcon.colcon_core.verb:set package 'allegro_hand_driver' build argument 'cmake_clean_first' from command line to 'False'
[0.467s] Level 5:colcon.colcon_core.verb:set package 'allegro_hand_driver' build argument 'cmake_force_configure' from command line to 'False'
[0.467s] Level 5:colcon.colcon_core.verb:set package 'allegro_hand_driver' build argument 'ament_cmake_args' from command line to 'None'
[0.467s] Level 5:colcon.colcon_core.verb:set package 'allegro_hand_driver' build argument 'catkin_cmake_args' from command line to 'None'
[0.467s] Level 5:colcon.colcon_core.verb:set package 'allegro_hand_driver' build argument 'catkin_skip_building_tests' from command line to 'False'
[0.467s] DEBUG:colcon.colcon_core.verb:Building package 'allegro_hand_driver' with the following arguments: {'ament_cmake_args': None, 'build_base': '/home/fzc/allegro_hand_linux_v4/ros2_source/build/allegro_hand_driver', 'catkin_cmake_args': None, 'catkin_skip_building_tests': False, 'cmake_args': None, 'cmake_clean_cache': False, 'cmake_clean_first': False, 'cmake_force_configure': False, 'cmake_target': None, 'cmake_target_skip_unavailable': False, 'install_base': '/home/fzc/allegro_hand_linux_v4/ros2_source/install/allegro_hand_driver', 'merge_install': False, 'path': '/home/fzc/allegro_hand_linux_v4/ros2_source/src/allegro_hand_driver', 'symlink_install': False, 'test_result_base': None}
[0.468s] Level 5:colcon.colcon_core.verb:set package 'allegro_hand_parameters' build argument 'cmake_args' from command line to 'None'
[0.468s] Level 5:colcon.colcon_core.verb:set package 'allegro_hand_parameters' build argument 'cmake_target' from command line to 'None'
[0.468s] Level 5:colcon.colcon_core.verb:set package 'allegro_hand_parameters' build argument 'cmake_target_skip_unavailable' from command line to 'False'
[0.468s] Level 5:colcon.colcon_core.verb:set package 'allegro_hand_parameters' build argument 'cmake_clean_cache' from command line to 'False'
[0.468s] Level 5:colcon.colcon_core.verb:set package 'allegro_hand_parameters' build argument 'cmake_clean_first' from command line to 'False'
[0.468s] Level 5:colcon.colcon_core.verb:set package 'allegro_hand_parameters' build argument 'cmake_force_configure' from command line to 'False'
[0.468s] Level 5:colcon.colcon_core.verb:set package 'allegro_hand_parameters' build argument 'ament_cmake_args' from command line to 'None'
[0.468s] Level 5:colcon.colcon_core.verb:set package 'allegro_hand_parameters' build argument 'catkin_cmake_args' from command line to 'None'
[0.468s] Level 5:colcon.colcon_core.verb:set package 'allegro_hand_parameters' build argument 'catkin_skip_building_tests' from command line to 'False'
[0.468s] DEBUG:colcon.colcon_core.verb:Building package 'allegro_hand_parameters' with the following arguments: {'ament_cmake_args': None, 'build_base': '/home/fzc/allegro_hand_linux_v4/ros2_source/build/allegro_hand_parameters', 'catkin_cmake_args': None, 'catkin_skip_building_tests': False, 'cmake_args': None, 'cmake_clean_cache': False, 'cmake_clean_first': False, 'cmake_force_configure': False, 'cmake_target': None, 'cmake_target_skip_unavailable': False, 'install_base': '/home/fzc/allegro_hand_linux_v4/ros2_source/install/allegro_hand_parameters', 'merge_install': False, 'path': '/home/fzc/allegro_hand_linux_v4/ros2_source/src/allegro_hand_parameters', 'symlink_install': False, 'test_result_base': None}
[0.468s] Level 5:colcon.colcon_core.verb:set package 'bhand' build argument 'cmake_args' from command line to 'None'
[0.468s] Level 5:colcon.colcon_core.verb:set package 'bhand' build argument 'cmake_target' from command line to 'None'
[0.468s] Level 5:colcon.colcon_core.verb:set package 'bhand' build argument 'cmake_target_skip_unavailable' from command line to 'False'
[0.468s] Level 5:colcon.colcon_core.verb:set package 'bhand' build argument 'cmake_clean_cache' from command line to 'False'
[0.468s] Level 5:colcon.colcon_core.verb:set package 'bhand' build argument 'cmake_clean_first' from command line to 'False'
[0.468s] Level 5:colcon.colcon_core.verb:set package 'bhand' build argument 'cmake_force_configure' from command line to 'False'
[0.468s] Level 5:colcon.colcon_core.verb:set package 'bhand' build argument 'ament_cmake_args' from command line to 'None'
[0.468s] Level 5:colcon.colcon_core.verb:set package 'bhand' build argument 'catkin_cmake_args' from command line to 'None'
[0.468s] Level 5:colcon.colcon_core.verb:set package 'bhand' build argument 'catkin_skip_building_tests' from command line to 'False'
[0.468s] DEBUG:colcon.colcon_core.verb:Building package 'bhand' with the following arguments: {'ament_cmake_args': None, 'build_base': '/home/fzc/allegro_hand_linux_v4/ros2_source/build/bhand', 'catkin_cmake_args': None, 'catkin_skip_building_tests': False, 'cmake_args': None, 'cmake_clean_cache': False, 'cmake_clean_first': False, 'cmake_force_configure': False, 'cmake_target': None, 'cmake_target_skip_unavailable': False, 'install_base': '/home/fzc/allegro_hand_linux_v4/ros2_source/install/bhand', 'merge_install': False, 'path': '/home/fzc/allegro_hand_linux_v4/ros2_source/src/bhand', 'symlink_install': False, 'test_result_base': None}
[0.469s] Level 5:colcon.colcon_core.verb:set package 'mediapipe_test' build argument 'cmake_args' from command line to 'None'
[0.469s] Level 5:colcon.colcon_core.verb:set package 'mediapipe_test' build argument 'cmake_target' from command line to 'None'
[0.469s] Level 5:colcon.colcon_core.verb:set package 'mediapipe_test' build argument 'cmake_target_skip_unavailable' from command line to 'False'
[0.469s] Level 5:colcon.colcon_core.verb:set package 'mediapipe_test' build argument 'cmake_clean_cache' from command line to 'False'
[0.469s] Level 5:colcon.colcon_core.verb:set package 'mediapipe_test' build argument 'cmake_clean_first' from command line to 'False'
[0.469s] Level 5:colcon.colcon_core.verb:set package 'mediapipe_test' build argument 'cmake_force_configure' from command line to 'False'
[0.469s] Level 5:colcon.colcon_core.verb:set package 'mediapipe_test' build argument 'ament_cmake_args' from command line to 'None'
[0.469s] Level 5:colcon.colcon_core.verb:set package 'mediapipe_test' build argument 'catkin_cmake_args' from command line to 'None'
[0.469s] Level 5:colcon.colcon_core.verb:set package 'mediapipe_test' build argument 'catkin_skip_building_tests' from command line to 'False'
[0.469s] DEBUG:colcon.colcon_core.verb:Building package 'mediapipe_test' with the following arguments: {'ament_cmake_args': None, 'build_base': '/home/fzc/allegro_hand_linux_v4/ros2_source/build/mediapipe_test', 'catkin_cmake_args': None, 'catkin_skip_building_tests': False, 'cmake_args': None, 'cmake_clean_cache': False, 'cmake_clean_first': False, 'cmake_force_configure': False, 'cmake_target': None, 'cmake_target_skip_unavailable': False, 'install_base': '/home/fzc/allegro_hand_linux_v4/ros2_source/install/mediapipe_test', 'merge_install': False, 'path': '/home/fzc/allegro_hand_linux_v4/ros2_source/src/mediapipe_test', 'symlink_install': False, 'test_result_base': None}
[0.469s] Level 5:colcon.colcon_core.verb:set package 'allegro_hand_controllers' build argument 'cmake_args' from command line to 'None'
[0.469s] Level 5:colcon.colcon_core.verb:set package 'allegro_hand_controllers' build argument 'cmake_target' from command line to 'None'
[0.469s] Level 5:colcon.colcon_core.verb:set package 'allegro_hand_controllers' build argument 'cmake_target_skip_unavailable' from command line to 'False'
[0.469s] Level 5:colcon.colcon_core.verb:set package 'allegro_hand_controllers' build argument 'cmake_clean_cache' from command line to 'False'
[0.469s] Level 5:colcon.colcon_core.verb:set package 'allegro_hand_controllers' build argument 'cmake_clean_first' from command line to 'False'
[0.469s] Level 5:colcon.colcon_core.verb:set package 'allegro_hand_controllers' build argument 'cmake_force_configure' from command line to 'False'
[0.469s] Level 5:colcon.colcon_core.verb:set package 'allegro_hand_controllers' build argument 'ament_cmake_args' from command line to 'None'
[0.469s] Level 5:colcon.colcon_core.verb:set package 'allegro_hand_controllers' build argument 'catkin_cmake_args' from command line to 'None'
[0.469s] Level 5:colcon.colcon_core.verb:set package 'allegro_hand_controllers' build argument 'catkin_skip_building_tests' from command line to 'False'
[0.469s] DEBUG:colcon.colcon_core.verb:Building package 'allegro_hand_controllers' with the following arguments: {'ament_cmake_args': None, 'build_base': '/home/fzc/allegro_hand_linux_v4/ros2_source/build/allegro_hand_controllers', 'catkin_cmake_args': None, 'catkin_skip_building_tests': False, 'cmake_args': None, 'cmake_clean_cache': False, 'cmake_clean_first': False, 'cmake_force_configure': False, 'cmake_target': None, 'cmake_target_skip_unavailable': False, 'install_base': '/home/fzc/allegro_hand_linux_v4/ros2_source/install/allegro_hand_controllers', 'merge_install': False, 'path': '/home/fzc/allegro_hand_linux_v4/ros2_source/src/allegro_hand_controllers', 'symlink_install': False, 'test_result_base': None}
[0.469s] Level 5:colcon.colcon_core.verb:set package 'allegro_hand_keyboards' build argument 'cmake_args' from command line to 'None'
[0.469s] Level 5:colcon.colcon_core.verb:set package 'allegro_hand_keyboards' build argument 'cmake_target' from command line to 'None'
[0.470s] Level 5:colcon.colcon_core.verb:set package 'allegro_hand_keyboards' build argument 'cmake_target_skip_unavailable' from command line to 'False'
[0.470s] Level 5:colcon.colcon_core.verb:set package 'allegro_hand_keyboards' build argument 'cmake_clean_cache' from command line to 'False'
[0.470s] Level 5:colcon.colcon_core.verb:set package 'allegro_hand_keyboards' build argument 'cmake_clean_first' from command line to 'False'
[0.470s] Level 5:colcon.colcon_core.verb:set package 'allegro_hand_keyboards' build argument 'cmake_force_configure' from command line to 'False'
[0.470s] Level 5:colcon.colcon_core.verb:set package 'allegro_hand_keyboards' build argument 'ament_cmake_args' from command line to 'None'
[0.470s] Level 5:colcon.colcon_core.verb:set package 'allegro_hand_keyboards' build argument 'catkin_cmake_args' from command line to 'None'
[0.470s] Level 5:colcon.colcon_core.verb:set package 'allegro_hand_keyboards' build argument 'catkin_skip_building_tests' from command line to 'False'
[0.470s] DEBUG:colcon.colcon_core.verb:Building package 'allegro_hand_keyboards' with the following arguments: {'ament_cmake_args': None, 'build_base': '/home/fzc/allegro_hand_linux_v4/ros2_source/build/allegro_hand_keyboards', 'catkin_cmake_args': None, 'catkin_skip_building_tests': False, 'cmake_args': None, 'cmake_clean_cache': False, 'cmake_clean_first': False, 'cmake_force_configure': False, 'cmake_target': None, 'cmake_target_skip_unavailable': False, 'install_base': '/home/fzc/allegro_hand_linux_v4/ros2_source/install/allegro_hand_keyboards', 'merge_install': False, 'path': '/home/fzc/allegro_hand_linux_v4/ros2_source/src/allegro_hand_keyboards', 'symlink_install': False, 'test_result_base': None}
[0.470s] INFO:colcon.colcon_core.executor:Executing jobs using 'parallel' executor
[0.473s] DEBUG:colcon.colcon_parallel_executor.executor.parallel:run_until_complete
[0.473s] INFO:colcon.colcon_ros.task.ament_cmake.build:Building ROS package in '/home/fzc/allegro_hand_linux_v4/ros2_source/src/allegro_hand_driver' with build type 'ament_cmake'
[0.473s] INFO:colcon.colcon_cmake.task.cmake.build:Building CMake package in '/home/fzc/allegro_hand_linux_v4/ros2_source/src/allegro_hand_driver'
[0.477s] INFO:colcon.colcon_core.plugin_system:Skipping extension 'colcon_core.shell.bat': Not used on non-Windows systems
[0.477s] INFO:colcon.colcon_core.shell:Skip shell extension 'powershell' for command environment: Not usable outside of PowerShell
[0.477s] DEBUG:colcon.colcon_core.shell:Skip shell extension 'dsv' for command environment
[0.485s] INFO:colcon.colcon_ros.task.ament_cmake.build:Building ROS package in '/home/fzc/allegro_hand_linux_v4/ros2_source/src/bhand' with build type 'ament_cmake'
[0.486s] INFO:colcon.colcon_cmake.task.cmake.build:Building CMake package in '/home/fzc/allegro_hand_linux_v4/ros2_source/src/bhand'
[0.487s] INFO:colcon.colcon_core.shell:Skip shell extension 'powershell' for command environment: Not usable outside of PowerShell
[0.487s] DEBUG:colcon.colcon_core.shell:Skip shell extension 'dsv' for command environment
[0.494s] INFO:colcon.colcon_ros.task.ament_cmake.build:Building ROS package in '/home/fzc/allegro_hand_linux_v4/ros2_source/src/allegro_hand_description' with build type 'ament_cmake'
[0.495s] INFO:colcon.colcon_cmake.task.cmake.build:Building CMake package in '/home/fzc/allegro_hand_linux_v4/ros2_source/src/allegro_hand_description'
[0.495s] INFO:colcon.colcon_core.shell:Skip shell extension 'powershell' for command environment: Not usable outside of PowerShell
[0.495s] DEBUG:colcon.colcon_core.shell:Skip shell extension 'dsv' for command environment
[0.500s] INFO:colcon.colcon_ros.task.ament_cmake.build:Building ROS package in '/home/fzc/allegro_hand_linux_v4/ros2_source/src/allegro_hand_parameters' with build type 'ament_cmake'
[0.501s] INFO:colcon.colcon_cmake.task.cmake.build:Building CMake package in '/home/fzc/allegro_hand_linux_v4/ros2_source/src/allegro_hand_parameters'
[0.501s] INFO:colcon.colcon_core.shell:Skip shell extension 'powershell' for command environment: Not usable outside of PowerShell
[0.501s] DEBUG:colcon.colcon_core.shell:Skip shell extension 'dsv' for command environment
[0.509s] INFO:colcon.colcon_ros.task.ament_python.build:Building ROS package in '/home/fzc/allegro_hand_linux_v4/ros2_source/src/mediapipe_test' with build type 'ament_python'
[0.509s] Level 1:colcon.colcon_core.shell:create_environment_hook('mediapipe_test', 'ament_prefix_path')
[0.510s] INFO:colcon.colcon_core.shell:Creating environment hook '/home/fzc/allegro_hand_linux_v4/ros2_source/install/mediapipe_test/share/mediapipe_test/hook/ament_prefix_path.ps1'
[0.511s] INFO:colcon.colcon_core.shell:Creating environment descriptor '/home/fzc/allegro_hand_linux_v4/ros2_source/install/mediapipe_test/share/mediapipe_test/hook/ament_prefix_path.dsv'
[0.511s] INFO:colcon.colcon_core.shell:Creating environment hook '/home/fzc/allegro_hand_linux_v4/ros2_source/install/mediapipe_test/share/mediapipe_test/hook/ament_prefix_path.sh'
[0.513s] INFO:colcon.colcon_core.shell:Skip shell extension 'powershell' for command environment: Not usable outside of PowerShell
[0.514s] DEBUG:colcon.colcon_core.shell:Skip shell extension 'dsv' for command environment
[0.527s] DEBUG:colcon.colcon_core.event_handler.log_command:Invoking command in '/home/fzc/allegro_hand_linux_v4/ros2_source/build/allegro_hand_driver': CMAKE_PREFIX_PATH=${CMAKE_PREFIX_PATH}:/home/fzc/allegro_hand_linux_v4/ros2_source/install/mediapipe_test:/home/fzc/allegro_hand_linux_v4/ros2_source/install/test_topic:/home/fzc/allegro_hand_linux_v4/ros2_source/install/allegro_mediapipe_follow:/opt/ros/humble CONDA_PROMPT_MODIFIER=(hand) /usr/bin/cmake --build /home/fzc/allegro_hand_linux_v4/ros2_source/build/allegro_hand_driver -- -j8 -l8
[0.536s] DEBUG:colcon.colcon_core.event_handler.log_command:Invoking command in '/home/fzc/allegro_hand_linux_v4/ros2_source/build/bhand': CMAKE_PREFIX_PATH=${CMAKE_PREFIX_PATH}:/home/fzc/allegro_hand_linux_v4/ros2_source/install/mediapipe_test:/home/fzc/allegro_hand_linux_v4/ros2_source/install/test_topic:/home/fzc/allegro_hand_linux_v4/ros2_source/install/allegro_mediapipe_follow:/opt/ros/humble CONDA_PROMPT_MODIFIER=(hand) /usr/bin/cmake --build /home/fzc/allegro_hand_linux_v4/ros2_source/build/bhand -- -j8 -l8
[0.551s] DEBUG:colcon.colcon_core.event_handler.log_command:Invoking command in '/home/fzc/allegro_hand_linux_v4/ros2_source/build/allegro_hand_description': CMAKE_PREFIX_PATH=${CMAKE_PREFIX_PATH}:/home/fzc/allegro_hand_linux_v4/ros2_source/install/mediapipe_test:/home/fzc/allegro_hand_linux_v4/ros2_source/install/test_topic:/home/fzc/allegro_hand_linux_v4/ros2_source/install/allegro_mediapipe_follow:/opt/ros/humble CONDA_PROMPT_MODIFIER=(hand) /usr/bin/cmake --build /home/fzc/allegro_hand_linux_v4/ros2_source/build/allegro_hand_description -- -j8 -l8
[0.564s] DEBUG:colcon.colcon_core.event_handler.log_command:Invoking command in '/home/fzc/allegro_hand_linux_v4/ros2_source/build/allegro_hand_parameters': CMAKE_PREFIX_PATH=${CMAKE_PREFIX_PATH}:/home/fzc/allegro_hand_linux_v4/ros2_source/install/mediapipe_test:/home/fzc/allegro_hand_linux_v4/ros2_source/install/test_topic:/home/fzc/allegro_hand_linux_v4/ros2_source/install/allegro_mediapipe_follow:/opt/ros/humble CONDA_PROMPT_MODIFIER=(hand) /usr/bin/cmake --build /home/fzc/allegro_hand_linux_v4/ros2_source/build/allegro_hand_parameters -- -j8 -l8
[0.981s] INFO:colcon.colcon_core.task.python.build:Building Python package in '/home/fzc/allegro_hand_linux_v4/ros2_source/src/mediapipe_test'
[0.981s] INFO:colcon.colcon_core.shell:Skip shell extension 'powershell' for command environment: Not usable outside of PowerShell
[0.982s] DEBUG:colcon.colcon_core.shell:Skip shell extension 'dsv' for command environment
[0.991s] DEBUG:colcon.colcon_core.event_handler.log_command:Invoked command in '/home/fzc/allegro_hand_linux_v4/ros2_source/build/bhand' returned '0': CMAKE_PREFIX_PATH=${CMAKE_PREFIX_PATH}:/home/fzc/allegro_hand_linux_v4/ros2_source/install/mediapipe_test:/home/fzc/allegro_hand_linux_v4/ros2_source/install/test_topic:/home/fzc/allegro_hand_linux_v4/ros2_source/install/allegro_mediapipe_follow:/opt/ros/humble CONDA_PROMPT_MODIFIER=(hand) /usr/bin/cmake --build /home/fzc/allegro_hand_linux_v4/ros2_source/build/bhand -- -j8 -l8
[1.006s] DEBUG:colcon.colcon_core.event_handler.log_command:Invoking command in '/home/fzc/allegro_hand_linux_v4/ros2_source/build/bhand': CMAKE_PREFIX_PATH=${CMAKE_PREFIX_PATH}:/home/fzc/allegro_hand_linux_v4/ros2_source/install/mediapipe_test:/home/fzc/allegro_hand_linux_v4/ros2_source/install/test_topic:/home/fzc/allegro_hand_linux_v4/ros2_source/install/allegro_mediapipe_follow:/opt/ros/humble CONDA_PROMPT_MODIFIER=(hand) /usr/bin/cmake --install /home/fzc/allegro_hand_linux_v4/ros2_source/build/bhand
[1.007s] DEBUG:colcon.colcon_core.event_handler.log_command:Invoked command in '/home/fzc/allegro_hand_linux_v4/ros2_source/build/allegro_hand_description' returned '0': CMAKE_PREFIX_PATH=${CMAKE_PREFIX_PATH}:/home/fzc/allegro_hand_linux_v4/ros2_source/install/mediapipe_test:/home/fzc/allegro_hand_linux_v4/ros2_source/install/test_topic:/home/fzc/allegro_hand_linux_v4/ros2_source/install/allegro_mediapipe_follow:/opt/ros/humble CONDA_PROMPT_MODIFIER=(hand) /usr/bin/cmake --build /home/fzc/allegro_hand_linux_v4/ros2_source/build/allegro_hand_description -- -j8 -l8
[1.009s] DEBUG:colcon.colcon_core.event_handler.log_command:Invoking command in '/home/fzc/allegro_hand_linux_v4/ros2_source/build/allegro_hand_description': CMAKE_PREFIX_PATH=${CMAKE_PREFIX_PATH}:/home/fzc/allegro_hand_linux_v4/ros2_source/install/mediapipe_test:/home/fzc/allegro_hand_linux_v4/ros2_source/install/test_topic:/home/fzc/allegro_hand_linux_v4/ros2_source/install/allegro_mediapipe_follow:/opt/ros/humble CONDA_PROMPT_MODIFIER=(hand) /usr/bin/cmake --install /home/fzc/allegro_hand_linux_v4/ros2_source/build/allegro_hand_description
[1.010s] DEBUG:colcon.colcon_core.event_handler.log_command:Invoked command in '/home/fzc/allegro_hand_linux_v4/ros2_source/build/allegro_hand_parameters' returned '0': CMAKE_PREFIX_PATH=${CMAKE_PREFIX_PATH}:/home/fzc/allegro_hand_linux_v4/ros2_source/install/mediapipe_test:/home/fzc/allegro_hand_linux_v4/ros2_source/install/test_topic:/home/fzc/allegro_hand_linux_v4/ros2_source/install/allegro_mediapipe_follow:/opt/ros/humble CONDA_PROMPT_MODIFIER=(hand) /usr/bin/cmake --build /home/fzc/allegro_hand_linux_v4/ros2_source/build/allegro_hand_parameters -- -j8 -l8
[1.012s] DEBUG:colcon.colcon_core.event_handler.log_command:Invoking command in '/home/fzc/allegro_hand_linux_v4/ros2_source/build/allegro_hand_parameters': CMAKE_PREFIX_PATH=${CMAKE_PREFIX_PATH}:/home/fzc/allegro_hand_linux_v4/ros2_source/install/mediapipe_test:/home/fzc/allegro_hand_linux_v4/ros2_source/install/test_topic:/home/fzc/allegro_hand_linux_v4/ros2_source/install/allegro_mediapipe_follow:/opt/ros/humble CONDA_PROMPT_MODIFIER=(hand) /usr/bin/cmake --install /home/fzc/allegro_hand_linux_v4/ros2_source/build/allegro_hand_parameters
[1.014s] DEBUG:colcon.colcon_core.event_handler.log_command:Invoked command in '/home/fzc/allegro_hand_linux_v4/ros2_source/build/allegro_hand_driver' returned '0': CMAKE_PREFIX_PATH=${CMAKE_PREFIX_PATH}:/home/fzc/allegro_hand_linux_v4/ros2_source/install/mediapipe_test:/home/fzc/allegro_hand_linux_v4/ros2_source/install/test_topic:/home/fzc/allegro_hand_linux_v4/ros2_source/install/allegro_mediapipe_follow:/opt/ros/humble CONDA_PROMPT_MODIFIER=(hand) /usr/bin/cmake --build /home/fzc/allegro_hand_linux_v4/ros2_source/build/allegro_hand_driver -- -j8 -l8
[1.017s] DEBUG:colcon.colcon_core.event_handler.log_command:Invoking command in '/home/fzc/allegro_hand_linux_v4/ros2_source/build/allegro_hand_driver': CMAKE_PREFIX_PATH=${CMAKE_PREFIX_PATH}:/home/fzc/allegro_hand_linux_v4/ros2_source/install/mediapipe_test:/home/fzc/allegro_hand_linux_v4/ros2_source/install/test_topic:/home/fzc/allegro_hand_linux_v4/ros2_source/install/allegro_mediapipe_follow:/opt/ros/humble CONDA_PROMPT_MODIFIER=(hand) /usr/bin/cmake --install /home/fzc/allegro_hand_linux_v4/ros2_source/build/allegro_hand_driver
[1.035s] Level 1:colcon.colcon_core.environment:create_environment_scripts_only(bhand)
[1.045s] Level 1:colcon.colcon_core.environment:checking '/home/fzc/allegro_hand_linux_v4/ros2_source/install/bhand' for CMake module files
[1.047s] DEBUG:colcon.colcon_core.event_handler.log_command:Invoked command in '/home/fzc/allegro_hand_linux_v4/ros2_source/build/bhand' returned '0': CMAKE_PREFIX_PATH=${CMAKE_PREFIX_PATH}:/home/fzc/allegro_hand_linux_v4/ros2_source/install/mediapipe_test:/home/fzc/allegro_hand_linux_v4/ros2_source/install/test_topic:/home/fzc/allegro_hand_linux_v4/ros2_source/install/allegro_mediapipe_follow:/opt/ros/humble CONDA_PROMPT_MODIFIER=(hand) /usr/bin/cmake --install /home/fzc/allegro_hand_linux_v4/ros2_source/build/bhand
[1.047s] Level 1:colcon.colcon_core.environment:checking '/home/fzc/allegro_hand_linux_v4/ros2_source/install/bhand' for CMake config files
[1.049s] Level 1:colcon.colcon_core.shell:create_environment_hook('bhand', 'cmake_prefix_path')
[1.049s] INFO:colcon.colcon_core.shell:Creating environment hook '/home/fzc/allegro_hand_linux_v4/ros2_source/install/bhand/share/bhand/hook/cmake_prefix_path.ps1'
[1.049s] INFO:colcon.colcon_core.shell:Creating environment descriptor '/home/fzc/allegro_hand_linux_v4/ros2_source/install/bhand/share/bhand/hook/cmake_prefix_path.dsv'
[1.050s] INFO:colcon.colcon_core.shell:Creating environment hook '/home/fzc/allegro_hand_linux_v4/ros2_source/install/bhand/share/bhand/hook/cmake_prefix_path.sh'
[1.050s] Level 1:colcon.colcon_core.environment:checking '/home/fzc/allegro_hand_linux_v4/ros2_source/install/bhand/lib'
[1.050s] Level 1:colcon.colcon_core.shell:create_environment_hook('bhand', 'ld_library_path_lib')
[1.051s] INFO:colcon.colcon_core.shell:Creating environment hook '/home/fzc/allegro_hand_linux_v4/ros2_source/install/bhand/share/bhand/hook/ld_library_path_lib.ps1'
[1.051s] INFO:colcon.colcon_core.shell:Creating environment descriptor '/home/fzc/allegro_hand_linux_v4/ros2_source/install/bhand/share/bhand/hook/ld_library_path_lib.dsv'
[1.051s] INFO:colcon.colcon_core.shell:Creating environment hook '/home/fzc/allegro_hand_linux_v4/ros2_source/install/bhand/share/bhand/hook/ld_library_path_lib.sh'
[1.052s] Level 1:colcon.colcon_core.environment:checking '/home/fzc/allegro_hand_linux_v4/ros2_source/install/bhand/bin'
[1.052s] Level 1:colcon.colcon_core.environment:checking '/home/fzc/allegro_hand_linux_v4/ros2_source/install/bhand/lib/pkgconfig/bhand.pc'
[1.052s] Level 1:colcon.colcon_core.environment:checking '/home/fzc/allegro_hand_linux_v4/ros2_source/install/bhand/lib/python3.10/site-packages'
[1.053s] Level 1:colcon.colcon_core.environment:checking '/home/fzc/allegro_hand_linux_v4/ros2_source/install/bhand/bin'
[1.053s] INFO:colcon.colcon_core.shell:Creating package script '/home/fzc/allegro_hand_linux_v4/ros2_source/install/bhand/share/bhand/package.ps1'
[1.054s] INFO:colcon.colcon_core.shell:Creating package descriptor '/home/fzc/allegro_hand_linux_v4/ros2_source/install/bhand/share/bhand/package.dsv'
[1.055s] INFO:colcon.colcon_core.shell:Creating package script '/home/fzc/allegro_hand_linux_v4/ros2_source/install/bhand/share/bhand/package.sh'
[1.056s] INFO:colcon.colcon_core.shell:Creating package script '/home/fzc/allegro_hand_linux_v4/ros2_source/install/bhand/share/bhand/package.bash'
[1.057s] INFO:colcon.colcon_core.shell:Creating package script '/home/fzc/allegro_hand_linux_v4/ros2_source/install/bhand/share/bhand/package.zsh'
[1.058s] Level 1:colcon.colcon_core.environment:create_file_with_runtime_dependencies(/home/fzc/allegro_hand_linux_v4/ros2_source/install/bhand/share/colcon-core/packages/bhand)
[1.059s] Level 1:colcon.colcon_core.environment:create_environment_scripts_only(bhand)
[1.059s] Level 1:colcon.colcon_core.environment:checking '/home/fzc/allegro_hand_linux_v4/ros2_source/install/bhand' for CMake module files
[1.060s] Level 1:colcon.colcon_core.environment:checking '/home/fzc/allegro_hand_linux_v4/ros2_source/install/bhand' for CMake config files
[1.061s] Level 1:colcon.colcon_core.shell:create_environment_hook('bhand', 'cmake_prefix_path')
[1.061s] INFO:colcon.colcon_core.shell:Creating environment hook '/home/fzc/allegro_hand_linux_v4/ros2_source/install/bhand/share/bhand/hook/cmake_prefix_path.ps1'
[1.062s] INFO:colcon.colcon_core.shell:Creating environment descriptor '/home/fzc/allegro_hand_linux_v4/ros2_source/install/bhand/share/bhand/hook/cmake_prefix_path.dsv'
[1.062s] INFO:colcon.colcon_core.shell:Creating environment hook '/home/fzc/allegro_hand_linux_v4/ros2_source/install/bhand/share/bhand/hook/cmake_prefix_path.sh'
[1.063s] Level 1:colcon.colcon_core.environment:checking '/home/fzc/allegro_hand_linux_v4/ros2_source/install/bhand/lib'
[1.063s] Level 1:colcon.colcon_core.shell:create_environment_hook('bhand', 'ld_library_path_lib')
[1.063s] INFO:colcon.colcon_core.shell:Creating environment hook '/home/fzc/allegro_hand_linux_v4/ros2_source/install/bhand/share/bhand/hook/ld_library_path_lib.ps1'
[1.064s] INFO:colcon.colcon_core.shell:Creating environment descriptor '/home/fzc/allegro_hand_linux_v4/ros2_source/install/bhand/share/bhand/hook/ld_library_path_lib.dsv'
[1.064s] INFO:colcon.colcon_core.shell:Creating environment hook '/home/fzc/allegro_hand_linux_v4/ros2_source/install/bhand/share/bhand/hook/ld_library_path_lib.sh'
[1.065s] Level 1:colcon.colcon_core.environment:checking '/home/fzc/allegro_hand_linux_v4/ros2_source/install/bhand/bin'
[1.065s] Level 1:colcon.colcon_core.environment:checking '/home/fzc/allegro_hand_linux_v4/ros2_source/install/bhand/lib/pkgconfig/bhand.pc'
[1.065s] Level 1:colcon.colcon_core.environment:checking '/home/fzc/allegro_hand_linux_v4/ros2_source/install/bhand/lib/python3.10/site-packages'
[1.066s] Level 1:colcon.colcon_core.environment:checking '/home/fzc/allegro_hand_linux_v4/ros2_source/install/bhand/bin'
[1.067s] INFO:colcon.colcon_core.shell:Creating package script '/home/fzc/allegro_hand_linux_v4/ros2_source/install/bhand/share/bhand/package.ps1'
[1.067s] INFO:colcon.colcon_core.shell:Creating package descriptor '/home/fzc/allegro_hand_linux_v4/ros2_source/install/bhand/share/bhand/package.dsv'
[1.068s] INFO:colcon.colcon_core.shell:Creating package script '/home/fzc/allegro_hand_linux_v4/ros2_source/install/bhand/share/bhand/package.sh'
[1.069s] INFO:colcon.colcon_core.shell:Creating package script '/home/fzc/allegro_hand_linux_v4/ros2_source/install/bhand/share/bhand/package.bash'
[1.070s] INFO:colcon.colcon_core.shell:Creating package script '/home/fzc/allegro_hand_linux_v4/ros2_source/install/bhand/share/bhand/package.zsh'
[1.071s] Level 1:colcon.colcon_core.environment:create_file_with_runtime_dependencies(/home/fzc/allegro_hand_linux_v4/ros2_source/install/bhand/share/colcon-core/packages/bhand)
[1.073s] Level 1:colcon.colcon_core.environment:create_environment_scripts_only(allegro_hand_description)
[1.073s] Level 1:colcon.colcon_core.environment:checking '/home/fzc/allegro_hand_linux_v4/ros2_source/install/allegro_hand_description' for CMake module files
[1.075s] DEBUG:colcon.colcon_core.event_handler.log_command:Invoked command in '/home/fzc/allegro_hand_linux_v4/ros2_source/build/allegro_hand_description' returned '0': CMAKE_PREFIX_PATH=${CMAKE_PREFIX_PATH}:/home/fzc/allegro_hand_linux_v4/ros2_source/install/mediapipe_test:/home/fzc/allegro_hand_linux_v4/ros2_source/install/test_topic:/home/fzc/allegro_hand_linux_v4/ros2_source/install/allegro_mediapipe_follow:/opt/ros/humble CONDA_PROMPT_MODIFIER=(hand) /usr/bin/cmake --install /home/fzc/allegro_hand_linux_v4/ros2_source/build/allegro_hand_description
[1.076s] Level 1:colcon.colcon_core.environment:checking '/home/fzc/allegro_hand_linux_v4/ros2_source/install/allegro_hand_description' for CMake config files
[1.076s] Level 1:colcon.colcon_core.shell:create_environment_hook('allegro_hand_description', 'cmake_prefix_path')
[1.076s] INFO:colcon.colcon_core.shell:Creating environment hook '/home/fzc/allegro_hand_linux_v4/ros2_source/install/allegro_hand_description/share/allegro_hand_description/hook/cmake_prefix_path.ps1'
[1.077s] INFO:colcon.colcon_core.shell:Creating environment descriptor '/home/fzc/allegro_hand_linux_v4/ros2_source/install/allegro_hand_description/share/allegro_hand_description/hook/cmake_prefix_path.dsv'
[1.077s] INFO:colcon.colcon_core.shell:Creating environment hook '/home/fzc/allegro_hand_linux_v4/ros2_source/install/allegro_hand_description/share/allegro_hand_description/hook/cmake_prefix_path.sh'
[1.078s] Level 1:colcon.colcon_core.environment:checking '/home/fzc/allegro_hand_linux_v4/ros2_source/install/allegro_hand_description/bin'
[1.079s] Level 1:colcon.colcon_core.environment:checking '/home/fzc/allegro_hand_linux_v4/ros2_source/install/allegro_hand_description/lib/pkgconfig/allegro_hand_description.pc'
[1.080s] Level 1:colcon.colcon_core.environment:checking '/home/fzc/allegro_hand_linux_v4/ros2_source/install/allegro_hand_description/lib/python3.10/site-packages'
[1.080s] Level 1:colcon.colcon_core.environment:checking '/home/fzc/allegro_hand_linux_v4/ros2_source/install/allegro_hand_description/bin'
[1.081s] INFO:colcon.colcon_core.shell:Creating package script '/home/fzc/allegro_hand_linux_v4/ros2_source/install/allegro_hand_description/share/allegro_hand_description/package.ps1'
[1.082s] INFO:colcon.colcon_core.shell:Creating package descriptor '/home/fzc/allegro_hand_linux_v4/ros2_source/install/allegro_hand_description/share/allegro_hand_description/package.dsv'
[1.083s] INFO:colcon.colcon_core.shell:Creating package script '/home/fzc/allegro_hand_linux_v4/ros2_source/install/allegro_hand_description/share/allegro_hand_description/package.sh'
[1.083s] INFO:colcon.colcon_core.shell:Creating package script '/home/fzc/allegro_hand_linux_v4/ros2_source/install/allegro_hand_description/share/allegro_hand_description/package.bash'
[1.084s] INFO:colcon.colcon_core.shell:Creating package script '/home/fzc/allegro_hand_linux_v4/ros2_source/install/allegro_hand_description/share/allegro_hand_description/package.zsh'
[1.084s] Level 1:colcon.colcon_core.environment:create_file_with_runtime_dependencies(/home/fzc/allegro_hand_linux_v4/ros2_source/install/allegro_hand_description/share/colcon-core/packages/allegro_hand_description)
[1.085s] Level 1:colcon.colcon_core.environment:create_environment_scripts_only(allegro_hand_description)
[1.085s] Level 1:colcon.colcon_core.environment:checking '/home/fzc/allegro_hand_linux_v4/ros2_source/install/allegro_hand_description' for CMake module files
[1.086s] Level 1:colcon.colcon_core.environment:checking '/home/fzc/allegro_hand_linux_v4/ros2_source/install/allegro_hand_description' for CMake config files
[1.086s] Level 1:colcon.colcon_core.shell:create_environment_hook('allegro_hand_description', 'cmake_prefix_path')
[1.087s] INFO:colcon.colcon_core.shell:Creating environment hook '/home/fzc/allegro_hand_linux_v4/ros2_source/install/allegro_hand_description/share/allegro_hand_description/hook/cmake_prefix_path.ps1'
[1.089s] INFO:colcon.colcon_core.shell:Creating environment descriptor '/home/fzc/allegro_hand_linux_v4/ros2_source/install/allegro_hand_description/share/allegro_hand_description/hook/cmake_prefix_path.dsv'
[1.090s] INFO:colcon.colcon_core.shell:Creating environment hook '/home/fzc/allegro_hand_linux_v4/ros2_source/install/allegro_hand_description/share/allegro_hand_description/hook/cmake_prefix_path.sh'
[1.091s] Level 1:colcon.colcon_core.environment:checking '/home/fzc/allegro_hand_linux_v4/ros2_source/install/allegro_hand_description/bin'
[1.091s] Level 1:colcon.colcon_core.environment:checking '/home/fzc/allegro_hand_linux_v4/ros2_source/install/allegro_hand_description/lib/pkgconfig/allegro_hand_description.pc'
[1.092s] Level 1:colcon.colcon_core.environment:checking '/home/fzc/allegro_hand_linux_v4/ros2_source/install/allegro_hand_description/lib/python3.10/site-packages'
[1.092s] Level 1:colcon.colcon_core.environment:checking '/home/fzc/allegro_hand_linux_v4/ros2_source/install/allegro_hand_description/bin'
[1.093s] INFO:colcon.colcon_core.shell:Creating package script '/home/fzc/allegro_hand_linux_v4/ros2_source/install/allegro_hand_description/share/allegro_hand_description/package.ps1'
[1.094s] INFO:colcon.colcon_core.shell:Creating package descriptor '/home/fzc/allegro_hand_linux_v4/ros2_source/install/allegro_hand_description/share/allegro_hand_description/package.dsv'
[1.095s] INFO:colcon.colcon_core.shell:Creating package script '/home/fzc/allegro_hand_linux_v4/ros2_source/install/allegro_hand_description/share/allegro_hand_description/package.sh'
[1.095s] INFO:colcon.colcon_core.shell:Creating package script '/home/fzc/allegro_hand_linux_v4/ros2_source/install/allegro_hand_description/share/allegro_hand_description/package.bash'
[1.096s] INFO:colcon.colcon_core.shell:Creating package script '/home/fzc/allegro_hand_linux_v4/ros2_source/install/allegro_hand_description/share/allegro_hand_description/package.zsh'
[1.096s] Level 1:colcon.colcon_core.environment:create_file_with_runtime_dependencies(/home/fzc/allegro_hand_linux_v4/ros2_source/install/allegro_hand_description/share/colcon-core/packages/allegro_hand_description)
[1.096s] Level 1:colcon.colcon_core.environment:create_environment_scripts_only(allegro_hand_parameters)
[1.097s] Level 1:colcon.colcon_core.environment:checking '/home/fzc/allegro_hand_linux_v4/ros2_source/install/allegro_hand_parameters' for CMake module files
[1.099s] Level 1:colcon.colcon_core.environment:checking '/home/fzc/allegro_hand_linux_v4/ros2_source/install/allegro_hand_parameters' for CMake config files
[1.099s] DEBUG:colcon.colcon_core.event_handler.log_command:Invoked command in '/home/fzc/allegro_hand_linux_v4/ros2_source/build/allegro_hand_parameters' returned '0': CMAKE_PREFIX_PATH=${CMAKE_PREFIX_PATH}:/home/fzc/allegro_hand_linux_v4/ros2_source/install/mediapipe_test:/home/fzc/allegro_hand_linux_v4/ros2_source/install/test_topic:/home/fzc/allegro_hand_linux_v4/ros2_source/install/allegro_mediapipe_follow:/opt/ros/humble CONDA_PROMPT_MODIFIER=(hand) /usr/bin/cmake --install /home/fzc/allegro_hand_linux_v4/ros2_source/build/allegro_hand_parameters
[1.100s] Level 1:colcon.colcon_core.shell:create_environment_hook('allegro_hand_parameters', 'cmake_prefix_path')
[1.100s] INFO:colcon.colcon_core.shell:Creating environment hook '/home/fzc/allegro_hand_linux_v4/ros2_source/install/allegro_hand_parameters/share/allegro_hand_parameters/hook/cmake_prefix_path.ps1'
[1.100s] INFO:colcon.colcon_core.shell:Creating environment descriptor '/home/fzc/allegro_hand_linux_v4/ros2_source/install/allegro_hand_parameters/share/allegro_hand_parameters/hook/cmake_prefix_path.dsv'
[1.101s] INFO:colcon.colcon_core.shell:Creating environment hook '/home/fzc/allegro_hand_linux_v4/ros2_source/install/allegro_hand_parameters/share/allegro_hand_parameters/hook/cmake_prefix_path.sh'
[1.102s] Level 1:colcon.colcon_core.environment:checking '/home/fzc/allegro_hand_linux_v4/ros2_source/install/allegro_hand_parameters/bin'
[1.103s] Level 1:colcon.colcon_core.environment:checking '/home/fzc/allegro_hand_linux_v4/ros2_source/install/allegro_hand_parameters/lib/pkgconfig/allegro_hand_parameters.pc'
[1.103s] Level 1:colcon.colcon_core.environment:checking '/home/fzc/allegro_hand_linux_v4/ros2_source/install/allegro_hand_parameters/lib/python3.10/site-packages'
[1.104s] Level 1:colcon.colcon_core.environment:checking '/home/fzc/allegro_hand_linux_v4/ros2_source/install/allegro_hand_parameters/bin'
[1.105s] INFO:colcon.colcon_core.shell:Creating package script '/home/fzc/allegro_hand_linux_v4/ros2_source/install/allegro_hand_parameters/share/allegro_hand_parameters/package.ps1'
[1.106s] INFO:colcon.colcon_core.shell:Creating package descriptor '/home/fzc/allegro_hand_linux_v4/ros2_source/install/allegro_hand_parameters/share/allegro_hand_parameters/package.dsv'
[1.107s] INFO:colcon.colcon_core.shell:Creating package script '/home/fzc/allegro_hand_linux_v4/ros2_source/install/allegro_hand_parameters/share/allegro_hand_parameters/package.sh'
[1.108s] INFO:colcon.colcon_core.shell:Creating package script '/home/fzc/allegro_hand_linux_v4/ros2_source/install/allegro_hand_parameters/share/allegro_hand_parameters/package.bash'
[1.108s] INFO:colcon.colcon_core.shell:Creating package script '/home/fzc/allegro_hand_linux_v4/ros2_source/install/allegro_hand_parameters/share/allegro_hand_parameters/package.zsh'
[1.109s] Level 1:colcon.colcon_core.environment:create_file_with_runtime_dependencies(/home/fzc/allegro_hand_linux_v4/ros2_source/install/allegro_hand_parameters/share/colcon-core/packages/allegro_hand_parameters)
[1.111s] Level 1:colcon.colcon_core.environment:create_environment_scripts_only(allegro_hand_parameters)
[1.111s] Level 1:colcon.colcon_core.environment:checking '/home/fzc/allegro_hand_linux_v4/ros2_source/install/allegro_hand_parameters' for CMake module files
[1.112s] Level 1:colcon.colcon_core.environment:checking '/home/fzc/allegro_hand_linux_v4/ros2_source/install/allegro_hand_parameters' for CMake config files
[1.112s] Level 1:colcon.colcon_core.shell:create_environment_hook('allegro_hand_parameters', 'cmake_prefix_path')
[1.112s] INFO:colcon.colcon_core.shell:Creating environment hook '/home/fzc/allegro_hand_linux_v4/ros2_source/install/allegro_hand_parameters/share/allegro_hand_parameters/hook/cmake_prefix_path.ps1'
[1.113s] INFO:colcon.colcon_core.shell:Creating environment descriptor '/home/fzc/allegro_hand_linux_v4/ros2_source/install/allegro_hand_parameters/share/allegro_hand_parameters/hook/cmake_prefix_path.dsv'
[1.115s] INFO:colcon.colcon_core.shell:Creating environment hook '/home/fzc/allegro_hand_linux_v4/ros2_source/install/allegro_hand_parameters/share/allegro_hand_parameters/hook/cmake_prefix_path.sh'
[1.116s] Level 1:colcon.colcon_core.environment:checking '/home/fzc/allegro_hand_linux_v4/ros2_source/install/allegro_hand_parameters/bin'
[1.116s] Level 1:colcon.colcon_core.environment:checking '/home/fzc/allegro_hand_linux_v4/ros2_source/install/allegro_hand_parameters/lib/pkgconfig/allegro_hand_parameters.pc'
[1.116s] Level 1:colcon.colcon_core.environment:checking '/home/fzc/allegro_hand_linux_v4/ros2_source/install/allegro_hand_parameters/lib/python3.10/site-packages'
[1.117s] Level 1:colcon.colcon_core.environment:checking '/home/fzc/allegro_hand_linux_v4/ros2_source/install/allegro_hand_parameters/bin'
[1.117s] INFO:colcon.colcon_core.shell:Creating package script '/home/fzc/allegro_hand_linux_v4/ros2_source/install/allegro_hand_parameters/share/allegro_hand_parameters/package.ps1'
[1.118s] INFO:colcon.colcon_core.shell:Creating package descriptor '/home/fzc/allegro_hand_linux_v4/ros2_source/install/allegro_hand_parameters/share/allegro_hand_parameters/package.dsv'
[1.120s] INFO:colcon.colcon_core.shell:Creating package script '/home/fzc/allegro_hand_linux_v4/ros2_source/install/allegro_hand_parameters/share/allegro_hand_parameters/package.sh'
[1.121s] INFO:colcon.colcon_core.shell:Creating package script '/home/fzc/allegro_hand_linux_v4/ros2_source/install/allegro_hand_parameters/share/allegro_hand_parameters/package.bash'
[1.122s] INFO:colcon.colcon_core.shell:Creating package script '/home/fzc/allegro_hand_linux_v4/ros2_source/install/allegro_hand_parameters/share/allegro_hand_parameters/package.zsh'
[1.122s] Level 1:colcon.colcon_core.environment:create_file_with_runtime_dependencies(/home/fzc/allegro_hand_linux_v4/ros2_source/install/allegro_hand_parameters/share/colcon-core/packages/allegro_hand_parameters)
[1.123s] Level 1:colcon.colcon_core.environment:create_environment_scripts_only(allegro_hand_driver)
[1.124s] Level 1:colcon.colcon_core.environment:checking '/home/fzc/allegro_hand_linux_v4/ros2_source/install/allegro_hand_driver' for CMake module files
[1.125s] DEBUG:colcon.colcon_core.event_handler.log_command:Invoked command in '/home/fzc/allegro_hand_linux_v4/ros2_source/build/allegro_hand_driver' returned '0': CMAKE_PREFIX_PATH=${CMAKE_PREFIX_PATH}:/home/fzc/allegro_hand_linux_v4/ros2_source/install/mediapipe_test:/home/fzc/allegro_hand_linux_v4/ros2_source/install/test_topic:/home/fzc/allegro_hand_linux_v4/ros2_source/install/allegro_mediapipe_follow:/opt/ros/humble CONDA_PROMPT_MODIFIER=(hand) /usr/bin/cmake --install /home/fzc/allegro_hand_linux_v4/ros2_source/build/allegro_hand_driver
[1.126s] Level 1:colcon.colcon_core.environment:checking '/home/fzc/allegro_hand_linux_v4/ros2_source/install/allegro_hand_driver' for CMake config files
[1.126s] Level 1:colcon.colcon_core.shell:create_environment_hook('allegro_hand_driver', 'cmake_prefix_path')
[1.127s] INFO:colcon.colcon_core.shell:Creating environment hook '/home/fzc/allegro_hand_linux_v4/ros2_source/install/allegro_hand_driver/share/allegro_hand_driver/hook/cmake_prefix_path.ps1'
[1.128s] INFO:colcon.colcon_core.shell:Creating environment descriptor '/home/fzc/allegro_hand_linux_v4/ros2_source/install/allegro_hand_driver/share/allegro_hand_driver/hook/cmake_prefix_path.dsv'
[1.129s] INFO:colcon.colcon_core.shell:Creating environment hook '/home/fzc/allegro_hand_linux_v4/ros2_source/install/allegro_hand_driver/share/allegro_hand_driver/hook/cmake_prefix_path.sh'
[1.130s] Level 1:colcon.colcon_core.environment:checking '/home/fzc/allegro_hand_linux_v4/ros2_source/install/allegro_hand_driver/lib'
[1.130s] Level 1:colcon.colcon_core.environment:checking '/home/fzc/allegro_hand_linux_v4/ros2_source/install/allegro_hand_driver/bin'
[1.130s] Level 1:colcon.colcon_core.environment:checking '/home/fzc/allegro_hand_linux_v4/ros2_source/install/allegro_hand_driver/lib/pkgconfig/allegro_hand_driver.pc'
[1.130s] Level 1:colcon.colcon_core.environment:checking '/home/fzc/allegro_hand_linux_v4/ros2_source/install/allegro_hand_driver/lib/python3.10/site-packages'
[1.131s] Level 1:colcon.colcon_core.environment:checking '/home/fzc/allegro_hand_linux_v4/ros2_source/install/allegro_hand_driver/bin'
[1.131s] INFO:colcon.colcon_core.shell:Creating package script '/home/fzc/allegro_hand_linux_v4/ros2_source/install/allegro_hand_driver/share/allegro_hand_driver/package.ps1'
[1.132s] INFO:colcon.colcon_core.shell:Creating package descriptor '/home/fzc/allegro_hand_linux_v4/ros2_source/install/allegro_hand_driver/share/allegro_hand_driver/package.dsv'
[1.133s] INFO:colcon.colcon_core.shell:Creating package script '/home/fzc/allegro_hand_linux_v4/ros2_source/install/allegro_hand_driver/share/allegro_hand_driver/package.sh'
[1.134s] INFO:colcon.colcon_core.shell:Creating package script '/home/fzc/allegro_hand_linux_v4/ros2_source/install/allegro_hand_driver/share/allegro_hand_driver/package.bash'
[1.134s] INFO:colcon.colcon_core.shell:Creating package script '/home/fzc/allegro_hand_linux_v4/ros2_source/install/allegro_hand_driver/share/allegro_hand_driver/package.zsh'
[1.135s] Level 1:colcon.colcon_core.environment:create_file_with_runtime_dependencies(/home/fzc/allegro_hand_linux_v4/ros2_source/install/allegro_hand_driver/share/colcon-core/packages/allegro_hand_driver)
[1.136s] Level 1:colcon.colcon_core.environment:create_environment_scripts_only(allegro_hand_driver)
[1.136s] Level 1:colcon.colcon_core.environment:checking '/home/fzc/allegro_hand_linux_v4/ros2_source/install/allegro_hand_driver' for CMake module files
[1.138s] Level 1:colcon.colcon_core.environment:checking '/home/fzc/allegro_hand_linux_v4/ros2_source/install/allegro_hand_driver' for CMake config files
[1.139s] Level 1:colcon.colcon_core.shell:create_environment_hook('allegro_hand_driver', 'cmake_prefix_path')
[1.139s] INFO:colcon.colcon_core.shell:Creating environment hook '/home/fzc/allegro_hand_linux_v4/ros2_source/install/allegro_hand_driver/share/allegro_hand_driver/hook/cmake_prefix_path.ps1'
[1.140s] INFO:colcon.colcon_core.shell:Creating environment descriptor '/home/fzc/allegro_hand_linux_v4/ros2_source/install/allegro_hand_driver/share/allegro_hand_driver/hook/cmake_prefix_path.dsv'
[1.140s] INFO:colcon.colcon_core.shell:Creating environment hook '/home/fzc/allegro_hand_linux_v4/ros2_source/install/allegro_hand_driver/share/allegro_hand_driver/hook/cmake_prefix_path.sh'
[1.141s] Level 1:colcon.colcon_core.environment:checking '/home/fzc/allegro_hand_linux_v4/ros2_source/install/allegro_hand_driver/lib'
[1.142s] Level 1:colcon.colcon_core.environment:checking '/home/fzc/allegro_hand_linux_v4/ros2_source/install/allegro_hand_driver/bin'
[1.142s] Level 1:colcon.colcon_core.environment:checking '/home/fzc/allegro_hand_linux_v4/ros2_source/install/allegro_hand_driver/lib/pkgconfig/allegro_hand_driver.pc'
[1.143s] Level 1:colcon.colcon_core.environment:checking '/home/fzc/allegro_hand_linux_v4/ros2_source/install/allegro_hand_driver/lib/python3.10/site-packages'
[1.143s] Level 1:colcon.colcon_core.environment:checking '/home/fzc/allegro_hand_linux_v4/ros2_source/install/allegro_hand_driver/bin'
[1.144s] INFO:colcon.colcon_core.shell:Creating package script '/home/fzc/allegro_hand_linux_v4/ros2_source/install/allegro_hand_driver/share/allegro_hand_driver/package.ps1'
[1.145s] INFO:colcon.colcon_core.shell:Creating package descriptor '/home/fzc/allegro_hand_linux_v4/ros2_source/install/allegro_hand_driver/share/allegro_hand_driver/package.dsv'
[1.146s] INFO:colcon.colcon_core.shell:Creating package script '/home/fzc/allegro_hand_linux_v4/ros2_source/install/allegro_hand_driver/share/allegro_hand_driver/package.sh'
[1.148s] INFO:colcon.colcon_core.shell:Creating package script '/home/fzc/allegro_hand_linux_v4/ros2_source/install/allegro_hand_driver/share/allegro_hand_driver/package.bash'
[1.149s] INFO:colcon.colcon_core.shell:Creating package script '/home/fzc/allegro_hand_linux_v4/ros2_source/install/allegro_hand_driver/share/allegro_hand_driver/package.zsh'
[1.149s] Level 1:colcon.colcon_core.environment:create_file_with_runtime_dependencies(/home/fzc/allegro_hand_linux_v4/ros2_source/install/allegro_hand_driver/share/colcon-core/packages/allegro_hand_driver)
[1.150s] INFO:colcon.colcon_ros.task.ament_cmake.build:Building ROS package in '/home/fzc/allegro_hand_linux_v4/ros2_source/src/allegro_hand_controllers' with build type 'ament_cmake'
[1.150s] INFO:colcon.colcon_cmake.task.cmake.build:Building CMake package in '/home/fzc/allegro_hand_linux_v4/ros2_source/src/allegro_hand_controllers'
[1.150s] INFO:colcon.colcon_core.shell:Skip shell extension 'powershell' for command environment: Not usable outside of PowerShell
[1.150s] DEBUG:colcon.colcon_core.shell:Skip shell extension 'dsv' for command environment
[1.159s] INFO:colcon.colcon_ros.task.ament_cmake.build:Building ROS package in '/home/fzc/allegro_hand_linux_v4/ros2_source/src/allegro_hand_keyboards' with build type 'ament_cmake'
[1.159s] INFO:colcon.colcon_cmake.task.cmake.build:Building CMake package in '/home/fzc/allegro_hand_linux_v4/ros2_source/src/allegro_hand_keyboards'
[1.159s] INFO:colcon.colcon_core.shell:Skip shell extension 'powershell' for command environment: Not usable outside of PowerShell
[1.160s] DEBUG:colcon.colcon_core.shell:Skip shell extension 'dsv' for command environment
[1.179s] DEBUG:colcon.colcon_core.event_handler.log_command:Invoking command in '/home/fzc/allegro_hand_linux_v4/ros2_source/build/allegro_hand_controllers': CMAKE_PREFIX_PATH=/home/fzc/allegro_hand_linux_v4/ros2_source/install/bhand:/home/fzc/allegro_hand_linux_v4/ros2_source/install/allegro_hand_driver:/home/fzc/allegro_hand_linux_v4/ros2_source/install/allegro_hand_controllers:/home/fzc/allegro_hand_linux_v4/ros2_source/install/allegro_hand_parameters:/home/fzc/allegro_hand_linux_v4/ros2_source/install/allegro_hand_keyboards:/home/fzc/allegro_hand_linux_v4/ros2_source/install/allegro_hand_description:/home/fzc/allegro_hand_linux_v4/ros2_source/install/mediapipe_test:/home/fzc/allegro_hand_linux_v4/ros2_source/install/test_topic:/home/fzc/allegro_hand_linux_v4/ros2_source/install/allegro_mediapipe_follow:/opt/ros/humble CONDA_PROMPT_MODIFIER=(hand) /usr/bin/cmake --build /home/fzc/allegro_hand_linux_v4/ros2_source/build/allegro_hand_controllers -- -j8 -l8
[1.187s] DEBUG:colcon.colcon_core.event_handler.log_command:Invoking command in '/home/fzc/allegro_hand_linux_v4/ros2_source/build/allegro_hand_keyboards': CMAKE_PREFIX_PATH=/home/fzc/allegro_hand_linux_v4/ros2_source/install/allegro_hand_driver:/home/fzc/allegro_hand_linux_v4/ros2_source/install/allegro_hand_controllers:/home/fzc/allegro_hand_linux_v4/ros2_source/install/bhand:/home/fzc/allegro_hand_linux_v4/ros2_source/install/allegro_hand_parameters:/home/fzc/allegro_hand_linux_v4/ros2_source/install/allegro_hand_keyboards:/home/fzc/allegro_hand_linux_v4/ros2_source/install/allegro_hand_description:/home/fzc/allegro_hand_linux_v4/ros2_source/install/mediapipe_test:/home/fzc/allegro_hand_linux_v4/ros2_source/install/test_topic:/home/fzc/allegro_hand_linux_v4/ros2_source/install/allegro_mediapipe_follow:/opt/ros/humble CONDA_PROMPT_MODIFIER=(hand) /usr/bin/cmake --build /home/fzc/allegro_hand_linux_v4/ros2_source/build/allegro_hand_keyboards -- -j8 -l8
[1.283s] DEBUG:colcon.colcon_core.event_handler.log_command:Invoked command in '/home/fzc/allegro_hand_linux_v4/ros2_source/build/allegro_hand_keyboards' returned '0': CMAKE_PREFIX_PATH=/home/fzc/allegro_hand_linux_v4/ros2_source/install/allegro_hand_driver:/home/fzc/allegro_hand_linux_v4/ros2_source/install/allegro_hand_controllers:/home/fzc/allegro_hand_linux_v4/ros2_source/install/bhand:/home/fzc/allegro_hand_linux_v4/ros2_source/install/allegro_hand_parameters:/home/fzc/allegro_hand_linux_v4/ros2_source/install/allegro_hand_keyboards:/home/fzc/allegro_hand_linux_v4/ros2_source/install/allegro_hand_description:/home/fzc/allegro_hand_linux_v4/ros2_source/install/mediapipe_test:/home/fzc/allegro_hand_linux_v4/ros2_source/install/test_topic:/home/fzc/allegro_hand_linux_v4/ros2_source/install/allegro_mediapipe_follow:/opt/ros/humble CONDA_PROMPT_MODIFIER=(hand) /usr/bin/cmake --build /home/fzc/allegro_hand_linux_v4/ros2_source/build/allegro_hand_keyboards -- -j8 -l8
[1.286s] DEBUG:colcon.colcon_core.event_handler.log_command:Invoking command in '/home/fzc/allegro_hand_linux_v4/ros2_source/build/allegro_hand_keyboards': CMAKE_PREFIX_PATH=/home/fzc/allegro_hand_linux_v4/ros2_source/install/allegro_hand_driver:/home/fzc/allegro_hand_linux_v4/ros2_source/install/allegro_hand_controllers:/home/fzc/allegro_hand_linux_v4/ros2_source/install/bhand:/home/fzc/allegro_hand_linux_v4/ros2_source/install/allegro_hand_parameters:/home/fzc/allegro_hand_linux_v4/ros2_source/install/allegro_hand_keyboards:/home/fzc/allegro_hand_linux_v4/ros2_source/install/allegro_hand_description:/home/fzc/allegro_hand_linux_v4/ros2_source/install/mediapipe_test:/home/fzc/allegro_hand_linux_v4/ros2_source/install/test_topic:/home/fzc/allegro_hand_linux_v4/ros2_source/install/allegro_mediapipe_follow:/opt/ros/humble CONDA_PROMPT_MODIFIER=(hand) /usr/bin/cmake --install /home/fzc/allegro_hand_linux_v4/ros2_source/build/allegro_hand_keyboards
[1.302s] Level 1:colcon.colcon_core.environment:create_environment_scripts_only(allegro_hand_keyboards)
[1.303s] Level 1:colcon.colcon_core.environment:checking '/home/fzc/allegro_hand_linux_v4/ros2_source/install/allegro_hand_keyboards' for CMake module files
[1.304s] Level 1:colcon.colcon_core.environment:checking '/home/fzc/allegro_hand_linux_v4/ros2_source/install/allegro_hand_keyboards' for CMake config files
[1.305s] Level 1:colcon.colcon_core.shell:create_environment_hook('allegro_hand_keyboards', 'cmake_prefix_path')
[1.305s] INFO:colcon.colcon_core.shell:Creating environment hook '/home/fzc/allegro_hand_linux_v4/ros2_source/install/allegro_hand_keyboards/share/allegro_hand_keyboards/hook/cmake_prefix_path.ps1'
[1.306s] INFO:colcon.colcon_core.shell:Creating environment descriptor '/home/fzc/allegro_hand_linux_v4/ros2_source/install/allegro_hand_keyboards/share/allegro_hand_keyboards/hook/cmake_prefix_path.dsv'
[1.307s] INFO:colcon.colcon_core.shell:Creating environment hook '/home/fzc/allegro_hand_linux_v4/ros2_source/install/allegro_hand_keyboards/share/allegro_hand_keyboards/hook/cmake_prefix_path.sh'
[1.308s] DEBUG:colcon.colcon_core.event_handler.log_command:Invoked command in '/home/fzc/allegro_hand_linux_v4/ros2_source/build/allegro_hand_keyboards' returned '0': CMAKE_PREFIX_PATH=/home/fzc/allegro_hand_linux_v4/ros2_source/install/allegro_hand_driver:/home/fzc/allegro_hand_linux_v4/ros2_source/install/allegro_hand_controllers:/home/fzc/allegro_hand_linux_v4/ros2_source/install/bhand:/home/fzc/allegro_hand_linux_v4/ros2_source/install/allegro_hand_parameters:/home/fzc/allegro_hand_linux_v4/ros2_source/install/allegro_hand_keyboards:/home/fzc/allegro_hand_linux_v4/ros2_source/install/allegro_hand_description:/home/fzc/allegro_hand_linux_v4/ros2_source/install/mediapipe_test:/home/fzc/allegro_hand_linux_v4/ros2_source/install/test_topic:/home/fzc/allegro_hand_linux_v4/ros2_source/install/allegro_mediapipe_follow:/opt/ros/humble CONDA_PROMPT_MODIFIER=(hand) /usr/bin/cmake --install /home/fzc/allegro_hand_linux_v4/ros2_source/build/allegro_hand_keyboards
[1.310s] Level 1:colcon.colcon_core.environment:checking '/home/fzc/allegro_hand_linux_v4/ros2_source/install/allegro_hand_keyboards/lib'
[1.311s] Level 1:colcon.colcon_core.environment:checking '/home/fzc/allegro_hand_linux_v4/ros2_source/install/allegro_hand_keyboards/bin'
[1.311s] Level 1:colcon.colcon_core.environment:checking '/home/fzc/allegro_hand_linux_v4/ros2_source/install/allegro_hand_keyboards/lib/pkgconfig/allegro_hand_keyboards.pc'
[1.311s] Level 1:colcon.colcon_core.environment:checking '/home/fzc/allegro_hand_linux_v4/ros2_source/install/allegro_hand_keyboards/lib/python3.10/site-packages'
[1.312s] Level 1:colcon.colcon_core.environment:checking '/home/fzc/allegro_hand_linux_v4/ros2_source/install/allegro_hand_keyboards/bin'
[1.313s] INFO:colcon.colcon_core.shell:Creating package script '/home/fzc/allegro_hand_linux_v4/ros2_source/install/allegro_hand_keyboards/share/allegro_hand_keyboards/package.ps1'
[1.314s] INFO:colcon.colcon_core.shell:Creating package descriptor '/home/fzc/allegro_hand_linux_v4/ros2_source/install/allegro_hand_keyboards/share/allegro_hand_keyboards/package.dsv'
[1.315s] INFO:colcon.colcon_core.shell:Creating package script '/home/fzc/allegro_hand_linux_v4/ros2_source/install/allegro_hand_keyboards/share/allegro_hand_keyboards/package.sh'
[1.316s] INFO:colcon.colcon_core.shell:Creating package script '/home/fzc/allegro_hand_linux_v4/ros2_source/install/allegro_hand_keyboards/share/allegro_hand_keyboards/package.bash'
[1.317s] INFO:colcon.colcon_core.shell:Creating package script '/home/fzc/allegro_hand_linux_v4/ros2_source/install/allegro_hand_keyboards/share/allegro_hand_keyboards/package.zsh'
[1.317s] Level 1:colcon.colcon_core.environment:create_file_with_runtime_dependencies(/home/fzc/allegro_hand_linux_v4/ros2_source/install/allegro_hand_keyboards/share/colcon-core/packages/allegro_hand_keyboards)
[1.318s] Level 1:colcon.colcon_core.environment:create_environment_scripts_only(allegro_hand_keyboards)
[1.319s] Level 1:colcon.colcon_core.environment:checking '/home/fzc/allegro_hand_linux_v4/ros2_source/install/allegro_hand_keyboards' for CMake module files
[1.320s] Level 1:colcon.colcon_core.environment:checking '/home/fzc/allegro_hand_linux_v4/ros2_source/install/allegro_hand_keyboards' for CMake config files
[1.321s] Level 1:colcon.colcon_core.shell:create_environment_hook('allegro_hand_keyboards', 'cmake_prefix_path')
[1.321s] INFO:colcon.colcon_core.shell:Creating environment hook '/home/fzc/allegro_hand_linux_v4/ros2_source/install/allegro_hand_keyboards/share/allegro_hand_keyboards/hook/cmake_prefix_path.ps1'
[1.322s] INFO:colcon.colcon_core.shell:Creating environment descriptor '/home/fzc/allegro_hand_linux_v4/ros2_source/install/allegro_hand_keyboards/share/allegro_hand_keyboards/hook/cmake_prefix_path.dsv'
[1.323s] INFO:colcon.colcon_core.shell:Creating environment hook '/home/fzc/allegro_hand_linux_v4/ros2_source/install/allegro_hand_keyboards/share/allegro_hand_keyboards/hook/cmake_prefix_path.sh'
[1.324s] Level 1:colcon.colcon_core.environment:checking '/home/fzc/allegro_hand_linux_v4/ros2_source/install/allegro_hand_keyboards/lib'
[1.325s] Level 1:colcon.colcon_core.environment:checking '/home/fzc/allegro_hand_linux_v4/ros2_source/install/allegro_hand_keyboards/bin'
[1.325s] Level 1:colcon.colcon_core.environment:checking '/home/fzc/allegro_hand_linux_v4/ros2_source/install/allegro_hand_keyboards/lib/pkgconfig/allegro_hand_keyboards.pc'
[1.326s] Level 1:colcon.colcon_core.environment:checking '/home/fzc/allegro_hand_linux_v4/ros2_source/install/allegro_hand_keyboards/lib/python3.10/site-packages'
[1.327s] Level 1:colcon.colcon_core.environment:checking '/home/fzc/allegro_hand_linux_v4/ros2_source/install/allegro_hand_keyboards/bin'
[1.327s] INFO:colcon.colcon_core.shell:Creating package script '/home/fzc/allegro_hand_linux_v4/ros2_source/install/allegro_hand_keyboards/share/allegro_hand_keyboards/package.ps1'
[1.328s] INFO:colcon.colcon_core.shell:Creating package descriptor '/home/fzc/allegro_hand_linux_v4/ros2_source/install/allegro_hand_keyboards/share/allegro_hand_keyboards/package.dsv'
[1.329s] INFO:colcon.colcon_core.shell:Creating package script '/home/fzc/allegro_hand_linux_v4/ros2_source/install/allegro_hand_keyboards/share/allegro_hand_keyboards/package.sh'
[1.331s] INFO:colcon.colcon_core.shell:Creating package script '/home/fzc/allegro_hand_linux_v4/ros2_source/install/allegro_hand_keyboards/share/allegro_hand_keyboards/package.bash'
[1.332s] INFO:colcon.colcon_core.shell:Creating package script '/home/fzc/allegro_hand_linux_v4/ros2_source/install/allegro_hand_keyboards/share/allegro_hand_keyboards/package.zsh'
[1.333s] Level 1:colcon.colcon_core.environment:create_file_with_runtime_dependencies(/home/fzc/allegro_hand_linux_v4/ros2_source/install/allegro_hand_keyboards/share/colcon-core/packages/allegro_hand_keyboards)
[1.344s] DEBUG:colcon.colcon_core.event_handler.log_command:Invoked command in '/home/fzc/allegro_hand_linux_v4/ros2_source/build/allegro_hand_controllers' returned '0': CMAKE_PREFIX_PATH=/home/fzc/allegro_hand_linux_v4/ros2_source/install/bhand:/home/fzc/allegro_hand_linux_v4/ros2_source/install/allegro_hand_driver:/home/fzc/allegro_hand_linux_v4/ros2_source/install/allegro_hand_controllers:/home/fzc/allegro_hand_linux_v4/ros2_source/install/allegro_hand_parameters:/home/fzc/allegro_hand_linux_v4/ros2_source/install/allegro_hand_keyboards:/home/fzc/allegro_hand_linux_v4/ros2_source/install/allegro_hand_description:/home/fzc/allegro_hand_linux_v4/ros2_source/install/mediapipe_test:/home/fzc/allegro_hand_linux_v4/ros2_source/install/test_topic:/home/fzc/allegro_hand_linux_v4/ros2_source/install/allegro_mediapipe_follow:/opt/ros/humble CONDA_PROMPT_MODIFIER=(hand) /usr/bin/cmake --build /home/fzc/allegro_hand_linux_v4/ros2_source/build/allegro_hand_controllers -- -j8 -l8
[1.347s] DEBUG:colcon.colcon_core.event_handler.log_command:Invoking command in '/home/fzc/allegro_hand_linux_v4/ros2_source/build/allegro_hand_controllers': CMAKE_PREFIX_PATH=/home/fzc/allegro_hand_linux_v4/ros2_source/install/bhand:/home/fzc/allegro_hand_linux_v4/ros2_source/install/allegro_hand_driver:/home/fzc/allegro_hand_linux_v4/ros2_source/install/allegro_hand_controllers:/home/fzc/allegro_hand_linux_v4/ros2_source/install/allegro_hand_parameters:/home/fzc/allegro_hand_linux_v4/ros2_source/install/allegro_hand_keyboards:/home/fzc/allegro_hand_linux_v4/ros2_source/install/allegro_hand_description:/home/fzc/allegro_hand_linux_v4/ros2_source/install/mediapipe_test:/home/fzc/allegro_hand_linux_v4/ros2_source/install/test_topic:/home/fzc/allegro_hand_linux_v4/ros2_source/install/allegro_mediapipe_follow:/opt/ros/humble CONDA_PROMPT_MODIFIER=(hand) /usr/bin/cmake --install /home/fzc/allegro_hand_linux_v4/ros2_source/build/allegro_hand_controllers
[1.366s] Level 1:colcon.colcon_core.environment:create_environment_scripts_only(allegro_hand_controllers)
[1.367s] Level 1:colcon.colcon_core.environment:checking '/home/fzc/allegro_hand_linux_v4/ros2_source/install/allegro_hand_controllers' for CMake module files
[1.368s] DEBUG:colcon.colcon_core.event_handler.log_command:Invoked command in '/home/fzc/allegro_hand_linux_v4/ros2_source/build/allegro_hand_controllers' returned '0': CMAKE_PREFIX_PATH=/home/fzc/allegro_hand_linux_v4/ros2_source/install/bhand:/home/fzc/allegro_hand_linux_v4/ros2_source/install/allegro_hand_driver:/home/fzc/allegro_hand_linux_v4/ros2_source/install/allegro_hand_controllers:/home/fzc/allegro_hand_linux_v4/ros2_source/install/allegro_hand_parameters:/home/fzc/allegro_hand_linux_v4/ros2_source/install/allegro_hand_keyboards:/home/fzc/allegro_hand_linux_v4/ros2_source/install/allegro_hand_description:/home/fzc/allegro_hand_linux_v4/ros2_source/install/mediapipe_test:/home/fzc/allegro_hand_linux_v4/ros2_source/install/test_topic:/home/fzc/allegro_hand_linux_v4/ros2_source/install/allegro_mediapipe_follow:/opt/ros/humble CONDA_PROMPT_MODIFIER=(hand) /usr/bin/cmake --install /home/fzc/allegro_hand_linux_v4/ros2_source/build/allegro_hand_controllers
[1.369s] Level 1:colcon.colcon_core.environment:checking '/home/fzc/allegro_hand_linux_v4/ros2_source/install/allegro_hand_controllers' for CMake config files
[1.369s] Level 1:colcon.colcon_core.shell:create_environment_hook('allegro_hand_controllers', 'cmake_prefix_path')
[1.370s] INFO:colcon.colcon_core.shell:Creating environment hook '/home/fzc/allegro_hand_linux_v4/ros2_source/install/allegro_hand_controllers/share/allegro_hand_controllers/hook/cmake_prefix_path.ps1'
[1.371s] INFO:colcon.colcon_core.shell:Creating environment descriptor '/home/fzc/allegro_hand_linux_v4/ros2_source/install/allegro_hand_controllers/share/allegro_hand_controllers/hook/cmake_prefix_path.dsv'
[1.371s] INFO:colcon.colcon_core.shell:Creating environment hook '/home/fzc/allegro_hand_linux_v4/ros2_source/install/allegro_hand_controllers/share/allegro_hand_controllers/hook/cmake_prefix_path.sh'
[1.372s] Level 1:colcon.colcon_core.environment:checking '/home/fzc/allegro_hand_linux_v4/ros2_source/install/allegro_hand_controllers/lib'
[1.372s] Level 1:colcon.colcon_core.environment:checking '/home/fzc/allegro_hand_linux_v4/ros2_source/install/allegro_hand_controllers/bin'
[1.372s] Level 1:colcon.colcon_core.environment:checking '/home/fzc/allegro_hand_linux_v4/ros2_source/install/allegro_hand_controllers/lib/pkgconfig/allegro_hand_controllers.pc'
[1.373s] Level 1:colcon.colcon_core.environment:checking '/home/fzc/allegro_hand_linux_v4/ros2_source/install/allegro_hand_controllers/lib/python3.10/site-packages'
[1.373s] Level 1:colcon.colcon_core.environment:checking '/home/fzc/allegro_hand_linux_v4/ros2_source/install/allegro_hand_controllers/bin'
[1.374s] INFO:colcon.colcon_core.shell:Creating package script '/home/fzc/allegro_hand_linux_v4/ros2_source/install/allegro_hand_controllers/share/allegro_hand_controllers/package.ps1'
[1.374s] INFO:colcon.colcon_core.shell:Creating package descriptor '/home/fzc/allegro_hand_linux_v4/ros2_source/install/allegro_hand_controllers/share/allegro_hand_controllers/package.dsv'
[1.375s] INFO:colcon.colcon_core.shell:Creating package script '/home/fzc/allegro_hand_linux_v4/ros2_source/install/allegro_hand_controllers/share/allegro_hand_controllers/package.sh'
[1.376s] INFO:colcon.colcon_core.shell:Creating package script '/home/fzc/allegro_hand_linux_v4/ros2_source/install/allegro_hand_controllers/share/allegro_hand_controllers/package.bash'
[1.376s] INFO:colcon.colcon_core.shell:Creating package script '/home/fzc/allegro_hand_linux_v4/ros2_source/install/allegro_hand_controllers/share/allegro_hand_controllers/package.zsh'
[1.377s] Level 1:colcon.colcon_core.environment:create_file_with_runtime_dependencies(/home/fzc/allegro_hand_linux_v4/ros2_source/install/allegro_hand_controllers/share/colcon-core/packages/allegro_hand_controllers)
[1.377s] Level 1:colcon.colcon_core.environment:create_environment_scripts_only(allegro_hand_controllers)
[1.378s] Level 1:colcon.colcon_core.environment:checking '/home/fzc/allegro_hand_linux_v4/ros2_source/install/allegro_hand_controllers' for CMake module files
[1.378s] Level 1:colcon.colcon_core.environment:checking '/home/fzc/allegro_hand_linux_v4/ros2_source/install/allegro_hand_controllers' for CMake config files
[1.379s] Level 1:colcon.colcon_core.shell:create_environment_hook('allegro_hand_controllers', 'cmake_prefix_path')
[1.379s] INFO:colcon.colcon_core.shell:Creating environment hook '/home/fzc/allegro_hand_linux_v4/ros2_source/install/allegro_hand_controllers/share/allegro_hand_controllers/hook/cmake_prefix_path.ps1'
[1.381s] INFO:colcon.colcon_core.shell:Creating environment descriptor '/home/fzc/allegro_hand_linux_v4/ros2_source/install/allegro_hand_controllers/share/allegro_hand_controllers/hook/cmake_prefix_path.dsv'
[1.382s] INFO:colcon.colcon_core.shell:Creating environment hook '/home/fzc/allegro_hand_linux_v4/ros2_source/install/allegro_hand_controllers/share/allegro_hand_controllers/hook/cmake_prefix_path.sh'
[1.382s] Level 1:colcon.colcon_core.environment:checking '/home/fzc/allegro_hand_linux_v4/ros2_source/install/allegro_hand_controllers/lib'
[1.383s] Level 1:colcon.colcon_core.environment:checking '/home/fzc/allegro_hand_linux_v4/ros2_source/install/allegro_hand_controllers/bin'
[1.383s] Level 1:colcon.colcon_core.environment:checking '/home/fzc/allegro_hand_linux_v4/ros2_source/install/allegro_hand_controllers/lib/pkgconfig/allegro_hand_controllers.pc'
[1.383s] Level 1:colcon.colcon_core.environment:checking '/home/fzc/allegro_hand_linux_v4/ros2_source/install/allegro_hand_controllers/lib/python3.10/site-packages'
[1.383s] Level 1:colcon.colcon_core.environment:checking '/home/fzc/allegro_hand_linux_v4/ros2_source/install/allegro_hand_controllers/bin'
[1.384s] INFO:colcon.colcon_core.shell:Creating package script '/home/fzc/allegro_hand_linux_v4/ros2_source/install/allegro_hand_controllers/share/allegro_hand_controllers/package.ps1'
[1.386s] INFO:colcon.colcon_core.shell:Creating package descriptor '/home/fzc/allegro_hand_linux_v4/ros2_source/install/allegro_hand_controllers/share/allegro_hand_controllers/package.dsv'
[1.388s] INFO:colcon.colcon_core.shell:Creating package script '/home/fzc/allegro_hand_linux_v4/ros2_source/install/allegro_hand_controllers/share/allegro_hand_controllers/package.sh'
[1.389s] INFO:colcon.colcon_core.shell:Creating package script '/home/fzc/allegro_hand_linux_v4/ros2_source/install/allegro_hand_controllers/share/allegro_hand_controllers/package.bash'
[1.389s] INFO:colcon.colcon_core.shell:Creating package script '/home/fzc/allegro_hand_linux_v4/ros2_source/install/allegro_hand_controllers/share/allegro_hand_controllers/package.zsh'
[1.391s] Level 1:colcon.colcon_core.environment:create_file_with_runtime_dependencies(/home/fzc/allegro_hand_linux_v4/ros2_source/install/allegro_hand_controllers/share/colcon-core/packages/allegro_hand_controllers)
[1.750s] DEBUG:colcon.colcon_core.event_handler.log_command:Invoking command in '/home/fzc/allegro_hand_linux_v4/ros2_source/src/mediapipe_test': CONDA_PROMPT_MODIFIER=(hand) PYTHONPATH=/home/fzc/allegro_hand_linux_v4/ros2_source/build/mediapipe_test/prefix_override:/usr/lib/python3/dist-packages/colcon_core/task/python/colcon_distutils_commands:/home/fzc/allegro_hand_linux_v4/ros2_source/install/mediapipe_test/lib/python3.10/site-packages:${PYTHONPATH} /usr/bin/python3 -W ignore:setup.py install is deprecated -W ignore:easy_install command is deprecated setup.py egg_info --egg-base ../../build/mediapipe_test build --build-base /home/fzc/allegro_hand_linux_v4/ros2_source/build/mediapipe_test/build install --record /home/fzc/allegro_hand_linux_v4/ros2_source/build/mediapipe_test/install.log --single-version-externally-managed install_data
[2.476s] Level 1:colcon.colcon_core.environment:checking '/home/fzc/allegro_hand_linux_v4/ros2_source/install/mediapipe_test' for CMake module files
[2.477s] Level 1:colcon.colcon_core.environment:checking '/home/fzc/allegro_hand_linux_v4/ros2_source/install/mediapipe_test' for CMake config files
[2.478s] Level 1:colcon.colcon_core.environment:checking '/home/fzc/allegro_hand_linux_v4/ros2_source/install/mediapipe_test/lib'
[2.478s] Level 1:colcon.colcon_core.environment:checking '/home/fzc/allegro_hand_linux_v4/ros2_source/install/mediapipe_test/bin'
[2.478s] Level 1:colcon.colcon_core.environment:checking '/home/fzc/allegro_hand_linux_v4/ros2_source/install/mediapipe_test/lib/pkgconfig/mediapipe_test.pc'
[2.478s] Level 1:colcon.colcon_core.environment:checking '/home/fzc/allegro_hand_linux_v4/ros2_source/install/mediapipe_test/lib/python3.10/site-packages'
[2.478s] Level 1:colcon.colcon_core.shell:create_environment_hook('mediapipe_test', 'pythonpath')
[2.478s] INFO:colcon.colcon_core.shell:Creating environment hook '/home/fzc/allegro_hand_linux_v4/ros2_source/install/mediapipe_test/share/mediapipe_test/hook/pythonpath.ps1'
[2.479s] DEBUG:colcon.colcon_core.event_handler.log_command:Invoked command in '/home/fzc/allegro_hand_linux_v4/ros2_source/src/mediapipe_test' returned '0': CONDA_PROMPT_MODIFIER=(hand) PYTHONPATH=/home/fzc/allegro_hand_linux_v4/ros2_source/build/mediapipe_test/prefix_override:/usr/lib/python3/dist-packages/colcon_core/task/python/colcon_distutils_commands:/home/fzc/allegro_hand_linux_v4/ros2_source/install/mediapipe_test/lib/python3.10/site-packages:${PYTHONPATH} /usr/bin/python3 -W ignore:setup.py install is deprecated -W ignore:easy_install command is deprecated setup.py egg_info --egg-base ../../build/mediapipe_test build --build-base /home/fzc/allegro_hand_linux_v4/ros2_source/build/mediapipe_test/build install --record /home/fzc/allegro_hand_linux_v4/ros2_source/build/mediapipe_test/install.log --single-version-externally-managed install_data
[2.479s] INFO:colcon.colcon_core.shell:Creating environment descriptor '/home/fzc/allegro_hand_linux_v4/ros2_source/install/mediapipe_test/share/mediapipe_test/hook/pythonpath.dsv'
[2.480s] INFO:colcon.colcon_core.shell:Creating environment hook '/home/fzc/allegro_hand_linux_v4/ros2_source/install/mediapipe_test/share/mediapipe_test/hook/pythonpath.sh'
[2.480s] Level 1:colcon.colcon_core.environment:checking '/home/fzc/allegro_hand_linux_v4/ros2_source/install/mediapipe_test/bin'
[2.480s] Level 1:colcon.colcon_core.environment:create_environment_scripts_only(mediapipe_test)
[2.481s] INFO:colcon.colcon_core.shell:Creating package script '/home/fzc/allegro_hand_linux_v4/ros2_source/install/mediapipe_test/share/mediapipe_test/package.ps1'
[2.481s] INFO:colcon.colcon_core.shell:Creating package descriptor '/home/fzc/allegro_hand_linux_v4/ros2_source/install/mediapipe_test/share/mediapipe_test/package.dsv'
[2.481s] INFO:colcon.colcon_core.shell:Creating package script '/home/fzc/allegro_hand_linux_v4/ros2_source/install/mediapipe_test/share/mediapipe_test/package.sh'
[2.482s] INFO:colcon.colcon_core.shell:Creating package script '/home/fzc/allegro_hand_linux_v4/ros2_source/install/mediapipe_test/share/mediapipe_test/package.bash'
[2.482s] INFO:colcon.colcon_core.shell:Creating package script '/home/fzc/allegro_hand_linux_v4/ros2_source/install/mediapipe_test/share/mediapipe_test/package.zsh'
[2.484s] Level 1:colcon.colcon_core.environment:create_file_with_runtime_dependencies(/home/fzc/allegro_hand_linux_v4/ros2_source/install/mediapipe_test/share/colcon-core/packages/mediapipe_test)
[2.484s] DEBUG:colcon.colcon_parallel_executor.executor.parallel:closing loop
[2.485s] DEBUG:colcon.colcon_parallel_executor.executor.parallel:loop closed
[2.485s] DEBUG:colcon.colcon_parallel_executor.executor.parallel:run_until_complete finished with '0'
[2.485s] DEBUG:colcon.colcon_core.event_reactor:joining thread
[2.517s] INFO:colcon.colcon_core.plugin_system:Skipping extension 'colcon_notification.desktop_notification.terminal_notifier': Not used on non-Darwin systems
[2.517s] INFO:colcon.colcon_core.plugin_system:Skipping extension 'colcon_notification.desktop_notification.win32': Not used on non-Windows systems
[2.517s] INFO:colcon.colcon_notification.desktop_notification:Sending desktop notification using 'notify2'
[2.538s] DEBUG:colcon.colcon_core.event_reactor:joined thread
[2.539s] INFO:colcon.colcon_core.shell:Creating prefix script '/home/fzc/allegro_hand_linux_v4/ros2_source/install/local_setup.ps1'
[2.542s] INFO:colcon.colcon_core.shell:Creating prefix util module '/home/fzc/allegro_hand_linux_v4/ros2_source/install/_local_setup_util_ps1.py'
[2.545s] INFO:colcon.colcon_core.shell:Creating prefix chain script '/home/fzc/allegro_hand_linux_v4/ros2_source/install/setup.ps1'
[2.547s] INFO:colcon.colcon_core.shell:Creating prefix script '/home/fzc/allegro_hand_linux_v4/ros2_source/install/local_setup.sh'
[2.548s] INFO:colcon.colcon_core.shell:Creating prefix util module '/home/fzc/allegro_hand_linux_v4/ros2_source/install/_local_setup_util_sh.py'
[2.549s] INFO:colcon.colcon_core.shell:Creating prefix chain script '/home/fzc/allegro_hand_linux_v4/ros2_source/install/setup.sh'
[2.551s] INFO:colcon.colcon_core.shell:Creating prefix script '/home/fzc/allegro_hand_linux_v4/ros2_source/install/local_setup.bash'
[2.552s] INFO:colcon.colcon_core.shell:Creating prefix chain script '/home/fzc/allegro_hand_linux_v4/ros2_source/install/setup.bash'
[2.555s] INFO:colcon.colcon_core.shell:Creating prefix script '/home/fzc/allegro_hand_linux_v4/ros2_source/install/local_setup.zsh'
[2.556s] INFO:colcon.colcon_core.shell:Creating prefix chain script '/home/fzc/allegro_hand_linux_v4/ros2_source/install/setup.zsh'
