[0.057s] Invoking command in '/home/fzc/allegro_hand_linux_v4/ros2_source/build/allegro_hand_driver': CMAKE_PREFIX_PATH=${CMAKE_PREFIX_PATH}:/home/fzc/allegro_hand_linux_v4/ros2_source/install/mediapipe_test:/home/fzc/allegro_hand_linux_v4/ros2_source/install/test_topic:/home/fzc/allegro_hand_linux_v4/ros2_source/install/allegro_mediapipe_follow:/opt/ros/humble CONDA_PROMPT_MODIFIER=(hand) /usr/bin/cmake --build /home/fzc/allegro_hand_linux_v4/ros2_source/build/allegro_hand_driver -- -j8 -l8
[0.147s] [100%] Built target allegro_hand_driver
[0.480s] Invoked command in '/home/fzc/allegro_hand_linux_v4/ros2_source/build/allegro_hand_driver' returned '0': CMAKE_PREFIX_PATH=${CMAKE_PREFIX_PATH}:/home/fzc/allegro_hand_linux_v4/ros2_source/install/mediapipe_test:/home/fzc/allegro_hand_linux_v4/ros2_source/install/test_topic:/home/fzc/allegro_hand_linux_v4/ros2_source/install/allegro_mediapipe_follow:/opt/ros/humble CONDA_PROMPT_MODIFIER=(hand) /usr/bin/cmake --build /home/fzc/allegro_hand_linux_v4/ros2_source/build/allegro_hand_driver -- -j8 -l8
[0.486s] Invoking command in '/home/fzc/allegro_hand_linux_v4/ros2_source/build/allegro_hand_driver': CMAKE_PREFIX_PATH=${CMAKE_PREFIX_PATH}:/home/fzc/allegro_hand_linux_v4/ros2_source/install/mediapipe_test:/home/fzc/allegro_hand_linux_v4/ros2_source/install/test_topic:/home/fzc/allegro_hand_linux_v4/ros2_source/install/allegro_mediapipe_follow:/opt/ros/humble CONDA_PROMPT_MODIFIER=(hand) /usr/bin/cmake --install /home/fzc/allegro_hand_linux_v4/ros2_source/build/allegro_hand_driver
[0.504s] -- Install configuration: ""
[0.504s] -- Up-to-date: /home/fzc/allegro_hand_linux_v4/ros2_source/install/allegro_hand_driver/lib/liballegro_hand_driver.a
[0.504s] -- Up-to-date: /home/fzc/allegro_hand_linux_v4/ros2_source/install/allegro_hand_driver/include/allegro_hand_driver
[0.504s] -- Up-to-date: /home/fzc/allegro_hand_linux_v4/ros2_source/install/allegro_hand_driver/include/allegro_hand_driver/AllegroHandDrv.h
[0.504s] -- Up-to-date: /home/fzc/allegro_hand_linux_v4/ros2_source/install/allegro_hand_driver/include/allegro_hand_driver/AllegroHandDef.h
[0.504s] -- Up-to-date: /home/fzc/allegro_hand_linux_v4/ros2_source/install/allegro_hand_driver/share/allegro_hand_driver/environment/library_path.sh
[0.505s] -- Up-to-date: /home/fzc/allegro_hand_linux_v4/ros2_source/install/allegro_hand_driver/share/allegro_hand_driver/environment/library_path.dsv
[0.505s] -- Up-to-date: /home/fzc/allegro_hand_linux_v4/ros2_source/install/allegro_hand_driver/share/ament_index/resource_index/package_run_dependencies/allegro_hand_driver
[0.505s] -- Up-to-date: /home/fzc/allegro_hand_linux_v4/ros2_source/install/allegro_hand_driver/share/ament_index/resource_index/parent_prefix_path/allegro_hand_driver
[0.505s] -- Up-to-date: /home/fzc/allegro_hand_linux_v4/ros2_source/install/allegro_hand_driver/share/allegro_hand_driver/environment/ament_prefix_path.sh
[0.506s] -- Up-to-date: /home/fzc/allegro_hand_linux_v4/ros2_source/install/allegro_hand_driver/share/allegro_hand_driver/environment/ament_prefix_path.dsv
[0.506s] -- Up-to-date: /home/fzc/allegro_hand_linux_v4/ros2_source/install/allegro_hand_driver/share/allegro_hand_driver/environment/path.sh
[0.506s] -- Up-to-date: /home/fzc/allegro_hand_linux_v4/ros2_source/install/allegro_hand_driver/share/allegro_hand_driver/environment/path.dsv
[0.506s] -- Up-to-date: /home/fzc/allegro_hand_linux_v4/ros2_source/install/allegro_hand_driver/share/allegro_hand_driver/local_setup.bash
[0.506s] -- Up-to-date: /home/fzc/allegro_hand_linux_v4/ros2_source/install/allegro_hand_driver/share/allegro_hand_driver/local_setup.sh
[0.506s] -- Up-to-date: /home/fzc/allegro_hand_linux_v4/ros2_source/install/allegro_hand_driver/share/allegro_hand_driver/local_setup.zsh
[0.506s] -- Up-to-date: /home/fzc/allegro_hand_linux_v4/ros2_source/install/allegro_hand_driver/share/allegro_hand_driver/local_setup.dsv
[0.507s] -- Installing: /home/fzc/allegro_hand_linux_v4/ros2_source/install/allegro_hand_driver/share/allegro_hand_driver/package.dsv
[0.507s] -- Up-to-date: /home/fzc/allegro_hand_linux_v4/ros2_source/install/allegro_hand_driver/share/ament_index/resource_index/packages/allegro_hand_driver
[0.507s] -- Up-to-date: /home/fzc/allegro_hand_linux_v4/ros2_source/install/allegro_hand_driver/share/allegro_hand_driver/cmake/allegro_hand_driver_exportExport.cmake
[0.507s] -- Up-to-date: /home/fzc/allegro_hand_linux_v4/ros2_source/install/allegro_hand_driver/share/allegro_hand_driver/cmake/allegro_hand_driver_exportExport-noconfig.cmake
[0.507s] -- Up-to-date: /home/fzc/allegro_hand_linux_v4/ros2_source/install/allegro_hand_driver/share/allegro_hand_driver/cmake/ament_cmake_export_targets-extras.cmake
[0.507s] -- Up-to-date: /home/fzc/allegro_hand_linux_v4/ros2_source/install/allegro_hand_driver/share/allegro_hand_driver/cmake/ament_cmake_export_include_directories-extras.cmake
[0.507s] -- Up-to-date: /home/fzc/allegro_hand_linux_v4/ros2_source/install/allegro_hand_driver/share/allegro_hand_driver/cmake/ament_cmake_export_dependencies-extras.cmake
[0.508s] -- Up-to-date: /home/fzc/allegro_hand_linux_v4/ros2_source/install/allegro_hand_driver/share/allegro_hand_driver/cmake/allegro_hand_driverConfig.cmake
[0.508s] -- Up-to-date: /home/fzc/allegro_hand_linux_v4/ros2_source/install/allegro_hand_driver/share/allegro_hand_driver/cmake/allegro_hand_driverConfig-version.cmake
[0.508s] -- Up-to-date: /home/fzc/allegro_hand_linux_v4/ros2_source/install/allegro_hand_driver/share/allegro_hand_driver/package.xml
[0.611s] Invoked command in '/home/fzc/allegro_hand_linux_v4/ros2_source/build/allegro_hand_driver' returned '0': CMAKE_PREFIX_PATH=${CMAKE_PREFIX_PATH}:/home/fzc/allegro_hand_linux_v4/ros2_source/install/mediapipe_test:/home/fzc/allegro_hand_linux_v4/ros2_source/install/test_topic:/home/fzc/allegro_hand_linux_v4/ros2_source/install/allegro_mediapipe_follow:/opt/ros/humble CONDA_PROMPT_MODIFIER=(hand) /usr/bin/cmake --install /home/fzc/allegro_hand_linux_v4/ros2_source/build/allegro_hand_driver
