[0.026s] Invoking command in '/home/fzc/allegro_hand_linux_v4/ros2_source/src/build/allegro_hand_parameters': CMAKE_PREFIX_PATH=${CMAKE_PREFIX_PATH}:/home/fzc/allegro_hand_linux_v4/ros2_source/install/test_topic:/home/fzc/allegro_hand_linux_v4/ros2_source/install/allegro_mediapipe_follow:/opt/ros/humble CONDA_PROMPT_MODIFIER=(hand) /usr/bin/cmake /home/fzc/allegro_hand_linux_v4/ros2_source/src/allegro_hand_parameters -DCMAKE_INSTALL_PREFIX=/home/fzc/allegro_hand_linux_v4/ros2_source/src/install/allegro_hand_parameters
[0.120s] -- The C compiler identification is GNU 12.3.0
[0.212s] -- The CXX compiler identification is GNU 11.4.0
[0.220s] -- Detecting C compiler ABI info
[0.371s] -- Detecting C compiler ABI info - done
[0.388s] -- Check for working C compiler: /usr/bin/cc - skipped
[0.393s] -- Detecting C compile features
[0.394s] -- Detecting C compile features - done
[0.398s] -- Detecting CXX compiler ABI info
[0.627s] -- Detecting CXX compiler ABI info - done
[0.658s] -- Check for working CXX compiler: /usr/bin/c++ - skipped
[0.659s] -- Detecting CXX compile features
[0.659s] -- Detecting CXX compile features - done
[0.663s] -- Found ament_cmake: 1.3.14 (/opt/ros/humble/share/ament_cmake/cmake)
[1.614s] -- Found Python3: /home/fzc/ENTER/envs/hand/bin/python3 (found version "3.10.20") found components: Interpreter 
[2.020s] -- Configuring done
[2.026s] -- Generating done
[2.030s] -- Build files have been written to: /home/fzc/allegro_hand_linux_v4/ros2_source/src/build/allegro_hand_parameters
[2.048s] Invoked command in '/home/fzc/allegro_hand_linux_v4/ros2_source/src/build/allegro_hand_parameters' returned '0': CMAKE_PREFIX_PATH=${CMAKE_PREFIX_PATH}:/home/fzc/allegro_hand_linux_v4/ros2_source/install/test_topic:/home/fzc/allegro_hand_linux_v4/ros2_source/install/allegro_mediapipe_follow:/opt/ros/humble CONDA_PROMPT_MODIFIER=(hand) /usr/bin/cmake /home/fzc/allegro_hand_linux_v4/ros2_source/src/allegro_hand_parameters -DCMAKE_INSTALL_PREFIX=/home/fzc/allegro_hand_linux_v4/ros2_source/src/install/allegro_hand_parameters
[2.051s] Invoking command in '/home/fzc/allegro_hand_linux_v4/ros2_source/src/build/allegro_hand_parameters': CMAKE_PREFIX_PATH=${CMAKE_PREFIX_PATH}:/home/fzc/allegro_hand_linux_v4/ros2_source/install/test_topic:/home/fzc/allegro_hand_linux_v4/ros2_source/install/allegro_mediapipe_follow:/opt/ros/humble CONDA_PROMPT_MODIFIER=(hand) /usr/bin/cmake --build /home/fzc/allegro_hand_linux_v4/ros2_source/src/build/allegro_hand_parameters -- -j8 -l8
[2.099s] Invoked command in '/home/fzc/allegro_hand_linux_v4/ros2_source/src/build/allegro_hand_parameters' returned '0': CMAKE_PREFIX_PATH=${CMAKE_PREFIX_PATH}:/home/fzc/allegro_hand_linux_v4/ros2_source/install/test_topic:/home/fzc/allegro_hand_linux_v4/ros2_source/install/allegro_mediapipe_follow:/opt/ros/humble CONDA_PROMPT_MODIFIER=(hand) /usr/bin/cmake --build /home/fzc/allegro_hand_linux_v4/ros2_source/src/build/allegro_hand_parameters -- -j8 -l8
[2.101s] Invoking command in '/home/fzc/allegro_hand_linux_v4/ros2_source/src/build/allegro_hand_parameters': CMAKE_PREFIX_PATH=${CMAKE_PREFIX_PATH}:/home/fzc/allegro_hand_linux_v4/ros2_source/install/test_topic:/home/fzc/allegro_hand_linux_v4/ros2_source/install/allegro_mediapipe_follow:/opt/ros/humble CONDA_PROMPT_MODIFIER=(hand) /usr/bin/cmake --install /home/fzc/allegro_hand_linux_v4/ros2_source/src/build/allegro_hand_parameters
[2.110s] -- Install configuration: ""
[2.110s] -- Installing: /home/fzc/allegro_hand_linux_v4/ros2_source/src/install/allegro_hand_parameters/share/allegro_hand_parameters//.
[2.110s] -- Installing: /home/fzc/allegro_hand_linux_v4/ros2_source/src/install/allegro_hand_parameters/share/allegro_hand_parameters//./gains_pd.yaml
[2.110s] -- Installing: /home/fzc/allegro_hand_linux_v4/ros2_source/src/install/allegro_hand_parameters/share/allegro_hand_parameters//./initial_position.yaml
[2.111s] -- Installing: /home/fzc/allegro_hand_linux_v4/ros2_source/src/install/allegro_hand_parameters/share/ament_index/resource_index/package_run_dependencies/allegro_hand_parameters
[2.111s] -- Installing: /home/fzc/allegro_hand_linux_v4/ros2_source/src/install/allegro_hand_parameters/share/ament_index/resource_index/parent_prefix_path/allegro_hand_parameters
[2.111s] -- Installing: /home/fzc/allegro_hand_linux_v4/ros2_source/src/install/allegro_hand_parameters/share/allegro_hand_parameters/environment/ament_prefix_path.sh
[2.113s] -- Installing: /home/fzc/allegro_hand_linux_v4/ros2_source/src/install/allegro_hand_parameters/share/allegro_hand_parameters/environment/ament_prefix_path.dsv
[2.114s] -- Installing: /home/fzc/allegro_hand_linux_v4/ros2_source/src/install/allegro_hand_parameters/share/allegro_hand_parameters/environment/path.sh
[2.114s] -- Installing: /home/fzc/allegro_hand_linux_v4/ros2_source/src/install/allegro_hand_parameters/share/allegro_hand_parameters/environment/path.dsv
[2.114s] -- Installing: /home/fzc/allegro_hand_linux_v4/ros2_source/src/install/allegro_hand_parameters/share/allegro_hand_parameters/local_setup.bash
[2.114s] -- Installing: /home/fzc/allegro_hand_linux_v4/ros2_source/src/install/allegro_hand_parameters/share/allegro_hand_parameters/local_setup.sh
[2.114s] -- Installing: /home/fzc/allegro_hand_linux_v4/ros2_source/src/install/allegro_hand_parameters/share/allegro_hand_parameters/local_setup.zsh
[2.116s] -- Installing: /home/fzc/allegro_hand_linux_v4/ros2_source/src/install/allegro_hand_parameters/share/allegro_hand_parameters/local_setup.dsv
[2.116s] -- Installing: /home/fzc/allegro_hand_linux_v4/ros2_source/src/install/allegro_hand_parameters/share/allegro_hand_parameters/package.dsv
[2.116s] -- Installing: /home/fzc/allegro_hand_linux_v4/ros2_source/src/install/allegro_hand_parameters/share/ament_index/resource_index/packages/allegro_hand_parameters
[2.116s] -- Installing: /home/fzc/allegro_hand_linux_v4/ros2_source/src/install/allegro_hand_parameters/share/allegro_hand_parameters/cmake/allegro_hand_parametersConfig.cmake
[2.116s] -- Installing: /home/fzc/allegro_hand_linux_v4/ros2_source/src/install/allegro_hand_parameters/share/allegro_hand_parameters/cmake/allegro_hand_parametersConfig-version.cmake
[2.116s] -- Installing: /home/fzc/allegro_hand_linux_v4/ros2_source/src/install/allegro_hand_parameters/share/allegro_hand_parameters/package.xml
[2.119s] Invoked command in '/home/fzc/allegro_hand_linux_v4/ros2_source/src/build/allegro_hand_parameters' returned '0': CMAKE_PREFIX_PATH=${CMAKE_PREFIX_PATH}:/home/fzc/allegro_hand_linux_v4/ros2_source/install/test_topic:/home/fzc/allegro_hand_linux_v4/ros2_source/install/allegro_mediapipe_follow:/opt/ros/humble CONDA_PROMPT_MODIFIER=(hand) /usr/bin/cmake --install /home/fzc/allegro_hand_linux_v4/ros2_source/src/build/allegro_hand_parameters
