[35m[1mConsolidate compiler generated dependencies of target allegro_hand_driver[0m
[100%] Built target allegro_hand_driver
-- Install configuration: ""
-- Up-to-date: /home/fzc/allegro_hand_linux_v4/ros2_source/install/allegro_hand_driver/lib/liballegro_hand_driver.a
-- Up-to-date: /home/fzc/allegro_hand_linux_v4/ros2_source/install/allegro_hand_driver/include/allegro_hand_driver
-- Up-to-date: /home/fzc/allegro_hand_linux_v4/ros2_source/install/allegro_hand_driver/include/allegro_hand_driver/AllegroHandDrv.h
-- Up-to-date: /home/fzc/allegro_hand_linux_v4/ros2_source/install/allegro_hand_driver/include/allegro_hand_driver/AllegroHandDef.h
-- Up-to-date: /home/fzc/allegro_hand_linux_v4/ros2_source/install/allegro_hand_driver/share/allegro_hand_driver/environment/library_path.sh
-- Up-to-date: /home/fzc/allegro_hand_linux_v4/ros2_source/install/allegro_hand_driver/share/allegro_hand_driver/environment/library_path.dsv
-- Up-to-date: /home/fzc/allegro_hand_linux_v4/ros2_source/install/allegro_hand_driver/share/ament_index/resource_index/package_run_dependencies/allegro_hand_driver
-- Up-to-date: /home/fzc/allegro_hand_linux_v4/ros2_source/install/allegro_hand_driver/share/ament_index/resource_index/parent_prefix_path/allegro_hand_driver
-- Up-to-date: /home/fzc/allegro_hand_linux_v4/ros2_source/install/allegro_hand_driver/share/allegro_hand_driver/environment/ament_prefix_path.sh
-- Up-to-date: /home/fzc/allegro_hand_linux_v4/ros2_source/install/allegro_hand_driver/share/allegro_hand_driver/environment/ament_prefix_path.dsv
-- Up-to-date: /home/fzc/allegro_hand_linux_v4/ros2_source/install/allegro_hand_driver/share/allegro_hand_driver/environment/path.sh
-- Up-to-date: /home/fzc/allegro_hand_linux_v4/ros2_source/install/allegro_hand_driver/share/allegro_hand_driver/environment/path.dsv
-- Up-to-date: /home/fzc/allegro_hand_linux_v4/ros2_source/install/allegro_hand_driver/share/allegro_hand_driver/local_setup.bash
-- Up-to-date: /home/fzc/allegro_hand_linux_v4/ros2_source/install/allegro_hand_driver/share/allegro_hand_driver/local_setup.sh
-- Up-to-date: /home/fzc/allegro_hand_linux_v4/ros2_source/install/allegro_hand_driver/share/allegro_hand_driver/local_setup.zsh
-- Up-to-date: /home/fzc/allegro_hand_linux_v4/ros2_source/install/allegro_hand_driver/share/allegro_hand_driver/local_setup.dsv
-- Installing: /home/fzc/allegro_hand_linux_v4/ros2_source/install/allegro_hand_driver/share/allegro_hand_driver/package.dsv
-- Up-to-date: /home/fzc/allegro_hand_linux_v4/ros2_source/install/allegro_hand_driver/share/ament_index/resource_index/packages/allegro_hand_driver
-- Up-to-date: /home/fzc/allegro_hand_linux_v4/ros2_source/install/allegro_hand_driver/share/allegro_hand_driver/cmake/allegro_hand_driver_exportExport.cmake
-- Up-to-date: /home/fzc/allegro_hand_linux_v4/ros2_source/install/allegro_hand_driver/share/allegro_hand_driver/cmake/allegro_hand_driver_exportExport-noconfig.cmake
-- Up-to-date: /home/fzc/allegro_hand_linux_v4/ros2_source/install/allegro_hand_driver/share/allegro_hand_driver/cmake/ament_cmake_export_targets-extras.cmake
-- Up-to-date: /home/fzc/allegro_hand_linux_v4/ros2_source/install/allegro_hand_driver/share/allegro_hand_driver/cmake/ament_cmake_export_include_directories-extras.cmake
-- Up-to-date: /home/fzc/allegro_hand_linux_v4/ros2_source/install/allegro_hand_driver/share/allegro_hand_driver/cmake/ament_cmake_export_dependencies-extras.cmake
-- Up-to-date: /home/fzc/allegro_hand_linux_v4/ros2_source/install/allegro_hand_driver/share/allegro_hand_driver/cmake/allegro_hand_driverConfig.cmake
-- Up-to-date: /home/fzc/allegro_hand_linux_v4/ros2_source/install/allegro_hand_driver/share/allegro_hand_driver/cmake/allegro_hand_driverConfig-version.cmake
-- Up-to-date: /home/fzc/allegro_hand_linux_v4/ros2_source/install/allegro_hand_driver/share/allegro_hand_driver/package.xml
