[0.154s] DEBUG:colcon:Command line arguments: ['/usr/bin/colcon', 'build']
[0.154s] DEBUG:colcon:Parsed command line arguments: Namespace(log_base=None, log_level=None, verb_name='build', build_base='build', install_base='install', merge_install=False, symlink_install=False, test_result_base=None, continue_on_error=False, executor='parallel', parallel_workers=8, event_handlers=None, ignore_user_meta=False, metas=['./colcon.meta'], base_paths=['.'], packages_ignore=None, packages_ignore_regex=None, paths=None, packages_up_to=None, packages_up_to_regex=None, packages_above=None, packages_above_and_dependencies=None, packages_above_depth=None, packages_select_by_dep=None, packages_skip_by_dep=None, packages_skip_up_to=None, packages_select_build_failed=False, packages_skip_build_finished=False, packages_select_test_failures=False, packages_skip_test_passed=False, packages_select=None, packages_skip=None, packages_select_regex=None, packages_skip_regex=None, packages_start=None, packages_end=None, allow_overriding=[], cmake_args=None, cmake_target=None, cmake_target_skip_unavailable=False, cmake_clean_cache=False, cmake_clean_first=False, cmake_force_configure=False, ament_cmake_args=None, catkin_cmake_args=None, catkin_skip_building_tests=False, verb_parser=<colcon_defaults.argument_parser.defaults.DefaultArgumentsDecorator object at 0x739225272200>, verb_extension=<colcon_core.verb.build.BuildVerb object at 0x739225271c60>, main=<bound method BuildVerb.main of <colcon_core.verb.build.BuildVerb object at 0x739225271c60>>)
[0.193s] Level 1:colcon.colcon_core.package_discovery:discover_packages(colcon_meta) check parameters
[0.193s] Level 1:colcon.colcon_core.package_discovery:discover_packages(recursive) check parameters
[0.193s] Level 1:colcon.colcon_core.package_discovery:discover_packages(ignore) check parameters
[0.193s] Level 1:colcon.colcon_core.package_discovery:discover_packages(path) check parameters
[0.193s] Level 1:colcon.colcon_core.package_discovery:discover_packages(colcon_meta) discover
[0.193s] Level 1:colcon.colcon_core.package_discovery:discover_packages(recursive) discover
[0.193s] INFO:colcon.colcon_core.package_discovery:Crawling recursively for packages in '/home/fzc/allegro_hand_linux_v4/ros2_source'
[0.193s] Level 1:colcon.colcon_core.package_identification:_identify(.) by extensions ['ignore', 'ignore_ament_install']
[0.193s] Level 1:colcon.colcon_core.package_identification:_identify(.) by extension 'ignore'
[0.193s] Level 1:colcon.colcon_core.package_identification:_identify(.) by extension 'ignore_ament_install'
[0.193s] Level 1:colcon.colcon_core.package_identification:_identify(.) by extensions ['colcon_pkg']
[0.193s] Level 1:colcon.colcon_core.package_identification:_identify(.) by extension 'colcon_pkg'
[0.193s] Level 1:colcon.colcon_core.package_identification:_identify(.) by extensions ['colcon_meta']
[0.193s] Level 1:colcon.colcon_core.package_identification:_identify(.) by extension 'colcon_meta'
[0.193s] Level 1:colcon.colcon_core.package_identification:_identify(.) by extensions ['ros']
[0.193s] Level 1:colcon.colcon_core.package_identification:_identify(.) by extension 'ros'
[0.206s] Level 1:colcon.colcon_core.package_identification:_identify(.) by extensions ['cmake', 'python']
[0.206s] Level 1:colcon.colcon_core.package_identification:_identify(.) by extension 'cmake'
[0.206s] Level 1:colcon.colcon_core.package_identification:_identify(.) by extension 'python'
[0.206s] Level 1:colcon.colcon_core.package_identification:_identify(.) by extensions ['python_setup_py']
[0.206s] Level 1:colcon.colcon_core.package_identification:_identify(.) by extension 'python_setup_py'
[0.207s] Level 1:colcon.colcon_core.package_identification:_identify(build) by extensions ['ignore', 'ignore_ament_install']
[0.207s] Level 1:colcon.colcon_core.package_identification:_identify(build) by extension 'ignore'
[0.207s] Level 1:colcon.colcon_core.package_identification:_identify(build) ignored
[0.207s] Level 1:colcon.colcon_core.package_identification:_identify(install) by extensions ['ignore', 'ignore_ament_install']
[0.207s] Level 1:colcon.colcon_core.package_identification:_identify(install) by extension 'ignore'
[0.207s] Level 1:colcon.colcon_core.package_identification:_identify(install) ignored
[0.207s] Level 1:colcon.colcon_core.package_identification:_identify(log) by extensions ['ignore', 'ignore_ament_install']
[0.207s] Level 1:colcon.colcon_core.package_identification:_identify(log) by extension 'ignore'
[0.207s] Level 1:colcon.colcon_core.package_identification:_identify(log) ignored
[0.207s] Level 1:colcon.colcon_core.package_identification:_identify(src) by extensions ['ignore', 'ignore_ament_install']
[0.207s] Level 1:colcon.colcon_core.package_identification:_identify(src) by extension 'ignore'
[0.207s] Level 1:colcon.colcon_core.package_identification:_identify(src) by extension 'ignore_ament_install'
[0.207s] Level 1:colcon.colcon_core.package_identification:_identify(src) by extensions ['colcon_pkg']
[0.207s] Level 1:colcon.colcon_core.package_identification:_identify(src) by extension 'colcon_pkg'
[0.207s] Level 1:colcon.colcon_core.package_identification:_identify(src) by extensions ['colcon_meta']
[0.208s] Level 1:colcon.colcon_core.package_identification:_identify(src) by extension 'colcon_meta'
[0.208s] Level 1:colcon.colcon_core.package_identification:_identify(src) by extensions ['ros']
[0.208s] Level 1:colcon.colcon_core.package_identification:_identify(src) by extension 'ros'
[0.208s] Level 1:colcon.colcon_core.package_identification:_identify(src) by extensions ['cmake', 'python']
[0.208s] Level 1:colcon.colcon_core.package_identification:_identify(src) by extension 'cmake'
[0.208s] Level 1:colcon.colcon_core.package_identification:_identify(src) by extension 'python'
[0.208s] Level 1:colcon.colcon_core.package_identification:_identify(src) by extensions ['python_setup_py']
[0.208s] Level 1:colcon.colcon_core.package_identification:_identify(src) by extension 'python_setup_py'
[0.208s] Level 1:colcon.colcon_core.package_identification:_identify(src/allegro_hand_controllers) by extensions ['ignore', 'ignore_ament_install']
[0.208s] Level 1:colcon.colcon_core.package_identification:_identify(src/allegro_hand_controllers) by extension 'ignore'
[0.208s] Level 1:colcon.colcon_core.package_identification:_identify(src/allegro_hand_controllers) by extension 'ignore_ament_install'
[0.208s] Level 1:colcon.colcon_core.package_identification:_identify(src/allegro_hand_controllers) by extensions ['colcon_pkg']
[0.208s] Level 1:colcon.colcon_core.package_identification:_identify(src/allegro_hand_controllers) by extension 'colcon_pkg'
[0.208s] Level 1:colcon.colcon_core.package_identification:_identify(src/allegro_hand_controllers) by extensions ['colcon_meta']
[0.208s] Level 1:colcon.colcon_core.package_identification:_identify(src/allegro_hand_controllers) by extension 'colcon_meta'
[0.208s] Level 1:colcon.colcon_core.package_identification:_identify(src/allegro_hand_controllers) by extensions ['ros']
[0.208s] Level 1:colcon.colcon_core.package_identification:_identify(src/allegro_hand_controllers) by extension 'ros'
[0.211s] DEBUG:colcon.colcon_core.package_identification:Package 'src/allegro_hand_controllers' with type 'ros.ament_cmake' and name 'allegro_hand_controllers'
[0.211s] Level 1:colcon.colcon_core.package_identification:_identify(src/allegro_hand_description) by extensions ['ignore', 'ignore_ament_install']
[0.211s] Level 1:colcon.colcon_core.package_identification:_identify(src/allegro_hand_description) by extension 'ignore'
[0.211s] Level 1:colcon.colcon_core.package_identification:_identify(src/allegro_hand_description) by extension 'ignore_ament_install'
[0.211s] Level 1:colcon.colcon_core.package_identification:_identify(src/allegro_hand_description) by extensions ['colcon_pkg']
[0.211s] Level 1:colcon.colcon_core.package_identification:_identify(src/allegro_hand_description) by extension 'colcon_pkg'
[0.211s] Level 1:colcon.colcon_core.package_identification:_identify(src/allegro_hand_description) by extensions ['colcon_meta']
[0.211s] Level 1:colcon.colcon_core.package_identification:_identify(src/allegro_hand_description) by extension 'colcon_meta'
[0.211s] Level 1:colcon.colcon_core.package_identification:_identify(src/allegro_hand_description) by extensions ['ros']
[0.211s] Level 1:colcon.colcon_core.package_identification:_identify(src/allegro_hand_description) by extension 'ros'
[0.212s] DEBUG:colcon.colcon_core.package_identification:Package 'src/allegro_hand_description' with type 'ros.ament_cmake' and name 'allegro_hand_description'
[0.212s] Level 1:colcon.colcon_core.package_identification:_identify(src/allegro_hand_driver) by extensions ['ignore', 'ignore_ament_install']
[0.212s] Level 1:colcon.colcon_core.package_identification:_identify(src/allegro_hand_driver) by extension 'ignore'
[0.212s] Level 1:colcon.colcon_core.package_identification:_identify(src/allegro_hand_driver) by extension 'ignore_ament_install'
[0.212s] Level 1:colcon.colcon_core.package_identification:_identify(src/allegro_hand_driver) by extensions ['colcon_pkg']
[0.212s] Level 1:colcon.colcon_core.package_identification:_identify(src/allegro_hand_driver) by extension 'colcon_pkg'
[0.212s] Level 1:colcon.colcon_core.package_identification:_identify(src/allegro_hand_driver) by extensions ['colcon_meta']
[0.212s] Level 1:colcon.colcon_core.package_identification:_identify(src/allegro_hand_driver) by extension 'colcon_meta'
[0.212s] Level 1:colcon.colcon_core.package_identification:_identify(src/allegro_hand_driver) by extensions ['ros']
[0.212s] Level 1:colcon.colcon_core.package_identification:_identify(src/allegro_hand_driver) by extension 'ros'
[0.213s] DEBUG:colcon.colcon_core.package_identification:Package 'src/allegro_hand_driver' with type 'ros.ament_cmake' and name 'allegro_hand_driver'
[0.213s] Level 1:colcon.colcon_core.package_identification:_identify(src/allegro_hand_keyboards) by extensions ['ignore', 'ignore_ament_install']
[0.213s] Level 1:colcon.colcon_core.package_identification:_identify(src/allegro_hand_keyboards) by extension 'ignore'
[0.213s] Level 1:colcon.colcon_core.package_identification:_identify(src/allegro_hand_keyboards) by extension 'ignore_ament_install'
[0.213s] Level 1:colcon.colcon_core.package_identification:_identify(src/allegro_hand_keyboards) by extensions ['colcon_pkg']
[0.213s] Level 1:colcon.colcon_core.package_identification:_identify(src/allegro_hand_keyboards) by extension 'colcon_pkg'
[0.213s] Level 1:colcon.colcon_core.package_identification:_identify(src/allegro_hand_keyboards) by extensions ['colcon_meta']
[0.213s] Level 1:colcon.colcon_core.package_identification:_identify(src/allegro_hand_keyboards) by extension 'colcon_meta'
[0.213s] Level 1:colcon.colcon_core.package_identification:_identify(src/allegro_hand_keyboards) by extensions ['ros']
[0.213s] Level 1:colcon.colcon_core.package_identification:_identify(src/allegro_hand_keyboards) by extension 'ros'
[0.214s] DEBUG:colcon.colcon_core.package_identification:Package 'src/allegro_hand_keyboards' with type 'ros.ament_cmake' and name 'allegro_hand_keyboards'
[0.214s] Level 1:colcon.colcon_core.package_identification:_identify(src/allegro_hand_parameters) by extensions ['ignore', 'ignore_ament_install']
[0.214s] Level 1:colcon.colcon_core.package_identification:_identify(src/allegro_hand_parameters) by extension 'ignore'
[0.214s] Level 1:colcon.colcon_core.package_identification:_identify(src/allegro_hand_parameters) by extension 'ignore_ament_install'
[0.214s] Level 1:colcon.colcon_core.package_identification:_identify(src/allegro_hand_parameters) by extensions ['colcon_pkg']
[0.215s] Level 1:colcon.colcon_core.package_identification:_identify(src/allegro_hand_parameters) by extension 'colcon_pkg'
[0.215s] Level 1:colcon.colcon_core.package_identification:_identify(src/allegro_hand_parameters) by extensions ['colcon_meta']
[0.215s] Level 1:colcon.colcon_core.package_identification:_identify(src/allegro_hand_parameters) by extension 'colcon_meta'
[0.215s] Level 1:colcon.colcon_core.package_identification:_identify(src/allegro_hand_parameters) by extensions ['ros']
[0.215s] Level 1:colcon.colcon_core.package_identification:_identify(src/allegro_hand_parameters) by extension 'ros'
[0.215s] DEBUG:colcon.colcon_core.package_identification:Package 'src/allegro_hand_parameters' with type 'ros.ament_cmake' and name 'allegro_hand_parameters'
[0.215s] Level 1:colcon.colcon_core.package_identification:_identify(src/bhand) by extensions ['ignore', 'ignore_ament_install']
[0.215s] Level 1:colcon.colcon_core.package_identification:_identify(src/bhand) by extension 'ignore'
[0.215s] Level 1:colcon.colcon_core.package_identification:_identify(src/bhand) by extension 'ignore_ament_install'
[0.215s] Level 1:colcon.colcon_core.package_identification:_identify(src/bhand) by extensions ['colcon_pkg']
[0.215s] Level 1:colcon.colcon_core.package_identification:_identify(src/bhand) by extension 'colcon_pkg'
[0.215s] Level 1:colcon.colcon_core.package_identification:_identify(src/bhand) by extensions ['colcon_meta']
[0.215s] Level 1:colcon.colcon_core.package_identification:_identify(src/bhand) by extension 'colcon_meta'
[0.215s] Level 1:colcon.colcon_core.package_identification:_identify(src/bhand) by extensions ['ros']
[0.215s] Level 1:colcon.colcon_core.package_identification:_identify(src/bhand) by extension 'ros'
[0.216s] DEBUG:colcon.colcon_core.package_identification:Package 'src/bhand' with type 'ros.ament_cmake' and name 'bhand'
[0.216s] Level 1:colcon.colcon_core.package_identification:_identify(src/build) by extensions ['ignore', 'ignore_ament_install']
[0.216s] Level 1:colcon.colcon_core.package_identification:_identify(src/build) by extension 'ignore'
[0.216s] Level 1:colcon.colcon_core.package_identification:_identify(src/build) ignored
[0.216s] Level 1:colcon.colcon_core.package_identification:_identify(src/install) by extensions ['ignore', 'ignore_ament_install']
[0.217s] Level 1:colcon.colcon_core.package_identification:_identify(src/install) by extension 'ignore'
[0.217s] Level 1:colcon.colcon_core.package_identification:_identify(src/install) ignored
[0.217s] Level 1:colcon.colcon_core.package_identification:_identify(src/log) by extensions ['ignore', 'ignore_ament_install']
[0.217s] Level 1:colcon.colcon_core.package_identification:_identify(src/log) by extension 'ignore'
[0.217s] Level 1:colcon.colcon_core.package_identification:_identify(src/log) ignored
[0.217s] Level 1:colcon.colcon_core.package_identification:_identify(src/mediapipe_test) by extensions ['ignore', 'ignore_ament_install']
[0.217s] Level 1:colcon.colcon_core.package_identification:_identify(src/mediapipe_test) by extension 'ignore'
[0.217s] Level 1:colcon.colcon_core.package_identification:_identify(src/mediapipe_test) by extension 'ignore_ament_install'
[0.217s] Level 1:colcon.colcon_core.package_identification:_identify(src/mediapipe_test) by extensions ['colcon_pkg']
[0.217s] Level 1:colcon.colcon_core.package_identification:_identify(src/mediapipe_test) by extension 'colcon_pkg'
[0.217s] Level 1:colcon.colcon_core.package_identification:_identify(src/mediapipe_test) by extensions ['colcon_meta']
[0.217s] Level 1:colcon.colcon_core.package_identification:_identify(src/mediapipe_test) by extension 'colcon_meta'
[0.217s] Level 1:colcon.colcon_core.package_identification:_identify(src/mediapipe_test) by extensions ['ros']
[0.217s] Level 1:colcon.colcon_core.package_identification:_identify(src/mediapipe_test) by extension 'ros'
[0.218s] DEBUG:colcon.colcon_core.package_identification:Package 'src/mediapipe_test' with type 'ros.ament_python' and name 'mediapipe_test'
[0.218s] Level 1:colcon.colcon_core.package_discovery:discover_packages(recursive) using defaults
[0.218s] Level 1:colcon.colcon_core.package_discovery:discover_packages(ignore) discover
[0.218s] Level 1:colcon.colcon_core.package_discovery:discover_packages(ignore) using defaults
[0.218s] Level 1:colcon.colcon_core.package_discovery:discover_packages(path) discover
[0.218s] Level 1:colcon.colcon_core.package_discovery:discover_packages(path) using defaults
[0.238s] Level 1:colcon.colcon_core.package_discovery:discover_packages(prefix_path) check parameters
[0.238s] Level 1:colcon.colcon_core.package_discovery:discover_packages(prefix_path) discover
[0.239s] WARNING:colcon.colcon_ros.prefix_path.ament:The path '/home/fzc/allegro_hand_linux_v4/ros2_source/install/test_topic' in the environment variable AMENT_PREFIX_PATH doesn't exist
[0.239s] WARNING:colcon.colcon_ros.prefix_path.ament:The path '/home/fzc/allegro_hand_linux_v4/ros2_source/install/allegro_mediapipe_follow' in the environment variable AMENT_PREFIX_PATH doesn't exist
[0.240s] DEBUG:colcon.colcon_installed_package_information.package_discovery:Found 7 installed packages in /home/fzc/allegro_hand_linux_v4/ros2_source/install
[0.241s] DEBUG:colcon.colcon_installed_package_information.package_discovery:Found 324 installed packages in /opt/ros/humble
[0.243s] Level 1:colcon.colcon_core.package_discovery:discover_packages(prefix_path) using defaults
[0.281s] Level 5:colcon.colcon_core.verb:set package 'allegro_hand_description' build argument 'cmake_args' from command line to 'None'
[0.281s] Level 5:colcon.colcon_core.verb:set package 'allegro_hand_description' build argument 'cmake_target' from command line to 'None'
[0.281s] Level 5:colcon.colcon_core.verb:set package 'allegro_hand_description' build argument 'cmake_target_skip_unavailable' from command line to 'False'
[0.281s] Level 5:colcon.colcon_core.verb:set package 'allegro_hand_description' build argument 'cmake_clean_cache' from command line to 'False'
[0.281s] Level 5:colcon.colcon_core.verb:set package 'allegro_hand_description' build argument 'cmake_clean_first' from command line to 'False'
[0.281s] Level 5:colcon.colcon_core.verb:set package 'allegro_hand_description' build argument 'cmake_force_configure' from command line to 'False'
[0.281s] Level 5:colcon.colcon_core.verb:set package 'allegro_hand_description' build argument 'ament_cmake_args' from command line to 'None'
[0.281s] Level 5:colcon.colcon_core.verb:set package 'allegro_hand_description' build argument 'catkin_cmake_args' from command line to 'None'
[0.281s] Level 5:colcon.colcon_core.verb:set package 'allegro_hand_description' build argument 'catkin_skip_building_tests' from command line to 'False'
[0.281s] DEBUG:colcon.colcon_core.verb:Building package 'allegro_hand_description' with the following arguments: {'ament_cmake_args': None, 'build_base': '/home/fzc/allegro_hand_linux_v4/ros2_source/build/allegro_hand_description', 'catkin_cmake_args': None, 'catkin_skip_building_tests': False, 'cmake_args': None, 'cmake_clean_cache': False, 'cmake_clean_first': False, 'cmake_force_configure': False, 'cmake_target': None, 'cmake_target_skip_unavailable': False, 'install_base': '/home/fzc/allegro_hand_linux_v4/ros2_source/install/allegro_hand_description', 'merge_install': False, 'path': '/home/fzc/allegro_hand_linux_v4/ros2_source/src/allegro_hand_description', 'symlink_install': False, 'test_result_base': None}
[0.282s] Level 5:colcon.colcon_core.verb:set package 'allegro_hand_driver' build argument 'cmake_args' from command line to 'None'
[0.282s] Level 5:colcon.colcon_core.verb:set package 'allegro_hand_driver' build argument 'cmake_target' from command line to 'None'
[0.282s] Level 5:colcon.colcon_core.verb:set package 'allegro_hand_driver' build argument 'cmake_target_skip_unavailable' from command line to 'False'
[0.282s] Level 5:colcon.colcon_core.verb:set package 'allegro_hand_driver' build argument 'cmake_clean_cache' from command line to 'False'
[0.282s] Level 5:colcon.colcon_core.verb:set package 'allegro_hand_driver' build argument 'cmake_clean_first' from command line to 'False'
[0.282s] Level 5:colcon.colcon_core.verb:set package 'allegro_hand_driver' build argument 'cmake_force_configure' from command line to 'False'
[0.282s] Level 5:colcon.colcon_core.verb:set package 'allegro_hand_driver' build argument 'ament_cmake_args' from command line to 'None'
[0.282s] Level 5:colcon.colcon_core.verb:set package 'allegro_hand_driver' build argument 'catkin_cmake_args' from command line to 'None'
[0.282s] Level 5:colcon.colcon_core.verb:set package 'allegro_hand_driver' build argument 'catkin_skip_building_tests' from command line to 'False'
[0.282s] DEBUG:colcon.colcon_core.verb:Building package 'allegro_hand_driver' with the following arguments: {'ament_cmake_args': None, 'build_base': '/home/fzc/allegro_hand_linux_v4/ros2_source/build/allegro_hand_driver', 'catkin_cmake_args': None, 'catkin_skip_building_tests': False, 'cmake_args': None, 'cmake_clean_cache': False, 'cmake_clean_first': False, 'cmake_force_configure': False, 'cmake_target': None, 'cmake_target_skip_unavailable': False, 'install_base': '/home/fzc/allegro_hand_linux_v4/ros2_source/install/allegro_hand_driver', 'merge_install': False, 'path': '/home/fzc/allegro_hand_linux_v4/ros2_source/src/allegro_hand_driver', 'symlink_install': False, 'test_result_base': None}
[0.282s] Level 5:colcon.colcon_core.verb:set package 'allegro_hand_parameters' build argument 'cmake_args' from command line to 'None'
[0.282s] Level 5:colcon.colcon_core.verb:set package 'allegro_hand_parameters' build argument 'cmake_target' from command line to 'None'
[0.282s] Level 5:colcon.colcon_core.verb:set package 'allegro_hand_parameters' build argument 'cmake_target_skip_unavailable' from command line to 'False'
[0.282s] Level 5:colcon.colcon_core.verb:set package 'allegro_hand_parameters' build argument 'cmake_clean_cache' from command line to 'False'
[0.282s] Level 5:colcon.colcon_core.verb:set package 'allegro_hand_parameters' build argument 'cmake_clean_first' from command line to 'False'
[0.282s] Level 5:colcon.colcon_core.verb:set package 'allegro_hand_parameters' build argument 'cmake_force_configure' from command line to 'False'
[0.282s] Level 5:colcon.colcon_core.verb:set package 'allegro_hand_parameters' build argument 'ament_cmake_args' from command line to 'None'
[0.282s] Level 5:colcon.colcon_core.verb:set package 'allegro_hand_parameters' build argument 'catkin_cmake_args' from command line to 'None'
[0.282s] Level 5:colcon.colcon_core.verb:set package 'allegro_hand_parameters' build argument 'catkin_skip_building_tests' from command line to 'False'
[0.282s] DEBUG:colcon.colcon_core.verb:Building package 'allegro_hand_parameters' with the following arguments: {'ament_cmake_args': None, 'build_base': '/home/fzc/allegro_hand_linux_v4/ros2_source/build/allegro_hand_parameters', 'catkin_cmake_args': None, 'catkin_skip_building_tests': False, 'cmake_args': None, 'cmake_clean_cache': False, 'cmake_clean_first': False, 'cmake_force_configure': False, 'cmake_target': None, 'cmake_target_skip_unavailable': False, 'install_base': '/home/fzc/allegro_hand_linux_v4/ros2_source/install/allegro_hand_parameters', 'merge_install': False, 'path': '/home/fzc/allegro_hand_linux_v4/ros2_source/src/allegro_hand_parameters', 'symlink_install': False, 'test_result_base': None}
[0.283s] Level 5:colcon.colcon_core.verb:set package 'bhand' build argument 'cmake_args' from command line to 'None'
[0.283s] Level 5:colcon.colcon_core.verb:set package 'bhand' build argument 'cmake_target' from command line to 'None'
[0.283s] Level 5:colcon.colcon_core.verb:set package 'bhand' build argument 'cmake_target_skip_unavailable' from command line to 'False'
[0.283s] Level 5:colcon.colcon_core.verb:set package 'bhand' build argument 'cmake_clean_cache' from command line to 'False'
[0.283s] Level 5:colcon.colcon_core.verb:set package 'bhand' build argument 'cmake_clean_first' from command line to 'False'
[0.283s] Level 5:colcon.colcon_core.verb:set package 'bhand' build argument 'cmake_force_configure' from command line to 'False'
[0.283s] Level 5:colcon.colcon_core.verb:set package 'bhand' build argument 'ament_cmake_args' from command line to 'None'
[0.283s] Level 5:colcon.colcon_core.verb:set package 'bhand' build argument 'catkin_cmake_args' from command line to 'None'
[0.283s] Level 5:colcon.colcon_core.verb:set package 'bhand' build argument 'catkin_skip_building_tests' from command line to 'False'
[0.283s] DEBUG:colcon.colcon_core.verb:Building package 'bhand' with the following arguments: {'ament_cmake_args': None, 'build_base': '/home/fzc/allegro_hand_linux_v4/ros2_source/build/bhand', 'catkin_cmake_args': None, 'catkin_skip_building_tests': False, 'cmake_args': None, 'cmake_clean_cache': False, 'cmake_clean_first': False, 'cmake_force_configure': False, 'cmake_target': None, 'cmake_target_skip_unavailable': False, 'install_base': '/home/fzc/allegro_hand_linux_v4/ros2_source/install/bhand', 'merge_install': False, 'path': '/home/fzc/allegro_hand_linux_v4/ros2_source/src/bhand', 'symlink_install': False, 'test_result_base': None}
[0.283s] Level 5:colcon.colcon_core.verb:set package 'mediapipe_test' build argument 'cmake_args' from command line to 'None'
[0.283s] Level 5:colcon.colcon_core.verb:set package 'mediapipe_test' build argument 'cmake_target' from command line to 'None'
[0.283s] Level 5:colcon.colcon_core.verb:set package 'mediapipe_test' build argument 'cmake_target_skip_unavailable' from command line to 'False'
[0.283s] Level 5:colcon.colcon_core.verb:set package 'mediapipe_test' build argument 'cmake_clean_cache' from command line to 'False'
[0.283s] Level 5:colcon.colcon_core.verb:set package 'mediapipe_test' build argument 'cmake_clean_first' from command line to 'False'
[0.283s] Level 5:colcon.colcon_core.verb:set package 'mediapipe_test' build argument 'cmake_force_configure' from command line to 'False'
[0.283s] Level 5:colcon.colcon_core.verb:set package 'mediapipe_test' build argument 'ament_cmake_args' from command line to 'None'
[0.283s] Level 5:colcon.colcon_core.verb:set package 'mediapipe_test' build argument 'catkin_cmake_args' from command line to 'None'
[0.283s] Level 5:colcon.colcon_core.verb:set package 'mediapipe_test' build argument 'catkin_skip_building_tests' from command line to 'False'
[0.283s] DEBUG:colcon.colcon_core.verb:Building package 'mediapipe_test' with the following arguments: {'ament_cmake_args': None, 'build_base': '/home/fzc/allegro_hand_linux_v4/ros2_source/build/mediapipe_test', 'catkin_cmake_args': None, 'catkin_skip_building_tests': False, 'cmake_args': None, 'cmake_clean_cache': False, 'cmake_clean_first': False, 'cmake_force_configure': False, 'cmake_target': None, 'cmake_target_skip_unavailable': False, 'install_base': '/home/fzc/allegro_hand_linux_v4/ros2_source/install/mediapipe_test', 'merge_install': False, 'path': '/home/fzc/allegro_hand_linux_v4/ros2_source/src/mediapipe_test', 'symlink_install': False, 'test_result_base': None}
[0.284s] Level 5:colcon.colcon_core.verb:set package 'allegro_hand_controllers' build argument 'cmake_args' from command line to 'None'
[0.284s] Level 5:colcon.colcon_core.verb:set package 'allegro_hand_controllers' build argument 'cmake_target' from command line to 'None'
[0.284s] Level 5:colcon.colcon_core.verb:set package 'allegro_hand_controllers' build argument 'cmake_target_skip_unavailable' from command line to 'False'
[0.284s] Level 5:colcon.colcon_core.verb:set package 'allegro_hand_controllers' build argument 'cmake_clean_cache' from command line to 'False'
[0.284s] Level 5:colcon.colcon_core.verb:set package 'allegro_hand_controllers' build argument 'cmake_clean_first' from command line to 'False'
[0.284s] Level 5:colcon.colcon_core.verb:set package 'allegro_hand_controllers' build argument 'cmake_force_configure' from command line to 'False'
[0.284s] Level 5:colcon.colcon_core.verb:set package 'allegro_hand_controllers' build argument 'ament_cmake_args' from command line to 'None'
[0.284s] Level 5:colcon.colcon_core.verb:set package 'allegro_hand_controllers' build argument 'catkin_cmake_args' from command line to 'None'
[0.284s] Level 5:colcon.colcon_core.verb:set package 'allegro_hand_controllers' build argument 'catkin_skip_building_tests' from command line to 'False'
[0.284s] DEBUG:colcon.colcon_core.verb:Building package 'allegro_hand_controllers' with the following arguments: {'ament_cmake_args': None, 'build_base': '/home/fzc/allegro_hand_linux_v4/ros2_source/build/allegro_hand_controllers', 'catkin_cmake_args': None, 'catkin_skip_building_tests': False, 'cmake_args': None, 'cmake_clean_cache': False, 'cmake_clean_first': False, 'cmake_force_configure': False, 'cmake_target': None, 'cmake_target_skip_unavailable': False, 'install_base': '/home/fzc/allegro_hand_linux_v4/ros2_source/install/allegro_hand_controllers', 'merge_install': False, 'path': '/home/fzc/allegro_hand_linux_v4/ros2_source/src/allegro_hand_controllers', 'symlink_install': False, 'test_result_base': None}
[0.284s] Level 5:colcon.colcon_core.verb:set package 'allegro_hand_keyboards' build argument 'cmake_args' from command line to 'None'
[0.284s] Level 5:colcon.colcon_core.verb:set package 'allegro_hand_keyboards' build argument 'cmake_target' from command line to 'None'
[0.284s] Level 5:colcon.colcon_core.verb:set package 'allegro_hand_keyboards' build argument 'cmake_target_skip_unavailable' from command line to 'False'
[0.284s] Level 5:colcon.colcon_core.verb:set package 'allegro_hand_keyboards' build argument 'cmake_clean_cache' from command line to 'False'
[0.284s] Level 5:colcon.colcon_core.verb:set package 'allegro_hand_keyboards' build argument 'cmake_clean_first' from command line to 'False'
[0.284s] Level 5:colcon.colcon_core.verb:set package 'allegro_hand_keyboards' build argument 'cmake_force_configure' from command line to 'False'
[0.284s] Level 5:colcon.colcon_core.verb:set package 'allegro_hand_keyboards' build argument 'ament_cmake_args' from command line to 'None'
[0.284s] Level 5:colcon.colcon_core.verb:set package 'allegro_hand_keyboards' build argument 'catkin_cmake_args' from command line to 'None'
[0.284s] Level 5:colcon.colcon_core.verb:set package 'allegro_hand_keyboards' build argument 'catkin_skip_building_tests' from command line to 'False'
[0.284s] DEBUG:colcon.colcon_core.verb:Building package 'allegro_hand_keyboards' with the following arguments: {'ament_cmake_args': None, 'build_base': '/home/fzc/allegro_hand_linux_v4/ros2_source/build/allegro_hand_keyboards', 'catkin_cmake_args': None, 'catkin_skip_building_tests': False, 'cmake_args': None, 'cmake_clean_cache': False, 'cmake_clean_first': False, 'cmake_force_configure': False, 'cmake_target': None, 'cmake_target_skip_unavailable': False, 'install_base': '/home/fzc/allegro_hand_linux_v4/ros2_source/install/allegro_hand_keyboards', 'merge_install': False, 'path': '/home/fzc/allegro_hand_linux_v4/ros2_source/src/allegro_hand_keyboards', 'symlink_install': False, 'test_result_base': None}
[0.284s] INFO:colcon.colcon_core.executor:Executing jobs using 'parallel' executor
[0.285s] DEBUG:colcon.colcon_parallel_executor.executor.parallel:run_until_complete
[0.286s] INFO:colcon.colcon_ros.task.ament_cmake.build:Building ROS package in '/home/fzc/allegro_hand_linux_v4/ros2_source/src/allegro_hand_driver' with build type 'ament_cmake'
[0.286s] INFO:colcon.colcon_cmake.task.cmake.build:Building CMake package in '/home/fzc/allegro_hand_linux_v4/ros2_source/src/allegro_hand_driver'
[0.287s] INFO:colcon.colcon_core.plugin_system:Skipping extension 'colcon_core.shell.bat': Not used on non-Windows systems
[0.288s] INFO:colcon.colcon_core.shell:Skip shell extension 'powershell' for command environment: Not usable outside of PowerShell
[0.288s] DEBUG:colcon.colcon_core.shell:Skip shell extension 'dsv' for command environment
[0.291s] INFO:colcon.colcon_ros.task.ament_cmake.build:Building ROS package in '/home/fzc/allegro_hand_linux_v4/ros2_source/src/bhand' with build type 'ament_cmake'
[0.291s] INFO:colcon.colcon_cmake.task.cmake.build:Building CMake package in '/home/fzc/allegro_hand_linux_v4/ros2_source/src/bhand'
[0.291s] INFO:colcon.colcon_core.shell:Skip shell extension 'powershell' for command environment: Not usable outside of PowerShell
[0.292s] DEBUG:colcon.colcon_core.shell:Skip shell extension 'dsv' for command environment
[0.295s] INFO:colcon.colcon_ros.task.ament_cmake.build:Building ROS package in '/home/fzc/allegro_hand_linux_v4/ros2_source/src/allegro_hand_description' with build type 'ament_cmake'
[0.295s] INFO:colcon.colcon_cmake.task.cmake.build:Building CMake package in '/home/fzc/allegro_hand_linux_v4/ros2_source/src/allegro_hand_description'
[0.295s] INFO:colcon.colcon_core.shell:Skip shell extension 'powershell' for command environment: Not usable outside of PowerShell
[0.295s] DEBUG:colcon.colcon_core.shell:Skip shell extension 'dsv' for command environment
[0.298s] INFO:colcon.colcon_ros.task.ament_cmake.build:Building ROS package in '/home/fzc/allegro_hand_linux_v4/ros2_source/src/allegro_hand_parameters' with build type 'ament_cmake'
[0.299s] INFO:colcon.colcon_cmake.task.cmake.build:Building CMake package in '/home/fzc/allegro_hand_linux_v4/ros2_source/src/allegro_hand_parameters'
[0.299s] INFO:colcon.colcon_core.shell:Skip shell extension 'powershell' for command environment: Not usable outside of PowerShell
[0.299s] DEBUG:colcon.colcon_core.shell:Skip shell extension 'dsv' for command environment
[0.302s] INFO:colcon.colcon_ros.task.ament_python.build:Building ROS package in '/home/fzc/allegro_hand_linux_v4/ros2_source/src/mediapipe_test' with build type 'ament_python'
[0.303s] Level 1:colcon.colcon_core.shell:create_environment_hook('mediapipe_test', 'ament_prefix_path')
[0.303s] INFO:colcon.colcon_core.shell:Creating environment hook '/home/fzc/allegro_hand_linux_v4/ros2_source/install/mediapipe_test/share/mediapipe_test/hook/ament_prefix_path.ps1'
[0.304s] INFO:colcon.colcon_core.shell:Creating environment descriptor '/home/fzc/allegro_hand_linux_v4/ros2_source/install/mediapipe_test/share/mediapipe_test/hook/ament_prefix_path.dsv'
[0.304s] INFO:colcon.colcon_core.shell:Creating environment hook '/home/fzc/allegro_hand_linux_v4/ros2_source/install/mediapipe_test/share/mediapipe_test/hook/ament_prefix_path.sh'
[0.305s] INFO:colcon.colcon_core.shell:Skip shell extension 'powershell' for command environment: Not usable outside of PowerShell
[0.305s] DEBUG:colcon.colcon_core.shell:Skip shell extension 'dsv' for command environment
[0.315s] DEBUG:colcon.colcon_core.event_handler.log_command:Invoking command in '/home/fzc/allegro_hand_linux_v4/ros2_source/build/allegro_hand_driver': CMAKE_PREFIX_PATH=${CMAKE_PREFIX_PATH}:/home/fzc/allegro_hand_linux_v4/ros2_source/install/mediapipe_test:/home/fzc/allegro_hand_linux_v4/ros2_source/install/test_topic:/home/fzc/allegro_hand_linux_v4/ros2_source/install/allegro_mediapipe_follow:/opt/ros/humble CONDA_PROMPT_MODIFIER=(hand) /usr/bin/cmake --build /home/fzc/allegro_hand_linux_v4/ros2_source/build/allegro_hand_driver -- -j8 -l8
[0.318s] DEBUG:colcon.colcon_core.event_handler.log_command:Invoking command in '/home/fzc/allegro_hand_linux_v4/ros2_source/build/bhand': CMAKE_PREFIX_PATH=${CMAKE_PREFIX_PATH}:/home/fzc/allegro_hand_linux_v4/ros2_source/install/mediapipe_test:/home/fzc/allegro_hand_linux_v4/ros2_source/install/test_topic:/home/fzc/allegro_hand_linux_v4/ros2_source/install/allegro_mediapipe_follow:/opt/ros/humble CONDA_PROMPT_MODIFIER=(hand) /usr/bin/cmake --build /home/fzc/allegro_hand_linux_v4/ros2_source/build/bhand -- -j8 -l8
[0.321s] DEBUG:colcon.colcon_core.event_handler.log_command:Invoking command in '/home/fzc/allegro_hand_linux_v4/ros2_source/build/allegro_hand_description': CMAKE_PREFIX_PATH=${CMAKE_PREFIX_PATH}:/home/fzc/allegro_hand_linux_v4/ros2_source/install/mediapipe_test:/home/fzc/allegro_hand_linux_v4/ros2_source/install/test_topic:/home/fzc/allegro_hand_linux_v4/ros2_source/install/allegro_mediapipe_follow:/opt/ros/humble CONDA_PROMPT_MODIFIER=(hand) /usr/bin/cmake --build /home/fzc/allegro_hand_linux_v4/ros2_source/build/allegro_hand_description -- -j8 -l8
[0.324s] DEBUG:colcon.colcon_core.event_handler.log_command:Invoking command in '/home/fzc/allegro_hand_linux_v4/ros2_source/build/allegro_hand_parameters': CMAKE_PREFIX_PATH=${CMAKE_PREFIX_PATH}:/home/fzc/allegro_hand_linux_v4/ros2_source/install/mediapipe_test:/home/fzc/allegro_hand_linux_v4/ros2_source/install/test_topic:/home/fzc/allegro_hand_linux_v4/ros2_source/install/allegro_mediapipe_follow:/opt/ros/humble CONDA_PROMPT_MODIFIER=(hand) /usr/bin/cmake --build /home/fzc/allegro_hand_linux_v4/ros2_source/build/allegro_hand_parameters -- -j8 -l8
[0.547s] INFO:colcon.colcon_core.task.python.build:Building Python package in '/home/fzc/allegro_hand_linux_v4/ros2_source/src/mediapipe_test'
[0.548s] INFO:colcon.colcon_core.shell:Skip shell extension 'powershell' for command environment: Not usable outside of PowerShell
[0.548s] DEBUG:colcon.colcon_core.shell:Skip shell extension 'dsv' for command environment
[0.553s] DEBUG:colcon.colcon_core.event_handler.log_command:Invoked command in '/home/fzc/allegro_hand_linux_v4/ros2_source/build/bhand' returned '0': CMAKE_PREFIX_PATH=${CMAKE_PREFIX_PATH}:/home/fzc/allegro_hand_linux_v4/ros2_source/install/mediapipe_test:/home/fzc/allegro_hand_linux_v4/ros2_source/install/test_topic:/home/fzc/allegro_hand_linux_v4/ros2_source/install/allegro_mediapipe_follow:/opt/ros/humble CONDA_PROMPT_MODIFIER=(hand) /usr/bin/cmake --build /home/fzc/allegro_hand_linux_v4/ros2_source/build/bhand -- -j8 -l8
[0.561s] DEBUG:colcon.colcon_core.event_handler.log_command:Invoking command in '/home/fzc/allegro_hand_linux_v4/ros2_source/build/bhand': CMAKE_PREFIX_PATH=${CMAKE_PREFIX_PATH}:/home/fzc/allegro_hand_linux_v4/ros2_source/install/mediapipe_test:/home/fzc/allegro_hand_linux_v4/ros2_source/install/test_topic:/home/fzc/allegro_hand_linux_v4/ros2_source/install/allegro_mediapipe_follow:/opt/ros/humble CONDA_PROMPT_MODIFIER=(hand) /usr/bin/cmake --install /home/fzc/allegro_hand_linux_v4/ros2_source/build/bhand
[0.562s] DEBUG:colcon.colcon_core.event_handler.log_command:Invoked command in '/home/fzc/allegro_hand_linux_v4/ros2_source/build/allegro_hand_description' returned '0': CMAKE_PREFIX_PATH=${CMAKE_PREFIX_PATH}:/home/fzc/allegro_hand_linux_v4/ros2_source/install/mediapipe_test:/home/fzc/allegro_hand_linux_v4/ros2_source/install/test_topic:/home/fzc/allegro_hand_linux_v4/ros2_source/install/allegro_mediapipe_follow:/opt/ros/humble CONDA_PROMPT_MODIFIER=(hand) /usr/bin/cmake --build /home/fzc/allegro_hand_linux_v4/ros2_source/build/allegro_hand_description -- -j8 -l8
[0.563s] DEBUG:colcon.colcon_core.event_handler.log_command:Invoking command in '/home/fzc/allegro_hand_linux_v4/ros2_source/build/allegro_hand_description': CMAKE_PREFIX_PATH=${CMAKE_PREFIX_PATH}:/home/fzc/allegro_hand_linux_v4/ros2_source/install/mediapipe_test:/home/fzc/allegro_hand_linux_v4/ros2_source/install/test_topic:/home/fzc/allegro_hand_linux_v4/ros2_source/install/allegro_mediapipe_follow:/opt/ros/humble CONDA_PROMPT_MODIFIER=(hand) /usr/bin/cmake --install /home/fzc/allegro_hand_linux_v4/ros2_source/build/allegro_hand_description
[0.563s] DEBUG:colcon.colcon_core.event_handler.log_command:Invoked command in '/home/fzc/allegro_hand_linux_v4/ros2_source/build/allegro_hand_parameters' returned '0': CMAKE_PREFIX_PATH=${CMAKE_PREFIX_PATH}:/home/fzc/allegro_hand_linux_v4/ros2_source/install/mediapipe_test:/home/fzc/allegro_hand_linux_v4/ros2_source/install/test_topic:/home/fzc/allegro_hand_linux_v4/ros2_source/install/allegro_mediapipe_follow:/opt/ros/humble CONDA_PROMPT_MODIFIER=(hand) /usr/bin/cmake --build /home/fzc/allegro_hand_linux_v4/ros2_source/build/allegro_hand_parameters -- -j8 -l8
[0.565s] DEBUG:colcon.colcon_core.event_handler.log_command:Invoking command in '/home/fzc/allegro_hand_linux_v4/ros2_source/build/allegro_hand_parameters': CMAKE_PREFIX_PATH=${CMAKE_PREFIX_PATH}:/home/fzc/allegro_hand_linux_v4/ros2_source/install/mediapipe_test:/home/fzc/allegro_hand_linux_v4/ros2_source/install/test_topic:/home/fzc/allegro_hand_linux_v4/ros2_source/install/allegro_mediapipe_follow:/opt/ros/humble CONDA_PROMPT_MODIFIER=(hand) /usr/bin/cmake --install /home/fzc/allegro_hand_linux_v4/ros2_source/build/allegro_hand_parameters
[0.565s] DEBUG:colcon.colcon_core.event_handler.log_command:Invoked command in '/home/fzc/allegro_hand_linux_v4/ros2_source/build/allegro_hand_driver' returned '0': CMAKE_PREFIX_PATH=${CMAKE_PREFIX_PATH}:/home/fzc/allegro_hand_linux_v4/ros2_source/install/mediapipe_test:/home/fzc/allegro_hand_linux_v4/ros2_source/install/test_topic:/home/fzc/allegro_hand_linux_v4/ros2_source/install/allegro_mediapipe_follow:/opt/ros/humble CONDA_PROMPT_MODIFIER=(hand) /usr/bin/cmake --build /home/fzc/allegro_hand_linux_v4/ros2_source/build/allegro_hand_driver -- -j8 -l8
[0.567s] DEBUG:colcon.colcon_core.event_handler.log_command:Invoking command in '/home/fzc/allegro_hand_linux_v4/ros2_source/build/allegro_hand_driver': CMAKE_PREFIX_PATH=${CMAKE_PREFIX_PATH}:/home/fzc/allegro_hand_linux_v4/ros2_source/install/mediapipe_test:/home/fzc/allegro_hand_linux_v4/ros2_source/install/test_topic:/home/fzc/allegro_hand_linux_v4/ros2_source/install/allegro_mediapipe_follow:/opt/ros/humble CONDA_PROMPT_MODIFIER=(hand) /usr/bin/cmake --install /home/fzc/allegro_hand_linux_v4/ros2_source/build/allegro_hand_driver
[0.574s] Level 1:colcon.colcon_core.environment:create_environment_scripts_only(bhand)
[0.583s] DEBUG:colcon.colcon_core.event_handler.log_command:Invoked command in '/home/fzc/allegro_hand_linux_v4/ros2_source/build/bhand' returned '0': CMAKE_PREFIX_PATH=${CMAKE_PREFIX_PATH}:/home/fzc/allegro_hand_linux_v4/ros2_source/install/mediapipe_test:/home/fzc/allegro_hand_linux_v4/ros2_source/install/test_topic:/home/fzc/allegro_hand_linux_v4/ros2_source/install/allegro_mediapipe_follow:/opt/ros/humble CONDA_PROMPT_MODIFIER=(hand) /usr/bin/cmake --install /home/fzc/allegro_hand_linux_v4/ros2_source/build/bhand
[0.586s] Level 1:colcon.colcon_core.environment:checking '/home/fzc/allegro_hand_linux_v4/ros2_source/install/bhand' for CMake module files
[0.587s] Level 1:colcon.colcon_core.environment:checking '/home/fzc/allegro_hand_linux_v4/ros2_source/install/bhand' for CMake config files
[0.588s] Level 1:colcon.colcon_core.shell:create_environment_hook('bhand', 'cmake_prefix_path')
[0.588s] INFO:colcon.colcon_core.shell:Creating environment hook '/home/fzc/allegro_hand_linux_v4/ros2_source/install/bhand/share/bhand/hook/cmake_prefix_path.ps1'
[0.588s] INFO:colcon.colcon_core.shell:Creating environment descriptor '/home/fzc/allegro_hand_linux_v4/ros2_source/install/bhand/share/bhand/hook/cmake_prefix_path.dsv'
[0.589s] INFO:colcon.colcon_core.shell:Creating environment hook '/home/fzc/allegro_hand_linux_v4/ros2_source/install/bhand/share/bhand/hook/cmake_prefix_path.sh'
[0.590s] Level 1:colcon.colcon_core.environment:checking '/home/fzc/allegro_hand_linux_v4/ros2_source/install/bhand/lib'
[0.590s] Level 1:colcon.colcon_core.shell:create_environment_hook('bhand', 'ld_library_path_lib')
[0.590s] INFO:colcon.colcon_core.shell:Creating environment hook '/home/fzc/allegro_hand_linux_v4/ros2_source/install/bhand/share/bhand/hook/ld_library_path_lib.ps1'
[0.591s] INFO:colcon.colcon_core.shell:Creating environment descriptor '/home/fzc/allegro_hand_linux_v4/ros2_source/install/bhand/share/bhand/hook/ld_library_path_lib.dsv'
[0.591s] INFO:colcon.colcon_core.shell:Creating environment hook '/home/fzc/allegro_hand_linux_v4/ros2_source/install/bhand/share/bhand/hook/ld_library_path_lib.sh'
[0.592s] Level 1:colcon.colcon_core.environment:checking '/home/fzc/allegro_hand_linux_v4/ros2_source/install/bhand/bin'
[0.592s] Level 1:colcon.colcon_core.environment:checking '/home/fzc/allegro_hand_linux_v4/ros2_source/install/bhand/lib/pkgconfig/bhand.pc'
[0.592s] Level 1:colcon.colcon_core.environment:checking '/home/fzc/allegro_hand_linux_v4/ros2_source/install/bhand/lib/python3.10/site-packages'
[0.592s] Level 1:colcon.colcon_core.environment:checking '/home/fzc/allegro_hand_linux_v4/ros2_source/install/bhand/bin'
[0.593s] INFO:colcon.colcon_core.shell:Creating package script '/home/fzc/allegro_hand_linux_v4/ros2_source/install/bhand/share/bhand/package.ps1'
[0.595s] INFO:colcon.colcon_core.shell:Creating package descriptor '/home/fzc/allegro_hand_linux_v4/ros2_source/install/bhand/share/bhand/package.dsv'
[0.595s] INFO:colcon.colcon_core.shell:Creating package script '/home/fzc/allegro_hand_linux_v4/ros2_source/install/bhand/share/bhand/package.sh'
[0.596s] INFO:colcon.colcon_core.shell:Creating package script '/home/fzc/allegro_hand_linux_v4/ros2_source/install/bhand/share/bhand/package.bash'
[0.598s] INFO:colcon.colcon_core.shell:Creating package script '/home/fzc/allegro_hand_linux_v4/ros2_source/install/bhand/share/bhand/package.zsh'
[0.598s] Level 1:colcon.colcon_core.environment:create_file_with_runtime_dependencies(/home/fzc/allegro_hand_linux_v4/ros2_source/install/bhand/share/colcon-core/packages/bhand)
[0.599s] Level 1:colcon.colcon_core.environment:create_environment_scripts_only(bhand)
[0.600s] Level 1:colcon.colcon_core.environment:checking '/home/fzc/allegro_hand_linux_v4/ros2_source/install/bhand' for CMake module files
[0.600s] Level 1:colcon.colcon_core.environment:checking '/home/fzc/allegro_hand_linux_v4/ros2_source/install/bhand' for CMake config files
[0.601s] Level 1:colcon.colcon_core.shell:create_environment_hook('bhand', 'cmake_prefix_path')
[0.601s] INFO:colcon.colcon_core.shell:Creating environment hook '/home/fzc/allegro_hand_linux_v4/ros2_source/install/bhand/share/bhand/hook/cmake_prefix_path.ps1'
[0.602s] INFO:colcon.colcon_core.shell:Creating environment descriptor '/home/fzc/allegro_hand_linux_v4/ros2_source/install/bhand/share/bhand/hook/cmake_prefix_path.dsv'
[0.602s] INFO:colcon.colcon_core.shell:Creating environment hook '/home/fzc/allegro_hand_linux_v4/ros2_source/install/bhand/share/bhand/hook/cmake_prefix_path.sh'
[0.603s] Level 1:colcon.colcon_core.environment:checking '/home/fzc/allegro_hand_linux_v4/ros2_source/install/bhand/lib'
[0.603s] Level 1:colcon.colcon_core.shell:create_environment_hook('bhand', 'ld_library_path_lib')
[0.603s] INFO:colcon.colcon_core.shell:Creating environment hook '/home/fzc/allegro_hand_linux_v4/ros2_source/install/bhand/share/bhand/hook/ld_library_path_lib.ps1'
[0.604s] INFO:colcon.colcon_core.shell:Creating environment descriptor '/home/fzc/allegro_hand_linux_v4/ros2_source/install/bhand/share/bhand/hook/ld_library_path_lib.dsv'
[0.604s] INFO:colcon.colcon_core.shell:Creating environment hook '/home/fzc/allegro_hand_linux_v4/ros2_source/install/bhand/share/bhand/hook/ld_library_path_lib.sh'
[0.605s] Level 1:colcon.colcon_core.environment:checking '/home/fzc/allegro_hand_linux_v4/ros2_source/install/bhand/bin'
[0.605s] Level 1:colcon.colcon_core.environment:checking '/home/fzc/allegro_hand_linux_v4/ros2_source/install/bhand/lib/pkgconfig/bhand.pc'
[0.605s] Level 1:colcon.colcon_core.environment:checking '/home/fzc/allegro_hand_linux_v4/ros2_source/install/bhand/lib/python3.10/site-packages'
[0.606s] Level 1:colcon.colcon_core.environment:checking '/home/fzc/allegro_hand_linux_v4/ros2_source/install/bhand/bin'
[0.607s] INFO:colcon.colcon_core.shell:Creating package script '/home/fzc/allegro_hand_linux_v4/ros2_source/install/bhand/share/bhand/package.ps1'
[0.608s] INFO:colcon.colcon_core.shell:Creating package descriptor '/home/fzc/allegro_hand_linux_v4/ros2_source/install/bhand/share/bhand/package.dsv'
[0.609s] INFO:colcon.colcon_core.shell:Creating package script '/home/fzc/allegro_hand_linux_v4/ros2_source/install/bhand/share/bhand/package.sh'
[0.609s] INFO:colcon.colcon_core.shell:Creating package script '/home/fzc/allegro_hand_linux_v4/ros2_source/install/bhand/share/bhand/package.bash'
[0.610s] INFO:colcon.colcon_core.shell:Creating package script '/home/fzc/allegro_hand_linux_v4/ros2_source/install/bhand/share/bhand/package.zsh'
[0.610s] Level 1:colcon.colcon_core.environment:create_file_with_runtime_dependencies(/home/fzc/allegro_hand_linux_v4/ros2_source/install/bhand/share/colcon-core/packages/bhand)
[0.611s] Level 1:colcon.colcon_core.environment:create_environment_scripts_only(allegro_hand_description)
[0.611s] Level 1:colcon.colcon_core.environment:checking '/home/fzc/allegro_hand_linux_v4/ros2_source/install/allegro_hand_description' for CMake module files
[0.612s] DEBUG:colcon.colcon_core.event_handler.log_command:Invoked command in '/home/fzc/allegro_hand_linux_v4/ros2_source/build/allegro_hand_description' returned '0': CMAKE_PREFIX_PATH=${CMAKE_PREFIX_PATH}:/home/fzc/allegro_hand_linux_v4/ros2_source/install/mediapipe_test:/home/fzc/allegro_hand_linux_v4/ros2_source/install/test_topic:/home/fzc/allegro_hand_linux_v4/ros2_source/install/allegro_mediapipe_follow:/opt/ros/humble CONDA_PROMPT_MODIFIER=(hand) /usr/bin/cmake --install /home/fzc/allegro_hand_linux_v4/ros2_source/build/allegro_hand_description
[0.612s] Level 1:colcon.colcon_core.environment:checking '/home/fzc/allegro_hand_linux_v4/ros2_source/install/allegro_hand_description' for CMake config files
[0.612s] Level 1:colcon.colcon_core.shell:create_environment_hook('allegro_hand_description', 'cmake_prefix_path')
[0.613s] INFO:colcon.colcon_core.shell:Creating environment hook '/home/fzc/allegro_hand_linux_v4/ros2_source/install/allegro_hand_description/share/allegro_hand_description/hook/cmake_prefix_path.ps1'
[0.613s] INFO:colcon.colcon_core.shell:Creating environment descriptor '/home/fzc/allegro_hand_linux_v4/ros2_source/install/allegro_hand_description/share/allegro_hand_description/hook/cmake_prefix_path.dsv'
[0.613s] INFO:colcon.colcon_core.shell:Creating environment hook '/home/fzc/allegro_hand_linux_v4/ros2_source/install/allegro_hand_description/share/allegro_hand_description/hook/cmake_prefix_path.sh'
[0.614s] Level 1:colcon.colcon_core.environment:checking '/home/fzc/allegro_hand_linux_v4/ros2_source/install/allegro_hand_description/bin'
[0.614s] Level 1:colcon.colcon_core.environment:checking '/home/fzc/allegro_hand_linux_v4/ros2_source/install/allegro_hand_description/lib/pkgconfig/allegro_hand_description.pc'
[0.614s] Level 1:colcon.colcon_core.environment:checking '/home/fzc/allegro_hand_linux_v4/ros2_source/install/allegro_hand_description/lib/python3.10/site-packages'
[0.614s] Level 1:colcon.colcon_core.environment:checking '/home/fzc/allegro_hand_linux_v4/ros2_source/install/allegro_hand_description/bin'
[0.615s] INFO:colcon.colcon_core.shell:Creating package script '/home/fzc/allegro_hand_linux_v4/ros2_source/install/allegro_hand_description/share/allegro_hand_description/package.ps1'
[0.615s] INFO:colcon.colcon_core.shell:Creating package descriptor '/home/fzc/allegro_hand_linux_v4/ros2_source/install/allegro_hand_description/share/allegro_hand_description/package.dsv'
[0.616s] INFO:colcon.colcon_core.shell:Creating package script '/home/fzc/allegro_hand_linux_v4/ros2_source/install/allegro_hand_description/share/allegro_hand_description/package.sh'
[0.616s] INFO:colcon.colcon_core.shell:Creating package script '/home/fzc/allegro_hand_linux_v4/ros2_source/install/allegro_hand_description/share/allegro_hand_description/package.bash'
[0.617s] INFO:colcon.colcon_core.shell:Creating package script '/home/fzc/allegro_hand_linux_v4/ros2_source/install/allegro_hand_description/share/allegro_hand_description/package.zsh'
[0.617s] Level 1:colcon.colcon_core.environment:create_file_with_runtime_dependencies(/home/fzc/allegro_hand_linux_v4/ros2_source/install/allegro_hand_description/share/colcon-core/packages/allegro_hand_description)
[0.618s] Level 1:colcon.colcon_core.environment:create_environment_scripts_only(allegro_hand_description)
[0.618s] Level 1:colcon.colcon_core.environment:checking '/home/fzc/allegro_hand_linux_v4/ros2_source/install/allegro_hand_description' for CMake module files
[0.618s] Level 1:colcon.colcon_core.environment:checking '/home/fzc/allegro_hand_linux_v4/ros2_source/install/allegro_hand_description' for CMake config files
[0.618s] Level 1:colcon.colcon_core.shell:create_environment_hook('allegro_hand_description', 'cmake_prefix_path')
[0.619s] INFO:colcon.colcon_core.shell:Creating environment hook '/home/fzc/allegro_hand_linux_v4/ros2_source/install/allegro_hand_description/share/allegro_hand_description/hook/cmake_prefix_path.ps1'
[0.619s] INFO:colcon.colcon_core.shell:Creating environment descriptor '/home/fzc/allegro_hand_linux_v4/ros2_source/install/allegro_hand_description/share/allegro_hand_description/hook/cmake_prefix_path.dsv'
[0.619s] INFO:colcon.colcon_core.shell:Creating environment hook '/home/fzc/allegro_hand_linux_v4/ros2_source/install/allegro_hand_description/share/allegro_hand_description/hook/cmake_prefix_path.sh'
[0.620s] Level 1:colcon.colcon_core.environment:checking '/home/fzc/allegro_hand_linux_v4/ros2_source/install/allegro_hand_description/bin'
[0.620s] Level 1:colcon.colcon_core.environment:checking '/home/fzc/allegro_hand_linux_v4/ros2_source/install/allegro_hand_description/lib/pkgconfig/allegro_hand_description.pc'
[0.620s] Level 1:colcon.colcon_core.environment:checking '/home/fzc/allegro_hand_linux_v4/ros2_source/install/allegro_hand_description/lib/python3.10/site-packages'
[0.620s] Level 1:colcon.colcon_core.environment:checking '/home/fzc/allegro_hand_linux_v4/ros2_source/install/allegro_hand_description/bin'
[0.621s] INFO:colcon.colcon_core.shell:Creating package script '/home/fzc/allegro_hand_linux_v4/ros2_source/install/allegro_hand_description/share/allegro_hand_description/package.ps1'
[0.621s] INFO:colcon.colcon_core.shell:Creating package descriptor '/home/fzc/allegro_hand_linux_v4/ros2_source/install/allegro_hand_description/share/allegro_hand_description/package.dsv'
[0.622s] INFO:colcon.colcon_core.shell:Creating package script '/home/fzc/allegro_hand_linux_v4/ros2_source/install/allegro_hand_description/share/allegro_hand_description/package.sh'
[0.622s] INFO:colcon.colcon_core.shell:Creating package script '/home/fzc/allegro_hand_linux_v4/ros2_source/install/allegro_hand_description/share/allegro_hand_description/package.bash'
[0.622s] INFO:colcon.colcon_core.shell:Creating package script '/home/fzc/allegro_hand_linux_v4/ros2_source/install/allegro_hand_description/share/allegro_hand_description/package.zsh'
[0.623s] Level 1:colcon.colcon_core.environment:create_file_with_runtime_dependencies(/home/fzc/allegro_hand_linux_v4/ros2_source/install/allegro_hand_description/share/colcon-core/packages/allegro_hand_description)
[0.624s] Level 1:colcon.colcon_core.environment:create_environment_scripts_only(allegro_hand_parameters)
[0.624s] Level 1:colcon.colcon_core.environment:checking '/home/fzc/allegro_hand_linux_v4/ros2_source/install/allegro_hand_parameters' for CMake module files
[0.625s] DEBUG:colcon.colcon_core.event_handler.log_command:Invoked command in '/home/fzc/allegro_hand_linux_v4/ros2_source/build/allegro_hand_parameters' returned '0': CMAKE_PREFIX_PATH=${CMAKE_PREFIX_PATH}:/home/fzc/allegro_hand_linux_v4/ros2_source/install/mediapipe_test:/home/fzc/allegro_hand_linux_v4/ros2_source/install/test_topic:/home/fzc/allegro_hand_linux_v4/ros2_source/install/allegro_mediapipe_follow:/opt/ros/humble CONDA_PROMPT_MODIFIER=(hand) /usr/bin/cmake --install /home/fzc/allegro_hand_linux_v4/ros2_source/build/allegro_hand_parameters
[0.625s] Level 1:colcon.colcon_core.environment:checking '/home/fzc/allegro_hand_linux_v4/ros2_source/install/allegro_hand_parameters' for CMake config files
[0.626s] Level 1:colcon.colcon_core.shell:create_environment_hook('allegro_hand_parameters', 'cmake_prefix_path')
[0.626s] INFO:colcon.colcon_core.shell:Creating environment hook '/home/fzc/allegro_hand_linux_v4/ros2_source/install/allegro_hand_parameters/share/allegro_hand_parameters/hook/cmake_prefix_path.ps1'
[0.626s] INFO:colcon.colcon_core.shell:Creating environment descriptor '/home/fzc/allegro_hand_linux_v4/ros2_source/install/allegro_hand_parameters/share/allegro_hand_parameters/hook/cmake_prefix_path.dsv'
[0.627s] INFO:colcon.colcon_core.shell:Creating environment hook '/home/fzc/allegro_hand_linux_v4/ros2_source/install/allegro_hand_parameters/share/allegro_hand_parameters/hook/cmake_prefix_path.sh'
[0.627s] Level 1:colcon.colcon_core.environment:checking '/home/fzc/allegro_hand_linux_v4/ros2_source/install/allegro_hand_parameters/bin'
[0.627s] Level 1:colcon.colcon_core.environment:checking '/home/fzc/allegro_hand_linux_v4/ros2_source/install/allegro_hand_parameters/lib/pkgconfig/allegro_hand_parameters.pc'
[0.627s] Level 1:colcon.colcon_core.environment:checking '/home/fzc/allegro_hand_linux_v4/ros2_source/install/allegro_hand_parameters/lib/python3.10/site-packages'
[0.628s] Level 1:colcon.colcon_core.environment:checking '/home/fzc/allegro_hand_linux_v4/ros2_source/install/allegro_hand_parameters/bin'
[0.628s] INFO:colcon.colcon_core.shell:Creating package script '/home/fzc/allegro_hand_linux_v4/ros2_source/install/allegro_hand_parameters/share/allegro_hand_parameters/package.ps1'
[0.628s] INFO:colcon.colcon_core.shell:Creating package descriptor '/home/fzc/allegro_hand_linux_v4/ros2_source/install/allegro_hand_parameters/share/allegro_hand_parameters/package.dsv'
[0.629s] INFO:colcon.colcon_core.shell:Creating package script '/home/fzc/allegro_hand_linux_v4/ros2_source/install/allegro_hand_parameters/share/allegro_hand_parameters/package.sh'
[0.629s] INFO:colcon.colcon_core.shell:Creating package script '/home/fzc/allegro_hand_linux_v4/ros2_source/install/allegro_hand_parameters/share/allegro_hand_parameters/package.bash'
[0.630s] INFO:colcon.colcon_core.shell:Creating package script '/home/fzc/allegro_hand_linux_v4/ros2_source/install/allegro_hand_parameters/share/allegro_hand_parameters/package.zsh'
[0.630s] Level 1:colcon.colcon_core.environment:create_file_with_runtime_dependencies(/home/fzc/allegro_hand_linux_v4/ros2_source/install/allegro_hand_parameters/share/colcon-core/packages/allegro_hand_parameters)
[0.631s] Level 1:colcon.colcon_core.environment:create_environment_scripts_only(allegro_hand_parameters)
[0.631s] Level 1:colcon.colcon_core.environment:checking '/home/fzc/allegro_hand_linux_v4/ros2_source/install/allegro_hand_parameters' for CMake module files
[0.632s] Level 1:colcon.colcon_core.environment:checking '/home/fzc/allegro_hand_linux_v4/ros2_source/install/allegro_hand_parameters' for CMake config files
[0.632s] Level 1:colcon.colcon_core.shell:create_environment_hook('allegro_hand_parameters', 'cmake_prefix_path')
[0.632s] INFO:colcon.colcon_core.shell:Creating environment hook '/home/fzc/allegro_hand_linux_v4/ros2_source/install/allegro_hand_parameters/share/allegro_hand_parameters/hook/cmake_prefix_path.ps1'
[0.632s] INFO:colcon.colcon_core.shell:Creating environment descriptor '/home/fzc/allegro_hand_linux_v4/ros2_source/install/allegro_hand_parameters/share/allegro_hand_parameters/hook/cmake_prefix_path.dsv'
[0.633s] INFO:colcon.colcon_core.shell:Creating environment hook '/home/fzc/allegro_hand_linux_v4/ros2_source/install/allegro_hand_parameters/share/allegro_hand_parameters/hook/cmake_prefix_path.sh'
[0.634s] Level 1:colcon.colcon_core.environment:checking '/home/fzc/allegro_hand_linux_v4/ros2_source/install/allegro_hand_parameters/bin'
[0.634s] Level 1:colcon.colcon_core.environment:checking '/home/fzc/allegro_hand_linux_v4/ros2_source/install/allegro_hand_parameters/lib/pkgconfig/allegro_hand_parameters.pc'
[0.634s] Level 1:colcon.colcon_core.environment:checking '/home/fzc/allegro_hand_linux_v4/ros2_source/install/allegro_hand_parameters/lib/python3.10/site-packages'
[0.634s] Level 1:colcon.colcon_core.environment:checking '/home/fzc/allegro_hand_linux_v4/ros2_source/install/allegro_hand_parameters/bin'
[0.635s] INFO:colcon.colcon_core.shell:Creating package script '/home/fzc/allegro_hand_linux_v4/ros2_source/install/allegro_hand_parameters/share/allegro_hand_parameters/package.ps1'
[0.635s] INFO:colcon.colcon_core.shell:Creating package descriptor '/home/fzc/allegro_hand_linux_v4/ros2_source/install/allegro_hand_parameters/share/allegro_hand_parameters/package.dsv'
[0.636s] INFO:colcon.colcon_core.shell:Creating package script '/home/fzc/allegro_hand_linux_v4/ros2_source/install/allegro_hand_parameters/share/allegro_hand_parameters/package.sh'
[0.636s] INFO:colcon.colcon_core.shell:Creating package script '/home/fzc/allegro_hand_linux_v4/ros2_source/install/allegro_hand_parameters/share/allegro_hand_parameters/package.bash'
[0.637s] INFO:colcon.colcon_core.shell:Creating package script '/home/fzc/allegro_hand_linux_v4/ros2_source/install/allegro_hand_parameters/share/allegro_hand_parameters/package.zsh'
[0.637s] Level 1:colcon.colcon_core.environment:create_file_with_runtime_dependencies(/home/fzc/allegro_hand_linux_v4/ros2_source/install/allegro_hand_parameters/share/colcon-core/packages/allegro_hand_parameters)
[0.637s] Level 1:colcon.colcon_core.environment:create_environment_scripts_only(allegro_hand_driver)
[0.638s] Level 1:colcon.colcon_core.environment:checking '/home/fzc/allegro_hand_linux_v4/ros2_source/install/allegro_hand_driver' for CMake module files
[0.639s] DEBUG:colcon.colcon_core.event_handler.log_command:Invoked command in '/home/fzc/allegro_hand_linux_v4/ros2_source/build/allegro_hand_driver' returned '0': CMAKE_PREFIX_PATH=${CMAKE_PREFIX_PATH}:/home/fzc/allegro_hand_linux_v4/ros2_source/install/mediapipe_test:/home/fzc/allegro_hand_linux_v4/ros2_source/install/test_topic:/home/fzc/allegro_hand_linux_v4/ros2_source/install/allegro_mediapipe_follow:/opt/ros/humble CONDA_PROMPT_MODIFIER=(hand) /usr/bin/cmake --install /home/fzc/allegro_hand_linux_v4/ros2_source/build/allegro_hand_driver
[0.639s] Level 1:colcon.colcon_core.environment:checking '/home/fzc/allegro_hand_linux_v4/ros2_source/install/allegro_hand_driver' for CMake config files
[0.639s] Level 1:colcon.colcon_core.shell:create_environment_hook('allegro_hand_driver', 'cmake_prefix_path')
[0.639s] INFO:colcon.colcon_core.shell:Creating environment hook '/home/fzc/allegro_hand_linux_v4/ros2_source/install/allegro_hand_driver/share/allegro_hand_driver/hook/cmake_prefix_path.ps1'
[0.640s] INFO:colcon.colcon_core.shell:Creating environment descriptor '/home/fzc/allegro_hand_linux_v4/ros2_source/install/allegro_hand_driver/share/allegro_hand_driver/hook/cmake_prefix_path.dsv'
[0.640s] INFO:colcon.colcon_core.shell:Creating environment hook '/home/fzc/allegro_hand_linux_v4/ros2_source/install/allegro_hand_driver/share/allegro_hand_driver/hook/cmake_prefix_path.sh'
[0.641s] Level 1:colcon.colcon_core.environment:checking '/home/fzc/allegro_hand_linux_v4/ros2_source/install/allegro_hand_driver/lib'
[0.641s] Level 1:colcon.colcon_core.environment:checking '/home/fzc/allegro_hand_linux_v4/ros2_source/install/allegro_hand_driver/bin'
[0.641s] Level 1:colcon.colcon_core.environment:checking '/home/fzc/allegro_hand_linux_v4/ros2_source/install/allegro_hand_driver/lib/pkgconfig/allegro_hand_driver.pc'
[0.641s] Level 1:colcon.colcon_core.environment:checking '/home/fzc/allegro_hand_linux_v4/ros2_source/install/allegro_hand_driver/lib/python3.10/site-packages'
[0.641s] Level 1:colcon.colcon_core.environment:checking '/home/fzc/allegro_hand_linux_v4/ros2_source/install/allegro_hand_driver/bin'
[0.642s] INFO:colcon.colcon_core.shell:Creating package script '/home/fzc/allegro_hand_linux_v4/ros2_source/install/allegro_hand_driver/share/allegro_hand_driver/package.ps1'
[0.642s] INFO:colcon.colcon_core.shell:Creating package descriptor '/home/fzc/allegro_hand_linux_v4/ros2_source/install/allegro_hand_driver/share/allegro_hand_driver/package.dsv'
[0.643s] INFO:colcon.colcon_core.shell:Creating package script '/home/fzc/allegro_hand_linux_v4/ros2_source/install/allegro_hand_driver/share/allegro_hand_driver/package.sh'
[0.644s] INFO:colcon.colcon_core.shell:Creating package script '/home/fzc/allegro_hand_linux_v4/ros2_source/install/allegro_hand_driver/share/allegro_hand_driver/package.bash'
[0.644s] INFO:colcon.colcon_core.shell:Creating package script '/home/fzc/allegro_hand_linux_v4/ros2_source/install/allegro_hand_driver/share/allegro_hand_driver/package.zsh'
[0.645s] Level 1:colcon.colcon_core.environment:create_file_with_runtime_dependencies(/home/fzc/allegro_hand_linux_v4/ros2_source/install/allegro_hand_driver/share/colcon-core/packages/allegro_hand_driver)
[0.646s] Level 1:colcon.colcon_core.environment:create_environment_scripts_only(allegro_hand_driver)
[0.646s] Level 1:colcon.colcon_core.environment:checking '/home/fzc/allegro_hand_linux_v4/ros2_source/install/allegro_hand_driver' for CMake module files
[0.646s] Level 1:colcon.colcon_core.environment:checking '/home/fzc/allegro_hand_linux_v4/ros2_source/install/allegro_hand_driver' for CMake config files
[0.646s] Level 1:colcon.colcon_core.shell:create_environment_hook('allegro_hand_driver', 'cmake_prefix_path')
[0.647s] INFO:colcon.colcon_core.shell:Creating environment hook '/home/fzc/allegro_hand_linux_v4/ros2_source/install/allegro_hand_driver/share/allegro_hand_driver/hook/cmake_prefix_path.ps1'
[0.647s] INFO:colcon.colcon_core.shell:Creating environment descriptor '/home/fzc/allegro_hand_linux_v4/ros2_source/install/allegro_hand_driver/share/allegro_hand_driver/hook/cmake_prefix_path.dsv'
[0.647s] INFO:colcon.colcon_core.shell:Creating environment hook '/home/fzc/allegro_hand_linux_v4/ros2_source/install/allegro_hand_driver/share/allegro_hand_driver/hook/cmake_prefix_path.sh'
[0.648s] Level 1:colcon.colcon_core.environment:checking '/home/fzc/allegro_hand_linux_v4/ros2_source/install/allegro_hand_driver/lib'
[0.648s] Level 1:colcon.colcon_core.environment:checking '/home/fzc/allegro_hand_linux_v4/ros2_source/install/allegro_hand_driver/bin'
[0.648s] Level 1:colcon.colcon_core.environment:checking '/home/fzc/allegro_hand_linux_v4/ros2_source/install/allegro_hand_driver/lib/pkgconfig/allegro_hand_driver.pc'
[0.648s] Level 1:colcon.colcon_core.environment:checking '/home/fzc/allegro_hand_linux_v4/ros2_source/install/allegro_hand_driver/lib/python3.10/site-packages'
[0.649s] Level 1:colcon.colcon_core.environment:checking '/home/fzc/allegro_hand_linux_v4/ros2_source/install/allegro_hand_driver/bin'
[0.649s] INFO:colcon.colcon_core.shell:Creating package script '/home/fzc/allegro_hand_linux_v4/ros2_source/install/allegro_hand_driver/share/allegro_hand_driver/package.ps1'
[0.649s] INFO:colcon.colcon_core.shell:Creating package descriptor '/home/fzc/allegro_hand_linux_v4/ros2_source/install/allegro_hand_driver/share/allegro_hand_driver/package.dsv'
[0.650s] INFO:colcon.colcon_core.shell:Creating package script '/home/fzc/allegro_hand_linux_v4/ros2_source/install/allegro_hand_driver/share/allegro_hand_driver/package.sh'
[0.650s] INFO:colcon.colcon_core.shell:Creating package script '/home/fzc/allegro_hand_linux_v4/ros2_source/install/allegro_hand_driver/share/allegro_hand_driver/package.bash'
[0.651s] INFO:colcon.colcon_core.shell:Creating package script '/home/fzc/allegro_hand_linux_v4/ros2_source/install/allegro_hand_driver/share/allegro_hand_driver/package.zsh'
[0.651s] Level 1:colcon.colcon_core.environment:create_file_with_runtime_dependencies(/home/fzc/allegro_hand_linux_v4/ros2_source/install/allegro_hand_driver/share/colcon-core/packages/allegro_hand_driver)
[0.652s] INFO:colcon.colcon_ros.task.ament_cmake.build:Building ROS package in '/home/fzc/allegro_hand_linux_v4/ros2_source/src/allegro_hand_controllers' with build type 'ament_cmake'
[0.652s] INFO:colcon.colcon_cmake.task.cmake.build:Building CMake package in '/home/fzc/allegro_hand_linux_v4/ros2_source/src/allegro_hand_controllers'
[0.652s] INFO:colcon.colcon_core.shell:Skip shell extension 'powershell' for command environment: Not usable outside of PowerShell
[0.652s] DEBUG:colcon.colcon_core.shell:Skip shell extension 'dsv' for command environment
[0.655s] INFO:colcon.colcon_ros.task.ament_cmake.build:Building ROS package in '/home/fzc/allegro_hand_linux_v4/ros2_source/src/allegro_hand_keyboards' with build type 'ament_cmake'
[0.656s] INFO:colcon.colcon_cmake.task.cmake.build:Building CMake package in '/home/fzc/allegro_hand_linux_v4/ros2_source/src/allegro_hand_keyboards'
[0.656s] INFO:colcon.colcon_core.shell:Skip shell extension 'powershell' for command environment: Not usable outside of PowerShell
[0.656s] DEBUG:colcon.colcon_core.shell:Skip shell extension 'dsv' for command environment
[0.668s] DEBUG:colcon.colcon_core.event_handler.log_command:Invoking command in '/home/fzc/allegro_hand_linux_v4/ros2_source/build/allegro_hand_controllers': CMAKE_PREFIX_PATH=/home/fzc/allegro_hand_linux_v4/ros2_source/install/bhand:/home/fzc/allegro_hand_linux_v4/ros2_source/install/allegro_hand_driver:/home/fzc/allegro_hand_linux_v4/ros2_source/install/allegro_hand_controllers:/home/fzc/allegro_hand_linux_v4/ros2_source/install/allegro_hand_parameters:/home/fzc/allegro_hand_linux_v4/ros2_source/install/allegro_hand_keyboards:/home/fzc/allegro_hand_linux_v4/ros2_source/install/allegro_hand_description:/home/fzc/allegro_hand_linux_v4/ros2_source/install/mediapipe_test:/home/fzc/allegro_hand_linux_v4/ros2_source/install/test_topic:/home/fzc/allegro_hand_linux_v4/ros2_source/install/allegro_mediapipe_follow:/opt/ros/humble CONDA_PROMPT_MODIFIER=(hand) /usr/bin/cmake --build /home/fzc/allegro_hand_linux_v4/ros2_source/build/allegro_hand_controllers -- -j8 -l8
[0.671s] DEBUG:colcon.colcon_core.event_handler.log_command:Invoking command in '/home/fzc/allegro_hand_linux_v4/ros2_source/build/allegro_hand_keyboards': CMAKE_PREFIX_PATH=/home/fzc/allegro_hand_linux_v4/ros2_source/install/allegro_hand_driver:/home/fzc/allegro_hand_linux_v4/ros2_source/install/allegro_hand_controllers:/home/fzc/allegro_hand_linux_v4/ros2_source/install/bhand:/home/fzc/allegro_hand_linux_v4/ros2_source/install/allegro_hand_parameters:/home/fzc/allegro_hand_linux_v4/ros2_source/install/allegro_hand_keyboards:/home/fzc/allegro_hand_linux_v4/ros2_source/install/allegro_hand_description:/home/fzc/allegro_hand_linux_v4/ros2_source/install/mediapipe_test:/home/fzc/allegro_hand_linux_v4/ros2_source/install/test_topic:/home/fzc/allegro_hand_linux_v4/ros2_source/install/allegro_mediapipe_follow:/opt/ros/humble CONDA_PROMPT_MODIFIER=(hand) /usr/bin/cmake --build /home/fzc/allegro_hand_linux_v4/ros2_source/build/allegro_hand_keyboards -- -j8 -l8
[0.740s] DEBUG:colcon.colcon_core.event_handler.log_command:Invoked command in '/home/fzc/allegro_hand_linux_v4/ros2_source/build/allegro_hand_keyboards' returned '0': CMAKE_PREFIX_PATH=/home/fzc/allegro_hand_linux_v4/ros2_source/install/allegro_hand_driver:/home/fzc/allegro_hand_linux_v4/ros2_source/install/allegro_hand_controllers:/home/fzc/allegro_hand_linux_v4/ros2_source/install/bhand:/home/fzc/allegro_hand_linux_v4/ros2_source/install/allegro_hand_parameters:/home/fzc/allegro_hand_linux_v4/ros2_source/install/allegro_hand_keyboards:/home/fzc/allegro_hand_linux_v4/ros2_source/install/allegro_hand_description:/home/fzc/allegro_hand_linux_v4/ros2_source/install/mediapipe_test:/home/fzc/allegro_hand_linux_v4/ros2_source/install/test_topic:/home/fzc/allegro_hand_linux_v4/ros2_source/install/allegro_mediapipe_follow:/opt/ros/humble CONDA_PROMPT_MODIFIER=(hand) /usr/bin/cmake --build /home/fzc/allegro_hand_linux_v4/ros2_source/build/allegro_hand_keyboards -- -j8 -l8
[0.742s] DEBUG:colcon.colcon_core.event_handler.log_command:Invoking command in '/home/fzc/allegro_hand_linux_v4/ros2_source/build/allegro_hand_keyboards': CMAKE_PREFIX_PATH=/home/fzc/allegro_hand_linux_v4/ros2_source/install/allegro_hand_driver:/home/fzc/allegro_hand_linux_v4/ros2_source/install/allegro_hand_controllers:/home/fzc/allegro_hand_linux_v4/ros2_source/install/bhand:/home/fzc/allegro_hand_linux_v4/ros2_source/install/allegro_hand_parameters:/home/fzc/allegro_hand_linux_v4/ros2_source/install/allegro_hand_keyboards:/home/fzc/allegro_hand_linux_v4/ros2_source/install/allegro_hand_description:/home/fzc/allegro_hand_linux_v4/ros2_source/install/mediapipe_test:/home/fzc/allegro_hand_linux_v4/ros2_source/install/test_topic:/home/fzc/allegro_hand_linux_v4/ros2_source/install/allegro_mediapipe_follow:/opt/ros/humble CONDA_PROMPT_MODIFIER=(hand) /usr/bin/cmake --install /home/fzc/allegro_hand_linux_v4/ros2_source/build/allegro_hand_keyboards
[0.752s] Level 1:colcon.colcon_core.environment:create_environment_scripts_only(allegro_hand_keyboards)
[0.752s] Level 1:colcon.colcon_core.environment:checking '/home/fzc/allegro_hand_linux_v4/ros2_source/install/allegro_hand_keyboards' for CMake module files
[0.753s] DEBUG:colcon.colcon_core.event_handler.log_command:Invoked command in '/home/fzc/allegro_hand_linux_v4/ros2_source/build/allegro_hand_keyboards' returned '0': CMAKE_PREFIX_PATH=/home/fzc/allegro_hand_linux_v4/ros2_source/install/allegro_hand_driver:/home/fzc/allegro_hand_linux_v4/ros2_source/install/allegro_hand_controllers:/home/fzc/allegro_hand_linux_v4/ros2_source/install/bhand:/home/fzc/allegro_hand_linux_v4/ros2_source/install/allegro_hand_parameters:/home/fzc/allegro_hand_linux_v4/ros2_source/install/allegro_hand_keyboards:/home/fzc/allegro_hand_linux_v4/ros2_source/install/allegro_hand_description:/home/fzc/allegro_hand_linux_v4/ros2_source/install/mediapipe_test:/home/fzc/allegro_hand_linux_v4/ros2_source/install/test_topic:/home/fzc/allegro_hand_linux_v4/ros2_source/install/allegro_mediapipe_follow:/opt/ros/humble CONDA_PROMPT_MODIFIER=(hand) /usr/bin/cmake --install /home/fzc/allegro_hand_linux_v4/ros2_source/build/allegro_hand_keyboards
[0.754s] Level 1:colcon.colcon_core.environment:checking '/home/fzc/allegro_hand_linux_v4/ros2_source/install/allegro_hand_keyboards' for CMake config files
[0.754s] Level 1:colcon.colcon_core.shell:create_environment_hook('allegro_hand_keyboards', 'cmake_prefix_path')
[0.754s] INFO:colcon.colcon_core.shell:Creating environment hook '/home/fzc/allegro_hand_linux_v4/ros2_source/install/allegro_hand_keyboards/share/allegro_hand_keyboards/hook/cmake_prefix_path.ps1'
[0.755s] INFO:colcon.colcon_core.shell:Creating environment descriptor '/home/fzc/allegro_hand_linux_v4/ros2_source/install/allegro_hand_keyboards/share/allegro_hand_keyboards/hook/cmake_prefix_path.dsv'
[0.755s] INFO:colcon.colcon_core.shell:Creating environment hook '/home/fzc/allegro_hand_linux_v4/ros2_source/install/allegro_hand_keyboards/share/allegro_hand_keyboards/hook/cmake_prefix_path.sh'
[0.756s] Level 1:colcon.colcon_core.environment:checking '/home/fzc/allegro_hand_linux_v4/ros2_source/install/allegro_hand_keyboards/lib'
[0.756s] Level 1:colcon.colcon_core.environment:checking '/home/fzc/allegro_hand_linux_v4/ros2_source/install/allegro_hand_keyboards/bin'
[0.756s] Level 1:colcon.colcon_core.environment:checking '/home/fzc/allegro_hand_linux_v4/ros2_source/install/allegro_hand_keyboards/lib/pkgconfig/allegro_hand_keyboards.pc'
[0.757s] Level 1:colcon.colcon_core.environment:checking '/home/fzc/allegro_hand_linux_v4/ros2_source/install/allegro_hand_keyboards/lib/python3.10/site-packages'
[0.757s] Level 1:colcon.colcon_core.environment:checking '/home/fzc/allegro_hand_linux_v4/ros2_source/install/allegro_hand_keyboards/bin'
[0.758s] INFO:colcon.colcon_core.shell:Creating package script '/home/fzc/allegro_hand_linux_v4/ros2_source/install/allegro_hand_keyboards/share/allegro_hand_keyboards/package.ps1'
[0.758s] INFO:colcon.colcon_core.shell:Creating package descriptor '/home/fzc/allegro_hand_linux_v4/ros2_source/install/allegro_hand_keyboards/share/allegro_hand_keyboards/package.dsv'
[0.759s] INFO:colcon.colcon_core.shell:Creating package script '/home/fzc/allegro_hand_linux_v4/ros2_source/install/allegro_hand_keyboards/share/allegro_hand_keyboards/package.sh'
[0.760s] INFO:colcon.colcon_core.shell:Creating package script '/home/fzc/allegro_hand_linux_v4/ros2_source/install/allegro_hand_keyboards/share/allegro_hand_keyboards/package.bash'
[0.760s] INFO:colcon.colcon_core.shell:Creating package script '/home/fzc/allegro_hand_linux_v4/ros2_source/install/allegro_hand_keyboards/share/allegro_hand_keyboards/package.zsh'
[0.760s] Level 1:colcon.colcon_core.environment:create_file_with_runtime_dependencies(/home/fzc/allegro_hand_linux_v4/ros2_source/install/allegro_hand_keyboards/share/colcon-core/packages/allegro_hand_keyboards)
[0.761s] Level 1:colcon.colcon_core.environment:create_environment_scripts_only(allegro_hand_keyboards)
[0.761s] Level 1:colcon.colcon_core.environment:checking '/home/fzc/allegro_hand_linux_v4/ros2_source/install/allegro_hand_keyboards' for CMake module files
[0.762s] Level 1:colcon.colcon_core.environment:checking '/home/fzc/allegro_hand_linux_v4/ros2_source/install/allegro_hand_keyboards' for CMake config files
[0.762s] Level 1:colcon.colcon_core.shell:create_environment_hook('allegro_hand_keyboards', 'cmake_prefix_path')
[0.763s] INFO:colcon.colcon_core.shell:Creating environment hook '/home/fzc/allegro_hand_linux_v4/ros2_source/install/allegro_hand_keyboards/share/allegro_hand_keyboards/hook/cmake_prefix_path.ps1'
[0.763s] INFO:colcon.colcon_core.shell:Creating environment descriptor '/home/fzc/allegro_hand_linux_v4/ros2_source/install/allegro_hand_keyboards/share/allegro_hand_keyboards/hook/cmake_prefix_path.dsv'
[0.764s] INFO:colcon.colcon_core.shell:Creating environment hook '/home/fzc/allegro_hand_linux_v4/ros2_source/install/allegro_hand_keyboards/share/allegro_hand_keyboards/hook/cmake_prefix_path.sh'
[0.765s] Level 1:colcon.colcon_core.environment:checking '/home/fzc/allegro_hand_linux_v4/ros2_source/install/allegro_hand_keyboards/lib'
[0.765s] Level 1:colcon.colcon_core.environment:checking '/home/fzc/allegro_hand_linux_v4/ros2_source/install/allegro_hand_keyboards/bin'
[0.765s] Level 1:colcon.colcon_core.environment:checking '/home/fzc/allegro_hand_linux_v4/ros2_source/install/allegro_hand_keyboards/lib/pkgconfig/allegro_hand_keyboards.pc'
[0.766s] Level 1:colcon.colcon_core.environment:checking '/home/fzc/allegro_hand_linux_v4/ros2_source/install/allegro_hand_keyboards/lib/python3.10/site-packages'
[0.766s] Level 1:colcon.colcon_core.environment:checking '/home/fzc/allegro_hand_linux_v4/ros2_source/install/allegro_hand_keyboards/bin'
[0.767s] INFO:colcon.colcon_core.shell:Creating package script '/home/fzc/allegro_hand_linux_v4/ros2_source/install/allegro_hand_keyboards/share/allegro_hand_keyboards/package.ps1'
[0.767s] INFO:colcon.colcon_core.shell:Creating package descriptor '/home/fzc/allegro_hand_linux_v4/ros2_source/install/allegro_hand_keyboards/share/allegro_hand_keyboards/package.dsv'
[0.768s] INFO:colcon.colcon_core.shell:Creating package script '/home/fzc/allegro_hand_linux_v4/ros2_source/install/allegro_hand_keyboards/share/allegro_hand_keyboards/package.sh'
[0.769s] INFO:colcon.colcon_core.shell:Creating package script '/home/fzc/allegro_hand_linux_v4/ros2_source/install/allegro_hand_keyboards/share/allegro_hand_keyboards/package.bash'
[0.769s] INFO:colcon.colcon_core.shell:Creating package script '/home/fzc/allegro_hand_linux_v4/ros2_source/install/allegro_hand_keyboards/share/allegro_hand_keyboards/package.zsh'
[0.770s] Level 1:colcon.colcon_core.environment:create_file_with_runtime_dependencies(/home/fzc/allegro_hand_linux_v4/ros2_source/install/allegro_hand_keyboards/share/colcon-core/packages/allegro_hand_keyboards)
[0.776s] DEBUG:colcon.colcon_core.event_handler.log_command:Invoked command in '/home/fzc/allegro_hand_linux_v4/ros2_source/build/allegro_hand_controllers' returned '0': CMAKE_PREFIX_PATH=/home/fzc/allegro_hand_linux_v4/ros2_source/install/bhand:/home/fzc/allegro_hand_linux_v4/ros2_source/install/allegro_hand_driver:/home/fzc/allegro_hand_linux_v4/ros2_source/install/allegro_hand_controllers:/home/fzc/allegro_hand_linux_v4/ros2_source/install/allegro_hand_parameters:/home/fzc/allegro_hand_linux_v4/ros2_source/install/allegro_hand_keyboards:/home/fzc/allegro_hand_linux_v4/ros2_source/install/allegro_hand_description:/home/fzc/allegro_hand_linux_v4/ros2_source/install/mediapipe_test:/home/fzc/allegro_hand_linux_v4/ros2_source/install/test_topic:/home/fzc/allegro_hand_linux_v4/ros2_source/install/allegro_mediapipe_follow:/opt/ros/humble CONDA_PROMPT_MODIFIER=(hand) /usr/bin/cmake --build /home/fzc/allegro_hand_linux_v4/ros2_source/build/allegro_hand_controllers -- -j8 -l8
[0.777s] DEBUG:colcon.colcon_core.event_handler.log_command:Invoking command in '/home/fzc/allegro_hand_linux_v4/ros2_source/build/allegro_hand_controllers': CMAKE_PREFIX_PATH=/home/fzc/allegro_hand_linux_v4/ros2_source/install/bhand:/home/fzc/allegro_hand_linux_v4/ros2_source/install/allegro_hand_driver:/home/fzc/allegro_hand_linux_v4/ros2_source/install/allegro_hand_controllers:/home/fzc/allegro_hand_linux_v4/ros2_source/install/allegro_hand_parameters:/home/fzc/allegro_hand_linux_v4/ros2_source/install/allegro_hand_keyboards:/home/fzc/allegro_hand_linux_v4/ros2_source/install/allegro_hand_description:/home/fzc/allegro_hand_linux_v4/ros2_source/install/mediapipe_test:/home/fzc/allegro_hand_linux_v4/ros2_source/install/test_topic:/home/fzc/allegro_hand_linux_v4/ros2_source/install/allegro_mediapipe_follow:/opt/ros/humble CONDA_PROMPT_MODIFIER=(hand) /usr/bin/cmake --install /home/fzc/allegro_hand_linux_v4/ros2_source/build/allegro_hand_controllers
[0.787s] Level 1:colcon.colcon_core.environment:create_environment_scripts_only(allegro_hand_controllers)
[0.788s] Level 1:colcon.colcon_core.environment:checking '/home/fzc/allegro_hand_linux_v4/ros2_source/install/allegro_hand_controllers' for CMake module files
[0.789s] DEBUG:colcon.colcon_core.event_handler.log_command:Invoked command in '/home/fzc/allegro_hand_linux_v4/ros2_source/build/allegro_hand_controllers' returned '0': CMAKE_PREFIX_PATH=/home/fzc/allegro_hand_linux_v4/ros2_source/install/bhand:/home/fzc/allegro_hand_linux_v4/ros2_source/install/allegro_hand_driver:/home/fzc/allegro_hand_linux_v4/ros2_source/install/allegro_hand_controllers:/home/fzc/allegro_hand_linux_v4/ros2_source/install/allegro_hand_parameters:/home/fzc/allegro_hand_linux_v4/ros2_source/install/allegro_hand_keyboards:/home/fzc/allegro_hand_linux_v4/ros2_source/install/allegro_hand_description:/home/fzc/allegro_hand_linux_v4/ros2_source/install/mediapipe_test:/home/fzc/allegro_hand_linux_v4/ros2_source/install/test_topic:/home/fzc/allegro_hand_linux_v4/ros2_source/install/allegro_mediapipe_follow:/opt/ros/humble CONDA_PROMPT_MODIFIER=(hand) /usr/bin/cmake --install /home/fzc/allegro_hand_linux_v4/ros2_source/build/allegro_hand_controllers
[0.789s] Level 1:colcon.colcon_core.environment:checking '/home/fzc/allegro_hand_linux_v4/ros2_source/install/allegro_hand_controllers' for CMake config files
[0.789s] Level 1:colcon.colcon_core.shell:create_environment_hook('allegro_hand_controllers', 'cmake_prefix_path')
[0.789s] INFO:colcon.colcon_core.shell:Creating environment hook '/home/fzc/allegro_hand_linux_v4/ros2_source/install/allegro_hand_controllers/share/allegro_hand_controllers/hook/cmake_prefix_path.ps1'
[0.790s] INFO:colcon.colcon_core.shell:Creating environment descriptor '/home/fzc/allegro_hand_linux_v4/ros2_source/install/allegro_hand_controllers/share/allegro_hand_controllers/hook/cmake_prefix_path.dsv'
[0.790s] INFO:colcon.colcon_core.shell:Creating environment hook '/home/fzc/allegro_hand_linux_v4/ros2_source/install/allegro_hand_controllers/share/allegro_hand_controllers/hook/cmake_prefix_path.sh'
[0.791s] Level 1:colcon.colcon_core.environment:checking '/home/fzc/allegro_hand_linux_v4/ros2_source/install/allegro_hand_controllers/lib'
[0.792s] Level 1:colcon.colcon_core.environment:checking '/home/fzc/allegro_hand_linux_v4/ros2_source/install/allegro_hand_controllers/bin'
[0.792s] Level 1:colcon.colcon_core.environment:checking '/home/fzc/allegro_hand_linux_v4/ros2_source/install/allegro_hand_controllers/lib/pkgconfig/allegro_hand_controllers.pc'
[0.792s] Level 1:colcon.colcon_core.environment:checking '/home/fzc/allegro_hand_linux_v4/ros2_source/install/allegro_hand_controllers/lib/python3.10/site-packages'
[0.793s] Level 1:colcon.colcon_core.environment:checking '/home/fzc/allegro_hand_linux_v4/ros2_source/install/allegro_hand_controllers/bin'
[0.793s] INFO:colcon.colcon_core.shell:Creating package script '/home/fzc/allegro_hand_linux_v4/ros2_source/install/allegro_hand_controllers/share/allegro_hand_controllers/package.ps1'
[0.794s] INFO:colcon.colcon_core.shell:Creating package descriptor '/home/fzc/allegro_hand_linux_v4/ros2_source/install/allegro_hand_controllers/share/allegro_hand_controllers/package.dsv'
[0.794s] INFO:colcon.colcon_core.shell:Creating package script '/home/fzc/allegro_hand_linux_v4/ros2_source/install/allegro_hand_controllers/share/allegro_hand_controllers/package.sh'
[0.795s] INFO:colcon.colcon_core.shell:Creating package script '/home/fzc/allegro_hand_linux_v4/ros2_source/install/allegro_hand_controllers/share/allegro_hand_controllers/package.bash'
[0.795s] INFO:colcon.colcon_core.shell:Creating package script '/home/fzc/allegro_hand_linux_v4/ros2_source/install/allegro_hand_controllers/share/allegro_hand_controllers/package.zsh'
[0.795s] Level 1:colcon.colcon_core.environment:create_file_with_runtime_dependencies(/home/fzc/allegro_hand_linux_v4/ros2_source/install/allegro_hand_controllers/share/colcon-core/packages/allegro_hand_controllers)
[0.796s] Level 1:colcon.colcon_core.environment:create_environment_scripts_only(allegro_hand_controllers)
[0.796s] Level 1:colcon.colcon_core.environment:checking '/home/fzc/allegro_hand_linux_v4/ros2_source/install/allegro_hand_controllers' for CMake module files
[0.796s] Level 1:colcon.colcon_core.environment:checking '/home/fzc/allegro_hand_linux_v4/ros2_source/install/allegro_hand_controllers' for CMake config files
[0.796s] Level 1:colcon.colcon_core.shell:create_environment_hook('allegro_hand_controllers', 'cmake_prefix_path')
[0.797s] INFO:colcon.colcon_core.shell:Creating environment hook '/home/fzc/allegro_hand_linux_v4/ros2_source/install/allegro_hand_controllers/share/allegro_hand_controllers/hook/cmake_prefix_path.ps1'
[0.797s] INFO:colcon.colcon_core.shell:Creating environment descriptor '/home/fzc/allegro_hand_linux_v4/ros2_source/install/allegro_hand_controllers/share/allegro_hand_controllers/hook/cmake_prefix_path.dsv'
[0.797s] INFO:colcon.colcon_core.shell:Creating environment hook '/home/fzc/allegro_hand_linux_v4/ros2_source/install/allegro_hand_controllers/share/allegro_hand_controllers/hook/cmake_prefix_path.sh'
[0.798s] Level 1:colcon.colcon_core.environment:checking '/home/fzc/allegro_hand_linux_v4/ros2_source/install/allegro_hand_controllers/lib'
[0.798s] Level 1:colcon.colcon_core.environment:checking '/home/fzc/allegro_hand_linux_v4/ros2_source/install/allegro_hand_controllers/bin'
[0.798s] Level 1:colcon.colcon_core.environment:checking '/home/fzc/allegro_hand_linux_v4/ros2_source/install/allegro_hand_controllers/lib/pkgconfig/allegro_hand_controllers.pc'
[0.798s] Level 1:colcon.colcon_core.environment:checking '/home/fzc/allegro_hand_linux_v4/ros2_source/install/allegro_hand_controllers/lib/python3.10/site-packages'
[0.799s] Level 1:colcon.colcon_core.environment:checking '/home/fzc/allegro_hand_linux_v4/ros2_source/install/allegro_hand_controllers/bin'
[0.799s] INFO:colcon.colcon_core.shell:Creating package script '/home/fzc/allegro_hand_linux_v4/ros2_source/install/allegro_hand_controllers/share/allegro_hand_controllers/package.ps1'
[0.799s] INFO:colcon.colcon_core.shell:Creating package descriptor '/home/fzc/allegro_hand_linux_v4/ros2_source/install/allegro_hand_controllers/share/allegro_hand_controllers/package.dsv'
[0.800s] INFO:colcon.colcon_core.shell:Creating package script '/home/fzc/allegro_hand_linux_v4/ros2_source/install/allegro_hand_controllers/share/allegro_hand_controllers/package.sh'
[0.800s] INFO:colcon.colcon_core.shell:Creating package script '/home/fzc/allegro_hand_linux_v4/ros2_source/install/allegro_hand_controllers/share/allegro_hand_controllers/package.bash'
[0.800s] INFO:colcon.colcon_core.shell:Creating package script '/home/fzc/allegro_hand_linux_v4/ros2_source/install/allegro_hand_controllers/share/allegro_hand_controllers/package.zsh'
[0.801s] Level 1:colcon.colcon_core.environment:create_file_with_runtime_dependencies(/home/fzc/allegro_hand_linux_v4/ros2_source/install/allegro_hand_controllers/share/colcon-core/packages/allegro_hand_controllers)
[1.021s] DEBUG:colcon.colcon_core.event_handler.log_command:Invoking command in '/home/fzc/allegro_hand_linux_v4/ros2_source/src/mediapipe_test': CONDA_PROMPT_MODIFIER=(hand) PYTHONPATH=/home/fzc/allegro_hand_linux_v4/ros2_source/build/mediapipe_test/prefix_override:/usr/lib/python3/dist-packages/colcon_core/task/python/colcon_distutils_commands:/home/fzc/allegro_hand_linux_v4/ros2_source/install/mediapipe_test/lib/python3.10/site-packages:${PYTHONPATH} /usr/bin/python3 -W ignore:setup.py install is deprecated -W ignore:easy_install command is deprecated setup.py egg_info --egg-base ../../build/mediapipe_test build --build-base /home/fzc/allegro_hand_linux_v4/ros2_source/build/mediapipe_test/build install --record /home/fzc/allegro_hand_linux_v4/ros2_source/build/mediapipe_test/install.log --single-version-externally-managed install_data
[1.401s] Level 1:colcon.colcon_core.environment:checking '/home/fzc/allegro_hand_linux_v4/ros2_source/install/mediapipe_test' for CMake module files
[1.401s] DEBUG:colcon.colcon_core.event_handler.log_command:Invoked command in '/home/fzc/allegro_hand_linux_v4/ros2_source/src/mediapipe_test' returned '0': CONDA_PROMPT_MODIFIER=(hand) PYTHONPATH=/home/fzc/allegro_hand_linux_v4/ros2_source/build/mediapipe_test/prefix_override:/usr/lib/python3/dist-packages/colcon_core/task/python/colcon_distutils_commands:/home/fzc/allegro_hand_linux_v4/ros2_source/install/mediapipe_test/lib/python3.10/site-packages:${PYTHONPATH} /usr/bin/python3 -W ignore:setup.py install is deprecated -W ignore:easy_install command is deprecated setup.py egg_info --egg-base ../../build/mediapipe_test build --build-base /home/fzc/allegro_hand_linux_v4/ros2_source/build/mediapipe_test/build install --record /home/fzc/allegro_hand_linux_v4/ros2_source/build/mediapipe_test/install.log --single-version-externally-managed install_data
[1.401s] Level 1:colcon.colcon_core.environment:checking '/home/fzc/allegro_hand_linux_v4/ros2_source/install/mediapipe_test' for CMake config files
[1.402s] Level 1:colcon.colcon_core.environment:checking '/home/fzc/allegro_hand_linux_v4/ros2_source/install/mediapipe_test/lib'
[1.402s] Level 1:colcon.colcon_core.environment:checking '/home/fzc/allegro_hand_linux_v4/ros2_source/install/mediapipe_test/bin'
[1.402s] Level 1:colcon.colcon_core.environment:checking '/home/fzc/allegro_hand_linux_v4/ros2_source/install/mediapipe_test/lib/pkgconfig/mediapipe_test.pc'
[1.402s] Level 1:colcon.colcon_core.environment:checking '/home/fzc/allegro_hand_linux_v4/ros2_source/install/mediapipe_test/lib/python3.10/site-packages'
[1.402s] Level 1:colcon.colcon_core.shell:create_environment_hook('mediapipe_test', 'pythonpath')
[1.402s] INFO:colcon.colcon_core.shell:Creating environment hook '/home/fzc/allegro_hand_linux_v4/ros2_source/install/mediapipe_test/share/mediapipe_test/hook/pythonpath.ps1'
[1.403s] INFO:colcon.colcon_core.shell:Creating environment descriptor '/home/fzc/allegro_hand_linux_v4/ros2_source/install/mediapipe_test/share/mediapipe_test/hook/pythonpath.dsv'
[1.403s] INFO:colcon.colcon_core.shell:Creating environment hook '/home/fzc/allegro_hand_linux_v4/ros2_source/install/mediapipe_test/share/mediapipe_test/hook/pythonpath.sh'
[1.404s] Level 1:colcon.colcon_core.environment:checking '/home/fzc/allegro_hand_linux_v4/ros2_source/install/mediapipe_test/bin'
[1.404s] Level 1:colcon.colcon_core.environment:create_environment_scripts_only(mediapipe_test)
[1.404s] INFO:colcon.colcon_core.shell:Creating package script '/home/fzc/allegro_hand_linux_v4/ros2_source/install/mediapipe_test/share/mediapipe_test/package.ps1'
[1.405s] INFO:colcon.colcon_core.shell:Creating package descriptor '/home/fzc/allegro_hand_linux_v4/ros2_source/install/mediapipe_test/share/mediapipe_test/package.dsv'
[1.405s] INFO:colcon.colcon_core.shell:Creating package script '/home/fzc/allegro_hand_linux_v4/ros2_source/install/mediapipe_test/share/mediapipe_test/package.sh'
[1.405s] INFO:colcon.colcon_core.shell:Creating package script '/home/fzc/allegro_hand_linux_v4/ros2_source/install/mediapipe_test/share/mediapipe_test/package.bash'
[1.406s] INFO:colcon.colcon_core.shell:Creating package script '/home/fzc/allegro_hand_linux_v4/ros2_source/install/mediapipe_test/share/mediapipe_test/package.zsh'
[1.406s] Level 1:colcon.colcon_core.environment:create_file_with_runtime_dependencies(/home/fzc/allegro_hand_linux_v4/ros2_source/install/mediapipe_test/share/colcon-core/packages/mediapipe_test)
[1.407s] DEBUG:colcon.colcon_parallel_executor.executor.parallel:closing loop
[1.407s] DEBUG:colcon.colcon_parallel_executor.executor.parallel:loop closed
[1.407s] DEBUG:colcon.colcon_parallel_executor.executor.parallel:run_until_complete finished with '0'
[1.407s] DEBUG:colcon.colcon_core.event_reactor:joining thread
[1.423s] INFO:colcon.colcon_core.plugin_system:Skipping extension 'colcon_notification.desktop_notification.terminal_notifier': Not used on non-Darwin systems
[1.423s] INFO:colcon.colcon_core.plugin_system:Skipping extension 'colcon_notification.desktop_notification.win32': Not used on non-Windows systems
[1.423s] INFO:colcon.colcon_notification.desktop_notification:Sending desktop notification using 'notify2'
[1.444s] DEBUG:colcon.colcon_core.event_reactor:joined thread
[1.445s] INFO:colcon.colcon_core.shell:Creating prefix script '/home/fzc/allegro_hand_linux_v4/ros2_source/install/local_setup.ps1'
[1.446s] INFO:colcon.colcon_core.shell:Creating prefix util module '/home/fzc/allegro_hand_linux_v4/ros2_source/install/_local_setup_util_ps1.py'
[1.452s] INFO:colcon.colcon_core.shell:Creating prefix chain script '/home/fzc/allegro_hand_linux_v4/ros2_source/install/setup.ps1'
[1.457s] INFO:colcon.colcon_core.shell:Creating prefix script '/home/fzc/allegro_hand_linux_v4/ros2_source/install/local_setup.sh'
[1.458s] INFO:colcon.colcon_core.shell:Creating prefix util module '/home/fzc/allegro_hand_linux_v4/ros2_source/install/_local_setup_util_sh.py'
[1.459s] INFO:colcon.colcon_core.shell:Creating prefix chain script '/home/fzc/allegro_hand_linux_v4/ros2_source/install/setup.sh'
[1.461s] INFO:colcon.colcon_core.shell:Creating prefix script '/home/fzc/allegro_hand_linux_v4/ros2_source/install/local_setup.bash'
[1.462s] INFO:colcon.colcon_core.shell:Creating prefix chain script '/home/fzc/allegro_hand_linux_v4/ros2_source/install/setup.bash'
[1.464s] INFO:colcon.colcon_core.shell:Creating prefix script '/home/fzc/allegro_hand_linux_v4/ros2_source/install/local_setup.zsh'
[1.465s] INFO:colcon.colcon_core.shell:Creating prefix chain script '/home/fzc/allegro_hand_linux_v4/ros2_source/install/setup.zsh'
