-- The C compiler identification is GNU 12.3.0
-- The CXX compiler identification is GNU 11.4.0
-- Detecting C compiler ABI info
-- Detecting C compiler ABI info - done
-- Check for working C compiler: /usr/bin/cc - skipped
-- Detecting C compile features
-- Detecting C compile features - done
-- Detecting CXX compiler ABI info
-- Detecting CXX compiler ABI info - done
-- Check for working CXX compiler: /usr/bin/c++ - skipped
-- Detecting CXX compile features
-- Detecting CXX compile features - done
-- Found ament_cmake: 1.3.14 (/opt/ros/humble/share/ament_cmake/cmake)
-- Found Python3: /home/fzc/ENTER/envs/hand/bin/python3 (found version "3.10.20") found components: Interpreter 
-- Found ament_cmake_gtest: 1.3.14 (/opt/ros/humble/share/ament_cmake_gtest/cmake)
-- Found ament_lint_auto: 0.12.15 (/opt/ros/humble/share/ament_lint_auto/cmake)
-- Added test 'copyright' to check source files copyright and LICENSE
-- Added test 'lint_cmake' to check CMake code style
-- Added test 'xmllint' to check XML markup files
-- Configuring done
-- Generating done
-- Build files have been written to: /home/fzc/allegro_hand_linux_v4/ros2_source/src/build/allegro_hand_description
-- Install configuration: ""
-- Installing: /home/fzc/allegro_hand_linux_v4/ros2_source/src/install/allegro_hand_description/share/allegro_hand_description//meshes
-- Installing: /home/fzc/allegro_hand_linux_v4/ros2_source/src/install/allegro_hand_description/share/allegro_hand_description//meshes/40_10_link_f5.stl
-- Installing: /home/fzc/allegro_hand_linux_v4/ros2_source/src/install/allegro_hand_description/share/allegro_hand_description//meshes/40_10_link_t3.stl
-- Installing: /home/fzc/allegro_hand_linux_v4/ros2_source/src/install/allegro_hand_description/share/allegro_hand_description//meshes/40_10_link_t5.stl
-- Installing: /home/fzc/allegro_hand_linux_v4/ros2_source/src/install/allegro_hand_description/share/allegro_hand_description//meshes/40_10_link_f4.stl
-- Installing: /home/fzc/allegro_hand_linux_v4/ros2_source/src/install/allegro_hand_description/share/allegro_hand_description//meshes/40_10_link_t4.stl
-- Installing: /home/fzc/allegro_hand_linux_v4/ros2_source/src/install/allegro_hand_description/share/allegro_hand_description//meshes/40_10_link_t1_r.stl
-- Installing: /home/fzc/allegro_hand_linux_v4/ros2_source/src/install/allegro_hand_description/share/allegro_hand_description//meshes/40_10_link_g_r.stl
