[0.144s] DEBUG:colcon:Command line arguments: ['/usr/bin/colcon', 'build']
[0.144s] DEBUG:colcon:Parsed command line arguments: Namespace(log_base=None, log_level=None, verb_name='build', build_base='build', install_base='install', merge_install=False, symlink_install=False, test_result_base=None, continue_on_error=False, executor='parallel', parallel_workers=8, event_handlers=None, ignore_user_meta=False, metas=['./colcon.meta'], base_paths=['.'], packages_ignore=None, packages_ignore_regex=None, paths=None, packages_up_to=None, packages_up_to_regex=None, packages_above=None, packages_above_and_dependencies=None, packages_above_depth=None, packages_select_by_dep=None, packages_skip_by_dep=None, packages_skip_up_to=None, packages_select_build_failed=False, packages_skip_build_finished=False, packages_select_test_failures=False, packages_skip_test_passed=False, packages_select=None, packages_skip=None, packages_select_regex=None, packages_skip_regex=None, packages_start=None, packages_end=None, allow_overriding=[], cmake_args=None, cmake_target=None, cmake_target_skip_unavailable=False, cmake_clean_cache=False, cmake_clean_first=False, cmake_force_configure=False, ament_cmake_args=None, catkin_cmake_args=None, catkin_skip_building_tests=False, verb_parser=<colcon_defaults.argument_parser.defaults.DefaultArgumentsDecorator object at 0x7f80ac56a200>, verb_extension=<colcon_core.verb.build.BuildVerb object at 0x7f80ac569c60>, main=<bound method BuildVerb.main of <colcon_core.verb.build.BuildVerb object at 0x7f80ac569c60>>)
[0.206s] Level 1:colcon.colcon_core.package_discovery:discover_packages(colcon_meta) check parameters
[0.206s] Level 1:colcon.colcon_core.package_discovery:discover_packages(recursive) check parameters
[0.206s] Level 1:colcon.colcon_core.package_discovery:discover_packages(ignore) check parameters
[0.206s] Level 1:colcon.colcon_core.package_discovery:discover_packages(path) check parameters
[0.206s] Level 1:colcon.colcon_core.package_discovery:discover_packages(colcon_meta) discover
[0.206s] Level 1:colcon.colcon_core.package_discovery:discover_packages(recursive) discover
[0.206s] INFO:colcon.colcon_core.package_discovery:Crawling recursively for packages in '/home/fzc/allegro_hand_linux_v4/ros2_source'
[0.206s] Level 1:colcon.colcon_core.package_identification:_identify(.) by extensions ['ignore', 'ignore_ament_install']
[0.206s] Level 1:colcon.colcon_core.package_identification:_identify(.) by extension 'ignore'
[0.206s] Level 1:colcon.colcon_core.package_identification:_identify(.) by extension 'ignore_ament_install'
[0.206s] Level 1:colcon.colcon_core.package_identification:_identify(.) by extensions ['colcon_pkg']
[0.206s] Level 1:colcon.colcon_core.package_identification:_identify(.) by extension 'colcon_pkg'
[0.206s] Level 1:colcon.colcon_core.package_identification:_identify(.) by extensions ['colcon_meta']
[0.206s] Level 1:colcon.colcon_core.package_identification:_identify(.) by extension 'colcon_meta'
[0.206s] Level 1:colcon.colcon_core.package_identification:_identify(.) by extensions ['ros']
[0.206s] Level 1:colcon.colcon_core.package_identification:_identify(.) by extension 'ros'
[0.220s] Level 1:colcon.colcon_core.package_identification:_identify(.) by extensions ['cmake', 'python']
[0.220s] Level 1:colcon.colcon_core.package_identification:_identify(.) by extension 'cmake'
[0.220s] Level 1:colcon.colcon_core.package_identification:_identify(.) by extension 'python'
[0.220s] Level 1:colcon.colcon_core.package_identification:_identify(.) by extensions ['python_setup_py']
[0.220s] Level 1:colcon.colcon_core.package_identification:_identify(.) by extension 'python_setup_py'
[0.220s] Level 1:colcon.colcon_core.package_identification:_identify(build) by extensions ['ignore', 'ignore_ament_install']
[0.220s] Level 1:colcon.colcon_core.package_identification:_identify(build) by extension 'ignore'
[0.220s] Level 1:colcon.colcon_core.package_identification:_identify(build) ignored
[0.220s] Level 1:colcon.colcon_core.package_identification:_identify(install) by extensions ['ignore', 'ignore_ament_install']
[0.221s] Level 1:colcon.colcon_core.package_identification:_identify(install) by extension 'ignore'
[0.221s] Level 1:colcon.colcon_core.package_identification:_identify(install) ignored
[0.221s] Level 1:colcon.colcon_core.package_identification:_identify(log) by extensions ['ignore', 'ignore_ament_install']
[0.221s] Level 1:colcon.colcon_core.package_identification:_identify(log) by extension 'ignore'
[0.221s] Level 1:colcon.colcon_core.package_identification:_identify(log) ignored
[0.221s] Level 1:colcon.colcon_core.package_identification:_identify(src) by extensions ['ignore', 'ignore_ament_install']
[0.221s] Level 1:colcon.colcon_core.package_identification:_identify(src) by extension 'ignore'
[0.221s] Level 1:colcon.colcon_core.package_identification:_identify(src) by extension 'ignore_ament_install'
[0.221s] Level 1:colcon.colcon_core.package_identification:_identify(src) by extensions ['colcon_pkg']
[0.221s] Level 1:colcon.colcon_core.package_identification:_identify(src) by extension 'colcon_pkg'
[0.221s] Level 1:colcon.colcon_core.package_identification:_identify(src) by extensions ['colcon_meta']
[0.221s] Level 1:colcon.colcon_core.package_identification:_identify(src) by extension 'colcon_meta'
[0.221s] Level 1:colcon.colcon_core.package_identification:_identify(src) by extensions ['ros']
[0.221s] Level 1:colcon.colcon_core.package_identification:_identify(src) by extension 'ros'
[0.221s] Level 1:colcon.colcon_core.package_identification:_identify(src) by extensions ['cmake', 'python']
[0.221s] Level 1:colcon.colcon_core.package_identification:_identify(src) by extension 'cmake'
[0.222s] Level 1:colcon.colcon_core.package_identification:_identify(src) by extension 'python'
[0.222s] Level 1:colcon.colcon_core.package_identification:_identify(src) by extensions ['python_setup_py']
[0.222s] Level 1:colcon.colcon_core.package_identification:_identify(src) by extension 'python_setup_py'
[0.222s] Level 1:colcon.colcon_core.package_identification:_identify(src/allegro_hand_controllers) by extensions ['ignore', 'ignore_ament_install']
[0.222s] Level 1:colcon.colcon_core.package_identification:_identify(src/allegro_hand_controllers) by extension 'ignore'
[0.222s] Level 1:colcon.colcon_core.package_identification:_identify(src/allegro_hand_controllers) by extension 'ignore_ament_install'
[0.222s] Level 1:colcon.colcon_core.package_identification:_identify(src/allegro_hand_controllers) by extensions ['colcon_pkg']
[0.222s] Level 1:colcon.colcon_core.package_identification:_identify(src/allegro_hand_controllers) by extension 'colcon_pkg'
[0.222s] Level 1:colcon.colcon_core.package_identification:_identify(src/allegro_hand_controllers) by extensions ['colcon_meta']
[0.222s] Level 1:colcon.colcon_core.package_identification:_identify(src/allegro_hand_controllers) by extension 'colcon_meta'
[0.222s] Level 1:colcon.colcon_core.package_identification:_identify(src/allegro_hand_controllers) by extensions ['ros']
[0.222s] Level 1:colcon.colcon_core.package_identification:_identify(src/allegro_hand_controllers) by extension 'ros'
[0.225s] DEBUG:colcon.colcon_core.package_identification:Package 'src/allegro_hand_controllers' with type 'ros.ament_cmake' and name 'allegro_hand_controllers'
[0.225s] Level 1:colcon.colcon_core.package_identification:_identify(src/allegro_hand_description) by extensions ['ignore', 'ignore_ament_install']
[0.225s] Level 1:colcon.colcon_core.package_identification:_identify(src/allegro_hand_description) by extension 'ignore'
[0.225s] Level 1:colcon.colcon_core.package_identification:_identify(src/allegro_hand_description) by extension 'ignore_ament_install'
[0.225s] Level 1:colcon.colcon_core.package_identification:_identify(src/allegro_hand_description) by extensions ['colcon_pkg']
[0.225s] Level 1:colcon.colcon_core.package_identification:_identify(src/allegro_hand_description) by extension 'colcon_pkg'
[0.225s] Level 1:colcon.colcon_core.package_identification:_identify(src/allegro_hand_description) by extensions ['colcon_meta']
[0.225s] Level 1:colcon.colcon_core.package_identification:_identify(src/allegro_hand_description) by extension 'colcon_meta'
[0.226s] Level 1:colcon.colcon_core.package_identification:_identify(src/allegro_hand_description) by extensions ['ros']
[0.226s] Level 1:colcon.colcon_core.package_identification:_identify(src/allegro_hand_description) by extension 'ros'
[0.226s] DEBUG:colcon.colcon_core.package_identification:Package 'src/allegro_hand_description' with type 'ros.ament_cmake' and name 'allegro_hand_description'
[0.226s] Level 1:colcon.colcon_core.package_identification:_identify(src/allegro_hand_driver) by extensions ['ignore', 'ignore_ament_install']
[0.226s] Level 1:colcon.colcon_core.package_identification:_identify(src/allegro_hand_driver) by extension 'ignore'
[0.227s] Level 1:colcon.colcon_core.package_identification:_identify(src/allegro_hand_driver) by extension 'ignore_ament_install'
[0.227s] Level 1:colcon.colcon_core.package_identification:_identify(src/allegro_hand_driver) by extensions ['colcon_pkg']
[0.227s] Level 1:colcon.colcon_core.package_identification:_identify(src/allegro_hand_driver) by extension 'colcon_pkg'
[0.227s] Level 1:colcon.colcon_core.package_identification:_identify(src/allegro_hand_driver) by extensions ['colcon_meta']
[0.227s] Level 1:colcon.colcon_core.package_identification:_identify(src/allegro_hand_driver) by extension 'colcon_meta'
[0.227s] Level 1:colcon.colcon_core.package_identification:_identify(src/allegro_hand_driver) by extensions ['ros']
[0.227s] Level 1:colcon.colcon_core.package_identification:_identify(src/allegro_hand_driver) by extension 'ros'
[0.227s] DEBUG:colcon.colcon_core.package_identification:Package 'src/allegro_hand_driver' with type 'ros.ament_cmake' and name 'allegro_hand_driver'
[0.228s] Level 1:colcon.colcon_core.package_identification:_identify(src/allegro_hand_keyboards) by extensions ['ignore', 'ignore_ament_install']
[0.228s] Level 1:colcon.colcon_core.package_identification:_identify(src/allegro_hand_keyboards) by extension 'ignore'
[0.228s] Level 1:colcon.colcon_core.package_identification:_identify(src/allegro_hand_keyboards) by extension 'ignore_ament_install'
[0.228s] Level 1:colcon.colcon_core.package_identification:_identify(src/allegro_hand_keyboards) by extensions ['colcon_pkg']
[0.228s] Level 1:colcon.colcon_core.package_identification:_identify(src/allegro_hand_keyboards) by extension 'colcon_pkg'
[0.228s] Level 1:colcon.colcon_core.package_identification:_identify(src/allegro_hand_keyboards) by extensions ['colcon_meta']
[0.228s] Level 1:colcon.colcon_core.package_identification:_identify(src/allegro_hand_keyboards) by extension 'colcon_meta'
[0.228s] Level 1:colcon.colcon_core.package_identification:_identify(src/allegro_hand_keyboards) by extensions ['ros']
[0.228s] Level 1:colcon.colcon_core.package_identification:_identify(src/allegro_hand_keyboards) by extension 'ros'
[0.229s] DEBUG:colcon.colcon_core.package_identification:Package 'src/allegro_hand_keyboards' with type 'ros.ament_cmake' and name 'allegro_hand_keyboards'
[0.229s] Level 1:colcon.colcon_core.package_identification:_identify(src/allegro_hand_parameters) by extensions ['ignore', 'ignore_ament_install']
[0.229s] Level 1:colcon.colcon_core.package_identification:_identify(src/allegro_hand_parameters) by extension 'ignore'
[0.229s] Level 1:colcon.colcon_core.package_identification:_identify(src/allegro_hand_parameters) by extension 'ignore_ament_install'
[0.229s] Level 1:colcon.colcon_core.package_identification:_identify(src/allegro_hand_parameters) by extensions ['colcon_pkg']
[0.229s] Level 1:colcon.colcon_core.package_identification:_identify(src/allegro_hand_parameters) by extension 'colcon_pkg'
[0.229s] Level 1:colcon.colcon_core.package_identification:_identify(src/allegro_hand_parameters) by extensions ['colcon_meta']
[0.229s] Level 1:colcon.colcon_core.package_identification:_identify(src/allegro_hand_parameters) by extension 'colcon_meta'
[0.229s] Level 1:colcon.colcon_core.package_identification:_identify(src/allegro_hand_parameters) by extensions ['ros']
[0.229s] Level 1:colcon.colcon_core.package_identification:_identify(src/allegro_hand_parameters) by extension 'ros'
[0.229s] DEBUG:colcon.colcon_core.package_identification:Package 'src/allegro_hand_parameters' with type 'ros.ament_cmake' and name 'allegro_hand_parameters'
[0.229s] Level 1:colcon.colcon_core.package_identification:_identify(src/bhand) by extensions ['ignore', 'ignore_ament_install']
[0.230s] Level 1:colcon.colcon_core.package_identification:_identify(src/bhand) by extension 'ignore'
[0.230s] Level 1:colcon.colcon_core.package_identification:_identify(src/bhand) by extension 'ignore_ament_install'
[0.230s] Level 1:colcon.colcon_core.package_identification:_identify(src/bhand) by extensions ['colcon_pkg']
[0.230s] Level 1:colcon.colcon_core.package_identification:_identify(src/bhand) by extension 'colcon_pkg'
[0.230s] Level 1:colcon.colcon_core.package_identification:_identify(src/bhand) by extensions ['colcon_meta']
[0.230s] Level 1:colcon.colcon_core.package_identification:_identify(src/bhand) by extension 'colcon_meta'
[0.230s] Level 1:colcon.colcon_core.package_identification:_identify(src/bhand) by extensions ['ros']
[0.230s] Level 1:colcon.colcon_core.package_identification:_identify(src/bhand) by extension 'ros'
[0.230s] DEBUG:colcon.colcon_core.package_identification:Package 'src/bhand' with type 'ros.ament_cmake' and name 'bhand'
[0.231s] Level 1:colcon.colcon_core.package_identification:_identify(src/build) by extensions ['ignore', 'ignore_ament_install']
[0.231s] Level 1:colcon.colcon_core.package_identification:_identify(src/build) by extension 'ignore'
[0.231s] Level 1:colcon.colcon_core.package_identification:_identify(src/build) ignored
[0.231s] Level 1:colcon.colcon_core.package_identification:_identify(src/install) by extensions ['ignore', 'ignore_ament_install']
[0.231s] Level 1:colcon.colcon_core.package_identification:_identify(src/install) by extension 'ignore'
[0.231s] Level 1:colcon.colcon_core.package_identification:_identify(src/install) ignored
[0.231s] Level 1:colcon.colcon_core.package_identification:_identify(src/log) by extensions ['ignore', 'ignore_ament_install']
[0.231s] Level 1:colcon.colcon_core.package_identification:_identify(src/log) by extension 'ignore'
[0.231s] Level 1:colcon.colcon_core.package_identification:_identify(src/log) ignored
[0.231s] Level 1:colcon.colcon_core.package_identification:_identify(src/mediapipe_test) by extensions ['ignore', 'ignore_ament_install']
[0.231s] Level 1:colcon.colcon_core.package_identification:_identify(src/mediapipe_test) by extension 'ignore'
[0.231s] Level 1:colcon.colcon_core.package_identification:_identify(src/mediapipe_test) by extension 'ignore_ament_install'
[0.231s] Level 1:colcon.colcon_core.package_identification:_identify(src/mediapipe_test) by extensions ['colcon_pkg']
[0.231s] Level 1:colcon.colcon_core.package_identification:_identify(src/mediapipe_test) by extension 'colcon_pkg'
[0.231s] Level 1:colcon.colcon_core.package_identification:_identify(src/mediapipe_test) by extensions ['colcon_meta']
[0.232s] Level 1:colcon.colcon_core.package_identification:_identify(src/mediapipe_test) by extension 'colcon_meta'
[0.232s] Level 1:colcon.colcon_core.package_identification:_identify(src/mediapipe_test) by extensions ['ros']
[0.232s] Level 1:colcon.colcon_core.package_identification:_identify(src/mediapipe_test) by extension 'ros'
[0.232s] DEBUG:colcon.colcon_core.package_identification:Package 'src/mediapipe_test' with type 'ros.ament_python' and name 'mediapipe_test'
[0.232s] Level 1:colcon.colcon_core.package_discovery:discover_packages(recursive) using defaults
[0.232s] Level 1:colcon.colcon_core.package_discovery:discover_packages(ignore) discover
[0.232s] Level 1:colcon.colcon_core.package_discovery:discover_packages(ignore) using defaults
[0.232s] Level 1:colcon.colcon_core.package_discovery:discover_packages(path) discover
[0.232s] Level 1:colcon.colcon_core.package_discovery:discover_packages(path) using defaults
[0.252s] Level 1:colcon.colcon_core.package_discovery:discover_packages(prefix_path) check parameters
[0.252s] Level 1:colcon.colcon_core.package_discovery:discover_packages(prefix_path) discover
[0.253s] WARNING:colcon.colcon_ros.prefix_path.ament:The path '/home/fzc/allegro_hand_linux_v4/ros2_source/install/test_topic' in the environment variable AMENT_PREFIX_PATH doesn't exist
[0.253s] WARNING:colcon.colcon_ros.prefix_path.ament:The path '/home/fzc/allegro_hand_linux_v4/ros2_source/install/allegro_mediapipe_follow' in the environment variable AMENT_PREFIX_PATH doesn't exist
[0.254s] DEBUG:colcon.colcon_installed_package_information.package_discovery:Found 7 installed packages in /home/fzc/allegro_hand_linux_v4/ros2_source/install
[0.255s] DEBUG:colcon.colcon_installed_package_information.package_discovery:Found 324 installed packages in /opt/ros/humble
[0.257s] Level 1:colcon.colcon_core.package_discovery:discover_packages(prefix_path) using defaults
[0.296s] Level 5:colcon.colcon_core.verb:set package 'allegro_hand_description' build argument 'cmake_args' from command line to 'None'
[0.296s] Level 5:colcon.colcon_core.verb:set package 'allegro_hand_description' build argument 'cmake_target' from command line to 'None'
[0.296s] Level 5:colcon.colcon_core.verb:set package 'allegro_hand_description' build argument 'cmake_target_skip_unavailable' from command line to 'False'
[0.296s] Level 5:colcon.colcon_core.verb:set package 'allegro_hand_description' build argument 'cmake_clean_cache' from command line to 'False'
[0.296s] Level 5:colcon.colcon_core.verb:set package 'allegro_hand_description' build argument 'cmake_clean_first' from command line to 'False'
[0.296s] Level 5:colcon.colcon_core.verb:set package 'allegro_hand_description' build argument 'cmake_force_configure' from command line to 'False'
[0.296s] Level 5:colcon.colcon_core.verb:set package 'allegro_hand_description' build argument 'ament_cmake_args' from command line to 'None'
[0.296s] Level 5:colcon.colcon_core.verb:set package 'allegro_hand_description' build argument 'catkin_cmake_args' from command line to 'None'
[0.296s] Level 5:colcon.colcon_core.verb:set package 'allegro_hand_description' build argument 'catkin_skip_building_tests' from command line to 'False'
[0.296s] DEBUG:colcon.colcon_core.verb:Building package 'allegro_hand_description' with the following arguments: {'ament_cmake_args': None, 'build_base': '/home/fzc/allegro_hand_linux_v4/ros2_source/build/allegro_hand_description', 'catkin_cmake_args': None, 'catkin_skip_building_tests': False, 'cmake_args': None, 'cmake_clean_cache': False, 'cmake_clean_first': False, 'cmake_force_configure': False, 'cmake_target': None, 'cmake_target_skip_unavailable': False, 'install_base': '/home/fzc/allegro_hand_linux_v4/ros2_source/install/allegro_hand_description', 'merge_install': False, 'path': '/home/fzc/allegro_hand_linux_v4/ros2_source/src/allegro_hand_description', 'symlink_install': False, 'test_result_base': None}
[0.296s] Level 5:colcon.colcon_core.verb:set package 'allegro_hand_driver' build argument 'cmake_args' from command line to 'None'
[0.296s] Level 5:colcon.colcon_core.verb:set package 'allegro_hand_driver' build argument 'cmake_target' from command line to 'None'
[0.296s] Level 5:colcon.colcon_core.verb:set package 'allegro_hand_driver' build argument 'cmake_target_skip_unavailable' from command line to 'False'
[0.296s] Level 5:colcon.colcon_core.verb:set package 'allegro_hand_driver' build argument 'cmake_clean_cache' from command line to 'False'
[0.296s] Level 5:colcon.colcon_core.verb:set package 'allegro_hand_driver' build argument 'cmake_clean_first' from command line to 'False'
[0.296s] Level 5:colcon.colcon_core.verb:set package 'allegro_hand_driver' build argument 'cmake_force_configure' from command line to 'False'
[0.296s] Level 5:colcon.colcon_core.verb:set package 'allegro_hand_driver' build argument 'ament_cmake_args' from command line to 'None'
[0.296s] Level 5:colcon.colcon_core.verb:set package 'allegro_hand_driver' build argument 'catkin_cmake_args' from command line to 'None'
[0.296s] Level 5:colcon.colcon_core.verb:set package 'allegro_hand_driver' build argument 'catkin_skip_building_tests' from command line to 'False'
[0.296s] DEBUG:colcon.colcon_core.verb:Building package 'allegro_hand_driver' with the following arguments: {'ament_cmake_args': None, 'build_base': '/home/fzc/allegro_hand_linux_v4/ros2_source/build/allegro_hand_driver', 'catkin_cmake_args': None, 'catkin_skip_building_tests': False, 'cmake_args': None, 'cmake_clean_cache': False, 'cmake_clean_first': False, 'cmake_force_configure': False, 'cmake_target': None, 'cmake_target_skip_unavailable': False, 'install_base': '/home/fzc/allegro_hand_linux_v4/ros2_source/install/allegro_hand_driver', 'merge_install': False, 'path': '/home/fzc/allegro_hand_linux_v4/ros2_source/src/allegro_hand_driver', 'symlink_install': False, 'test_result_base': None}
[0.297s] Level 5:colcon.colcon_core.verb:set package 'allegro_hand_parameters' build argument 'cmake_args' from command line to 'None'
[0.297s] Level 5:colcon.colcon_core.verb:set package 'allegro_hand_parameters' build argument 'cmake_target' from command line to 'None'
[0.297s] Level 5:colcon.colcon_core.verb:set package 'allegro_hand_parameters' build argument 'cmake_target_skip_unavailable' from command line to 'False'
[0.297s] Level 5:colcon.colcon_core.verb:set package 'allegro_hand_parameters' build argument 'cmake_clean_cache' from command line to 'False'
[0.297s] Level 5:colcon.colcon_core.verb:set package 'allegro_hand_parameters' build argument 'cmake_clean_first' from command line to 'False'
[0.297s] Level 5:colcon.colcon_core.verb:set package 'allegro_hand_parameters' build argument 'cmake_force_configure' from command line to 'False'
[0.297s] Level 5:colcon.colcon_core.verb:set package 'allegro_hand_parameters' build argument 'ament_cmake_args' from command line to 'None'
[0.297s] Level 5:colcon.colcon_core.verb:set package 'allegro_hand_parameters' build argument 'catkin_cmake_args' from command line to 'None'
[0.297s] Level 5:colcon.colcon_core.verb:set package 'allegro_hand_parameters' build argument 'catkin_skip_building_tests' from command line to 'False'
[0.297s] DEBUG:colcon.colcon_core.verb:Building package 'allegro_hand_parameters' with the following arguments: {'ament_cmake_args': None, 'build_base': '/home/fzc/allegro_hand_linux_v4/ros2_source/build/allegro_hand_parameters', 'catkin_cmake_args': None, 'catkin_skip_building_tests': False, 'cmake_args': None, 'cmake_clean_cache': False, 'cmake_clean_first': False, 'cmake_force_configure': False, 'cmake_target': None, 'cmake_target_skip_unavailable': False, 'install_base': '/home/fzc/allegro_hand_linux_v4/ros2_source/install/allegro_hand_parameters', 'merge_install': False, 'path': '/home/fzc/allegro_hand_linux_v4/ros2_source/src/allegro_hand_parameters', 'symlink_install': False, 'test_result_base': None}
[0.297s] Level 5:colcon.colcon_core.verb:set package 'bhand' build argument 'cmake_args' from command line to 'None'
[0.297s] Level 5:colcon.colcon_core.verb:set package 'bhand' build argument 'cmake_target' from command line to 'None'
[0.297s] Level 5:colcon.colcon_core.verb:set package 'bhand' build argument 'cmake_target_skip_unavailable' from command line to 'False'
[0.297s] Level 5:colcon.colcon_core.verb:set package 'bhand' build argument 'cmake_clean_cache' from command line to 'False'
[0.297s] Level 5:colcon.colcon_core.verb:set package 'bhand' build argument 'cmake_clean_first' from command line to 'False'
[0.297s] Level 5:colcon.colcon_core.verb:set package 'bhand' build argument 'cmake_force_configure' from command line to 'False'
[0.297s] Level 5:colcon.colcon_core.verb:set package 'bhand' build argument 'ament_cmake_args' from command line to 'None'
[0.297s] Level 5:colcon.colcon_core.verb:set package 'bhand' build argument 'catkin_cmake_args' from command line to 'None'
[0.297s] Level 5:colcon.colcon_core.verb:set package 'bhand' build argument 'catkin_skip_building_tests' from command line to 'False'
[0.297s] DEBUG:colcon.colcon_core.verb:Building package 'bhand' with the following arguments: {'ament_cmake_args': None, 'build_base': '/home/fzc/allegro_hand_linux_v4/ros2_source/build/bhand', 'catkin_cmake_args': None, 'catkin_skip_building_tests': False, 'cmake_args': None, 'cmake_clean_cache': False, 'cmake_clean_first': False, 'cmake_force_configure': False, 'cmake_target': None, 'cmake_target_skip_unavailable': False, 'install_base': '/home/fzc/allegro_hand_linux_v4/ros2_source/install/bhand', 'merge_install': False, 'path': '/home/fzc/allegro_hand_linux_v4/ros2_source/src/bhand', 'symlink_install': False, 'test_result_base': None}
[0.298s] Level 5:colcon.colcon_core.verb:set package 'mediapipe_test' build argument 'cmake_args' from command line to 'None'
[0.298s] Level 5:colcon.colcon_core.verb:set package 'mediapipe_test' build argument 'cmake_target' from command line to 'None'
[0.298s] Level 5:colcon.colcon_core.verb:set package 'mediapipe_test' build argument 'cmake_target_skip_unavailable' from command line to 'False'
[0.298s] Level 5:colcon.colcon_core.verb:set package 'mediapipe_test' build argument 'cmake_clean_cache' from command line to 'False'
[0.298s] Level 5:colcon.colcon_core.verb:set package 'mediapipe_test' build argument 'cmake_clean_first' from command line to 'False'
[0.298s] Level 5:colcon.colcon_core.verb:set package 'mediapipe_test' build argument 'cmake_force_configure' from command line to 'False'
[0.298s] Level 5:colcon.colcon_core.verb:set package 'mediapipe_test' build argument 'ament_cmake_args' from command line to 'None'
[0.298s] Level 5:colcon.colcon_core.verb:set package 'mediapipe_test' build argument 'catkin_cmake_args' from command line to 'None'
[0.298s] Level 5:colcon.colcon_core.verb:set package 'mediapipe_test' build argument 'catkin_skip_building_tests' from command line to 'False'
[0.298s] DEBUG:colcon.colcon_core.verb:Building package 'mediapipe_test' with the following arguments: {'ament_cmake_args': None, 'build_base': '/home/fzc/allegro_hand_linux_v4/ros2_source/build/mediapipe_test', 'catkin_cmake_args': None, 'catkin_skip_building_tests': False, 'cmake_args': None, 'cmake_clean_cache': False, 'cmake_clean_first': False, 'cmake_force_configure': False, 'cmake_target': None, 'cmake_target_skip_unavailable': False, 'install_base': '/home/fzc/allegro_hand_linux_v4/ros2_source/install/mediapipe_test', 'merge_install': False, 'path': '/home/fzc/allegro_hand_linux_v4/ros2_source/src/mediapipe_test', 'symlink_install': False, 'test_result_base': None}
[0.298s] Level 5:colcon.colcon_core.verb:set package 'allegro_hand_controllers' build argument 'cmake_args' from command line to 'None'
[0.298s] Level 5:colcon.colcon_core.verb:set package 'allegro_hand_controllers' build argument 'cmake_target' from command line to 'None'
[0.298s] Level 5:colcon.colcon_core.verb:set package 'allegro_hand_controllers' build argument 'cmake_target_skip_unavailable' from command line to 'False'
[0.298s] Level 5:colcon.colcon_core.verb:set package 'allegro_hand_controllers' build argument 'cmake_clean_cache' from command line to 'False'
[0.298s] Level 5:colcon.colcon_core.verb:set package 'allegro_hand_controllers' build argument 'cmake_clean_first' from command line to 'False'
[0.298s] Level 5:colcon.colcon_core.verb:set package 'allegro_hand_controllers' build argument 'cmake_force_configure' from command line to 'False'
[0.298s] Level 5:colcon.colcon_core.verb:set package 'allegro_hand_controllers' build argument 'ament_cmake_args' from command line to 'None'
[0.298s] Level 5:colcon.colcon_core.verb:set package 'allegro_hand_controllers' build argument 'catkin_cmake_args' from command line to 'None'
[0.298s] Level 5:colcon.colcon_core.verb:set package 'allegro_hand_controllers' build argument 'catkin_skip_building_tests' from command line to 'False'
[0.298s] DEBUG:colcon.colcon_core.verb:Building package 'allegro_hand_controllers' with the following arguments: {'ament_cmake_args': None, 'build_base': '/home/fzc/allegro_hand_linux_v4/ros2_source/build/allegro_hand_controllers', 'catkin_cmake_args': None, 'catkin_skip_building_tests': False, 'cmake_args': None, 'cmake_clean_cache': False, 'cmake_clean_first': False, 'cmake_force_configure': False, 'cmake_target': None, 'cmake_target_skip_unavailable': False, 'install_base': '/home/fzc/allegro_hand_linux_v4/ros2_source/install/allegro_hand_controllers', 'merge_install': False, 'path': '/home/fzc/allegro_hand_linux_v4/ros2_source/src/allegro_hand_controllers', 'symlink_install': False, 'test_result_base': None}
[0.299s] Level 5:colcon.colcon_core.verb:set package 'allegro_hand_keyboards' build argument 'cmake_args' from command line to 'None'
[0.299s] Level 5:colcon.colcon_core.verb:set package 'allegro_hand_keyboards' build argument 'cmake_target' from command line to 'None'
[0.299s] Level 5:colcon.colcon_core.verb:set package 'allegro_hand_keyboards' build argument 'cmake_target_skip_unavailable' from command line to 'False'
[0.299s] Level 5:colcon.colcon_core.verb:set package 'allegro_hand_keyboards' build argument 'cmake_clean_cache' from command line to 'False'
[0.299s] Level 5:colcon.colcon_core.verb:set package 'allegro_hand_keyboards' build argument 'cmake_clean_first' from command line to 'False'
[0.299s] Level 5:colcon.colcon_core.verb:set package 'allegro_hand_keyboards' build argument 'cmake_force_configure' from command line to 'False'
[0.299s] Level 5:colcon.colcon_core.verb:set package 'allegro_hand_keyboards' build argument 'ament_cmake_args' from command line to 'None'
[0.299s] Level 5:colcon.colcon_core.verb:set package 'allegro_hand_keyboards' build argument 'catkin_cmake_args' from command line to 'None'
[0.299s] Level 5:colcon.colcon_core.verb:set package 'allegro_hand_keyboards' build argument 'catkin_skip_building_tests' from command line to 'False'
[0.299s] DEBUG:colcon.colcon_core.verb:Building package 'allegro_hand_keyboards' with the following arguments: {'ament_cmake_args': None, 'build_base': '/home/fzc/allegro_hand_linux_v4/ros2_source/build/allegro_hand_keyboards', 'catkin_cmake_args': None, 'catkin_skip_building_tests': False, 'cmake_args': None, 'cmake_clean_cache': False, 'cmake_clean_first': False, 'cmake_force_configure': False, 'cmake_target': None, 'cmake_target_skip_unavailable': False, 'install_base': '/home/fzc/allegro_hand_linux_v4/ros2_source/install/allegro_hand_keyboards', 'merge_install': False, 'path': '/home/fzc/allegro_hand_linux_v4/ros2_source/src/allegro_hand_keyboards', 'symlink_install': False, 'test_result_base': None}
[0.299s] INFO:colcon.colcon_core.executor:Executing jobs using 'parallel' executor
[0.300s] DEBUG:colcon.colcon_parallel_executor.executor.parallel:run_until_complete
[0.300s] INFO:colcon.colcon_ros.task.ament_cmake.build:Building ROS package in '/home/fzc/allegro_hand_linux_v4/ros2_source/src/allegro_hand_driver' with build type 'ament_cmake'
[0.300s] INFO:colcon.colcon_cmake.task.cmake.build:Building CMake package in '/home/fzc/allegro_hand_linux_v4/ros2_source/src/allegro_hand_driver'
[0.302s] INFO:colcon.colcon_core.plugin_system:Skipping extension 'colcon_core.shell.bat': Not used on non-Windows systems
[0.302s] INFO:colcon.colcon_core.shell:Skip shell extension 'powershell' for command environment: Not usable outside of PowerShell
[0.302s] DEBUG:colcon.colcon_core.shell:Skip shell extension 'dsv' for command environment
[0.305s] INFO:colcon.colcon_ros.task.ament_cmake.build:Building ROS package in '/home/fzc/allegro_hand_linux_v4/ros2_source/src/bhand' with build type 'ament_cmake'
[0.305s] INFO:colcon.colcon_cmake.task.cmake.build:Building CMake package in '/home/fzc/allegro_hand_linux_v4/ros2_source/src/bhand'
[0.306s] INFO:colcon.colcon_core.shell:Skip shell extension 'powershell' for command environment: Not usable outside of PowerShell
[0.306s] DEBUG:colcon.colcon_core.shell:Skip shell extension 'dsv' for command environment
[0.309s] INFO:colcon.colcon_ros.task.ament_cmake.build:Building ROS package in '/home/fzc/allegro_hand_linux_v4/ros2_source/src/allegro_hand_description' with build type 'ament_cmake'
[0.310s] INFO:colcon.colcon_cmake.task.cmake.build:Building CMake package in '/home/fzc/allegro_hand_linux_v4/ros2_source/src/allegro_hand_description'
[0.310s] INFO:colcon.colcon_core.shell:Skip shell extension 'powershell' for command environment: Not usable outside of PowerShell
[0.310s] DEBUG:colcon.colcon_core.shell:Skip shell extension 'dsv' for command environment
[0.314s] INFO:colcon.colcon_ros.task.ament_cmake.build:Building ROS package in '/home/fzc/allegro_hand_linux_v4/ros2_source/src/allegro_hand_parameters' with build type 'ament_cmake'
[0.314s] INFO:colcon.colcon_cmake.task.cmake.build:Building CMake package in '/home/fzc/allegro_hand_linux_v4/ros2_source/src/allegro_hand_parameters'
[0.315s] INFO:colcon.colcon_core.shell:Skip shell extension 'powershell' for command environment: Not usable outside of PowerShell
[0.315s] DEBUG:colcon.colcon_core.shell:Skip shell extension 'dsv' for command environment
[0.318s] INFO:colcon.colcon_ros.task.ament_python.build:Building ROS package in '/home/fzc/allegro_hand_linux_v4/ros2_source/src/mediapipe_test' with build type 'ament_python'
[0.319s] Level 1:colcon.colcon_core.shell:create_environment_hook('mediapipe_test', 'ament_prefix_path')
[0.319s] INFO:colcon.colcon_core.shell:Creating environment hook '/home/fzc/allegro_hand_linux_v4/ros2_source/install/mediapipe_test/share/mediapipe_test/hook/ament_prefix_path.ps1'
[0.320s] INFO:colcon.colcon_core.shell:Creating environment descriptor '/home/fzc/allegro_hand_linux_v4/ros2_source/install/mediapipe_test/share/mediapipe_test/hook/ament_prefix_path.dsv'
[0.320s] INFO:colcon.colcon_core.shell:Creating environment hook '/home/fzc/allegro_hand_linux_v4/ros2_source/install/mediapipe_test/share/mediapipe_test/hook/ament_prefix_path.sh'
[0.321s] INFO:colcon.colcon_core.shell:Skip shell extension 'powershell' for command environment: Not usable outside of PowerShell
[0.321s] DEBUG:colcon.colcon_core.shell:Skip shell extension 'dsv' for command environment
[0.330s] DEBUG:colcon.colcon_core.event_handler.log_command:Invoking command in '/home/fzc/allegro_hand_linux_v4/ros2_source/build/allegro_hand_driver': CMAKE_PREFIX_PATH=${CMAKE_PREFIX_PATH}:/home/fzc/allegro_hand_linux_v4/ros2_source/install/mediapipe_test:/home/fzc/allegro_hand_linux_v4/ros2_source/install/test_topic:/home/fzc/allegro_hand_linux_v4/ros2_source/install/allegro_mediapipe_follow:/opt/ros/humble CONDA_PROMPT_MODIFIER=(hand) /usr/bin/cmake --build /home/fzc/allegro_hand_linux_v4/ros2_source/build/allegro_hand_driver -- -j8 -l8
[0.334s] DEBUG:colcon.colcon_core.event_handler.log_command:Invoking command in '/home/fzc/allegro_hand_linux_v4/ros2_source/build/bhand': CMAKE_PREFIX_PATH=${CMAKE_PREFIX_PATH}:/home/fzc/allegro_hand_linux_v4/ros2_source/install/mediapipe_test:/home/fzc/allegro_hand_linux_v4/ros2_source/install/test_topic:/home/fzc/allegro_hand_linux_v4/ros2_source/install/allegro_mediapipe_follow:/opt/ros/humble CONDA_PROMPT_MODIFIER=(hand) /usr/bin/cmake --build /home/fzc/allegro_hand_linux_v4/ros2_source/build/bhand -- -j8 -l8
[0.337s] DEBUG:colcon.colcon_core.event_handler.log_command:Invoking command in '/home/fzc/allegro_hand_linux_v4/ros2_source/build/allegro_hand_description': CMAKE_PREFIX_PATH=${CMAKE_PREFIX_PATH}:/home/fzc/allegro_hand_linux_v4/ros2_source/install/mediapipe_test:/home/fzc/allegro_hand_linux_v4/ros2_source/install/test_topic:/home/fzc/allegro_hand_linux_v4/ros2_source/install/allegro_mediapipe_follow:/opt/ros/humble CONDA_PROMPT_MODIFIER=(hand) /usr/bin/cmake --build /home/fzc/allegro_hand_linux_v4/ros2_source/build/allegro_hand_description -- -j8 -l8
[0.339s] DEBUG:colcon.colcon_core.event_handler.log_command:Invoking command in '/home/fzc/allegro_hand_linux_v4/ros2_source/build/allegro_hand_parameters': CMAKE_PREFIX_PATH=${CMAKE_PREFIX_PATH}:/home/fzc/allegro_hand_linux_v4/ros2_source/install/mediapipe_test:/home/fzc/allegro_hand_linux_v4/ros2_source/install/test_topic:/home/fzc/allegro_hand_linux_v4/ros2_source/install/allegro_mediapipe_follow:/opt/ros/humble CONDA_PROMPT_MODIFIER=(hand) /usr/bin/cmake --build /home/fzc/allegro_hand_linux_v4/ros2_source/build/allegro_hand_parameters -- -j8 -l8
[0.557s] INFO:colcon.colcon_core.task.python.build:Building Python package in '/home/fzc/allegro_hand_linux_v4/ros2_source/src/mediapipe_test'
[0.557s] INFO:colcon.colcon_core.shell:Skip shell extension 'powershell' for command environment: Not usable outside of PowerShell
[0.557s] DEBUG:colcon.colcon_core.shell:Skip shell extension 'dsv' for command environment
[0.562s] DEBUG:colcon.colcon_core.event_handler.log_command:Invoked command in '/home/fzc/allegro_hand_linux_v4/ros2_source/build/allegro_hand_description' returned '0': CMAKE_PREFIX_PATH=${CMAKE_PREFIX_PATH}:/home/fzc/allegro_hand_linux_v4/ros2_source/install/mediapipe_test:/home/fzc/allegro_hand_linux_v4/ros2_source/install/test_topic:/home/fzc/allegro_hand_linux_v4/ros2_source/install/allegro_mediapipe_follow:/opt/ros/humble CONDA_PROMPT_MODIFIER=(hand) /usr/bin/cmake --build /home/fzc/allegro_hand_linux_v4/ros2_source/build/allegro_hand_description -- -j8 -l8
[0.571s] DEBUG:colcon.colcon_core.event_handler.log_command:Invoking command in '/home/fzc/allegro_hand_linux_v4/ros2_source/build/allegro_hand_description': CMAKE_PREFIX_PATH=${CMAKE_PREFIX_PATH}:/home/fzc/allegro_hand_linux_v4/ros2_source/install/mediapipe_test:/home/fzc/allegro_hand_linux_v4/ros2_source/install/test_topic:/home/fzc/allegro_hand_linux_v4/ros2_source/install/allegro_mediapipe_follow:/opt/ros/humble CONDA_PROMPT_MODIFIER=(hand) /usr/bin/cmake --install /home/fzc/allegro_hand_linux_v4/ros2_source/build/allegro_hand_description
[0.571s] DEBUG:colcon.colcon_core.event_handler.log_command:Invoked command in '/home/fzc/allegro_hand_linux_v4/ros2_source/build/allegro_hand_parameters' returned '0': CMAKE_PREFIX_PATH=${CMAKE_PREFIX_PATH}:/home/fzc/allegro_hand_linux_v4/ros2_source/install/mediapipe_test:/home/fzc/allegro_hand_linux_v4/ros2_source/install/test_topic:/home/fzc/allegro_hand_linux_v4/ros2_source/install/allegro_mediapipe_follow:/opt/ros/humble CONDA_PROMPT_MODIFIER=(hand) /usr/bin/cmake --build /home/fzc/allegro_hand_linux_v4/ros2_source/build/allegro_hand_parameters -- -j8 -l8
[0.573s] DEBUG:colcon.colcon_core.event_handler.log_command:Invoking command in '/home/fzc/allegro_hand_linux_v4/ros2_source/build/allegro_hand_parameters': CMAKE_PREFIX_PATH=${CMAKE_PREFIX_PATH}:/home/fzc/allegro_hand_linux_v4/ros2_source/install/mediapipe_test:/home/fzc/allegro_hand_linux_v4/ros2_source/install/test_topic:/home/fzc/allegro_hand_linux_v4/ros2_source/install/allegro_mediapipe_follow:/opt/ros/humble CONDA_PROMPT_MODIFIER=(hand) /usr/bin/cmake --install /home/fzc/allegro_hand_linux_v4/ros2_source/build/allegro_hand_parameters
[0.573s] DEBUG:colcon.colcon_core.event_handler.log_command:Invoked command in '/home/fzc/allegro_hand_linux_v4/ros2_source/build/bhand' returned '0': CMAKE_PREFIX_PATH=${CMAKE_PREFIX_PATH}:/home/fzc/allegro_hand_linux_v4/ros2_source/install/mediapipe_test:/home/fzc/allegro_hand_linux_v4/ros2_source/install/test_topic:/home/fzc/allegro_hand_linux_v4/ros2_source/install/allegro_mediapipe_follow:/opt/ros/humble CONDA_PROMPT_MODIFIER=(hand) /usr/bin/cmake --build /home/fzc/allegro_hand_linux_v4/ros2_source/build/bhand -- -j8 -l8
[0.575s] DEBUG:colcon.colcon_core.event_handler.log_command:Invoking command in '/home/fzc/allegro_hand_linux_v4/ros2_source/build/bhand': CMAKE_PREFIX_PATH=${CMAKE_PREFIX_PATH}:/home/fzc/allegro_hand_linux_v4/ros2_source/install/mediapipe_test:/home/fzc/allegro_hand_linux_v4/ros2_source/install/test_topic:/home/fzc/allegro_hand_linux_v4/ros2_source/install/allegro_mediapipe_follow:/opt/ros/humble CONDA_PROMPT_MODIFIER=(hand) /usr/bin/cmake --install /home/fzc/allegro_hand_linux_v4/ros2_source/build/bhand
[0.577s] DEBUG:colcon.colcon_core.event_handler.log_command:Invoked command in '/home/fzc/allegro_hand_linux_v4/ros2_source/build/allegro_hand_driver' returned '0': CMAKE_PREFIX_PATH=${CMAKE_PREFIX_PATH}:/home/fzc/allegro_hand_linux_v4/ros2_source/install/mediapipe_test:/home/fzc/allegro_hand_linux_v4/ros2_source/install/test_topic:/home/fzc/allegro_hand_linux_v4/ros2_source/install/allegro_mediapipe_follow:/opt/ros/humble CONDA_PROMPT_MODIFIER=(hand) /usr/bin/cmake --build /home/fzc/allegro_hand_linux_v4/ros2_source/build/allegro_hand_driver -- -j8 -l8
[0.582s] DEBUG:colcon.colcon_core.event_handler.log_command:Invoking command in '/home/fzc/allegro_hand_linux_v4/ros2_source/build/allegro_hand_driver': CMAKE_PREFIX_PATH=${CMAKE_PREFIX_PATH}:/home/fzc/allegro_hand_linux_v4/ros2_source/install/mediapipe_test:/home/fzc/allegro_hand_linux_v4/ros2_source/install/test_topic:/home/fzc/allegro_hand_linux_v4/ros2_source/install/allegro_mediapipe_follow:/opt/ros/humble CONDA_PROMPT_MODIFIER=(hand) /usr/bin/cmake --install /home/fzc/allegro_hand_linux_v4/ros2_source/build/allegro_hand_driver
[0.584s] Level 1:colcon.colcon_core.environment:create_environment_scripts_only(allegro_hand_description)
[0.589s] DEBUG:colcon.colcon_core.event_handler.log_command:Invoked command in '/home/fzc/allegro_hand_linux_v4/ros2_source/build/allegro_hand_description' returned '0': CMAKE_PREFIX_PATH=${CMAKE_PREFIX_PATH}:/home/fzc/allegro_hand_linux_v4/ros2_source/install/mediapipe_test:/home/fzc/allegro_hand_linux_v4/ros2_source/install/test_topic:/home/fzc/allegro_hand_linux_v4/ros2_source/install/allegro_mediapipe_follow:/opt/ros/humble CONDA_PROMPT_MODIFIER=(hand) /usr/bin/cmake --install /home/fzc/allegro_hand_linux_v4/ros2_source/build/allegro_hand_description
[0.594s] Level 1:colcon.colcon_core.environment:checking '/home/fzc/allegro_hand_linux_v4/ros2_source/install/allegro_hand_description' for CMake module files
[0.594s] Level 1:colcon.colcon_core.environment:checking '/home/fzc/allegro_hand_linux_v4/ros2_source/install/allegro_hand_description' for CMake config files
[0.594s] Level 1:colcon.colcon_core.shell:create_environment_hook('allegro_hand_description', 'cmake_prefix_path')
[0.595s] INFO:colcon.colcon_core.shell:Creating environment hook '/home/fzc/allegro_hand_linux_v4/ros2_source/install/allegro_hand_description/share/allegro_hand_description/hook/cmake_prefix_path.ps1'
[0.595s] INFO:colcon.colcon_core.shell:Creating environment descriptor '/home/fzc/allegro_hand_linux_v4/ros2_source/install/allegro_hand_description/share/allegro_hand_description/hook/cmake_prefix_path.dsv'
[0.596s] INFO:colcon.colcon_core.shell:Creating environment hook '/home/fzc/allegro_hand_linux_v4/ros2_source/install/allegro_hand_description/share/allegro_hand_description/hook/cmake_prefix_path.sh'
[0.597s] Level 1:colcon.colcon_core.environment:checking '/home/fzc/allegro_hand_linux_v4/ros2_source/install/allegro_hand_description/bin'
[0.597s] Level 1:colcon.colcon_core.environment:checking '/home/fzc/allegro_hand_linux_v4/ros2_source/install/allegro_hand_description/lib/pkgconfig/allegro_hand_description.pc'
[0.597s] Level 1:colcon.colcon_core.environment:checking '/home/fzc/allegro_hand_linux_v4/ros2_source/install/allegro_hand_description/lib/python3.10/site-packages'
[0.598s] Level 1:colcon.colcon_core.environment:checking '/home/fzc/allegro_hand_linux_v4/ros2_source/install/allegro_hand_description/bin'
[0.598s] INFO:colcon.colcon_core.shell:Creating package script '/home/fzc/allegro_hand_linux_v4/ros2_source/install/allegro_hand_description/share/allegro_hand_description/package.ps1'
[0.599s] INFO:colcon.colcon_core.shell:Creating package descriptor '/home/fzc/allegro_hand_linux_v4/ros2_source/install/allegro_hand_description/share/allegro_hand_description/package.dsv'
[0.600s] INFO:colcon.colcon_core.shell:Creating package script '/home/fzc/allegro_hand_linux_v4/ros2_source/install/allegro_hand_description/share/allegro_hand_description/package.sh'
[0.601s] INFO:colcon.colcon_core.shell:Creating package script '/home/fzc/allegro_hand_linux_v4/ros2_source/install/allegro_hand_description/share/allegro_hand_description/package.bash'
[0.601s] INFO:colcon.colcon_core.shell:Creating package script '/home/fzc/allegro_hand_linux_v4/ros2_source/install/allegro_hand_description/share/allegro_hand_description/package.zsh'
[0.602s] Level 1:colcon.colcon_core.environment:create_file_with_runtime_dependencies(/home/fzc/allegro_hand_linux_v4/ros2_source/install/allegro_hand_description/share/colcon-core/packages/allegro_hand_description)
[0.602s] Level 1:colcon.colcon_core.environment:create_environment_scripts_only(allegro_hand_description)
[0.603s] Level 1:colcon.colcon_core.environment:checking '/home/fzc/allegro_hand_linux_v4/ros2_source/install/allegro_hand_description' for CMake module files
[0.603s] Level 1:colcon.colcon_core.environment:checking '/home/fzc/allegro_hand_linux_v4/ros2_source/install/allegro_hand_description' for CMake config files
[0.603s] Level 1:colcon.colcon_core.shell:create_environment_hook('allegro_hand_description', 'cmake_prefix_path')
[0.603s] INFO:colcon.colcon_core.shell:Creating environment hook '/home/fzc/allegro_hand_linux_v4/ros2_source/install/allegro_hand_description/share/allegro_hand_description/hook/cmake_prefix_path.ps1'
[0.604s] INFO:colcon.colcon_core.shell:Creating environment descriptor '/home/fzc/allegro_hand_linux_v4/ros2_source/install/allegro_hand_description/share/allegro_hand_description/hook/cmake_prefix_path.dsv'
[0.604s] INFO:colcon.colcon_core.shell:Creating environment hook '/home/fzc/allegro_hand_linux_v4/ros2_source/install/allegro_hand_description/share/allegro_hand_description/hook/cmake_prefix_path.sh'
[0.604s] Level 1:colcon.colcon_core.environment:checking '/home/fzc/allegro_hand_linux_v4/ros2_source/install/allegro_hand_description/bin'
[0.604s] Level 1:colcon.colcon_core.environment:checking '/home/fzc/allegro_hand_linux_v4/ros2_source/install/allegro_hand_description/lib/pkgconfig/allegro_hand_description.pc'
[0.605s] Level 1:colcon.colcon_core.environment:checking '/home/fzc/allegro_hand_linux_v4/ros2_source/install/allegro_hand_description/lib/python3.10/site-packages'
[0.605s] Level 1:colcon.colcon_core.environment:checking '/home/fzc/allegro_hand_linux_v4/ros2_source/install/allegro_hand_description/bin'
[0.605s] INFO:colcon.colcon_core.shell:Creating package script '/home/fzc/allegro_hand_linux_v4/ros2_source/install/allegro_hand_description/share/allegro_hand_description/package.ps1'
[0.606s] INFO:colcon.colcon_core.shell:Creating package descriptor '/home/fzc/allegro_hand_linux_v4/ros2_source/install/allegro_hand_description/share/allegro_hand_description/package.dsv'
[0.606s] INFO:colcon.colcon_core.shell:Creating package script '/home/fzc/allegro_hand_linux_v4/ros2_source/install/allegro_hand_description/share/allegro_hand_description/package.sh'
[0.607s] INFO:colcon.colcon_core.shell:Creating package script '/home/fzc/allegro_hand_linux_v4/ros2_source/install/allegro_hand_description/share/allegro_hand_description/package.bash'
[0.607s] INFO:colcon.colcon_core.shell:Creating package script '/home/fzc/allegro_hand_linux_v4/ros2_source/install/allegro_hand_description/share/allegro_hand_description/package.zsh'
[0.608s] Level 1:colcon.colcon_core.environment:create_file_with_runtime_dependencies(/home/fzc/allegro_hand_linux_v4/ros2_source/install/allegro_hand_description/share/colcon-core/packages/allegro_hand_description)
[0.608s] Level 1:colcon.colcon_core.environment:create_environment_scripts_only(allegro_hand_parameters)
[0.608s] Level 1:colcon.colcon_core.environment:checking '/home/fzc/allegro_hand_linux_v4/ros2_source/install/allegro_hand_parameters' for CMake module files
[0.609s] DEBUG:colcon.colcon_core.event_handler.log_command:Invoked command in '/home/fzc/allegro_hand_linux_v4/ros2_source/build/allegro_hand_parameters' returned '0': CMAKE_PREFIX_PATH=${CMAKE_PREFIX_PATH}:/home/fzc/allegro_hand_linux_v4/ros2_source/install/mediapipe_test:/home/fzc/allegro_hand_linux_v4/ros2_source/install/test_topic:/home/fzc/allegro_hand_linux_v4/ros2_source/install/allegro_mediapipe_follow:/opt/ros/humble CONDA_PROMPT_MODIFIER=(hand) /usr/bin/cmake --install /home/fzc/allegro_hand_linux_v4/ros2_source/build/allegro_hand_parameters
[0.609s] Level 1:colcon.colcon_core.environment:checking '/home/fzc/allegro_hand_linux_v4/ros2_source/install/allegro_hand_parameters' for CMake config files
[0.609s] Level 1:colcon.colcon_core.shell:create_environment_hook('allegro_hand_parameters', 'cmake_prefix_path')
[0.610s] INFO:colcon.colcon_core.shell:Creating environment hook '/home/fzc/allegro_hand_linux_v4/ros2_source/install/allegro_hand_parameters/share/allegro_hand_parameters/hook/cmake_prefix_path.ps1'
[0.610s] INFO:colcon.colcon_core.shell:Creating environment descriptor '/home/fzc/allegro_hand_linux_v4/ros2_source/install/allegro_hand_parameters/share/allegro_hand_parameters/hook/cmake_prefix_path.dsv'
[0.610s] INFO:colcon.colcon_core.shell:Creating environment hook '/home/fzc/allegro_hand_linux_v4/ros2_source/install/allegro_hand_parameters/share/allegro_hand_parameters/hook/cmake_prefix_path.sh'
[0.611s] Level 1:colcon.colcon_core.environment:checking '/home/fzc/allegro_hand_linux_v4/ros2_source/install/allegro_hand_parameters/bin'
[0.611s] Level 1:colcon.colcon_core.environment:checking '/home/fzc/allegro_hand_linux_v4/ros2_source/install/allegro_hand_parameters/lib/pkgconfig/allegro_hand_parameters.pc'
[0.611s] Level 1:colcon.colcon_core.environment:checking '/home/fzc/allegro_hand_linux_v4/ros2_source/install/allegro_hand_parameters/lib/python3.10/site-packages'
[0.611s] Level 1:colcon.colcon_core.environment:checking '/home/fzc/allegro_hand_linux_v4/ros2_source/install/allegro_hand_parameters/bin'
[0.612s] INFO:colcon.colcon_core.shell:Creating package script '/home/fzc/allegro_hand_linux_v4/ros2_source/install/allegro_hand_parameters/share/allegro_hand_parameters/package.ps1'
[0.612s] INFO:colcon.colcon_core.shell:Creating package descriptor '/home/fzc/allegro_hand_linux_v4/ros2_source/install/allegro_hand_parameters/share/allegro_hand_parameters/package.dsv'
[0.613s] INFO:colcon.colcon_core.shell:Creating package script '/home/fzc/allegro_hand_linux_v4/ros2_source/install/allegro_hand_parameters/share/allegro_hand_parameters/package.sh'
[0.613s] INFO:colcon.colcon_core.shell:Creating package script '/home/fzc/allegro_hand_linux_v4/ros2_source/install/allegro_hand_parameters/share/allegro_hand_parameters/package.bash'
[0.614s] INFO:colcon.colcon_core.shell:Creating package script '/home/fzc/allegro_hand_linux_v4/ros2_source/install/allegro_hand_parameters/share/allegro_hand_parameters/package.zsh'
[0.614s] Level 1:colcon.colcon_core.environment:create_file_with_runtime_dependencies(/home/fzc/allegro_hand_linux_v4/ros2_source/install/allegro_hand_parameters/share/colcon-core/packages/allegro_hand_parameters)
[0.615s] Level 1:colcon.colcon_core.environment:create_environment_scripts_only(allegro_hand_parameters)
[0.615s] Level 1:colcon.colcon_core.environment:checking '/home/fzc/allegro_hand_linux_v4/ros2_source/install/allegro_hand_parameters' for CMake module files
[0.616s] Level 1:colcon.colcon_core.environment:checking '/home/fzc/allegro_hand_linux_v4/ros2_source/install/allegro_hand_parameters' for CMake config files
[0.616s] Level 1:colcon.colcon_core.shell:create_environment_hook('allegro_hand_parameters', 'cmake_prefix_path')
[0.616s] INFO:colcon.colcon_core.shell:Creating environment hook '/home/fzc/allegro_hand_linux_v4/ros2_source/install/allegro_hand_parameters/share/allegro_hand_parameters/hook/cmake_prefix_path.ps1'
[0.617s] INFO:colcon.colcon_core.shell:Creating environment descriptor '/home/fzc/allegro_hand_linux_v4/ros2_source/install/allegro_hand_parameters/share/allegro_hand_parameters/hook/cmake_prefix_path.dsv'
[0.617s] INFO:colcon.colcon_core.shell:Creating environment hook '/home/fzc/allegro_hand_linux_v4/ros2_source/install/allegro_hand_parameters/share/allegro_hand_parameters/hook/cmake_prefix_path.sh'
[0.618s] Level 1:colcon.colcon_core.environment:checking '/home/fzc/allegro_hand_linux_v4/ros2_source/install/allegro_hand_parameters/bin'
[0.618s] Level 1:colcon.colcon_core.environment:checking '/home/fzc/allegro_hand_linux_v4/ros2_source/install/allegro_hand_parameters/lib/pkgconfig/allegro_hand_parameters.pc'
[0.618s] Level 1:colcon.colcon_core.environment:checking '/home/fzc/allegro_hand_linux_v4/ros2_source/install/allegro_hand_parameters/lib/python3.10/site-packages'
[0.618s] Level 1:colcon.colcon_core.environment:checking '/home/fzc/allegro_hand_linux_v4/ros2_source/install/allegro_hand_parameters/bin'
[0.619s] INFO:colcon.colcon_core.shell:Creating package script '/home/fzc/allegro_hand_linux_v4/ros2_source/install/allegro_hand_parameters/share/allegro_hand_parameters/package.ps1'
[0.619s] INFO:colcon.colcon_core.shell:Creating package descriptor '/home/fzc/allegro_hand_linux_v4/ros2_source/install/allegro_hand_parameters/share/allegro_hand_parameters/package.dsv'
[0.620s] INFO:colcon.colcon_core.shell:Creating package script '/home/fzc/allegro_hand_linux_v4/ros2_source/install/allegro_hand_parameters/share/allegro_hand_parameters/package.sh'
[0.620s] INFO:colcon.colcon_core.shell:Creating package script '/home/fzc/allegro_hand_linux_v4/ros2_source/install/allegro_hand_parameters/share/allegro_hand_parameters/package.bash'
[0.620s] INFO:colcon.colcon_core.shell:Creating package script '/home/fzc/allegro_hand_linux_v4/ros2_source/install/allegro_hand_parameters/share/allegro_hand_parameters/package.zsh'
[0.621s] Level 1:colcon.colcon_core.environment:create_file_with_runtime_dependencies(/home/fzc/allegro_hand_linux_v4/ros2_source/install/allegro_hand_parameters/share/colcon-core/packages/allegro_hand_parameters)
[0.622s] Level 1:colcon.colcon_core.environment:create_environment_scripts_only(allegro_hand_driver)
[0.622s] Level 1:colcon.colcon_core.environment:checking '/home/fzc/allegro_hand_linux_v4/ros2_source/install/allegro_hand_driver' for CMake module files
[0.623s] DEBUG:colcon.colcon_core.event_handler.log_command:Invoked command in '/home/fzc/allegro_hand_linux_v4/ros2_source/build/allegro_hand_driver' returned '0': CMAKE_PREFIX_PATH=${CMAKE_PREFIX_PATH}:/home/fzc/allegro_hand_linux_v4/ros2_source/install/mediapipe_test:/home/fzc/allegro_hand_linux_v4/ros2_source/install/test_topic:/home/fzc/allegro_hand_linux_v4/ros2_source/install/allegro_mediapipe_follow:/opt/ros/humble CONDA_PROMPT_MODIFIER=(hand) /usr/bin/cmake --install /home/fzc/allegro_hand_linux_v4/ros2_source/build/allegro_hand_driver
[0.623s] Level 1:colcon.colcon_core.environment:checking '/home/fzc/allegro_hand_linux_v4/ros2_source/install/allegro_hand_driver' for CMake config files
[0.623s] Level 1:colcon.colcon_core.shell:create_environment_hook('allegro_hand_driver', 'cmake_prefix_path')
[0.623s] INFO:colcon.colcon_core.shell:Creating environment hook '/home/fzc/allegro_hand_linux_v4/ros2_source/install/allegro_hand_driver/share/allegro_hand_driver/hook/cmake_prefix_path.ps1'
[0.624s] INFO:colcon.colcon_core.shell:Creating environment descriptor '/home/fzc/allegro_hand_linux_v4/ros2_source/install/allegro_hand_driver/share/allegro_hand_driver/hook/cmake_prefix_path.dsv'
[0.624s] INFO:colcon.colcon_core.shell:Creating environment hook '/home/fzc/allegro_hand_linux_v4/ros2_source/install/allegro_hand_driver/share/allegro_hand_driver/hook/cmake_prefix_path.sh'
[0.625s] Level 1:colcon.colcon_core.environment:checking '/home/fzc/allegro_hand_linux_v4/ros2_source/install/allegro_hand_driver/lib'
[0.625s] Level 1:colcon.colcon_core.environment:checking '/home/fzc/allegro_hand_linux_v4/ros2_source/install/allegro_hand_driver/bin'
[0.625s] Level 1:colcon.colcon_core.environment:checking '/home/fzc/allegro_hand_linux_v4/ros2_source/install/allegro_hand_driver/lib/pkgconfig/allegro_hand_driver.pc'
[0.625s] Level 1:colcon.colcon_core.environment:checking '/home/fzc/allegro_hand_linux_v4/ros2_source/install/allegro_hand_driver/lib/python3.10/site-packages'
[0.625s] Level 1:colcon.colcon_core.environment:checking '/home/fzc/allegro_hand_linux_v4/ros2_source/install/allegro_hand_driver/bin'
[0.626s] INFO:colcon.colcon_core.shell:Creating package script '/home/fzc/allegro_hand_linux_v4/ros2_source/install/allegro_hand_driver/share/allegro_hand_driver/package.ps1'
[0.626s] INFO:colcon.colcon_core.shell:Creating package descriptor '/home/fzc/allegro_hand_linux_v4/ros2_source/install/allegro_hand_driver/share/allegro_hand_driver/package.dsv'
[0.627s] INFO:colcon.colcon_core.shell:Creating package script '/home/fzc/allegro_hand_linux_v4/ros2_source/install/allegro_hand_driver/share/allegro_hand_driver/package.sh'
[0.628s] INFO:colcon.colcon_core.shell:Creating package script '/home/fzc/allegro_hand_linux_v4/ros2_source/install/allegro_hand_driver/share/allegro_hand_driver/package.bash'
[0.628s] INFO:colcon.colcon_core.shell:Creating package script '/home/fzc/allegro_hand_linux_v4/ros2_source/install/allegro_hand_driver/share/allegro_hand_driver/package.zsh'
[0.629s] Level 1:colcon.colcon_core.environment:create_file_with_runtime_dependencies(/home/fzc/allegro_hand_linux_v4/ros2_source/install/allegro_hand_driver/share/colcon-core/packages/allegro_hand_driver)
[0.629s] Level 1:colcon.colcon_core.environment:create_environment_scripts_only(allegro_hand_driver)
[0.630s] Level 1:colcon.colcon_core.environment:checking '/home/fzc/allegro_hand_linux_v4/ros2_source/install/allegro_hand_driver' for CMake module files
[0.630s] Level 1:colcon.colcon_core.environment:checking '/home/fzc/allegro_hand_linux_v4/ros2_source/install/allegro_hand_driver' for CMake config files
[0.630s] Level 1:colcon.colcon_core.shell:create_environment_hook('allegro_hand_driver', 'cmake_prefix_path')
[0.630s] INFO:colcon.colcon_core.shell:Creating environment hook '/home/fzc/allegro_hand_linux_v4/ros2_source/install/allegro_hand_driver/share/allegro_hand_driver/hook/cmake_prefix_path.ps1'
[0.631s] INFO:colcon.colcon_core.shell:Creating environment descriptor '/home/fzc/allegro_hand_linux_v4/ros2_source/install/allegro_hand_driver/share/allegro_hand_driver/hook/cmake_prefix_path.dsv'
[0.631s] INFO:colcon.colcon_core.shell:Creating environment hook '/home/fzc/allegro_hand_linux_v4/ros2_source/install/allegro_hand_driver/share/allegro_hand_driver/hook/cmake_prefix_path.sh'
[0.632s] Level 1:colcon.colcon_core.environment:checking '/home/fzc/allegro_hand_linux_v4/ros2_source/install/allegro_hand_driver/lib'
[0.633s] Level 1:colcon.colcon_core.environment:checking '/home/fzc/allegro_hand_linux_v4/ros2_source/install/allegro_hand_driver/bin'
[0.633s] Level 1:colcon.colcon_core.environment:checking '/home/fzc/allegro_hand_linux_v4/ros2_source/install/allegro_hand_driver/lib/pkgconfig/allegro_hand_driver.pc'
[0.633s] Level 1:colcon.colcon_core.environment:checking '/home/fzc/allegro_hand_linux_v4/ros2_source/install/allegro_hand_driver/lib/python3.10/site-packages'
[0.633s] Level 1:colcon.colcon_core.environment:checking '/home/fzc/allegro_hand_linux_v4/ros2_source/install/allegro_hand_driver/bin'
[0.634s] INFO:colcon.colcon_core.shell:Creating package script '/home/fzc/allegro_hand_linux_v4/ros2_source/install/allegro_hand_driver/share/allegro_hand_driver/package.ps1'
[0.634s] INFO:colcon.colcon_core.shell:Creating package descriptor '/home/fzc/allegro_hand_linux_v4/ros2_source/install/allegro_hand_driver/share/allegro_hand_driver/package.dsv'
[0.635s] INFO:colcon.colcon_core.shell:Creating package script '/home/fzc/allegro_hand_linux_v4/ros2_source/install/allegro_hand_driver/share/allegro_hand_driver/package.sh'
[0.635s] INFO:colcon.colcon_core.shell:Creating package script '/home/fzc/allegro_hand_linux_v4/ros2_source/install/allegro_hand_driver/share/allegro_hand_driver/package.bash'
[0.636s] INFO:colcon.colcon_core.shell:Creating package script '/home/fzc/allegro_hand_linux_v4/ros2_source/install/allegro_hand_driver/share/allegro_hand_driver/package.zsh'
[0.636s] Level 1:colcon.colcon_core.environment:create_file_with_runtime_dependencies(/home/fzc/allegro_hand_linux_v4/ros2_source/install/allegro_hand_driver/share/colcon-core/packages/allegro_hand_driver)
[0.636s] Level 1:colcon.colcon_core.environment:create_environment_scripts_only(bhand)
[0.636s] Level 1:colcon.colcon_core.environment:checking '/home/fzc/allegro_hand_linux_v4/ros2_source/install/bhand' for CMake module files
[0.637s] DEBUG:colcon.colcon_core.event_handler.log_command:Invoked command in '/home/fzc/allegro_hand_linux_v4/ros2_source/build/bhand' returned '0': CMAKE_PREFIX_PATH=${CMAKE_PREFIX_PATH}:/home/fzc/allegro_hand_linux_v4/ros2_source/install/mediapipe_test:/home/fzc/allegro_hand_linux_v4/ros2_source/install/test_topic:/home/fzc/allegro_hand_linux_v4/ros2_source/install/allegro_mediapipe_follow:/opt/ros/humble CONDA_PROMPT_MODIFIER=(hand) /usr/bin/cmake --install /home/fzc/allegro_hand_linux_v4/ros2_source/build/bhand
[0.637s] Level 1:colcon.colcon_core.environment:checking '/home/fzc/allegro_hand_linux_v4/ros2_source/install/bhand' for CMake config files
[0.638s] Level 1:colcon.colcon_core.shell:create_environment_hook('bhand', 'cmake_prefix_path')
[0.638s] INFO:colcon.colcon_core.shell:Creating environment hook '/home/fzc/allegro_hand_linux_v4/ros2_source/install/bhand/share/bhand/hook/cmake_prefix_path.ps1'
[0.638s] INFO:colcon.colcon_core.shell:Creating environment descriptor '/home/fzc/allegro_hand_linux_v4/ros2_source/install/bhand/share/bhand/hook/cmake_prefix_path.dsv'
[0.638s] INFO:colcon.colcon_core.shell:Creating environment hook '/home/fzc/allegro_hand_linux_v4/ros2_source/install/bhand/share/bhand/hook/cmake_prefix_path.sh'
[0.639s] Level 1:colcon.colcon_core.environment:checking '/home/fzc/allegro_hand_linux_v4/ros2_source/install/bhand/lib'
[0.639s] Level 1:colcon.colcon_core.shell:create_environment_hook('bhand', 'ld_library_path_lib')
[0.639s] INFO:colcon.colcon_core.shell:Creating environment hook '/home/fzc/allegro_hand_linux_v4/ros2_source/install/bhand/share/bhand/hook/ld_library_path_lib.ps1'
[0.639s] INFO:colcon.colcon_core.shell:Creating environment descriptor '/home/fzc/allegro_hand_linux_v4/ros2_source/install/bhand/share/bhand/hook/ld_library_path_lib.dsv'
[0.640s] INFO:colcon.colcon_core.shell:Creating environment hook '/home/fzc/allegro_hand_linux_v4/ros2_source/install/bhand/share/bhand/hook/ld_library_path_lib.sh'
[0.640s] Level 1:colcon.colcon_core.environment:checking '/home/fzc/allegro_hand_linux_v4/ros2_source/install/bhand/bin'
[0.640s] Level 1:colcon.colcon_core.environment:checking '/home/fzc/allegro_hand_linux_v4/ros2_source/install/bhand/lib/pkgconfig/bhand.pc'
[0.640s] Level 1:colcon.colcon_core.environment:checking '/home/fzc/allegro_hand_linux_v4/ros2_source/install/bhand/lib/python3.10/site-packages'
[0.641s] Level 1:colcon.colcon_core.environment:checking '/home/fzc/allegro_hand_linux_v4/ros2_source/install/bhand/bin'
[0.641s] INFO:colcon.colcon_core.shell:Creating package script '/home/fzc/allegro_hand_linux_v4/ros2_source/install/bhand/share/bhand/package.ps1'
[0.641s] INFO:colcon.colcon_core.shell:Creating package descriptor '/home/fzc/allegro_hand_linux_v4/ros2_source/install/bhand/share/bhand/package.dsv'
[0.642s] INFO:colcon.colcon_core.shell:Creating package script '/home/fzc/allegro_hand_linux_v4/ros2_source/install/bhand/share/bhand/package.sh'
[0.642s] INFO:colcon.colcon_core.shell:Creating package script '/home/fzc/allegro_hand_linux_v4/ros2_source/install/bhand/share/bhand/package.bash'
[0.643s] INFO:colcon.colcon_core.shell:Creating package script '/home/fzc/allegro_hand_linux_v4/ros2_source/install/bhand/share/bhand/package.zsh'
[0.644s] Level 1:colcon.colcon_core.environment:create_file_with_runtime_dependencies(/home/fzc/allegro_hand_linux_v4/ros2_source/install/bhand/share/colcon-core/packages/bhand)
[0.644s] Level 1:colcon.colcon_core.environment:create_environment_scripts_only(bhand)
[0.644s] Level 1:colcon.colcon_core.environment:checking '/home/fzc/allegro_hand_linux_v4/ros2_source/install/bhand' for CMake module files
[0.645s] Level 1:colcon.colcon_core.environment:checking '/home/fzc/allegro_hand_linux_v4/ros2_source/install/bhand' for CMake config files
[0.645s] Level 1:colcon.colcon_core.shell:create_environment_hook('bhand', 'cmake_prefix_path')
[0.645s] INFO:colcon.colcon_core.shell:Creating environment hook '/home/fzc/allegro_hand_linux_v4/ros2_source/install/bhand/share/bhand/hook/cmake_prefix_path.ps1'
[0.646s] INFO:colcon.colcon_core.shell:Creating environment descriptor '/home/fzc/allegro_hand_linux_v4/ros2_source/install/bhand/share/bhand/hook/cmake_prefix_path.dsv'
[0.646s] INFO:colcon.colcon_core.shell:Creating environment hook '/home/fzc/allegro_hand_linux_v4/ros2_source/install/bhand/share/bhand/hook/cmake_prefix_path.sh'
[0.647s] Level 1:colcon.colcon_core.environment:checking '/home/fzc/allegro_hand_linux_v4/ros2_source/install/bhand/lib'
[0.647s] Level 1:colcon.colcon_core.shell:create_environment_hook('bhand', 'ld_library_path_lib')
[0.647s] INFO:colcon.colcon_core.shell:Creating environment hook '/home/fzc/allegro_hand_linux_v4/ros2_source/install/bhand/share/bhand/hook/ld_library_path_lib.ps1'
[0.647s] INFO:colcon.colcon_core.shell:Creating environment descriptor '/home/fzc/allegro_hand_linux_v4/ros2_source/install/bhand/share/bhand/hook/ld_library_path_lib.dsv'
[0.648s] INFO:colcon.colcon_core.shell:Creating environment hook '/home/fzc/allegro_hand_linux_v4/ros2_source/install/bhand/share/bhand/hook/ld_library_path_lib.sh'
[0.648s] Level 1:colcon.colcon_core.environment:checking '/home/fzc/allegro_hand_linux_v4/ros2_source/install/bhand/bin'
[0.648s] Level 1:colcon.colcon_core.environment:checking '/home/fzc/allegro_hand_linux_v4/ros2_source/install/bhand/lib/pkgconfig/bhand.pc'
[0.649s] Level 1:colcon.colcon_core.environment:checking '/home/fzc/allegro_hand_linux_v4/ros2_source/install/bhand/lib/python3.10/site-packages'
[0.649s] Level 1:colcon.colcon_core.environment:checking '/home/fzc/allegro_hand_linux_v4/ros2_source/install/bhand/bin'
[0.649s] INFO:colcon.colcon_core.shell:Creating package script '/home/fzc/allegro_hand_linux_v4/ros2_source/install/bhand/share/bhand/package.ps1'
[0.650s] INFO:colcon.colcon_core.shell:Creating package descriptor '/home/fzc/allegro_hand_linux_v4/ros2_source/install/bhand/share/bhand/package.dsv'
[0.651s] INFO:colcon.colcon_core.shell:Creating package script '/home/fzc/allegro_hand_linux_v4/ros2_source/install/bhand/share/bhand/package.sh'
[0.652s] INFO:colcon.colcon_core.shell:Creating package script '/home/fzc/allegro_hand_linux_v4/ros2_source/install/bhand/share/bhand/package.bash'
[0.652s] INFO:colcon.colcon_core.shell:Creating package script '/home/fzc/allegro_hand_linux_v4/ros2_source/install/bhand/share/bhand/package.zsh'
[0.652s] Level 1:colcon.colcon_core.environment:create_file_with_runtime_dependencies(/home/fzc/allegro_hand_linux_v4/ros2_source/install/bhand/share/colcon-core/packages/bhand)
[0.653s] INFO:colcon.colcon_ros.task.ament_cmake.build:Building ROS package in '/home/fzc/allegro_hand_linux_v4/ros2_source/src/allegro_hand_controllers' with build type 'ament_cmake'
[0.653s] INFO:colcon.colcon_cmake.task.cmake.build:Building CMake package in '/home/fzc/allegro_hand_linux_v4/ros2_source/src/allegro_hand_controllers'
[0.653s] INFO:colcon.colcon_core.shell:Skip shell extension 'powershell' for command environment: Not usable outside of PowerShell
[0.653s] DEBUG:colcon.colcon_core.shell:Skip shell extension 'dsv' for command environment
[0.657s] INFO:colcon.colcon_ros.task.ament_cmake.build:Building ROS package in '/home/fzc/allegro_hand_linux_v4/ros2_source/src/allegro_hand_keyboards' with build type 'ament_cmake'
[0.657s] INFO:colcon.colcon_cmake.task.cmake.build:Building CMake package in '/home/fzc/allegro_hand_linux_v4/ros2_source/src/allegro_hand_keyboards'
[0.657s] INFO:colcon.colcon_core.shell:Skip shell extension 'powershell' for command environment: Not usable outside of PowerShell
[0.657s] DEBUG:colcon.colcon_core.shell:Skip shell extension 'dsv' for command environment
[0.668s] DEBUG:colcon.colcon_core.event_handler.log_command:Invoking command in '/home/fzc/allegro_hand_linux_v4/ros2_source/build/allegro_hand_controllers': CMAKE_PREFIX_PATH=/home/fzc/allegro_hand_linux_v4/ros2_source/install/bhand:/home/fzc/allegro_hand_linux_v4/ros2_source/install/allegro_hand_driver:/home/fzc/allegro_hand_linux_v4/ros2_source/install/allegro_hand_controllers:/home/fzc/allegro_hand_linux_v4/ros2_source/install/allegro_hand_parameters:/home/fzc/allegro_hand_linux_v4/ros2_source/install/allegro_hand_keyboards:/home/fzc/allegro_hand_linux_v4/ros2_source/install/allegro_hand_description:/home/fzc/allegro_hand_linux_v4/ros2_source/install/mediapipe_test:/home/fzc/allegro_hand_linux_v4/ros2_source/install/test_topic:/home/fzc/allegro_hand_linux_v4/ros2_source/install/allegro_mediapipe_follow:/opt/ros/humble CONDA_PROMPT_MODIFIER=(hand) /usr/bin/cmake --build /home/fzc/allegro_hand_linux_v4/ros2_source/build/allegro_hand_controllers -- -j8 -l8
[0.671s] DEBUG:colcon.colcon_core.event_handler.log_command:Invoking command in '/home/fzc/allegro_hand_linux_v4/ros2_source/build/allegro_hand_keyboards': CMAKE_PREFIX_PATH=/home/fzc/allegro_hand_linux_v4/ros2_source/install/allegro_hand_driver:/home/fzc/allegro_hand_linux_v4/ros2_source/install/allegro_hand_controllers:/home/fzc/allegro_hand_linux_v4/ros2_source/install/bhand:/home/fzc/allegro_hand_linux_v4/ros2_source/install/allegro_hand_parameters:/home/fzc/allegro_hand_linux_v4/ros2_source/install/allegro_hand_keyboards:/home/fzc/allegro_hand_linux_v4/ros2_source/install/allegro_hand_description:/home/fzc/allegro_hand_linux_v4/ros2_source/install/mediapipe_test:/home/fzc/allegro_hand_linux_v4/ros2_source/install/test_topic:/home/fzc/allegro_hand_linux_v4/ros2_source/install/allegro_mediapipe_follow:/opt/ros/humble CONDA_PROMPT_MODIFIER=(hand) /usr/bin/cmake --build /home/fzc/allegro_hand_linux_v4/ros2_source/build/allegro_hand_keyboards -- -j8 -l8
[0.736s] DEBUG:colcon.colcon_core.event_handler.log_command:Invoked command in '/home/fzc/allegro_hand_linux_v4/ros2_source/build/allegro_hand_keyboards' returned '0': CMAKE_PREFIX_PATH=/home/fzc/allegro_hand_linux_v4/ros2_source/install/allegro_hand_driver:/home/fzc/allegro_hand_linux_v4/ros2_source/install/allegro_hand_controllers:/home/fzc/allegro_hand_linux_v4/ros2_source/install/bhand:/home/fzc/allegro_hand_linux_v4/ros2_source/install/allegro_hand_parameters:/home/fzc/allegro_hand_linux_v4/ros2_source/install/allegro_hand_keyboards:/home/fzc/allegro_hand_linux_v4/ros2_source/install/allegro_hand_description:/home/fzc/allegro_hand_linux_v4/ros2_source/install/mediapipe_test:/home/fzc/allegro_hand_linux_v4/ros2_source/install/test_topic:/home/fzc/allegro_hand_linux_v4/ros2_source/install/allegro_mediapipe_follow:/opt/ros/humble CONDA_PROMPT_MODIFIER=(hand) /usr/bin/cmake --build /home/fzc/allegro_hand_linux_v4/ros2_source/build/allegro_hand_keyboards -- -j8 -l8
[0.737s] DEBUG:colcon.colcon_core.event_handler.log_command:Invoking command in '/home/fzc/allegro_hand_linux_v4/ros2_source/build/allegro_hand_keyboards': CMAKE_PREFIX_PATH=/home/fzc/allegro_hand_linux_v4/ros2_source/install/allegro_hand_driver:/home/fzc/allegro_hand_linux_v4/ros2_source/install/allegro_hand_controllers:/home/fzc/allegro_hand_linux_v4/ros2_source/install/bhand:/home/fzc/allegro_hand_linux_v4/ros2_source/install/allegro_hand_parameters:/home/fzc/allegro_hand_linux_v4/ros2_source/install/allegro_hand_keyboards:/home/fzc/allegro_hand_linux_v4/ros2_source/install/allegro_hand_description:/home/fzc/allegro_hand_linux_v4/ros2_source/install/mediapipe_test:/home/fzc/allegro_hand_linux_v4/ros2_source/install/test_topic:/home/fzc/allegro_hand_linux_v4/ros2_source/install/allegro_mediapipe_follow:/opt/ros/humble CONDA_PROMPT_MODIFIER=(hand) /usr/bin/cmake --install /home/fzc/allegro_hand_linux_v4/ros2_source/build/allegro_hand_keyboards
[0.747s] Level 1:colcon.colcon_core.environment:create_environment_scripts_only(allegro_hand_keyboards)
[0.747s] Level 1:colcon.colcon_core.environment:checking '/home/fzc/allegro_hand_linux_v4/ros2_source/install/allegro_hand_keyboards' for CMake module files
[0.748s] DEBUG:colcon.colcon_core.event_handler.log_command:Invoked command in '/home/fzc/allegro_hand_linux_v4/ros2_source/build/allegro_hand_keyboards' returned '0': CMAKE_PREFIX_PATH=/home/fzc/allegro_hand_linux_v4/ros2_source/install/allegro_hand_driver:/home/fzc/allegro_hand_linux_v4/ros2_source/install/allegro_hand_controllers:/home/fzc/allegro_hand_linux_v4/ros2_source/install/bhand:/home/fzc/allegro_hand_linux_v4/ros2_source/install/allegro_hand_parameters:/home/fzc/allegro_hand_linux_v4/ros2_source/install/allegro_hand_keyboards:/home/fzc/allegro_hand_linux_v4/ros2_source/install/allegro_hand_description:/home/fzc/allegro_hand_linux_v4/ros2_source/install/mediapipe_test:/home/fzc/allegro_hand_linux_v4/ros2_source/install/test_topic:/home/fzc/allegro_hand_linux_v4/ros2_source/install/allegro_mediapipe_follow:/opt/ros/humble CONDA_PROMPT_MODIFIER=(hand) /usr/bin/cmake --install /home/fzc/allegro_hand_linux_v4/ros2_source/build/allegro_hand_keyboards
[0.748s] Level 1:colcon.colcon_core.environment:checking '/home/fzc/allegro_hand_linux_v4/ros2_source/install/allegro_hand_keyboards' for CMake config files
[0.748s] Level 1:colcon.colcon_core.shell:create_environment_hook('allegro_hand_keyboards', 'cmake_prefix_path')
[0.748s] INFO:colcon.colcon_core.shell:Creating environment hook '/home/fzc/allegro_hand_linux_v4/ros2_source/install/allegro_hand_keyboards/share/allegro_hand_keyboards/hook/cmake_prefix_path.ps1'
[0.749s] INFO:colcon.colcon_core.shell:Creating environment descriptor '/home/fzc/allegro_hand_linux_v4/ros2_source/install/allegro_hand_keyboards/share/allegro_hand_keyboards/hook/cmake_prefix_path.dsv'
[0.749s] INFO:colcon.colcon_core.shell:Creating environment hook '/home/fzc/allegro_hand_linux_v4/ros2_source/install/allegro_hand_keyboards/share/allegro_hand_keyboards/hook/cmake_prefix_path.sh'
[0.750s] Level 1:colcon.colcon_core.environment:checking '/home/fzc/allegro_hand_linux_v4/ros2_source/install/allegro_hand_keyboards/lib'
[0.750s] Level 1:colcon.colcon_core.environment:checking '/home/fzc/allegro_hand_linux_v4/ros2_source/install/allegro_hand_keyboards/bin'
[0.750s] Level 1:colcon.colcon_core.environment:checking '/home/fzc/allegro_hand_linux_v4/ros2_source/install/allegro_hand_keyboards/lib/pkgconfig/allegro_hand_keyboards.pc'
[0.750s] Level 1:colcon.colcon_core.environment:checking '/home/fzc/allegro_hand_linux_v4/ros2_source/install/allegro_hand_keyboards/lib/python3.10/site-packages'
[0.751s] Level 1:colcon.colcon_core.environment:checking '/home/fzc/allegro_hand_linux_v4/ros2_source/install/allegro_hand_keyboards/bin'
[0.751s] INFO:colcon.colcon_core.shell:Creating package script '/home/fzc/allegro_hand_linux_v4/ros2_source/install/allegro_hand_keyboards/share/allegro_hand_keyboards/package.ps1'
[0.751s] INFO:colcon.colcon_core.shell:Creating package descriptor '/home/fzc/allegro_hand_linux_v4/ros2_source/install/allegro_hand_keyboards/share/allegro_hand_keyboards/package.dsv'
[0.752s] INFO:colcon.colcon_core.shell:Creating package script '/home/fzc/allegro_hand_linux_v4/ros2_source/install/allegro_hand_keyboards/share/allegro_hand_keyboards/package.sh'
[0.752s] INFO:colcon.colcon_core.shell:Creating package script '/home/fzc/allegro_hand_linux_v4/ros2_source/install/allegro_hand_keyboards/share/allegro_hand_keyboards/package.bash'
[0.753s] INFO:colcon.colcon_core.shell:Creating package script '/home/fzc/allegro_hand_linux_v4/ros2_source/install/allegro_hand_keyboards/share/allegro_hand_keyboards/package.zsh'
[0.753s] Level 1:colcon.colcon_core.environment:create_file_with_runtime_dependencies(/home/fzc/allegro_hand_linux_v4/ros2_source/install/allegro_hand_keyboards/share/colcon-core/packages/allegro_hand_keyboards)
[0.753s] Level 1:colcon.colcon_core.environment:create_environment_scripts_only(allegro_hand_keyboards)
[0.754s] Level 1:colcon.colcon_core.environment:checking '/home/fzc/allegro_hand_linux_v4/ros2_source/install/allegro_hand_keyboards' for CMake module files
[0.754s] Level 1:colcon.colcon_core.environment:checking '/home/fzc/allegro_hand_linux_v4/ros2_source/install/allegro_hand_keyboards' for CMake config files
[0.754s] Level 1:colcon.colcon_core.shell:create_environment_hook('allegro_hand_keyboards', 'cmake_prefix_path')
[0.755s] INFO:colcon.colcon_core.shell:Creating environment hook '/home/fzc/allegro_hand_linux_v4/ros2_source/install/allegro_hand_keyboards/share/allegro_hand_keyboards/hook/cmake_prefix_path.ps1'
[0.755s] INFO:colcon.colcon_core.shell:Creating environment descriptor '/home/fzc/allegro_hand_linux_v4/ros2_source/install/allegro_hand_keyboards/share/allegro_hand_keyboards/hook/cmake_prefix_path.dsv'
[0.755s] INFO:colcon.colcon_core.shell:Creating environment hook '/home/fzc/allegro_hand_linux_v4/ros2_source/install/allegro_hand_keyboards/share/allegro_hand_keyboards/hook/cmake_prefix_path.sh'
[0.756s] Level 1:colcon.colcon_core.environment:checking '/home/fzc/allegro_hand_linux_v4/ros2_source/install/allegro_hand_keyboards/lib'
[0.756s] Level 1:colcon.colcon_core.environment:checking '/home/fzc/allegro_hand_linux_v4/ros2_source/install/allegro_hand_keyboards/bin'
[0.756s] Level 1:colcon.colcon_core.environment:checking '/home/fzc/allegro_hand_linux_v4/ros2_source/install/allegro_hand_keyboards/lib/pkgconfig/allegro_hand_keyboards.pc'
[0.756s] Level 1:colcon.colcon_core.environment:checking '/home/fzc/allegro_hand_linux_v4/ros2_source/install/allegro_hand_keyboards/lib/python3.10/site-packages'
[0.757s] Level 1:colcon.colcon_core.environment:checking '/home/fzc/allegro_hand_linux_v4/ros2_source/install/allegro_hand_keyboards/bin'
[0.757s] INFO:colcon.colcon_core.shell:Creating package script '/home/fzc/allegro_hand_linux_v4/ros2_source/install/allegro_hand_keyboards/share/allegro_hand_keyboards/package.ps1'
[0.758s] INFO:colcon.colcon_core.shell:Creating package descriptor '/home/fzc/allegro_hand_linux_v4/ros2_source/install/allegro_hand_keyboards/share/allegro_hand_keyboards/package.dsv'
[0.758s] INFO:colcon.colcon_core.shell:Creating package script '/home/fzc/allegro_hand_linux_v4/ros2_source/install/allegro_hand_keyboards/share/allegro_hand_keyboards/package.sh'
[0.759s] INFO:colcon.colcon_core.shell:Creating package script '/home/fzc/allegro_hand_linux_v4/ros2_source/install/allegro_hand_keyboards/share/allegro_hand_keyboards/package.bash'
[0.759s] INFO:colcon.colcon_core.shell:Creating package script '/home/fzc/allegro_hand_linux_v4/ros2_source/install/allegro_hand_keyboards/share/allegro_hand_keyboards/package.zsh'
[0.759s] Level 1:colcon.colcon_core.environment:create_file_with_runtime_dependencies(/home/fzc/allegro_hand_linux_v4/ros2_source/install/allegro_hand_keyboards/share/colcon-core/packages/allegro_hand_keyboards)
[0.769s] DEBUG:colcon.colcon_core.event_handler.log_command:Invoked command in '/home/fzc/allegro_hand_linux_v4/ros2_source/build/allegro_hand_controllers' returned '0': CMAKE_PREFIX_PATH=/home/fzc/allegro_hand_linux_v4/ros2_source/install/bhand:/home/fzc/allegro_hand_linux_v4/ros2_source/install/allegro_hand_driver:/home/fzc/allegro_hand_linux_v4/ros2_source/install/allegro_hand_controllers:/home/fzc/allegro_hand_linux_v4/ros2_source/install/allegro_hand_parameters:/home/fzc/allegro_hand_linux_v4/ros2_source/install/allegro_hand_keyboards:/home/fzc/allegro_hand_linux_v4/ros2_source/install/allegro_hand_description:/home/fzc/allegro_hand_linux_v4/ros2_source/install/mediapipe_test:/home/fzc/allegro_hand_linux_v4/ros2_source/install/test_topic:/home/fzc/allegro_hand_linux_v4/ros2_source/install/allegro_mediapipe_follow:/opt/ros/humble CONDA_PROMPT_MODIFIER=(hand) /usr/bin/cmake --build /home/fzc/allegro_hand_linux_v4/ros2_source/build/allegro_hand_controllers -- -j8 -l8
[0.770s] DEBUG:colcon.colcon_core.event_handler.log_command:Invoking command in '/home/fzc/allegro_hand_linux_v4/ros2_source/build/allegro_hand_controllers': CMAKE_PREFIX_PATH=/home/fzc/allegro_hand_linux_v4/ros2_source/install/bhand:/home/fzc/allegro_hand_linux_v4/ros2_source/install/allegro_hand_driver:/home/fzc/allegro_hand_linux_v4/ros2_source/install/allegro_hand_controllers:/home/fzc/allegro_hand_linux_v4/ros2_source/install/allegro_hand_parameters:/home/fzc/allegro_hand_linux_v4/ros2_source/install/allegro_hand_keyboards:/home/fzc/allegro_hand_linux_v4/ros2_source/install/allegro_hand_description:/home/fzc/allegro_hand_linux_v4/ros2_source/install/mediapipe_test:/home/fzc/allegro_hand_linux_v4/ros2_source/install/test_topic:/home/fzc/allegro_hand_linux_v4/ros2_source/install/allegro_mediapipe_follow:/opt/ros/humble CONDA_PROMPT_MODIFIER=(hand) /usr/bin/cmake --install /home/fzc/allegro_hand_linux_v4/ros2_source/build/allegro_hand_controllers
[0.780s] Level 1:colcon.colcon_core.environment:create_environment_scripts_only(allegro_hand_controllers)
[0.781s] Level 1:colcon.colcon_core.environment:checking '/home/fzc/allegro_hand_linux_v4/ros2_source/install/allegro_hand_controllers' for CMake module files
[0.781s] DEBUG:colcon.colcon_core.event_handler.log_command:Invoked command in '/home/fzc/allegro_hand_linux_v4/ros2_source/build/allegro_hand_controllers' returned '0': CMAKE_PREFIX_PATH=/home/fzc/allegro_hand_linux_v4/ros2_source/install/bhand:/home/fzc/allegro_hand_linux_v4/ros2_source/install/allegro_hand_driver:/home/fzc/allegro_hand_linux_v4/ros2_source/install/allegro_hand_controllers:/home/fzc/allegro_hand_linux_v4/ros2_source/install/allegro_hand_parameters:/home/fzc/allegro_hand_linux_v4/ros2_source/install/allegro_hand_keyboards:/home/fzc/allegro_hand_linux_v4/ros2_source/install/allegro_hand_description:/home/fzc/allegro_hand_linux_v4/ros2_source/install/mediapipe_test:/home/fzc/allegro_hand_linux_v4/ros2_source/install/test_topic:/home/fzc/allegro_hand_linux_v4/ros2_source/install/allegro_mediapipe_follow:/opt/ros/humble CONDA_PROMPT_MODIFIER=(hand) /usr/bin/cmake --install /home/fzc/allegro_hand_linux_v4/ros2_source/build/allegro_hand_controllers
[0.782s] Level 1:colcon.colcon_core.environment:checking '/home/fzc/allegro_hand_linux_v4/ros2_source/install/allegro_hand_controllers' for CMake config files
[0.782s] Level 1:colcon.colcon_core.shell:create_environment_hook('allegro_hand_controllers', 'cmake_prefix_path')
[0.782s] INFO:colcon.colcon_core.shell:Creating environment hook '/home/fzc/allegro_hand_linux_v4/ros2_source/install/allegro_hand_controllers/share/allegro_hand_controllers/hook/cmake_prefix_path.ps1'
[0.783s] INFO:colcon.colcon_core.shell:Creating environment descriptor '/home/fzc/allegro_hand_linux_v4/ros2_source/install/allegro_hand_controllers/share/allegro_hand_controllers/hook/cmake_prefix_path.dsv'
[0.783s] INFO:colcon.colcon_core.shell:Creating environment hook '/home/fzc/allegro_hand_linux_v4/ros2_source/install/allegro_hand_controllers/share/allegro_hand_controllers/hook/cmake_prefix_path.sh'
[0.783s] Level 1:colcon.colcon_core.environment:checking '/home/fzc/allegro_hand_linux_v4/ros2_source/install/allegro_hand_controllers/lib'
[0.784s] Level 1:colcon.colcon_core.environment:checking '/home/fzc/allegro_hand_linux_v4/ros2_source/install/allegro_hand_controllers/bin'
[0.784s] Level 1:colcon.colcon_core.environment:checking '/home/fzc/allegro_hand_linux_v4/ros2_source/install/allegro_hand_controllers/lib/pkgconfig/allegro_hand_controllers.pc'
[0.784s] Level 1:colcon.colcon_core.environment:checking '/home/fzc/allegro_hand_linux_v4/ros2_source/install/allegro_hand_controllers/lib/python3.10/site-packages'
[0.784s] Level 1:colcon.colcon_core.environment:checking '/home/fzc/allegro_hand_linux_v4/ros2_source/install/allegro_hand_controllers/bin'
[0.785s] INFO:colcon.colcon_core.shell:Creating package script '/home/fzc/allegro_hand_linux_v4/ros2_source/install/allegro_hand_controllers/share/allegro_hand_controllers/package.ps1'
[0.785s] INFO:colcon.colcon_core.shell:Creating package descriptor '/home/fzc/allegro_hand_linux_v4/ros2_source/install/allegro_hand_controllers/share/allegro_hand_controllers/package.dsv'
[0.785s] INFO:colcon.colcon_core.shell:Creating package script '/home/fzc/allegro_hand_linux_v4/ros2_source/install/allegro_hand_controllers/share/allegro_hand_controllers/package.sh'
[0.786s] INFO:colcon.colcon_core.shell:Creating package script '/home/fzc/allegro_hand_linux_v4/ros2_source/install/allegro_hand_controllers/share/allegro_hand_controllers/package.bash'
[0.786s] INFO:colcon.colcon_core.shell:Creating package script '/home/fzc/allegro_hand_linux_v4/ros2_source/install/allegro_hand_controllers/share/allegro_hand_controllers/package.zsh'
[0.787s] Level 1:colcon.colcon_core.environment:create_file_with_runtime_dependencies(/home/fzc/allegro_hand_linux_v4/ros2_source/install/allegro_hand_controllers/share/colcon-core/packages/allegro_hand_controllers)
[0.787s] Level 1:colcon.colcon_core.environment:create_environment_scripts_only(allegro_hand_controllers)
[0.788s] Level 1:colcon.colcon_core.environment:checking '/home/fzc/allegro_hand_linux_v4/ros2_source/install/allegro_hand_controllers' for CMake module files
[0.788s] Level 1:colcon.colcon_core.environment:checking '/home/fzc/allegro_hand_linux_v4/ros2_source/install/allegro_hand_controllers' for CMake config files
[0.788s] Level 1:colcon.colcon_core.shell:create_environment_hook('allegro_hand_controllers', 'cmake_prefix_path')
[0.788s] INFO:colcon.colcon_core.shell:Creating environment hook '/home/fzc/allegro_hand_linux_v4/ros2_source/install/allegro_hand_controllers/share/allegro_hand_controllers/hook/cmake_prefix_path.ps1'
[0.789s] INFO:colcon.colcon_core.shell:Creating environment descriptor '/home/fzc/allegro_hand_linux_v4/ros2_source/install/allegro_hand_controllers/share/allegro_hand_controllers/hook/cmake_prefix_path.dsv'
[0.789s] INFO:colcon.colcon_core.shell:Creating environment hook '/home/fzc/allegro_hand_linux_v4/ros2_source/install/allegro_hand_controllers/share/allegro_hand_controllers/hook/cmake_prefix_path.sh'
[0.789s] Level 1:colcon.colcon_core.environment:checking '/home/fzc/allegro_hand_linux_v4/ros2_source/install/allegro_hand_controllers/lib'
[0.790s] Level 1:colcon.colcon_core.environment:checking '/home/fzc/allegro_hand_linux_v4/ros2_source/install/allegro_hand_controllers/bin'
[0.790s] Level 1:colcon.colcon_core.environment:checking '/home/fzc/allegro_hand_linux_v4/ros2_source/install/allegro_hand_controllers/lib/pkgconfig/allegro_hand_controllers.pc'
[0.790s] Level 1:colcon.colcon_core.environment:checking '/home/fzc/allegro_hand_linux_v4/ros2_source/install/allegro_hand_controllers/lib/python3.10/site-packages'
[0.790s] Level 1:colcon.colcon_core.environment:checking '/home/fzc/allegro_hand_linux_v4/ros2_source/install/allegro_hand_controllers/bin'
[0.790s] INFO:colcon.colcon_core.shell:Creating package script '/home/fzc/allegro_hand_linux_v4/ros2_source/install/allegro_hand_controllers/share/allegro_hand_controllers/package.ps1'
[0.791s] INFO:colcon.colcon_core.shell:Creating package descriptor '/home/fzc/allegro_hand_linux_v4/ros2_source/install/allegro_hand_controllers/share/allegro_hand_controllers/package.dsv'
[0.791s] INFO:colcon.colcon_core.shell:Creating package script '/home/fzc/allegro_hand_linux_v4/ros2_source/install/allegro_hand_controllers/share/allegro_hand_controllers/package.sh'
[0.792s] INFO:colcon.colcon_core.shell:Creating package script '/home/fzc/allegro_hand_linux_v4/ros2_source/install/allegro_hand_controllers/share/allegro_hand_controllers/package.bash'
[0.792s] INFO:colcon.colcon_core.shell:Creating package script '/home/fzc/allegro_hand_linux_v4/ros2_source/install/allegro_hand_controllers/share/allegro_hand_controllers/package.zsh'
[0.793s] Level 1:colcon.colcon_core.environment:create_file_with_runtime_dependencies(/home/fzc/allegro_hand_linux_v4/ros2_source/install/allegro_hand_controllers/share/colcon-core/packages/allegro_hand_controllers)
[1.015s] DEBUG:colcon.colcon_core.event_handler.log_command:Invoking command in '/home/fzc/allegro_hand_linux_v4/ros2_source/src/mediapipe_test': CONDA_PROMPT_MODIFIER=(hand) PYTHONPATH=/home/fzc/allegro_hand_linux_v4/ros2_source/build/mediapipe_test/prefix_override:/usr/lib/python3/dist-packages/colcon_core/task/python/colcon_distutils_commands:/home/fzc/allegro_hand_linux_v4/ros2_source/install/mediapipe_test/lib/python3.10/site-packages:${PYTHONPATH} /usr/bin/python3 -W ignore:setup.py install is deprecated -W ignore:easy_install command is deprecated setup.py egg_info --egg-base ../../build/mediapipe_test build --build-base /home/fzc/allegro_hand_linux_v4/ros2_source/build/mediapipe_test/build install --record /home/fzc/allegro_hand_linux_v4/ros2_source/build/mediapipe_test/install.log --single-version-externally-managed install_data
[1.395s] Level 1:colcon.colcon_core.environment:checking '/home/fzc/allegro_hand_linux_v4/ros2_source/install/mediapipe_test' for CMake module files
[1.396s] DEBUG:colcon.colcon_core.event_handler.log_command:Invoked command in '/home/fzc/allegro_hand_linux_v4/ros2_source/src/mediapipe_test' returned '0': CONDA_PROMPT_MODIFIER=(hand) PYTHONPATH=/home/fzc/allegro_hand_linux_v4/ros2_source/build/mediapipe_test/prefix_override:/usr/lib/python3/dist-packages/colcon_core/task/python/colcon_distutils_commands:/home/fzc/allegro_hand_linux_v4/ros2_source/install/mediapipe_test/lib/python3.10/site-packages:${PYTHONPATH} /usr/bin/python3 -W ignore:setup.py install is deprecated -W ignore:easy_install command is deprecated setup.py egg_info --egg-base ../../build/mediapipe_test build --build-base /home/fzc/allegro_hand_linux_v4/ros2_source/build/mediapipe_test/build install --record /home/fzc/allegro_hand_linux_v4/ros2_source/build/mediapipe_test/install.log --single-version-externally-managed install_data
[1.396s] Level 1:colcon.colcon_core.environment:checking '/home/fzc/allegro_hand_linux_v4/ros2_source/install/mediapipe_test' for CMake config files
[1.396s] Level 1:colcon.colcon_core.environment:checking '/home/fzc/allegro_hand_linux_v4/ros2_source/install/mediapipe_test/lib'
[1.396s] Level 1:colcon.colcon_core.environment:checking '/home/fzc/allegro_hand_linux_v4/ros2_source/install/mediapipe_test/bin'
[1.397s] Level 1:colcon.colcon_core.environment:checking '/home/fzc/allegro_hand_linux_v4/ros2_source/install/mediapipe_test/lib/pkgconfig/mediapipe_test.pc'
[1.397s] Level 1:colcon.colcon_core.environment:checking '/home/fzc/allegro_hand_linux_v4/ros2_source/install/mediapipe_test/lib/python3.10/site-packages'
[1.397s] Level 1:colcon.colcon_core.shell:create_environment_hook('mediapipe_test', 'pythonpath')
[1.397s] INFO:colcon.colcon_core.shell:Creating environment hook '/home/fzc/allegro_hand_linux_v4/ros2_source/install/mediapipe_test/share/mediapipe_test/hook/pythonpath.ps1'
[1.397s] INFO:colcon.colcon_core.shell:Creating environment descriptor '/home/fzc/allegro_hand_linux_v4/ros2_source/install/mediapipe_test/share/mediapipe_test/hook/pythonpath.dsv'
[1.398s] INFO:colcon.colcon_core.shell:Creating environment hook '/home/fzc/allegro_hand_linux_v4/ros2_source/install/mediapipe_test/share/mediapipe_test/hook/pythonpath.sh'
[1.398s] Level 1:colcon.colcon_core.environment:checking '/home/fzc/allegro_hand_linux_v4/ros2_source/install/mediapipe_test/bin'
[1.398s] Level 1:colcon.colcon_core.environment:create_environment_scripts_only(mediapipe_test)
[1.399s] INFO:colcon.colcon_core.shell:Creating package script '/home/fzc/allegro_hand_linux_v4/ros2_source/install/mediapipe_test/share/mediapipe_test/package.ps1'
[1.399s] INFO:colcon.colcon_core.shell:Creating package descriptor '/home/fzc/allegro_hand_linux_v4/ros2_source/install/mediapipe_test/share/mediapipe_test/package.dsv'
[1.399s] INFO:colcon.colcon_core.shell:Creating package script '/home/fzc/allegro_hand_linux_v4/ros2_source/install/mediapipe_test/share/mediapipe_test/package.sh'
[1.400s] INFO:colcon.colcon_core.shell:Creating package script '/home/fzc/allegro_hand_linux_v4/ros2_source/install/mediapipe_test/share/mediapipe_test/package.bash'
[1.400s] INFO:colcon.colcon_core.shell:Creating package script '/home/fzc/allegro_hand_linux_v4/ros2_source/install/mediapipe_test/share/mediapipe_test/package.zsh'
[1.400s] Level 1:colcon.colcon_core.environment:create_file_with_runtime_dependencies(/home/fzc/allegro_hand_linux_v4/ros2_source/install/mediapipe_test/share/colcon-core/packages/mediapipe_test)
[1.400s] DEBUG:colcon.colcon_parallel_executor.executor.parallel:closing loop
[1.401s] DEBUG:colcon.colcon_parallel_executor.executor.parallel:loop closed
[1.401s] DEBUG:colcon.colcon_parallel_executor.executor.parallel:run_until_complete finished with '0'
[1.401s] DEBUG:colcon.colcon_core.event_reactor:joining thread
[1.416s] INFO:colcon.colcon_core.plugin_system:Skipping extension 'colcon_notification.desktop_notification.terminal_notifier': Not used on non-Darwin systems
[1.416s] INFO:colcon.colcon_core.plugin_system:Skipping extension 'colcon_notification.desktop_notification.win32': Not used on non-Windows systems
[1.416s] INFO:colcon.colcon_notification.desktop_notification:Sending desktop notification using 'notify2'
[1.426s] DEBUG:colcon.colcon_core.event_reactor:joined thread
[1.427s] INFO:colcon.colcon_core.shell:Creating prefix script '/home/fzc/allegro_hand_linux_v4/ros2_source/install/local_setup.ps1'
[1.428s] INFO:colcon.colcon_core.shell:Creating prefix util module '/home/fzc/allegro_hand_linux_v4/ros2_source/install/_local_setup_util_ps1.py'
[1.429s] INFO:colcon.colcon_core.shell:Creating prefix chain script '/home/fzc/allegro_hand_linux_v4/ros2_source/install/setup.ps1'
[1.432s] INFO:colcon.colcon_core.shell:Creating prefix script '/home/fzc/allegro_hand_linux_v4/ros2_source/install/local_setup.sh'
[1.432s] INFO:colcon.colcon_core.shell:Creating prefix util module '/home/fzc/allegro_hand_linux_v4/ros2_source/install/_local_setup_util_sh.py'
[1.433s] INFO:colcon.colcon_core.shell:Creating prefix chain script '/home/fzc/allegro_hand_linux_v4/ros2_source/install/setup.sh'
[1.434s] INFO:colcon.colcon_core.shell:Creating prefix script '/home/fzc/allegro_hand_linux_v4/ros2_source/install/local_setup.bash'
[1.434s] INFO:colcon.colcon_core.shell:Creating prefix chain script '/home/fzc/allegro_hand_linux_v4/ros2_source/install/setup.bash'
[1.435s] INFO:colcon.colcon_core.shell:Creating prefix script '/home/fzc/allegro_hand_linux_v4/ros2_source/install/local_setup.zsh'
[1.436s] INFO:colcon.colcon_core.shell:Creating prefix chain script '/home/fzc/allegro_hand_linux_v4/ros2_source/install/setup.zsh'
