-- Install configuration: ""
-- Up-to-date: /home/fzc/allegro_hand_linux_v4/ros2_source/install/bhand/include/bhand
-- Up-to-date: /home/fzc/allegro_hand_linux_v4/ros2_source/install/bhand/include/bhand/BHandDef.h
-- Up-to-date: /home/fzc/allegro_hand_linux_v4/ros2_source/install/bhand/include/bhand/BHand.h
-- Up-to-date: /home/fzc/allegro_hand_linux_v4/ros2_source/install/bhand/lib/libBHand.so
-- Up-to-date: /home/fzc/allegro_hand_linux_v4/ros2_source/install/bhand/share/bhand/environment/library_path.sh
-- Up-to-date: /home/fzc/allegro_hand_linux_v4/ros2_source/install/bhand/share/bhand/environment/library_path.dsv
-- Up-to-date: /home/fzc/allegro_hand_linux_v4/ros2_source/install/bhand/share/ament_index/resource_index/package_run_dependencies/bhand
-- Up-to-date: /home/fzc/allegro_hand_linux_v4/ros2_source/install/bhand/share/ament_index/resource_index/parent_prefix_path/bhand
-- Up-to-date: /home/fzc/allegro_hand_linux_v4/ros2_source/install/bhand/share/bhand/environment/ament_prefix_path.sh
-- Up-to-date: /home/fzc/allegro_hand_linux_v4/ros2_source/install/bhand/share/bhand/environment/ament_prefix_path.dsv
-- Up-to-date: /home/fzc/allegro_hand_linux_v4/ros2_source/install/bhand/share/bhand/environment/path.sh
-- Up-to-date: /home/fzc/allegro_hand_linux_v4/ros2_source/install/bhand/share/bhand/environment/path.dsv
-- Up-to-date: /home/fzc/allegro_hand_linux_v4/ros2_source/install/bhand/share/bhand/local_setup.bash
-- Up-to-date: /home/fzc/allegro_hand_linux_v4/ros2_source/install/bhand/share/bhand/local_setup.sh
-- Up-to-date: /home/fzc/allegro_hand_linux_v4/ros2_source/install/bhand/share/bhand/local_setup.zsh
-- Up-to-date: /home/fzc/allegro_hand_linux_v4/ros2_source/install/bhand/share/bhand/local_setup.dsv
-- Installing: /home/fzc/allegro_hand_linux_v4/ros2_source/install/bhand/share/bhand/package.dsv
-- Up-to-date: /home/fzc/allegro_hand_linux_v4/ros2_source/install/bhand/share/ament_index/resource_index/packages/bhand
-- Up-to-date: /home/fzc/allegro_hand_linux_v4/ros2_source/install/bhand/share/bhand/cmake/ament_cmake_export_include_directories-extras.cmake
-- Up-to-date: /home/fzc/allegro_hand_linux_v4/ros2_source/install/bhand/share/bhand/cmake/ament_cmake_export_libraries-extras.cmake
-- Up-to-date: /home/fzc/allegro_hand_linux_v4/ros2_source/install/bhand/share/bhand/cmake/bhandConfig.cmake
-- Up-to-date: /home/fzc/allegro_hand_linux_v4/ros2_source/install/bhand/share/bhand/cmake/bhandConfig-version.cmake
-- Up-to-date: /home/fzc/allegro_hand_linux_v4/ros2_source/install/bhand/share/bhand/package.xml
