[0.025s] Invoking command in '/home/fzc/allegro_hand_linux_v4/ros2_source/build/allegro_hand_parameters': CMAKE_PREFIX_PATH=${CMAKE_PREFIX_PATH}:/home/fzc/allegro_hand_linux_v4/ros2_source/install/mediapipe_test:/home/fzc/allegro_hand_linux_v4/ros2_source/install/test_topic:/home/fzc/allegro_hand_linux_v4/ros2_source/install/allegro_mediapipe_follow:/opt/ros/humble CONDA_PROMPT_MODIFIER=(hand) /usr/bin/cmake /home/fzc/allegro_hand_linux_v4/ros2_source/src/allegro_hand_parameters -DCMAKE_INSTALL_PREFIX=/home/fzc/allegro_hand_linux_v4/ros2_source/install/allegro_hand_parameters
[0.100s] -- The C compiler identification is GNU 12.3.0
[0.182s] -- The CXX compiler identification is GNU 11.4.0
[0.192s] -- Detecting C compiler ABI info
[0.279s] -- Detecting C compiler ABI info - done
[0.294s] -- Check for working C compiler: /usr/bin/cc - skipped
[0.294s] -- Detecting C compile features
[0.294s] -- Detecting C compile features - done
[0.299s] -- Detecting CXX compiler ABI info
[0.411s] -- Detecting CXX compiler ABI info - done
[0.420s] -- Check for working CXX compiler: /usr/bin/c++ - skipped
[0.420s] -- Detecting CXX compile features
[0.421s] -- Detecting CXX compile features - done
[0.424s] -- Found ament_cmake: 1.3.14 (/opt/ros/humble/share/ament_cmake/cmake)
[1.152s] -- Found Python3: /home/fzc/ENTER/envs/hand/bin/python3 (found version "3.10.20") found components: Interpreter 
[1.462s] -- Configuring done
[1.465s] -- Generating done
[1.468s] -- Build files have been written to: /home/fzc/allegro_hand_linux_v4/ros2_source/build/allegro_hand_parameters
[1.475s] Invoked command in '/home/fzc/allegro_hand_linux_v4/ros2_source/build/allegro_hand_parameters' returned '0': CMAKE_PREFIX_PATH=${CMAKE_PREFIX_PATH}:/home/fzc/allegro_hand_linux_v4/ros2_source/install/mediapipe_test:/home/fzc/allegro_hand_linux_v4/ros2_source/install/test_topic:/home/fzc/allegro_hand_linux_v4/ros2_source/install/allegro_mediapipe_follow:/opt/ros/humble CONDA_PROMPT_MODIFIER=(hand) /usr/bin/cmake /home/fzc/allegro_hand_linux_v4/ros2_source/src/allegro_hand_parameters -DCMAKE_INSTALL_PREFIX=/home/fzc/allegro_hand_linux_v4/ros2_source/install/allegro_hand_parameters
[1.478s] Invoking command in '/home/fzc/allegro_hand_linux_v4/ros2_source/build/allegro_hand_parameters': CMAKE_PREFIX_PATH=${CMAKE_PREFIX_PATH}:/home/fzc/allegro_hand_linux_v4/ros2_source/install/mediapipe_test:/home/fzc/allegro_hand_linux_v4/ros2_source/install/test_topic:/home/fzc/allegro_hand_linux_v4/ros2_source/install/allegro_mediapipe_follow:/opt/ros/humble CONDA_PROMPT_MODIFIER=(hand) /usr/bin/cmake --build /home/fzc/allegro_hand_linux_v4/ros2_source/build/allegro_hand_parameters -- -j8 -l8
[1.552s] Invoked command in '/home/fzc/allegro_hand_linux_v4/ros2_source/build/allegro_hand_parameters' returned '0': CMAKE_PREFIX_PATH=${CMAKE_PREFIX_PATH}:/home/fzc/allegro_hand_linux_v4/ros2_source/install/mediapipe_test:/home/fzc/allegro_hand_linux_v4/ros2_source/install/test_topic:/home/fzc/allegro_hand_linux_v4/ros2_source/install/allegro_mediapipe_follow:/opt/ros/humble CONDA_PROMPT_MODIFIER=(hand) /usr/bin/cmake --build /home/fzc/allegro_hand_linux_v4/ros2_source/build/allegro_hand_parameters -- -j8 -l8
[1.554s] Invoking command in '/home/fzc/allegro_hand_linux_v4/ros2_source/build/allegro_hand_parameters': CMAKE_PREFIX_PATH=${CMAKE_PREFIX_PATH}:/home/fzc/allegro_hand_linux_v4/ros2_source/install/mediapipe_test:/home/fzc/allegro_hand_linux_v4/ros2_source/install/test_topic:/home/fzc/allegro_hand_linux_v4/ros2_source/install/allegro_mediapipe_follow:/opt/ros/humble CONDA_PROMPT_MODIFIER=(hand) /usr/bin/cmake --install /home/fzc/allegro_hand_linux_v4/ros2_source/build/allegro_hand_parameters
[1.563s] -- Install configuration: ""
[1.563s] -- Installing: /home/fzc/allegro_hand_linux_v4/ros2_source/install/allegro_hand_parameters/share/allegro_hand_parameters//.
[1.563s] -- Installing: /home/fzc/allegro_hand_linux_v4/ros2_source/install/allegro_hand_parameters/share/allegro_hand_parameters//./gains_pd.yaml
[1.563s] -- Installing: /home/fzc/allegro_hand_linux_v4/ros2_source/install/allegro_hand_parameters/share/allegro_hand_parameters//./initial_position.yaml
[1.563s] -- Installing: /home/fzc/allegro_hand_linux_v4/ros2_source/install/allegro_hand_parameters/share/ament_index/resource_index/package_run_dependencies/allegro_hand_parameters
[1.564s] -- Installing: /home/fzc/allegro_hand_linux_v4/ros2_source/install/allegro_hand_parameters/share/ament_index/resource_index/parent_prefix_path/allegro_hand_parameters
[1.564s] -- Installing: /home/fzc/allegro_hand_linux_v4/ros2_source/install/allegro_hand_parameters/share/allegro_hand_parameters/environment/ament_prefix_path.sh
[1.564s] -- Installing: /home/fzc/allegro_hand_linux_v4/ros2_source/install/allegro_hand_parameters/share/allegro_hand_parameters/environment/ament_prefix_path.dsv
[1.564s] -- Installing: /home/fzc/allegro_hand_linux_v4/ros2_source/install/allegro_hand_parameters/share/allegro_hand_parameters/environment/path.sh
[1.564s] -- Installing: /home/fzc/allegro_hand_linux_v4/ros2_source/install/allegro_hand_parameters/share/allegro_hand_parameters/environment/path.dsv
[1.565s] -- Installing: /home/fzc/allegro_hand_linux_v4/ros2_source/install/allegro_hand_parameters/share/allegro_hand_parameters/local_setup.bash
[1.565s] -- Installing: /home/fzc/allegro_hand_linux_v4/ros2_source/install/allegro_hand_parameters/share/allegro_hand_parameters/local_setup.sh
[1.565s] -- Installing: /home/fzc/allegro_hand_linux_v4/ros2_source/install/allegro_hand_parameters/share/allegro_hand_parameters/local_setup.zsh
[1.565s] -- Installing: /home/fzc/allegro_hand_linux_v4/ros2_source/install/allegro_hand_parameters/share/allegro_hand_parameters/local_setup.dsv
[1.565s] -- Installing: /home/fzc/allegro_hand_linux_v4/ros2_source/install/allegro_hand_parameters/share/allegro_hand_parameters/package.dsv
[1.565s] -- Installing: /home/fzc/allegro_hand_linux_v4/ros2_source/install/allegro_hand_parameters/share/ament_index/resource_index/packages/allegro_hand_parameters
[1.566s] -- Installing: /home/fzc/allegro_hand_linux_v4/ros2_source/install/allegro_hand_parameters/share/allegro_hand_parameters/cmake/allegro_hand_parametersConfig.cmake
[1.566s] -- Installing: /home/fzc/allegro_hand_linux_v4/ros2_source/install/allegro_hand_parameters/share/allegro_hand_parameters/cmake/allegro_hand_parametersConfig-version.cmake
[1.566s] -- Installing: /home/fzc/allegro_hand_linux_v4/ros2_source/install/allegro_hand_parameters/share/allegro_hand_parameters/package.xml
[1.569s] Invoked command in '/home/fzc/allegro_hand_linux_v4/ros2_source/build/allegro_hand_parameters' returned '0': CMAKE_PREFIX_PATH=${CMAKE_PREFIX_PATH}:/home/fzc/allegro_hand_linux_v4/ros2_source/install/mediapipe_test:/home/fzc/allegro_hand_linux_v4/ros2_source/install/test_topic:/home/fzc/allegro_hand_linux_v4/ros2_source/install/allegro_mediapipe_follow:/opt/ros/humble CONDA_PROMPT_MODIFIER=(hand) /usr/bin/cmake --install /home/fzc/allegro_hand_linux_v4/ros2_source/build/allegro_hand_parameters
