-- The C compiler identification is GNU 12.3.0
-- The CXX compiler identification is GNU 11.4.0
-- Detecting C compiler ABI info
-- Detecting C compiler ABI info - done
-- Check for working C compiler: /usr/bin/cc - skipped
-- Detecting C compile features
-- Detecting C compile features - done
-- Detecting CXX compiler ABI info
-- Detecting CXX compiler ABI info - done
-- Check for working CXX compiler: /usr/bin/c++ - skipped
-- Detecting CXX compile features
-- Detecting CXX compile features - done
-- Found ament_cmake: 1.3.14 (/opt/ros/humble/share/ament_cmake/cmake)
-- Found Python3: /home/fzc/ENTER/envs/hand/bin/python3 (found version "3.10.20") found components: Interpreter 
-- Found rclcpp: 16.0.18 (/opt/ros/humble/share/rclcpp/cmake)
-- Found rosidl_generator_c: 3.1.8 (/opt/ros/humble/share/rosidl_generator_c/cmake)
-- Found rosidl_adapter: 3.1.8 (/opt/ros/humble/share/rosidl_adapter/cmake)
-- Found rosidl_generator_cpp: 3.1.8 (/opt/ros/humble/share/rosidl_generator_cpp/cmake)
-- Using all available rosidl_typesupport_c: rosidl_typesupport_fastrtps_c;rosidl_typesupport_introspection_c
-- Using all available rosidl_typesupport_cpp: rosidl_typesupport_fastrtps_cpp;rosidl_typesupport_introspection_cpp
-- Found rmw_implementation_cmake: 6.1.2 (/opt/ros/humble/share/rmw_implementation_cmake/cmake)
-- Found rmw_fastrtps_cpp: 6.2.10 (/opt/ros/humble/share/rmw_fastrtps_cpp/cmake)
-- Found OpenSSL: /usr/lib/x86_64-linux-gnu/libcrypto.so (found version "3.0.2")  
-- Found FastRTPS: /opt/ros/humble/include  
-- Using RMW implementation 'rmw_fastrtps_cpp' as default
-- Looking for pthread.h
-- Looking for pthread.h - found
-- Performing Test CMAKE_HAVE_LIBC_PTHREAD
-- Performing Test CMAKE_HAVE_LIBC_PTHREAD - Success
-- Found Threads: TRUE  
-- Found allegro_hand_driver: 1.0.0 (/home/fzc/allegro_hand_linux_v4/ros2_source/install/allegro_hand_driver/share/allegro_hand_driver/cmake)
-- Found yaml_cpp_vendor: 8.0.2 (/opt/ros/humble/share/yaml_cpp_vendor/cmake)
-- Configuring done
-- Generating done
-- Build files have been written to: /home/fzc/allegro_hand_linux_v4/ros2_source/build/allegro_hand_keyboards
[ 50%] [32mBuilding CXX object CMakeFiles/allegro_hand_keyboard.dir/src/allegro_hand_keyboard.cpp.o[0m
[100%] [32m[1mLinking CXX executable allegro_hand_keyboard[0m
[100%] Built target allegro_hand_keyboard
-- Install configuration: ""
-- Installing: /home/fzc/allegro_hand_linux_v4/ros2_source/install/allegro_hand_keyboards/lib/allegro_hand_keyboards/allegro_hand_keyboard
-- Set runtime path of "/home/fzc/allegro_hand_linux_v4/ros2_source/install/allegro_hand_keyboards/lib/allegro_hand_keyboards/allegro_hand_keyboard" to "/opt/ros/humble/lib"
-- Installing: /home/fzc/allegro_hand_linux_v4/ros2_source/install/allegro_hand_keyboards/share/ament_index/resource_index/package_run_dependencies/allegro_hand_keyboards
-- Installing: /home/fzc/allegro_hand_linux_v4/ros2_source/install/allegro_hand_keyboards/share/ament_index/resource_index/parent_prefix_path/allegro_hand_keyboards
-- Installing: /home/fzc/allegro_hand_linux_v4/ros2_source/install/allegro_hand_keyboards/share/allegro_hand_keyboards/environment/ament_prefix_path.sh
-- Installing: /home/fzc/allegro_hand_linux_v4/ros2_source/install/allegro_hand_keyboards/share/allegro_hand_keyboards/environment/ament_prefix_path.dsv
-- Installing: /home/fzc/allegro_hand_linux_v4/ros2_source/install/allegro_hand_keyboards/share/allegro_hand_keyboards/environment/path.sh
-- Installing: /home/fzc/allegro_hand_linux_v4/ros2_source/install/allegro_hand_keyboards/share/allegro_hand_keyboards/environment/path.dsv
-- Installing: /home/fzc/allegro_hand_linux_v4/ros2_source/install/allegro_hand_keyboards/share/allegro_hand_keyboards/local_setup.bash
-- Installing: /home/fzc/allegro_hand_linux_v4/ros2_source/install/allegro_hand_keyboards/share/allegro_hand_keyboards/local_setup.sh
-- Installing: /home/fzc/allegro_hand_linux_v4/ros2_source/install/allegro_hand_keyboards/share/allegro_hand_keyboards/local_setup.zsh
-- Installing: /home/fzc/allegro_hand_linux_v4/ros2_source/install/allegro_hand_keyboards/share/allegro_hand_keyboards/local_setup.dsv
-- Installing: /home/fzc/allegro_hand_linux_v4/ros2_source/install/allegro_hand_keyboards/share/allegro_hand_keyboards/package.dsv
-- Installing: /home/fzc/allegro_hand_linux_v4/ros2_source/install/allegro_hand_keyboards/share/ament_index/resource_index/packages/allegro_hand_keyboards
-- Installing: /home/fzc/allegro_hand_linux_v4/ros2_source/install/allegro_hand_keyboards/share/allegro_hand_keyboards/cmake/allegro_hand_keyboardsConfig.cmake
-- Installing: /home/fzc/allegro_hand_linux_v4/ros2_source/install/allegro_hand_keyboards/share/allegro_hand_keyboards/cmake/allegro_hand_keyboardsConfig-version.cmake
-- Installing: /home/fzc/allegro_hand_linux_v4/ros2_source/install/allegro_hand_keyboards/share/allegro_hand_keyboards/package.xml
