[0.020s] Invoking command in '/home/fzc/allegro_hand_linux_v4/ros2_source/build/allegro_hand_keyboards': CMAKE_PREFIX_PATH=/home/fzc/allegro_hand_linux_v4/ros2_source/install/allegro_hand_driver:/home/fzc/allegro_hand_linux_v4/ros2_source/install/allegro_hand_controllers:/home/fzc/allegro_hand_linux_v4/ros2_source/install/bhand:/home/fzc/allegro_hand_linux_v4/ros2_source/install/allegro_hand_parameters:/home/fzc/allegro_hand_linux_v4/ros2_source/install/allegro_hand_keyboards:/home/fzc/allegro_hand_linux_v4/ros2_source/install/allegro_hand_description:/home/fzc/allegro_hand_linux_v4/ros2_source/install/mediapipe_test:/home/fzc/allegro_hand_linux_v4/ros2_source/install/test_topic:/home/fzc/allegro_hand_linux_v4/ros2_source/install/allegro_mediapipe_follow:/opt/ros/humble CONDA_PROMPT_MODIFIER=(hand) /usr/bin/cmake --build /home/fzc/allegro_hand_linux_v4/ros2_source/build/allegro_hand_keyboards -- -j8 -l8
[0.098s] [100%] Built target allegro_hand_keyboard
[0.121s] Invoked command in '/home/fzc/allegro_hand_linux_v4/ros2_source/build/allegro_hand_keyboards' returned '0': CMAKE_PREFIX_PATH=/home/fzc/allegro_hand_linux_v4/ros2_source/install/allegro_hand_driver:/home/fzc/allegro_hand_linux_v4/ros2_source/install/allegro_hand_controllers:/home/fzc/allegro_hand_linux_v4/ros2_source/install/bhand:/home/fzc/allegro_hand_linux_v4/ros2_source/install/allegro_hand_parameters:/home/fzc/allegro_hand_linux_v4/ros2_source/install/allegro_hand_keyboards:/home/fzc/allegro_hand_linux_v4/ros2_source/install/allegro_hand_description:/home/fzc/allegro_hand_linux_v4/ros2_source/install/mediapipe_test:/home/fzc/allegro_hand_linux_v4/ros2_source/install/test_topic:/home/fzc/allegro_hand_linux_v4/ros2_source/install/allegro_mediapipe_follow:/opt/ros/humble CONDA_PROMPT_MODIFIER=(hand) /usr/bin/cmake --build /home/fzc/allegro_hand_linux_v4/ros2_source/build/allegro_hand_keyboards -- -j8 -l8
[0.124s] Invoking command in '/home/fzc/allegro_hand_linux_v4/ros2_source/build/allegro_hand_keyboards': CMAKE_PREFIX_PATH=/home/fzc/allegro_hand_linux_v4/ros2_source/install/allegro_hand_driver:/home/fzc/allegro_hand_linux_v4/ros2_source/install/allegro_hand_controllers:/home/fzc/allegro_hand_linux_v4/ros2_source/install/bhand:/home/fzc/allegro_hand_linux_v4/ros2_source/install/allegro_hand_parameters:/home/fzc/allegro_hand_linux_v4/ros2_source/install/allegro_hand_keyboards:/home/fzc/allegro_hand_linux_v4/ros2_source/install/allegro_hand_description:/home/fzc/allegro_hand_linux_v4/ros2_source/install/mediapipe_test:/home/fzc/allegro_hand_linux_v4/ros2_source/install/test_topic:/home/fzc/allegro_hand_linux_v4/ros2_source/install/allegro_mediapipe_follow:/opt/ros/humble CONDA_PROMPT_MODIFIER=(hand) /usr/bin/cmake --install /home/fzc/allegro_hand_linux_v4/ros2_source/build/allegro_hand_keyboards
[0.141s] -- Install configuration: ""
[0.142s] -- Up-to-date: /home/fzc/allegro_hand_linux_v4/ros2_source/install/allegro_hand_keyboards/lib/allegro_hand_keyboards/allegro_hand_keyboard
[0.142s] -- Up-to-date: /home/fzc/allegro_hand_linux_v4/ros2_source/install/allegro_hand_keyboards/share/ament_index/resource_index/package_run_dependencies/allegro_hand_keyboards
[0.142s] -- Up-to-date: /home/fzc/allegro_hand_linux_v4/ros2_source/install/allegro_hand_keyboards/share/ament_index/resource_index/parent_prefix_path/allegro_hand_keyboards
[0.142s] -- Up-to-date: /home/fzc/allegro_hand_linux_v4/ros2_source/install/allegro_hand_keyboards/share/allegro_hand_keyboards/environment/ament_prefix_path.sh
[0.142s] -- Up-to-date: /home/fzc/allegro_hand_linux_v4/ros2_source/install/allegro_hand_keyboards/share/allegro_hand_keyboards/environment/ament_prefix_path.dsv
[0.142s] -- Up-to-date: /home/fzc/allegro_hand_linux_v4/ros2_source/install/allegro_hand_keyboards/share/allegro_hand_keyboards/environment/path.sh
[0.142s] -- Up-to-date: /home/fzc/allegro_hand_linux_v4/ros2_source/install/allegro_hand_keyboards/share/allegro_hand_keyboards/environment/path.dsv
[0.142s] -- Up-to-date: /home/fzc/allegro_hand_linux_v4/ros2_source/install/allegro_hand_keyboards/share/allegro_hand_keyboards/local_setup.bash
[0.143s] -- Up-to-date: /home/fzc/allegro_hand_linux_v4/ros2_source/install/allegro_hand_keyboards/share/allegro_hand_keyboards/local_setup.sh
[0.143s] -- Up-to-date: /home/fzc/allegro_hand_linux_v4/ros2_source/install/allegro_hand_keyboards/share/allegro_hand_keyboards/local_setup.zsh
[0.146s] -- Up-to-date: /home/fzc/allegro_hand_linux_v4/ros2_source/install/allegro_hand_keyboards/share/allegro_hand_keyboards/local_setup.dsv
[0.146s] -- Installing: /home/fzc/allegro_hand_linux_v4/ros2_source/install/allegro_hand_keyboards/share/allegro_hand_keyboards/package.dsv
[0.147s] -- Up-to-date: /home/fzc/allegro_hand_linux_v4/ros2_source/install/allegro_hand_keyboards/share/ament_index/resource_index/packages/allegro_hand_keyboards
[0.147s] -- Up-to-date: /home/fzc/allegro_hand_linux_v4/ros2_source/install/allegro_hand_keyboards/share/allegro_hand_keyboards/cmake/allegro_hand_keyboardsConfig.cmake
[0.147s] -- Up-to-date: /home/fzc/allegro_hand_linux_v4/ros2_source/install/allegro_hand_keyboards/share/allegro_hand_keyboards/cmake/allegro_hand_keyboardsConfig-version.cmake
[0.147s] -- Up-to-date: /home/fzc/allegro_hand_linux_v4/ros2_source/install/allegro_hand_keyboards/share/allegro_hand_keyboards/package.xml
[0.153s] Invoked command in '/home/fzc/allegro_hand_linux_v4/ros2_source/build/allegro_hand_keyboards' returned '0': CMAKE_PREFIX_PATH=/home/fzc/allegro_hand_linux_v4/ros2_source/install/allegro_hand_driver:/home/fzc/allegro_hand_linux_v4/ros2_source/install/allegro_hand_controllers:/home/fzc/allegro_hand_linux_v4/ros2_source/install/bhand:/home/fzc/allegro_hand_linux_v4/ros2_source/install/allegro_hand_parameters:/home/fzc/allegro_hand_linux_v4/ros2_source/install/allegro_hand_keyboards:/home/fzc/allegro_hand_linux_v4/ros2_source/install/allegro_hand_description:/home/fzc/allegro_hand_linux_v4/ros2_source/install/mediapipe_test:/home/fzc/allegro_hand_linux_v4/ros2_source/install/test_topic:/home/fzc/allegro_hand_linux_v4/ros2_source/install/allegro_mediapipe_follow:/opt/ros/humble CONDA_PROMPT_MODIFIER=(hand) /usr/bin/cmake --install /home/fzc/allegro_hand_linux_v4/ros2_source/build/allegro_hand_keyboards
