-- The C compiler identification is GNU 12.3.0
-- The CXX compiler identification is GNU 11.4.0
-- Detecting C compiler ABI info
-- Detecting C compiler ABI info - done
-- Check for working C compiler: /usr/bin/cc - skipped
-- Detecting C compile features
-- Detecting C compile features - done
-- Detecting CXX compiler ABI info
-- Detecting CXX compiler ABI info - done
-- Check for working CXX compiler: /usr/bin/c++ - skipped
-- Detecting CXX compile features
-- Detecting CXX compile features - done
-- Found ament_cmake_python: 1.3.14 (/opt/ros/humble/share/ament_cmake_python/cmake)
-- Found ament_cmake: 1.3.14 (/opt/ros/humble/share/ament_cmake/cmake)
-- Found Python3: /home/fzc/ENTER/envs/hand/bin/python3 (found version "3.10.20") found components: Interpreter 
-- Found rclpy: 3.3.21 (/opt/ros/humble/share/rclpy/cmake)
-- Found rclcpp: 16.0.18 (/opt/ros/humble/share/rclcpp/cmake)
-- Found rosidl_generator_c: 3.1.8 (/opt/ros/humble/share/rosidl_generator_c/cmake)
-- Found rosidl_adapter: 3.1.8 (/opt/ros/humble/share/rosidl_adapter/cmake)
-- Found rosidl_generator_cpp: 3.1.8 (/opt/ros/humble/share/rosidl_generator_cpp/cmake)
-- Using all available rosidl_typesupport_c: rosidl_typesupport_fastrtps_c;rosidl_typesupport_introspection_c
-- Using all available rosidl_typesupport_cpp: rosidl_typesupport_fastrtps_cpp;rosidl_typesupport_introspection_cpp
-- Found rmw_implementation_cmake: 6.1.2 (/opt/ros/humble/share/rmw_implementation_cmake/cmake)
-- Found rmw_fastrtps_cpp: 6.2.10 (/opt/ros/humble/share/rmw_fastrtps_cpp/cmake)
-- Found OpenSSL: /usr/lib/x86_64-linux-gnu/libcrypto.so (found version "3.0.2")  
-- Found FastRTPS: /opt/ros/humble/include  
-- Using RMW implementation 'rmw_fastrtps_cpp' as default
-- Looking for pthread.h
-- Looking for pthread.h - found
-- Performing Test CMAKE_HAVE_LIBC_PTHREAD
-- Performing Test CMAKE_HAVE_LIBC_PTHREAD - Success
-- Found Threads: TRUE  
-- Found allegro_hand_driver: 1.0.0 (/home/fzc/allegro_hand_linux_v4/ros2_source/install/allegro_hand_driver/share/allegro_hand_driver/cmake)
-- Found sensor_msgs: 4.9.1 (/opt/ros/humble/share/sensor_msgs/cmake)
-- Found bhand: 1.0.0 (/home/fzc/allegro_hand_linux_v4/ros2_source/install/bhand/share/bhand/cmake)
-- Configuring done
-- Generating done
-- Build files have been written to: /home/fzc/allegro_hand_linux_v4/ros2_source/build/allegro_hand_controllers
[ 16%] [32mBuilding CXX object CMakeFiles/allegro_node.dir/src/allegro_node.cpp.o[0m
[ 33%] [32m[1mLinking CXX static library liballegro_node.a[0m
[ 33%] Built target allegro_node
[ 66%] [32mBuilding CXX object CMakeFiles/allegro_node_pd.dir/src/allegro_node_pd.cpp.o[0m
[ 66%] [32mBuilding CXX object CMakeFiles/allegro_node_grasp.dir/src/allegro_node_grasp.cpp.o[0m
[ 83%] [32m[1mLinking CXX executable allegro_node_pd[0m
[ 83%] Built target allegro_node_pd
[100%] [32m[1mLinking CXX executable allegro_node_grasp[0m
[100%] Built target allegro_node_grasp
-- Install configuration: ""
-- Installing: /home/fzc/allegro_hand_linux_v4/ros2_source/install/allegro_hand_controllers/lib/allegro_hand_controllers/liballegro_node.a
-- Installing: /home/fzc/allegro_hand_linux_v4/ros2_source/install/allegro_hand_controllers/lib/allegro_hand_controllers/allegro_node_grasp
-- Set runtime path of "/home/fzc/allegro_hand_linux_v4/ros2_source/install/allegro_hand_controllers/lib/allegro_hand_controllers/allegro_node_grasp" to "/home/fzc/allegro_hand_linux_v4/ros2_source/src/bhand/lib:/opt/ros/humble/lib"
-- Installing: /home/fzc/allegro_hand_linux_v4/ros2_source/install/allegro_hand_controllers/lib/allegro_hand_controllers/allegro_node_pd
-- Set runtime path of "/home/fzc/allegro_hand_linux_v4/ros2_source/install/allegro_hand_controllers/lib/allegro_hand_controllers/allegro_node_pd" to "/home/fzc/allegro_hand_linux_v4/ros2_source/src/bhand/lib:/opt/ros/humble/lib"
-- Installing: /home/fzc/allegro_hand_linux_v4/ros2_source/install/allegro_hand_controllers/share/allegro_hand_controllers/launch
-- Installing: /home/fzc/allegro_hand_linux_v4/ros2_source/install/allegro_hand_controllers/share/allegro_hand_controllers/launch/view_hand.launch.py
-- Installing: /home/fzc/allegro_hand_linux_v4/ros2_source/install/allegro_hand_controllers/share/allegro_hand_controllers/launch/allegro_rviz.launch.py
-- Installing: /home/fzc/allegro_hand_linux_v4/ros2_source/install/allegro_hand_controllers/share/allegro_hand_controllers/launch/allegro_hand.launch.py
-- Installing: /home/fzc/allegro_hand_linux_v4/ros2_source/install/allegro_hand_controllers/share/allegro_hand_controllers/rviz
-- Installing: /home/fzc/allegro_hand_linux_v4/ros2_source/install/allegro_hand_controllers/share/allegro_hand_controllers/rviz/hand.rviz
-- Installing: /home/fzc/allegro_hand_linux_v4/ros2_source/install/allegro_hand_controllers/share/ament_index/resource_index/package_run_dependencies/allegro_hand_controllers
-- Installing: /home/fzc/allegro_hand_linux_v4/ros2_source/install/allegro_hand_controllers/share/ament_index/resource_index/parent_prefix_path/allegro_hand_controllers
-- Installing: /home/fzc/allegro_hand_linux_v4/ros2_source/install/allegro_hand_controllers/share/allegro_hand_controllers/environment/ament_prefix_path.sh
-- Installing: /home/fzc/allegro_hand_linux_v4/ros2_source/install/allegro_hand_controllers/share/allegro_hand_controllers/environment/ament_prefix_path.dsv
-- Installing: /home/fzc/allegro_hand_linux_v4/ros2_source/install/allegro_hand_controllers/share/allegro_hand_controllers/environment/path.sh
-- Installing: /home/fzc/allegro_hand_linux_v4/ros2_source/install/allegro_hand_controllers/share/allegro_hand_controllers/environment/path.dsv
-- Installing: /home/fzc/allegro_hand_linux_v4/ros2_source/install/allegro_hand_controllers/share/allegro_hand_controllers/local_setup.bash
-- Installing: /home/fzc/allegro_hand_linux_v4/ros2_source/install/allegro_hand_controllers/share/allegro_hand_controllers/local_setup.sh
-- Installing: /home/fzc/allegro_hand_linux_v4/ros2_source/install/allegro_hand_controllers/share/allegro_hand_controllers/local_setup.zsh
-- Installing: /home/fzc/allegro_hand_linux_v4/ros2_source/install/allegro_hand_controllers/share/allegro_hand_controllers/local_setup.dsv
-- Installing: /home/fzc/allegro_hand_linux_v4/ros2_source/install/allegro_hand_controllers/share/allegro_hand_controllers/package.dsv
-- Installing: /home/fzc/allegro_hand_linux_v4/ros2_source/install/allegro_hand_controllers/share/ament_index/resource_index/packages/allegro_hand_controllers
-- Installing: /home/fzc/allegro_hand_linux_v4/ros2_source/install/allegro_hand_controllers/share/allegro_hand_controllers/cmake/allegro_hand_controllersConfig.cmake
-- Installing: /home/fzc/allegro_hand_linux_v4/ros2_source/install/allegro_hand_controllers/share/allegro_hand_controllers/cmake/allegro_hand_controllersConfig-version.cmake
-- Installing: /home/fzc/allegro_hand_linux_v4/ros2_source/install/allegro_hand_controllers/share/allegro_hand_controllers/package.xml
