[ 33%] Built target allegro_node
[ 66%] Built target allegro_node_grasp
[100%] Built target allegro_node_pd
-- Install configuration: ""
-- Up-to-date: /home/fzc/allegro_hand_linux_v4/ros2_source/install/allegro_hand_controllers/lib/allegro_hand_controllers/liballegro_node.a
-- Up-to-date: /home/fzc/allegro_hand_linux_v4/ros2_source/install/allegro_hand_controllers/lib/allegro_hand_controllers/allegro_node_grasp
-- Up-to-date: /home/fzc/allegro_hand_linux_v4/ros2_source/install/allegro_hand_controllers/lib/allegro_hand_controllers/allegro_node_pd
-- Up-to-date: /home/fzc/allegro_hand_linux_v4/ros2_source/install/allegro_hand_controllers/share/allegro_hand_controllers/launch
-- Up-to-date: /home/fzc/allegro_hand_linux_v4/ros2_source/install/allegro_hand_controllers/share/allegro_hand_controllers/launch/view_hand.launch.py
-- Up-to-date: /home/fzc/allegro_hand_linux_v4/ros2_source/install/allegro_hand_controllers/share/allegro_hand_controllers/launch/allegro_rviz.launch.py
-- Up-to-date: /home/fzc/allegro_hand_linux_v4/ros2_source/install/allegro_hand_controllers/share/allegro_hand_controllers/launch/allegro_hand.launch.py
-- Up-to-date: /home/fzc/allegro_hand_linux_v4/ros2_source/install/allegro_hand_controllers/share/allegro_hand_controllers/rviz
-- Up-to-date: /home/fzc/allegro_hand_linux_v4/ros2_source/install/allegro_hand_controllers/share/allegro_hand_controllers/rviz/hand.rviz
-- Up-to-date: /home/fzc/allegro_hand_linux_v4/ros2_source/install/allegro_hand_controllers/share/ament_index/resource_index/package_run_dependencies/allegro_hand_controllers
-- Up-to-date: /home/fzc/allegro_hand_linux_v4/ros2_source/install/allegro_hand_controllers/share/ament_index/resource_index/parent_prefix_path/allegro_hand_controllers
-- Up-to-date: /home/fzc/allegro_hand_linux_v4/ros2_source/install/allegro_hand_controllers/share/allegro_hand_controllers/environment/ament_prefix_path.sh
-- Up-to-date: /home/fzc/allegro_hand_linux_v4/ros2_source/install/allegro_hand_controllers/share/allegro_hand_controllers/environment/ament_prefix_path.dsv
-- Up-to-date: /home/fzc/allegro_hand_linux_v4/ros2_source/install/allegro_hand_controllers/share/allegro_hand_controllers/environment/path.sh
-- Up-to-date: /home/fzc/allegro_hand_linux_v4/ros2_source/install/allegro_hand_controllers/share/allegro_hand_controllers/environment/path.dsv
-- Up-to-date: /home/fzc/allegro_hand_linux_v4/ros2_source/install/allegro_hand_controllers/share/allegro_hand_controllers/local_setup.bash
-- Up-to-date: /home/fzc/allegro_hand_linux_v4/ros2_source/install/allegro_hand_controllers/share/allegro_hand_controllers/local_setup.sh
-- Up-to-date: /home/fzc/allegro_hand_linux_v4/ros2_source/install/allegro_hand_controllers/share/allegro_hand_controllers/local_setup.zsh
-- Up-to-date: /home/fzc/allegro_hand_linux_v4/ros2_source/install/allegro_hand_controllers/share/allegro_hand_controllers/local_setup.dsv
-- Installing: /home/fzc/allegro_hand_linux_v4/ros2_source/install/allegro_hand_controllers/share/allegro_hand_controllers/package.dsv
-- Up-to-date: /home/fzc/allegro_hand_linux_v4/ros2_source/install/allegro_hand_controllers/share/ament_index/resource_index/packages/allegro_hand_controllers
-- Up-to-date: /home/fzc/allegro_hand_linux_v4/ros2_source/install/allegro_hand_controllers/share/allegro_hand_controllers/cmake/allegro_hand_controllersConfig.cmake
-- Up-to-date: /home/fzc/allegro_hand_linux_v4/ros2_source/install/allegro_hand_controllers/share/allegro_hand_controllers/cmake/allegro_hand_controllersConfig-version.cmake
-- Up-to-date: /home/fzc/allegro_hand_linux_v4/ros2_source/install/allegro_hand_controllers/share/allegro_hand_controllers/package.xml
