[0.047s] Invoking command in '/home/fzc/allegro_hand_linux_v4/ros2_source/build/bhand': CMAKE_PREFIX_PATH=${CMAKE_PREFIX_PATH}:/home/fzc/allegro_hand_linux_v4/ros2_source/install/mediapipe_test:/home/fzc/allegro_hand_linux_v4/ros2_source/install/test_topic:/home/fzc/allegro_hand_linux_v4/ros2_source/install/allegro_mediapipe_follow:/opt/ros/humble CONDA_PROMPT_MODIFIER=(hand) /usr/bin/cmake --build /home/fzc/allegro_hand_linux_v4/ros2_source/build/bhand -- -j8 -l8
[0.479s] Invoked command in '/home/fzc/allegro_hand_linux_v4/ros2_source/build/bhand' returned '0': CMAKE_PREFIX_PATH=${CMAKE_PREFIX_PATH}:/home/fzc/allegro_hand_linux_v4/ros2_source/install/mediapipe_test:/home/fzc/allegro_hand_linux_v4/ros2_source/install/test_topic:/home/fzc/allegro_hand_linux_v4/ros2_source/install/allegro_mediapipe_follow:/opt/ros/humble CONDA_PROMPT_MODIFIER=(hand) /usr/bin/cmake --build /home/fzc/allegro_hand_linux_v4/ros2_source/build/bhand -- -j8 -l8
[0.492s] Invoking command in '/home/fzc/allegro_hand_linux_v4/ros2_source/build/bhand': CMAKE_PREFIX_PATH=${CMAKE_PREFIX_PATH}:/home/fzc/allegro_hand_linux_v4/ros2_source/install/mediapipe_test:/home/fzc/allegro_hand_linux_v4/ros2_source/install/test_topic:/home/fzc/allegro_hand_linux_v4/ros2_source/install/allegro_mediapipe_follow:/opt/ros/humble CONDA_PROMPT_MODIFIER=(hand) /usr/bin/cmake --install /home/fzc/allegro_hand_linux_v4/ros2_source/build/bhand
[0.512s] -- Install configuration: ""
[0.513s] -- Up-to-date: /home/fzc/allegro_hand_linux_v4/ros2_source/install/bhand/include/bhand
[0.515s] -- Up-to-date: /home/fzc/allegro_hand_linux_v4/ros2_source/install/bhand/include/bhand/BHandDef.h
[0.516s] -- Up-to-date: /home/fzc/allegro_hand_linux_v4/ros2_source/install/bhand/include/bhand/BHand.h
[0.516s] -- Up-to-date: /home/fzc/allegro_hand_linux_v4/ros2_source/install/bhand/lib/libBHand.so
[0.516s] -- Up-to-date: /home/fzc/allegro_hand_linux_v4/ros2_source/install/bhand/share/bhand/environment/library_path.sh
[0.516s] -- Up-to-date: /home/fzc/allegro_hand_linux_v4/ros2_source/install/bhand/share/bhand/environment/library_path.dsv
[0.517s] -- Up-to-date: /home/fzc/allegro_hand_linux_v4/ros2_source/install/bhand/share/ament_index/resource_index/package_run_dependencies/bhand
[0.518s] -- Up-to-date: /home/fzc/allegro_hand_linux_v4/ros2_source/install/bhand/share/ament_index/resource_index/parent_prefix_path/bhand
[0.519s] -- Up-to-date: /home/fzc/allegro_hand_linux_v4/ros2_source/install/bhand/share/bhand/environment/ament_prefix_path.sh
[0.520s] -- Up-to-date: /home/fzc/allegro_hand_linux_v4/ros2_source/install/bhand/share/bhand/environment/ament_prefix_path.dsv
[0.521s] -- Up-to-date: /home/fzc/allegro_hand_linux_v4/ros2_source/install/bhand/share/bhand/environment/path.sh
[0.523s] -- Up-to-date: /home/fzc/allegro_hand_linux_v4/ros2_source/install/bhand/share/bhand/environment/path.dsv
[0.525s] -- Up-to-date: /home/fzc/allegro_hand_linux_v4/ros2_source/install/bhand/share/bhand/local_setup.bash
[0.526s] -- Up-to-date: /home/fzc/allegro_hand_linux_v4/ros2_source/install/bhand/share/bhand/local_setup.sh
[0.526s] -- Up-to-date: /home/fzc/allegro_hand_linux_v4/ros2_source/install/bhand/share/bhand/local_setup.zsh
[0.527s] -- Up-to-date: /home/fzc/allegro_hand_linux_v4/ros2_source/install/bhand/share/bhand/local_setup.dsv
[0.527s] -- Installing: /home/fzc/allegro_hand_linux_v4/ros2_source/install/bhand/share/bhand/package.dsv
[0.527s] -- Up-to-date: /home/fzc/allegro_hand_linux_v4/ros2_source/install/bhand/share/ament_index/resource_index/packages/bhand
[0.527s] -- Up-to-date: /home/fzc/allegro_hand_linux_v4/ros2_source/install/bhand/share/bhand/cmake/ament_cmake_export_include_directories-extras.cmake
[0.527s] -- Up-to-date: /home/fzc/allegro_hand_linux_v4/ros2_source/install/bhand/share/bhand/cmake/ament_cmake_export_libraries-extras.cmake
[0.527s] -- Up-to-date: /home/fzc/allegro_hand_linux_v4/ros2_source/install/bhand/share/bhand/cmake/bhandConfig.cmake
[0.527s] -- Up-to-date: /home/fzc/allegro_hand_linux_v4/ros2_source/install/bhand/share/bhand/cmake/bhandConfig-version.cmake
[0.528s] -- Up-to-date: /home/fzc/allegro_hand_linux_v4/ros2_source/install/bhand/share/bhand/package.xml
[0.540s] Invoked command in '/home/fzc/allegro_hand_linux_v4/ros2_source/build/bhand' returned '0': CMAKE_PREFIX_PATH=${CMAKE_PREFIX_PATH}:/home/fzc/allegro_hand_linux_v4/ros2_source/install/mediapipe_test:/home/fzc/allegro_hand_linux_v4/ros2_source/install/test_topic:/home/fzc/allegro_hand_linux_v4/ros2_source/install/allegro_mediapipe_follow:/opt/ros/humble CONDA_PROMPT_MODIFIER=(hand) /usr/bin/cmake --install /home/fzc/allegro_hand_linux_v4/ros2_source/build/bhand
