-- Install configuration: ""
-- Up-to-date: /home/fzc/allegro_hand_linux_v4/ros2_source/install/allegro_hand_description/share/allegro_hand_description//meshes
-- Up-to-date: /home/fzc/allegro_hand_linux_v4/ros2_source/install/allegro_hand_description/share/allegro_hand_description//meshes/40_10_link_f5.stl
-- Up-to-date: /home/fzc/allegro_hand_linux_v4/ros2_source/install/allegro_hand_description/share/allegro_hand_description//meshes/40_10_link_t3.stl
-- Up-to-date: /home/fzc/allegro_hand_linux_v4/ros2_source/install/allegro_hand_description/share/allegro_hand_description//meshes/40_10_link_t5.stl
-- Up-to-date: /home/fzc/allegro_hand_linux_v4/ros2_source/install/allegro_hand_description/share/allegro_hand_description//meshes/40_10_link_f4.stl
-- Up-to-date: /home/fzc/allegro_hand_linux_v4/ros2_source/install/allegro_hand_description/share/allegro_hand_description//meshes/40_10_link_t4.stl
-- Up-to-date: /home/fzc/allegro_hand_linux_v4/ros2_source/install/allegro_hand_description/share/allegro_hand_description//meshes/40_10_link_t1_r.stl
-- Up-to-date: /home/fzc/allegro_hand_linux_v4/ros2_source/install/allegro_hand_description/share/allegro_hand_description//meshes/40_10_link_g_r.stl
-- Up-to-date: /home/fzc/allegro_hand_linux_v4/ros2_source/install/allegro_hand_description/share/allegro_hand_description//meshes/40_10_link_f2.stl
-- Up-to-date: /home/fzc/allegro_hand_linux_v4/ros2_source/install/allegro_hand_description/share/allegro_hand_description//meshes/40_10_link_g_l.stl
-- Up-to-date: /home/fzc/allegro_hand_linux_v4/ros2_source/install/allegro_hand_description/share/allegro_hand_description//meshes/40_10_link_t1_l.stl
-- Up-to-date: /home/fzc/allegro_hand_linux_v4/ros2_source/install/allegro_hand_description/share/allegro_hand_description//meshes/40_10_link_t2.stl
-- Up-to-date: /home/fzc/allegro_hand_linux_v4/ros2_source/install/allegro_hand_description/share/allegro_hand_description//meshes/40_10_link_f1.stl
-- Up-to-date: /home/fzc/allegro_hand_linux_v4/ros2_source/install/allegro_hand_description/share/allegro_hand_description//meshes/40_10_link_f3.stl
-- Up-to-date: /home/fzc/allegro_hand_linux_v4/ros2_source/install/allegro_hand_description/share/allegro_hand_description//urdf
-- Up-to-date: /home/fzc/allegro_hand_linux_v4/ros2_source/install/allegro_hand_description/share/allegro_hand_description//urdf/allegro_hand_description_right.urdf
-- Up-to-date: /home/fzc/allegro_hand_linux_v4/ros2_source/install/allegro_hand_description/share/allegro_hand_description//urdf/allegro_hand_description_left.urdf
-- Up-to-date: /home/fzc/allegro_hand_linux_v4/ros2_source/install/allegro_hand_description/share/ament_index/resource_index/package_run_dependencies/allegro_hand_description
-- Up-to-date: /home/fzc/allegro_hand_linux_v4/ros2_source/install/allegro_hand_description/share/ament_index/resource_index/parent_prefix_path/allegro_hand_description
-- Up-to-date: /home/fzc/allegro_hand_linux_v4/ros2_source/install/allegro_hand_description/share/allegro_hand_description/environment/ament_prefix_path.sh
-- Up-to-date: /home/fzc/allegro_hand_linux_v4/ros2_source/install/allegro_hand_description/share/allegro_hand_description/environment/ament_prefix_path.dsv
-- Up-to-date: /home/fzc/allegro_hand_linux_v4/ros2_source/install/allegro_hand_description/share/allegro_hand_description/environment/path.sh
-- Up-to-date: /home/fzc/allegro_hand_linux_v4/ros2_source/install/allegro_hand_description/share/allegro_hand_description/environment/path.dsv
-- Up-to-date: /home/fzc/allegro_hand_linux_v4/ros2_source/install/allegro_hand_description/share/allegro_hand_description/local_setup.bash
-- Up-to-date: /home/fzc/allegro_hand_linux_v4/ros2_source/install/allegro_hand_description/share/allegro_hand_description/local_setup.sh
-- Up-to-date: /home/fzc/allegro_hand_linux_v4/ros2_source/install/allegro_hand_description/share/allegro_hand_description/local_setup.zsh
-- Up-to-date: /home/fzc/allegro_hand_linux_v4/ros2_source/install/allegro_hand_description/share/allegro_hand_description/local_setup.dsv
-- Installing: /home/fzc/allegro_hand_linux_v4/ros2_source/install/allegro_hand_description/share/allegro_hand_description/package.dsv
-- Up-to-date: /home/fzc/allegro_hand_linux_v4/ros2_source/install/allegro_hand_description/share/ament_index/resource_index/packages/allegro_hand_description
-- Up-to-date: /home/fzc/allegro_hand_linux_v4/ros2_source/install/allegro_hand_description/share/allegro_hand_description/cmake/allegro_hand_descriptionConfig.cmake
-- Up-to-date: /home/fzc/allegro_hand_linux_v4/ros2_source/install/allegro_hand_description/share/allegro_hand_description/cmake/allegro_hand_descriptionConfig-version.cmake
-- Up-to-date: /home/fzc/allegro_hand_linux_v4/ros2_source/install/allegro_hand_description/share/allegro_hand_description/package.xml
